<?xml version="1.0" encoding="UTF-8"?>
<testsuite xmlns:xsi="http://www.w3.org/2001/XMLSchema-instance" xsi:noNamespaceSchemaLocation="https://maven.apache.org/surefire/maven-surefire-plugin/xsd/surefire-test-report.xsd" version="3.0.2" name="lk.apluskids.platform.kidschamp.KidsChampBulkWorkflowTests" time="1.963" tests="7" errors="0" skipped="2" failures="0" flakes="0">
  <properties>
[...]
</properties>
  <testcase name="rejectsInvalidPublicSubmissionFieldsBeforeCreatingARecord" classname="lk.apluskids.platform.kidschamp.KidsChampBulkWorkflowTests" time="0.05">
    <system-out><![CDATA[2026-08-14T03:20:20.324+05:30 DEBUG 26736 --- [aplus-kids-api] [           main] .b.t.c.SpringBootTestContextBootstrapper : Using ContextCustomizerFactory implementations for test class [KidsChampBulkWorkflowTests]: [ImportsContextCustomizerFactory, PropertyMappingContextCustomizerFactory, ExcludeFilterContextCustomizerFactory, TypeExcludeFiltersContextCustomizerFactory, DisableReactorResourceFactoryGlobalResourcesContextCustomizerFactory, DuplicateJsonObjectContextCustomizerFactory, OnFailureConditionReportContextCustomizerFactory, OverrideAutoConfigurationContextCustomizerFactory, BeanOverrideContextCustomizerFactory, MockServerContainerContextCustomizerFactory, DynamicPropertiesContextCustomizerFactory, WebDriverContextCustomizerFactory, SpringBootTestRandomPortContextCustomizerFactory]
2026-08-14T03:20:20.327+05:30 DEBUG 26736 --- [aplus-kids-api] [           main] .b.t.c.SpringBootTestContextBootstrapper : Using ContextCustomizers for test class [KidsChampBulkWorkflowTests]: [PropertyMappingContextCustomizer, ExcludeFilterContextCustomizer, DuplicateJsonObjectContextCustomizer, OnFailureConditionReportContextCustomizer, DynamicPropertiesContextCustomizer, WebDriverContextCustomizer, SpringBootTestRandomPortContextCustomizer]
2026-08-14T03:20:20.400+05:30  INFO 26736 --- [aplus-kids-api] [           main] .b.t.c.SpringBootTestContextBootstrapper : Found @SpringBootConfiguration lk.apluskids.platform.AplusKidsApiApplication for test class lk.apluskids.platform.kidschamp.KidsChampBulkWorkflowTests
2026-08-14T03:20:20.405+05:30 DEBUG 26736 --- [aplus-kids-api] [           main] .b.t.c.SpringBootTestContextBootstrapper : Using ContextCustomizerFactory implementations for test class [KidsChampBulkWorkflowTests]: [ImportsContextCustomizerFactory, PropertyMappingContextCustomizerFactory, ExcludeFilterContextCustomizerFactory, TypeExcludeFiltersContextCustomizerFactory, DisableReactorResourceFactoryGlobalResourcesContextCustomizerFactory, DuplicateJsonObjectContextCustomizerFactory, OnFailureConditionReportContextCustomizerFactory, OverrideAutoConfigurationContextCustomizerFactory, BeanOverrideContextCustomizerFactory, MockServerContainerContextCustomizerFactory, DynamicPropertiesContextCustomizerFactory, WebDriverContextCustomizerFactory, SpringBootTestRandomPortContextCustomizerFactory]
2026-08-14T03:20:20.406+05:30 DEBUG 26736 --- [aplus-kids-api] [           main] .b.t.c.SpringBootTestContextBootstrapper : Using ContextCustomizers for test class [KidsChampBulkWorkflowTests]: [PropertyMappingContextCustomizer, ExcludeFilterContextCustomizer, DuplicateJsonObjectContextCustomizer, OnFailureConditionReportContextCustomizer, DynamicPropertiesContextCustomizer, WebDriverContextCustomizer, SpringBootTestRandomPortContextCustomizer]
2026-08-14T03:20:20.411+05:30  INFO 26736 --- [aplus-kids-api] [           main] .b.t.c.SpringBootTestContextBootstrapper : Found @SpringBootConfiguration lk.apluskids.platform.AplusKidsApiApplication for test class lk.apluskids.platform.kidschamp.KidsChampBulkWorkflowTests
2026-08-14T03:20:20.412+05:30 DEBUG 26736 --- [aplus-kids-api] [           main] .b.t.c.SpringBootTestContextBootstrapper : Neither @ContextConfiguration nor @ContextHierarchy found for test class [KidsChampBulkWorkflowTests]: using SpringBootContextLoader
2026-08-14T03:20:20.414+05:30 DEBUG 26736 --- [aplus-kids-api] [           main] .b.t.c.SpringBootTestContextBootstrapper : Using TestExecutionListeners for test class [KidsChampBulkWorkflowTests]: [ServletTestExecutionListener, DirtiesContextBeforeModesTestExecutionListener, ApplicationEventsTestExecutionListener, BeanOverrideTestExecutionListener, DependencyInjectionTestExecutionListener, DirtiesContextTestExecutionListener, CommonCachesTestExecutionListener, TransactionalTestExecutionListener, SqlScriptsTestExecutionListener, EventPublishingTestExecutionListener, WithSecurityContextTestExecutionListener, ReactorContextTestExecutionListener, MockitoResetTestExecutionListener, MockMvcPrintOnlyOnFailureTestExecutionListener, WebDriverTestExecutionListener]
2026-08-14T03:20:20.428+05:30 DEBUG 26736 --- [aplus-kids-api] [           main] org.hibernate.SQL                        : select count(*) from kids_champ_submissions kcse1_0
2026-08-14T03:20:20.443+05:30 DEBUG 26736 --- [aplus-kids-api] [           main] org.hibernate.SQL                        : select kcse1_0.id,kcse1_0.active_zip_started_at,kcse1_0.active_zip_target_size,kcse1_0.allowed_file_types,kcse1_0.campaign_limit,kcse1_0.categories,kcse1_0.daily_telecast_limit,kcse1_0.default_message,kcse1_0.default_telecast_time,kcse1_0.frequent_participant_threshold,kcse1_0.max_file_size_mb,kcse1_0.maximum_age,kcse1_0.minimum_age,kcse1_0.require_whatsapp_consent,kcse1_0.updated_at,kcse1_0.updated_by_user_id,kcse1_0.zip_batch_size,kcse1_0.zip_expiry_days,kcse1_0.zip_warning_days from kids_champ_settings kcse1_0 where kcse1_0.id=?
2026-08-14T03:20:20.460+05:30 DEBUG 26736 --- [aplus-kids-api] [           main] org.hibernate.SQL                        : select count(*) from kids_champ_submissions kcse1_0
]]></system-out>
  </testcase>
  <testcase name="verifiedAccountCanClaimMatchingGuestHistoryOnceForAnOwnedChild" classname="lk.apluskids.platform.kidschamp.KidsChampBulkWorkflowTests" time="0.688">
    <system-out><![CDATA[2026-08-14T03:20:20.497+05:30 DEBUG 26736 --- [aplus-kids-api] [           main] org.hibernate.SQL                        : select cpe1_0.id,cpe1_0.address,cpe1_0.country_code,cpe1_0.created_at,cpe1_0.date_of_birth,cpe1_0.deleted_at,cpe1_0.full_name,cpe1_0.gender,cpe1_0.hometown,cpe1_0.province,cpe1_0.public_id,cpe1_0.updated_at,cpe1_0.user_id,cpe1_0.version from child_profiles cpe1_0
2026-08-14T03:20:20.517+05:30 DEBUG 26736 --- [aplus-kids-api] [           main] org.hibernate.SQL                        : select ue1_0.id,ue1_0.account_holder_name,ue1_0.created_at,ue1_0.credentials_changed_at,ue1_0.deleted_at,ue1_0.email,ue1_0.email_verified_at,ue1_0.failed_login_count,ue1_0.last_login_at,ue1_0.locked_until,ue1_0.password_hash,ue1_0.phone_e164,ue1_0.phone_verified_at,ue1_0.public_id,r1_0.user_id,r1_1.id,r1_1.created_at,r1_1.description,r1_1.name,ue1_0.status,ue1_0.updated_at,ue1_0.version from users ue1_0 left join user_roles r1_0 on ue1_0.id=r1_0.user_id left join roles r1_1 on r1_1.id=r1_0.role_id where ue1_0.id=?
2026-08-14T03:20:20.576+05:30 DEBUG 26736 --- [aplus-kids-api] [           main] org.hibernate.SQL                        : select kcse1_0.id,kcse1_0.active_zip_started_at,kcse1_0.active_zip_target_size,kcse1_0.allowed_file_types,kcse1_0.campaign_limit,kcse1_0.categories,kcse1_0.daily_telecast_limit,kcse1_0.default_message,kcse1_0.default_telecast_time,kcse1_0.frequent_participant_threshold,kcse1_0.max_file_size_mb,kcse1_0.maximum_age,kcse1_0.minimum_age,kcse1_0.require_whatsapp_consent,kcse1_0.updated_at,kcse1_0.updated_by_user_id,kcse1_0.zip_batch_size,kcse1_0.zip_expiry_days,kcse1_0.zip_warning_days from kids_champ_settings kcse1_0 where kcse1_0.id=?
2026-08-14T03:20:20.593+05:30 DEBUG 26736 --- [aplus-kids-api] [           main] org.hibernate.SQL                        : select kcgce1_0.id,kcgce1_0.claimed_at,kcgce1_0.claimed_by_user_id,kcgce1_0.country_code,kcgce1_0.deleted_at,kcgce1_0.email,kcgce1_0.first_submitted_at,kcgce1_0.hometown,kcgce1_0.last_submitted_at,kcgce1_0.parent_name,kcgce1_0.phone_e164,kcgce1_0.province,kcgce1_0.public_id,kcgce1_0.submission_count from kids_champ_guest_contacts kcgce1_0 where kcgce1_0.phone_e164=?
2026-08-14T03:20:20.607+05:30 DEBUG 26736 --- [aplus-kids-api] [           main] org.hibernate.SQL                        : insert into kids_champ_guest_contacts (claimed_at,claimed_by_user_id,country_code,deleted_at,email,first_submitted_at,hometown,last_submitted_at,parent_name,phone_e164,province,public_id,submission_count) values (?,?,?,?,?,?,?,?,?,?,?,?,?)
2026-08-14T03:20:20.610+05:30 DEBUG 26736 --- [aplus-kids-api] [           main] org.hibernate.SQL                        : select kcgpe1_0.id,kcgpe1_0.child_name,kcgpe1_0.guest_contact_id,kcgpe1_0.created_at,kcgpe1_0.date_of_birth,kcgpe1_0.hometown,kcgpe1_0.merge_reason,kcgpe1_0.merged_at,kcgpe1_0.merged_by_user_id,kcgpe1_0.merged_into_reference,kcgpe1_0.merged_into_type,kcgpe1_0.normalized_child_name,kcgpe1_0.province,kcgpe1_0.public_id,kcgpe1_0.updated_at,kcgpe1_0.version from kids_champ_guest_participants kcgpe1_0 where kcgpe1_0.guest_contact_id=? and kcgpe1_0.normalized_child_name=? and kcgpe1_0.date_of_birth=?
2026-08-14T03:20:20.610+05:30 DEBUG 26736 --- [aplus-kids-api] [           main] org.hibernate.SQL                        : insert into kids_champ_guest_participants (child_name,guest_contact_id,date_of_birth,hometown,merge_reason,merged_at,merged_by_user_id,merged_into_reference,merged_into_type,normalized_child_name,province,public_id,updated_at,version) values (?,?,?,?,?,?,?,?,?,?,?,?,?,?)
2026-08-14T03:20:20.624+05:30 DEBUG 26736 --- [aplus-kids-api] [           main] org.hibernate.SQL                        : select kcse1_0.id from kids_champ_submissions kcse1_0 where upper(kcse1_0.tracking_code)=upper(?) fetch first ? rows only
2026-08-14T03:20:20.624+05:30 DEBUG 26736 --- [aplus-kids-api] [           main] org.hibernate.SQL                        : insert into kids_champ_submissions (age_at_submission,assigned_reviewer_user_id,batch_id,category,child_name,child_profile_id,consent_accepted_at,country_code,date_of_birth,deleted_at,deleted_by_user_id,email,file_size,file_status,guest_contact_id,guest_participant_id,hometown,internal_note,last_participant_merge_id,media_type,original_filename,parent_name,phone_e164,photo_deleted_at,previewed_at,province,public_id,rejection_reason,review_status,reviewed_at,reviewed_by_user_id,stored_filename,telecast_status,tracking_code,user_id,version,whatsapp_consent_at,work_description,work_title) values (?,?,?,?,?,?,?,?,?,?,?,?,?,?,?,?,?,?,?,?,?,?,?,?,?,?,?,?,?,?,?,?,?,?,?,?,?,?,?)
2026-08-14T03:20:20.643+05:30 DEBUG 26736 --- [aplus-kids-api] [           main] org.hibernate.SQL                        : select kcse1_0.id,kcse1_0.age_at_submission,kcse1_0.assigned_reviewer_user_id,kcse1_0.batch_id,kcse1_0.category,kcse1_0.child_name,kcse1_0.child_profile_id,kcse1_0.consent_accepted_at,kcse1_0.country_code,kcse1_0.date_of_birth,kcse1_0.deleted_at,kcse1_0.deleted_by_user_id,kcse1_0.email,kcse1_0.file_size,kcse1_0.file_status,kcse1_0.guest_contact_id,kcse1_0.guest_participant_id,kcse1_0.hometown,kcse1_0.internal_note,kcse1_0.last_participant_merge_id,kcse1_0.media_type,kcse1_0.original_filename,kcse1_0.parent_name,kcse1_0.phone_e164,kcse1_0.photo_deleted_at,kcse1_0.previewed_at,kcse1_0.province,kcse1_0.public_id,kcse1_0.rejection_reason,kcse1_0.review_status,kcse1_0.reviewed_at,kcse1_0.reviewed_by_user_id,kcse1_0.stored_filename,kcse1_0.submitted_at,kcse1_0.telecast_status,kcse1_0.tracking_code,kcse1_0.user_id,kcse1_0.version,kcse1_0.whatsapp_consent_at,kcse1_0.work_description,kcse1_0.work_title from kids_champ_submissions kcse1_0 where upper(kcse1_0.tracking_code)=upper(?)
2026-08-14T03:20:20.657+05:30 DEBUG 26736 --- [aplus-kids-api] [           main] org.hibernate.SQL                        : select kcse1_0.id,kcse1_0.age_at_submission,kcse1_0.assigned_reviewer_user_id,kcse1_0.batch_id,kcse1_0.category,kcse1_0.child_name,kcse1_0.child_profile_id,kcse1_0.consent_accepted_at,kcse1_0.country_code,kcse1_0.date_of_birth,kcse1_0.deleted_at,kcse1_0.deleted_by_user_id,kcse1_0.email,kcse1_0.file_size,kcse1_0.file_status,kcse1_0.guest_contact_id,kcse1_0.guest_participant_id,kcse1_0.hometown,kcse1_0.internal_note,kcse1_0.last_participant_merge_id,kcse1_0.media_type,kcse1_0.original_filename,kcse1_0.parent_name,kcse1_0.phone_e164,kcse1_0.photo_deleted_at,kcse1_0.previewed_at,kcse1_0.province,kcse1_0.public_id,kcse1_0.rejection_reason,kcse1_0.review_status,kcse1_0.reviewed_at,kcse1_0.reviewed_by_user_id,kcse1_0.stored_filename,kcse1_0.submitted_at,kcse1_0.telecast_status,kcse1_0.tracking_code,kcse1_0.user_id,kcse1_0.version,kcse1_0.whatsapp_consent_at,kcse1_0.work_description,kcse1_0.work_title from kids_champ_submissions kcse1_0 where upper(kcse1_0.tracking_code)=upper(?)
2026-08-14T03:20:20.657+05:30 DEBUG 26736 --- [aplus-kids-api] [           main] org.hibernate.SQL                        : select ue1_0.id,ue1_0.account_holder_name,ue1_0.created_at,ue1_0.credentials_changed_at,ue1_0.deleted_at,ue1_0.email,ue1_0.email_verified_at,ue1_0.failed_login_count,ue1_0.last_login_at,ue1_0.locked_until,ue1_0.password_hash,ue1_0.phone_e164,ue1_0.phone_verified_at,ue1_0.public_id,ue1_0.status,ue1_0.updated_at,ue1_0.version from users ue1_0 where ue1_0.public_id=?
2026-08-14T03:20:20.676+05:30 DEBUG 26736 --- [aplus-kids-api] [           main] org.hibernate.SQL                        : select kcgpe1_0.id,kcgpe1_0.child_name,kcgpe1_0.guest_contact_id,c1_0.id,c1_0.claimed_at,c1_0.claimed_by_user_id,c1_0.country_code,c1_0.deleted_at,c1_0.email,c1_0.first_submitted_at,c1_0.hometown,c1_0.last_submitted_at,c1_0.parent_name,c1_0.phone_e164,c1_0.province,c1_0.public_id,c1_0.submission_count,kcgpe1_0.created_at,kcgpe1_0.date_of_birth,kcgpe1_0.hometown,kcgpe1_0.merge_reason,kcgpe1_0.merged_at,kcgpe1_0.merged_by_user_id,kcgpe1_0.merged_into_reference,kcgpe1_0.merged_into_type,kcgpe1_0.normalized_child_name,kcgpe1_0.province,kcgpe1_0.public_id,kcgpe1_0.updated_at,kcgpe1_0.version from kids_champ_guest_participants kcgpe1_0 join kids_champ_guest_contacts c1_0 on c1_0.id=kcgpe1_0.guest_contact_id where kcgpe1_0.merged_at is null order by kcgpe1_0.updated_at desc
2026-08-14T03:20:20.908+05:30 DEBUG 26736 --- [aplus-kids-api] [           main] org.hibernate.SQL                        : select kcse1_0.id,kcse1_0.age_at_submission,kcse1_0.assigned_reviewer_user_id,kcse1_0.batch_id,kcse1_0.category,kcse1_0.child_name,kcse1_0.child_profile_id,kcse1_0.consent_accepted_at,kcse1_0.country_code,kcse1_0.date_of_birth,kcse1_0.deleted_at,kcse1_0.deleted_by_user_id,kcse1_0.email,kcse1_0.file_size,kcse1_0.file_status,kcse1_0.guest_contact_id,kcse1_0.guest_participant_id,kcse1_0.hometown,kcse1_0.internal_note,kcse1_0.last_participant_merge_id,kcse1_0.media_type,kcse1_0.original_filename,kcse1_0.parent_name,kcse1_0.phone_e164,kcse1_0.photo_deleted_at,kcse1_0.previewed_at,kcse1_0.province,kcse1_0.public_id,kcse1_0.rejection_reason,kcse1_0.review_status,kcse1_0.reviewed_at,kcse1_0.reviewed_by_user_id,kcse1_0.stored_filename,kcse1_0.submitted_at,kcse1_0.telecast_status,kcse1_0.tracking_code,kcse1_0.user_id,kcse1_0.version,kcse1_0.whatsapp_consent_at,kcse1_0.work_description,kcse1_0.work_title from kids_champ_submissions kcse1_0 left join kids_champ_guest_participants gp1_0 on gp1_0.id=kcse1_0.guest_participant_id where gp1_0.public_id=? order by kcse1_0.submitted_at desc
2026-08-14T03:20:20.950+05:30 DEBUG 26736 --- [aplus-kids-api] [           main] org.hibernate.SQL                        : select kcse1_0.id,kcse1_0.active_zip_started_at,kcse1_0.active_zip_target_size,kcse1_0.allowed_file_types,kcse1_0.campaign_limit,kcse1_0.categories,kcse1_0.daily_telecast_limit,kcse1_0.default_message,kcse1_0.default_telecast_time,kcse1_0.frequent_participant_threshold,kcse1_0.max_file_size_mb,kcse1_0.maximum_age,kcse1_0.minimum_age,kcse1_0.require_whatsapp_consent,kcse1_0.updated_at,kcse1_0.updated_by_user_id,kcse1_0.zip_batch_size,kcse1_0.zip_expiry_days,kcse1_0.zip_warning_days from kids_champ_settings kcse1_0 where kcse1_0.id=? for no key update of kcse1_0
2026-08-14T03:20:20.967+05:30 DEBUG 26736 --- [aplus-kids-api] [           main] org.hibernate.SQL                        : select ue1_0.id,ue1_0.account_holder_name,ue1_0.created_at,ue1_0.credentials_changed_at,ue1_0.deleted_at,ue1_0.email,ue1_0.email_verified_at,ue1_0.failed_login_count,ue1_0.last_login_at,ue1_0.locked_until,ue1_0.password_hash,ue1_0.phone_e164,ue1_0.phone_verified_at,ue1_0.public_id,ue1_0.status,ue1_0.updated_at,ue1_0.version from users ue1_0 where ue1_0.public_id=?
2026-08-14T03:20:20.983+05:30 DEBUG 26736 --- [aplus-kids-api] [           main] org.hibernate.SQL                        : select cpe1_0.id,cpe1_0.address,cpe1_0.country_code,cpe1_0.created_at,cpe1_0.date_of_birth,cpe1_0.deleted_at,cpe1_0.full_name,cpe1_0.gender,cpe1_0.hometown,cpe1_0.province,cpe1_0.public_id,cpe1_0.updated_at,cpe1_0.user_id,cpe1_0.version from child_profiles cpe1_0 join users u1_0 on u1_0.id=cpe1_0.user_id where cpe1_0.public_id=? and u1_0.public_id=? and cpe1_0.deleted_at is null
2026-08-14T03:20:21.003+05:30 DEBUG 26736 --- [aplus-kids-api] [           main] org.hibernate.SQL                        : select kcgpe1_0.id,kcgpe1_0.child_name,kcgpe1_0.guest_contact_id,c1_0.id,c1_0.claimed_at,c1_0.claimed_by_user_id,c1_0.country_code,c1_0.deleted_at,c1_0.email,c1_0.first_submitted_at,c1_0.hometown,c1_0.last_submitted_at,c1_0.parent_name,c1_0.phone_e164,c1_0.province,c1_0.public_id,c1_0.submission_count,kcgpe1_0.created_at,kcgpe1_0.date_of_birth,kcgpe1_0.hometown,kcgpe1_0.merge_reason,kcgpe1_0.merged_at,kcgpe1_0.merged_by_user_id,kcgpe1_0.merged_into_reference,kcgpe1_0.merged_into_type,kcgpe1_0.normalized_child_name,kcgpe1_0.province,kcgpe1_0.public_id,kcgpe1_0.updated_at,kcgpe1_0.version from kids_champ_guest_participants kcgpe1_0 join kids_champ_guest_contacts c1_0 on c1_0.id=kcgpe1_0.guest_contact_id where kcgpe1_0.public_id=? for no key update of kcgpe1_0
2026-08-14T03:20:21.017+05:30 DEBUG 26736 --- [aplus-kids-api] [           main] org.hibernate.SQL                        : select kcse1_0.id,kcse1_0.age_at_submission,kcse1_0.assigned_reviewer_user_id,kcse1_0.batch_id,kcse1_0.category,kcse1_0.child_name,kcse1_0.child_profile_id,kcse1_0.consent_accepted_at,kcse1_0.country_code,kcse1_0.date_of_birth,kcse1_0.deleted_at,kcse1_0.deleted_by_user_id,kcse1_0.email,kcse1_0.file_size,kcse1_0.file_status,kcse1_0.guest_contact_id,kcse1_0.guest_participant_id,kcse1_0.hometown,kcse1_0.internal_note,kcse1_0.last_participant_merge_id,kcse1_0.media_type,kcse1_0.original_filename,kcse1_0.parent_name,kcse1_0.phone_e164,kcse1_0.photo_deleted_at,kcse1_0.previewed_at,kcse1_0.province,kcse1_0.public_id,kcse1_0.rejection_reason,kcse1_0.review_status,kcse1_0.reviewed_at,kcse1_0.reviewed_by_user_id,kcse1_0.stored_filename,kcse1_0.submitted_at,kcse1_0.telecast_status,kcse1_0.tracking_code,kcse1_0.user_id,kcse1_0.version,kcse1_0.whatsapp_consent_at,kcse1_0.work_description,kcse1_0.work_title from kids_champ_submissions kcse1_0 join kids_champ_guest_participants gp1_0 on gp1_0.id=kcse1_0.guest_participant_id where gp1_0.public_id=? order by kcse1_0.id for no key update of kcse1_0
2026-08-14T03:20:21.027+05:30 DEBUG 26736 --- [aplus-kids-api] [           main] org.hibernate.SQL                        : insert into kids_champ_participant_merges (matching_reasons,merged_at,merged_by_user_id,moved_submission_count,public_id,reason,source_guest_participant_id,target_reference,target_type,undo_reason,undone_at,undone_by_user_id,version) values (?,?,?,?,?,?,?,?,?,?,?,?,?)
2026-08-14T03:20:21.029+05:30 DEBUG 26736 --- [aplus-kids-api] [           main] org.hibernate.SQL                        : insert into kids_champ_audit_log (action,actor_user_id,details,entity_public_id,entity_type) values (?,?,?,?,?)
2026-08-14T03:20:21.050+05:30 DEBUG 26736 --- [aplus-kids-api] [           main] org.hibernate.SQL                        : select ue1_0.id,ue1_0.account_holder_name,ue1_0.created_at,ue1_0.credentials_changed_at,ue1_0.deleted_at,ue1_0.email,ue1_0.email_verified_at,ue1_0.failed_login_count,ue1_0.last_login_at,ue1_0.locked_until,ue1_0.password_hash,ue1_0.phone_e164,ue1_0.phone_verified_at,ue1_0.public_id,ue1_0.status,ue1_0.updated_at,ue1_0.version from users ue1_0 where ue1_0.public_id=?
2026-08-14T03:20:21.063+05:30 DEBUG 26736 --- [aplus-kids-api] [           main] org.hibernate.SQL                        : update kids_champ_guest_participants set child_name=?,guest_contact_id=?,date_of_birth=?,hometown=?,merge_reason=?,merged_at=?,merged_by_user_id=?,merged_into_reference=?,merged_into_type=?,normalized_child_name=?,province=?,updated_at=?,version=? where id=? and version=?
2026-08-14T03:20:21.067+05:30 DEBUG 26736 --- [aplus-kids-api] [           main] org.hibernate.SQL                        : update kids_champ_submissions set age_at_submission=?,assigned_reviewer_user_id=?,batch_id=?,category=?,child_name=?,child_profile_id=?,consent_accepted_at=?,country_code=?,date_of_birth=?,deleted_at=?,deleted_by_user_id=?,email=?,file_size=?,file_status=?,guest_contact_id=?,guest_participant_id=?,hometown=?,internal_note=?,last_participant_merge_id=?,media_type=?,original_filename=?,parent_name=?,phone_e164=?,photo_deleted_at=?,previewed_at=?,province=?,rejection_reason=?,review_status=?,reviewed_at=?,reviewed_by_user_id=?,stored_filename=?,telecast_status=?,user_id=?,version=?,whatsapp_consent_at=?,work_description=?,work_title=? where id=? and version=?
2026-08-14T03:20:21.076+05:30 DEBUG 26736 --- [aplus-kids-api] [           main] org.hibernate.SQL                        : select kcgpe1_0.id,kcgpe1_0.child_name,kcgpe1_0.guest_contact_id,c1_0.id,c1_0.claimed_at,c1_0.claimed_by_user_id,c1_0.country_code,c1_0.deleted_at,c1_0.email,c1_0.first_submitted_at,c1_0.hometown,c1_0.last_submitted_at,c1_0.parent_name,c1_0.phone_e164,c1_0.province,c1_0.public_id,c1_0.submission_count,kcgpe1_0.created_at,kcgpe1_0.date_of_birth,kcgpe1_0.hometown,kcgpe1_0.merge_reason,kcgpe1_0.merged_at,kcgpe1_0.merged_by_user_id,kcgpe1_0.merged_into_reference,kcgpe1_0.merged_into_type,kcgpe1_0.normalized_child_name,kcgpe1_0.province,kcgpe1_0.public_id,kcgpe1_0.updated_at,kcgpe1_0.version from kids_champ_guest_participants kcgpe1_0 join kids_champ_guest_contacts c1_0 on c1_0.id=kcgpe1_0.guest_contact_id where kcgpe1_0.merged_at is null order by kcgpe1_0.updated_at desc
2026-08-14T03:20:21.120+05:30 DEBUG 26736 --- [aplus-kids-api] [           main] org.hibernate.SQL                        : select kcse1_0.id,kcse1_0.active_zip_started_at,kcse1_0.active_zip_target_size,kcse1_0.allowed_file_types,kcse1_0.campaign_limit,kcse1_0.categories,kcse1_0.daily_telecast_limit,kcse1_0.default_message,kcse1_0.default_telecast_time,kcse1_0.frequent_participant_threshold,kcse1_0.max_file_size_mb,kcse1_0.maximum_age,kcse1_0.minimum_age,kcse1_0.require_whatsapp_consent,kcse1_0.updated_at,kcse1_0.updated_by_user_id,kcse1_0.zip_batch_size,kcse1_0.zip_expiry_days,kcse1_0.zip_warning_days from kids_champ_settings kcse1_0 where kcse1_0.id=? for no key update of kcse1_0
2026-08-14T03:20:21.132+05:30 DEBUG 26736 --- [aplus-kids-api] [           main] org.hibernate.SQL                        : select ue1_0.id,ue1_0.account_holder_name,ue1_0.created_at,ue1_0.credentials_changed_at,ue1_0.deleted_at,ue1_0.email,ue1_0.email_verified_at,ue1_0.failed_login_count,ue1_0.last_login_at,ue1_0.locked_until,ue1_0.password_hash,ue1_0.phone_e164,ue1_0.phone_verified_at,ue1_0.public_id,ue1_0.status,ue1_0.updated_at,ue1_0.version from users ue1_0 where ue1_0.public_id=?
2026-08-14T03:20:21.141+05:30 DEBUG 26736 --- [aplus-kids-api] [           main] org.hibernate.SQL                        : select cpe1_0.id,cpe1_0.address,cpe1_0.country_code,cpe1_0.created_at,cpe1_0.date_of_birth,cpe1_0.deleted_at,cpe1_0.full_name,cpe1_0.gender,cpe1_0.hometown,cpe1_0.province,cpe1_0.public_id,cpe1_0.updated_at,cpe1_0.user_id,cpe1_0.version from child_profiles cpe1_0 join users u1_0 on u1_0.id=cpe1_0.user_id where cpe1_0.public_id=? and u1_0.public_id=? and cpe1_0.deleted_at is null
2026-08-14T03:20:21.147+05:30 DEBUG 26736 --- [aplus-kids-api] [           main] org.hibernate.SQL                        : select kcgpe1_0.id,kcgpe1_0.child_name,kcgpe1_0.guest_contact_id,c1_0.id,c1_0.claimed_at,c1_0.claimed_by_user_id,c1_0.country_code,c1_0.deleted_at,c1_0.email,c1_0.first_submitted_at,c1_0.hometown,c1_0.last_submitted_at,c1_0.parent_name,c1_0.phone_e164,c1_0.province,c1_0.public_id,c1_0.submission_count,kcgpe1_0.created_at,kcgpe1_0.date_of_birth,kcgpe1_0.hometown,kcgpe1_0.merge_reason,kcgpe1_0.merged_at,kcgpe1_0.merged_by_user_id,kcgpe1_0.merged_into_reference,kcgpe1_0.merged_into_type,kcgpe1_0.normalized_child_name,kcgpe1_0.province,kcgpe1_0.public_id,kcgpe1_0.updated_at,kcgpe1_0.version from kids_champ_guest_participants kcgpe1_0 join kids_champ_guest_contacts c1_0 on c1_0.id=kcgpe1_0.guest_contact_id where kcgpe1_0.public_id=? for no key update of kcgpe1_0
]]></system-out>
  </testcase>
  <testcase name="persistsSharedSettingsCalendarTasksAndAuditActivity" classname="lk.apluskids.platform.kidschamp.KidsChampBulkWorkflowTests" time="0.797">
    <system-out><![CDATA[2026-08-14T03:20:21.167+05:30 DEBUG 26736 --- [aplus-kids-api] [           main] org.hibernate.SQL                        : select ue1_0.id,ue1_0.account_holder_name,ue1_0.created_at,ue1_0.credentials_changed_at,ue1_0.deleted_at,ue1_0.email,ue1_0.email_verified_at,ue1_0.failed_login_count,ue1_0.last_login_at,ue1_0.locked_until,ue1_0.password_hash,ue1_0.phone_e164,ue1_0.phone_verified_at,ue1_0.public_id,ue1_0.status,ue1_0.updated_at,ue1_0.version from users ue1_0
2026-08-14T03:20:21.181+05:30 DEBUG 26736 --- [aplus-kids-api] [           main] org.hibernate.SQL                        : select r1_0.user_id,r1_1.id,r1_1.created_at,r1_1.description,r1_1.name from user_roles r1_0 join roles r1_1 on r1_1.id=r1_0.role_id where r1_0.user_id=?
2026-08-14T03:20:21.185+05:30 DEBUG 26736 --- [aplus-kids-api] [           main] org.hibernate.SQL                        : select r1_0.user_id,r1_1.id,r1_1.created_at,r1_1.description,r1_1.name from user_roles r1_0 join roles r1_1 on r1_1.id=r1_0.role_id where r1_0.user_id=?
2026-08-14T03:20:21.187+05:30 DEBUG 26736 --- [aplus-kids-api] [           main] org.hibernate.SQL                        : select r1_0.user_id,r1_1.id,r1_1.created_at,r1_1.description,r1_1.name from user_roles r1_0 join roles r1_1 on r1_1.id=r1_0.role_id where r1_0.user_id=?
2026-08-14T03:20:21.191+05:30 DEBUG 26736 --- [aplus-kids-api] [           main] org.hibernate.SQL                        : select r1_0.user_id,r1_1.id,r1_1.created_at,r1_1.description,r1_1.name from user_roles r1_0 join roles r1_1 on r1_1.id=r1_0.role_id where r1_0.user_id=?
2026-08-14T03:20:21.193+05:30 DEBUG 26736 --- [aplus-kids-api] [           main] org.hibernate.SQL                        : select r1_0.user_id,r1_1.id,r1_1.created_at,r1_1.description,r1_1.name from user_roles r1_0 join roles r1_1 on r1_1.id=r1_0.role_id where r1_0.user_id=?
2026-08-14T03:20:21.194+05:30 DEBUG 26736 --- [aplus-kids-api] [           main] org.hibernate.SQL                        : select r1_0.user_id,r1_1.id,r1_1.created_at,r1_1.description,r1_1.name from user_roles r1_0 join roles r1_1 on r1_1.id=r1_0.role_id where r1_0.user_id=?
2026-08-14T03:20:21.198+05:30 DEBUG 26736 --- [aplus-kids-api] [           main] org.hibernate.SQL                        : select r1_0.user_id,r1_1.id,r1_1.created_at,r1_1.description,r1_1.name from user_roles r1_0 join roles r1_1 on r1_1.id=r1_0.role_id where r1_0.user_id=?
2026-08-14T03:20:21.198+05:30 DEBUG 26736 --- [aplus-kids-api] [           main] org.hibernate.SQL                        : select r1_0.user_id,r1_1.id,r1_1.created_at,r1_1.description,r1_1.name from user_roles r1_0 join roles r1_1 on r1_1.id=r1_0.role_id where r1_0.user_id=?
2026-08-14T03:20:21.203+05:30 DEBUG 26736 --- [aplus-kids-api] [           main] org.hibernate.SQL                        : select ue1_0.id,ue1_0.account_holder_name,ue1_0.created_at,ue1_0.credentials_changed_at,ue1_0.deleted_at,ue1_0.email,ue1_0.email_verified_at,ue1_0.failed_login_count,ue1_0.last_login_at,ue1_0.locked_until,ue1_0.password_hash,ue1_0.phone_e164,ue1_0.phone_verified_at,ue1_0.public_id,ue1_0.status,ue1_0.updated_at,ue1_0.version from users ue1_0 where ue1_0.public_id=?
2026-08-14T03:20:21.207+05:30 DEBUG 26736 --- [aplus-kids-api] [           main] org.hibernate.SQL                        : select kcse1_0.id,kcse1_0.active_zip_started_at,kcse1_0.active_zip_target_size,kcse1_0.allowed_file_types,kcse1_0.campaign_limit,kcse1_0.categories,kcse1_0.daily_telecast_limit,kcse1_0.default_message,kcse1_0.default_telecast_time,kcse1_0.frequent_participant_threshold,kcse1_0.max_file_size_mb,kcse1_0.maximum_age,kcse1_0.minimum_age,kcse1_0.require_whatsapp_consent,kcse1_0.updated_at,kcse1_0.updated_by_user_id,kcse1_0.zip_batch_size,kcse1_0.zip_expiry_days,kcse1_0.zip_warning_days from kids_champ_settings kcse1_0 where kcse1_0.id=? for no key update of kcse1_0
2026-08-14T03:20:21.209+05:30 DEBUG 26736 --- [aplus-kids-api] [           main] org.hibernate.SQL                        : select kcse1_0.id,kcse1_0.age_at_submission,kcse1_0.assigned_reviewer_user_id,kcse1_0.batch_id,kcse1_0.category,kcse1_0.child_name,kcse1_0.child_profile_id,kcse1_0.consent_accepted_at,kcse1_0.country_code,kcse1_0.date_of_birth,kcse1_0.deleted_at,kcse1_0.deleted_by_user_id,kcse1_0.email,kcse1_0.file_size,kcse1_0.file_status,kcse1_0.guest_contact_id,kcse1_0.guest_participant_id,kcse1_0.hometown,kcse1_0.internal_note,kcse1_0.last_participant_merge_id,kcse1_0.media_type,kcse1_0.original_filename,kcse1_0.parent_name,kcse1_0.phone_e164,kcse1_0.photo_deleted_at,kcse1_0.previewed_at,kcse1_0.province,kcse1_0.public_id,kcse1_0.rejection_reason,kcse1_0.review_status,kcse1_0.reviewed_at,kcse1_0.reviewed_by_user_id,kcse1_0.stored_filename,kcse1_0.submitted_at,kcse1_0.telecast_status,kcse1_0.tracking_code,kcse1_0.user_id,kcse1_0.version,kcse1_0.whatsapp_consent_at,kcse1_0.work_description,kcse1_0.work_title from kids_champ_submissions kcse1_0 where kcse1_0.review_status=? and kcse1_0.batch_id is null and kcse1_0.deleted_at is null and kcse1_0.photo_deleted_at is null and kcse1_0.stored_filename is not null order by kcse1_0.submitted_at,kcse1_0.id fetch first ? rows only
2026-08-14T03:20:21.226+05:30 DEBUG 26736 --- [aplus-kids-api] [           main] org.hibernate.SQL                        : select kcse1_0.id,kcse1_0.age_at_submission,kcse1_0.assigned_reviewer_user_id,kcse1_0.batch_id,kcse1_0.category,kcse1_0.child_name,kcse1_0.child_profile_id,kcse1_0.consent_accepted_at,kcse1_0.country_code,kcse1_0.date_of_birth,kcse1_0.deleted_at,kcse1_0.deleted_by_user_id,kcse1_0.email,kcse1_0.file_size,kcse1_0.file_status,kcse1_0.guest_contact_id,kcse1_0.guest_participant_id,kcse1_0.hometown,kcse1_0.internal_note,kcse1_0.last_participant_merge_id,kcse1_0.media_type,kcse1_0.original_filename,kcse1_0.parent_name,kcse1_0.phone_e164,kcse1_0.photo_deleted_at,kcse1_0.previewed_at,kcse1_0.province,kcse1_0.public_id,kcse1_0.rejection_reason,kcse1_0.review_status,kcse1_0.reviewed_at,kcse1_0.reviewed_by_user_id,kcse1_0.stored_filename,kcse1_0.submitted_at,kcse1_0.telecast_status,kcse1_0.tracking_code,kcse1_0.user_id,kcse1_0.version,kcse1_0.whatsapp_consent_at,kcse1_0.work_description,kcse1_0.work_title from kids_champ_submissions kcse1_0 where kcse1_0.review_status=? and kcse1_0.batch_id is null and kcse1_0.deleted_at is null and kcse1_0.photo_deleted_at is null and kcse1_0.stored_filename is not null order by kcse1_0.submitted_at,kcse1_0.id fetch first ? rows only for no key update of kcse1_0
2026-08-14T03:20:21.226+05:30 DEBUG 26736 --- [aplus-kids-api] [           main] org.hibernate.SQL                        : insert into kids_champ_audit_log (action,actor_user_id,details,entity_public_id,entity_type) values (?,?,?,?,?)
2026-08-14T03:20:21.226+05:30 DEBUG 26736 --- [aplus-kids-api] [           main] org.hibernate.SQL                        : select ue1_0.id,ue1_0.account_holder_name,ue1_0.created_at,ue1_0.credentials_changed_at,ue1_0.deleted_at,ue1_0.email,ue1_0.email_verified_at,ue1_0.failed_login_count,ue1_0.last_login_at,ue1_0.locked_until,ue1_0.password_hash,ue1_0.phone_e164,ue1_0.phone_verified_at,ue1_0.public_id,ue1_0.status,ue1_0.updated_at,ue1_0.version from users ue1_0 where ue1_0.public_id=?
2026-08-14T03:20:21.245+05:30 DEBUG 26736 --- [aplus-kids-api] [           main] org.hibernate.SQL                        : insert into kids_champ_calendar_tasks (completed_at,created_by_user_id,deleted_at,details,public_id,task_date,title) values (?,?,?,?,?,?,?)
2026-08-14T03:20:21.251+05:30 DEBUG 26736 --- [aplus-kids-api] [           main] org.hibernate.SQL                        : insert into kids_champ_audit_log (action,actor_user_id,details,entity_public_id,entity_type) values (?,?,?,?,?)
2026-08-14T03:20:21.257+05:30 DEBUG 26736 --- [aplus-kids-api] [           main] org.hibernate.SQL                        : select ue1_0.id,ue1_0.account_holder_name,ue1_0.created_at,ue1_0.credentials_changed_at,ue1_0.deleted_at,ue1_0.email,ue1_0.email_verified_at,ue1_0.failed_login_count,ue1_0.last_login_at,ue1_0.locked_until,ue1_0.password_hash,ue1_0.phone_e164,ue1_0.phone_verified_at,ue1_0.public_id,ue1_0.status,ue1_0.updated_at,ue1_0.version from users ue1_0 where ue1_0.public_id=?
2026-08-14T03:20:21.263+05:30 DEBUG 26736 --- [aplus-kids-api] [           main] org.hibernate.SQL                        : select kccte1_0.id,kccte1_0.completed_at,kccte1_0.created_at,kccte1_0.created_by_user_id,kccte1_0.deleted_at,kccte1_0.details,kccte1_0.public_id,kccte1_0.task_date,kccte1_0.title from kids_champ_calendar_tasks kccte1_0 where kccte1_0.public_id=? and kccte1_0.deleted_at is null
2026-08-14T03:20:21.265+05:30 DEBUG 26736 --- [aplus-kids-api] [   scheduling-1] org.hibernate.SQL                        : select kcwace1_0.id,kcwace1_0.access_token_encrypted,kcwace1_0.business_account_id,kcwace1_0.graph_api_version,kcwace1_0.last_test_message,kcwace1_0.last_test_status,kcwace1_0.last_tested_at,kcwace1_0.phone_number_id,kcwace1_0.updated_at from kids_champ_whatsapp_config kcwace1_0 where kcwace1_0.id=?
2026-08-14T03:20:21.269+05:30 DEBUG 26736 --- [aplus-kids-api] [           main] org.hibernate.SQL                        : insert into kids_champ_audit_log (action,actor_user_id,details,entity_public_id,entity_type) values (?,?,?,?,?)
2026-08-14T03:20:21.277+05:30 DEBUG 26736 --- [aplus-kids-api] [           main] org.hibernate.SQL                        : select kcae1_0.id,kcae1_0.action,kcae1_0.actor_user_id,kcae1_0.created_at,kcae1_0.details,kcae1_0.entity_public_id,kcae1_0.entity_type from kids_champ_audit_log kcae1_0 order by kcae1_0.created_at desc fetch first ? rows only
2026-08-14T03:20:21.291+05:30 DEBUG 26736 --- [aplus-kids-api] [           main] org.hibernate.SQL                        : select kcwape1_0.participant_reference,kcwape1_0.opted_in_at,kcwape1_0.opted_out_at,kcwape1_0.reason,kcwape1_0.source,kcwape1_0.status,kcwape1_0.updated_at,kcwape1_0.updated_by_user_id from kids_champ_whatsapp_preferences kcwape1_0
2026-08-14T03:20:21.347+05:30 DEBUG 26736 --- [aplus-kids-api] [           main] org.hibernate.SQL                        : select kcse1_0.id,kcse1_0.age_at_submission,kcse1_0.assigned_reviewer_user_id,kcse1_0.batch_id,kcse1_0.category,kcse1_0.child_name,cp1_0.id,cp1_0.address,cp1_0.country_code,cp1_0.created_at,cp1_0.date_of_birth,cp1_0.deleted_at,cp1_0.full_name,cp1_0.gender,cp1_0.hometown,cp1_0.province,cp1_0.public_id,cp1_0.updated_at,cp1_0.user_id,cp1_0.version,kcse1_0.consent_accepted_at,kcse1_0.country_code,kcse1_0.date_of_birth,kcse1_0.deleted_at,kcse1_0.deleted_by_user_id,kcse1_0.email,kcse1_0.file_size,kcse1_0.file_status,gc1_0.id,gc1_0.claimed_at,gc1_0.claimed_by_user_id,gc1_0.country_code,gc1_0.deleted_at,gc1_0.email,gc1_0.first_submitted_at,gc1_0.hometown,gc1_0.last_submitted_at,gc1_0.parent_name,gc1_0.phone_e164,gc1_0.province,gc1_0.public_id,gc1_0.submission_count,gp1_0.id,gp1_0.child_name,gp1_0.guest_contact_id,c1_0.id,c1_0.claimed_at,c1_0.claimed_by_user_id,c1_0.country_code,c1_0.deleted_at,c1_0.email,c1_0.first_submitted_at,c1_0.hometown,c1_0.last_submitted_at,c1_0.parent_name,c1_0.phone_e164,c1_0.province,c1_0.public_id,c1_0.submission_count,gp1_0.created_at,gp1_0.date_of_birth,gp1_0.hometown,gp1_0.merge_reason,gp1_0.merged_at,gp1_0.merged_by_user_id,gp1_0.merged_into_reference,gp1_0.merged_into_type,gp1_0.normalized_child_name,gp1_0.province,gp1_0.public_id,gp1_0.updated_at,gp1_0.version,kcse1_0.hometown,kcse1_0.internal_note,kcse1_0.last_participant_merge_id,kcse1_0.media_type,kcse1_0.original_filename,kcse1_0.parent_name,kcse1_0.phone_e164,kcse1_0.photo_deleted_at,kcse1_0.previewed_at,kcse1_0.province,kcse1_0.public_id,kcse1_0.rejection_reason,kcse1_0.review_status,kcse1_0.reviewed_at,kcse1_0.reviewed_by_user_id,kcse1_0.stored_filename,kcse1_0.submitted_at,kcse1_0.telecast_status,kcse1_0.tracking_code,u2_0.id,u2_0.account_holder_name,u2_0.created_at,u2_0.credentials_changed_at,u2_0.deleted_at,u2_0.email,u2_0.email_verified_at,u2_0.failed_login_count,u2_0.last_login_at,u2_0.locked_until,u2_0.password_hash,u2_0.phone_e164,u2_0.phone_verified_at,u2_0.public_id,u2_0.status,u2_0.updated_at,u2_0.version,kcse1_0.version,kcse1_0.whatsapp_consent_at,kcse1_0.work_description,kcse1_0.work_title from kids_champ_submissions kcse1_0 left join child_profiles cp1_0 on cp1_0.id=kcse1_0.child_profile_id left join kids_champ_guest_contacts gc1_0 on gc1_0.id=kcse1_0.guest_contact_id left join kids_champ_guest_participants gp1_0 on gp1_0.id=kcse1_0.guest_participant_id left join kids_champ_guest_contacts c1_0 on c1_0.id=gp1_0.guest_contact_id left join users u2_0 on u2_0.id=kcse1_0.user_id where kcse1_0.deleted_at is null order by kcse1_0.submitted_at desc
2026-08-14T03:20:21.529+05:30 DEBUG 26736 --- [aplus-kids-api] [           main] org.hibernate.SQL                        : insert into kids_champ_whatsapp_templates (body,category,created_at,disabled,language_code,meta_template_id,name,public_id,status,synced_at,updated_at,variables) values (?,?,?,?,?,?,?,?,?,?,?,?)
2026-08-14T03:20:21.595+05:30 DEBUG 26736 --- [aplus-kids-api] [           main] org.hibernate.SQL                        : select kcwape1_0.participant_reference,kcwape1_0.opted_in_at,kcwape1_0.opted_out_at,kcwape1_0.reason,kcwape1_0.source,kcwape1_0.status,kcwape1_0.updated_at,kcwape1_0.updated_by_user_id from kids_champ_whatsapp_preferences kcwape1_0
2026-08-14T03:20:21.651+05:30 DEBUG 26736 --- [aplus-kids-api] [           main] org.hibernate.SQL                        : select kcse1_0.id,kcse1_0.age_at_submission,kcse1_0.assigned_reviewer_user_id,kcse1_0.batch_id,kcse1_0.category,kcse1_0.child_name,cp1_0.id,cp1_0.address,cp1_0.country_code,cp1_0.created_at,cp1_0.date_of_birth,cp1_0.deleted_at,cp1_0.full_name,cp1_0.gender,cp1_0.hometown,cp1_0.province,cp1_0.public_id,cp1_0.updated_at,cp1_0.user_id,cp1_0.version,kcse1_0.consent_accepted_at,kcse1_0.country_code,kcse1_0.date_of_birth,kcse1_0.deleted_at,kcse1_0.deleted_by_user_id,kcse1_0.email,kcse1_0.file_size,kcse1_0.file_status,gc1_0.id,gc1_0.claimed_at,gc1_0.claimed_by_user_id,gc1_0.country_code,gc1_0.deleted_at,gc1_0.email,gc1_0.first_submitted_at,gc1_0.hometown,gc1_0.last_submitted_at,gc1_0.parent_name,gc1_0.phone_e164,gc1_0.province,gc1_0.public_id,gc1_0.submission_count,gp1_0.id,gp1_0.child_name,gp1_0.guest_contact_id,c1_0.id,c1_0.claimed_at,c1_0.claimed_by_user_id,c1_0.country_code,c1_0.deleted_at,c1_0.email,c1_0.first_submitted_at,c1_0.hometown,c1_0.last_submitted_at,c1_0.parent_name,c1_0.phone_e164,c1_0.province,c1_0.public_id,c1_0.submission_count,gp1_0.created_at,gp1_0.date_of_birth,gp1_0.hometown,gp1_0.merge_reason,gp1_0.merged_at,gp1_0.merged_by_user_id,gp1_0.merged_into_reference,gp1_0.merged_into_type,gp1_0.normalized_child_name,gp1_0.province,gp1_0.public_id,gp1_0.updated_at,gp1_0.version,kcse1_0.hometown,kcse1_0.internal_note,kcse1_0.last_participant_merge_id,kcse1_0.media_type,kcse1_0.original_filename,kcse1_0.parent_name,kcse1_0.phone_e164,kcse1_0.photo_deleted_at,kcse1_0.previewed_at,kcse1_0.province,kcse1_0.public_id,kcse1_0.rejection_reason,kcse1_0.review_status,kcse1_0.reviewed_at,kcse1_0.reviewed_by_user_id,kcse1_0.stored_filename,kcse1_0.submitted_at,kcse1_0.telecast_status,kcse1_0.tracking_code,u2_0.id,u2_0.account_holder_name,u2_0.created_at,u2_0.credentials_changed_at,u2_0.deleted_at,u2_0.email,u2_0.email_verified_at,u2_0.failed_login_count,u2_0.last_login_at,u2_0.locked_until,u2_0.password_hash,u2_0.phone_e164,u2_0.phone_verified_at,u2_0.public_id,u2_0.status,u2_0.updated_at,u2_0.version,kcse1_0.version,kcse1_0.whatsapp_consent_at,kcse1_0.work_description,kcse1_0.work_title from kids_champ_submissions kcse1_0 left join child_profiles cp1_0 on cp1_0.id=kcse1_0.child_profile_id left join kids_champ_guest_contacts gc1_0 on gc1_0.id=kcse1_0.guest_contact_id left join kids_champ_guest_participants gp1_0 on gp1_0.id=kcse1_0.guest_participant_id left join kids_champ_guest_contacts c1_0 on c1_0.id=gp1_0.guest_contact_id left join users u2_0 on u2_0.id=kcse1_0.user_id where kcse1_0.deleted_at is null order by kcse1_0.submitted_at desc
2026-08-14T03:20:21.743+05:30 DEBUG 26736 --- [aplus-kids-api] [           main] org.hibernate.SQL                        : select ue1_0.id,ue1_0.account_holder_name,ue1_0.created_at,ue1_0.credentials_changed_at,ue1_0.deleted_at,ue1_0.email,ue1_0.email_verified_at,ue1_0.failed_login_count,ue1_0.last_login_at,ue1_0.locked_until,ue1_0.password_hash,ue1_0.phone_e164,ue1_0.phone_verified_at,ue1_0.public_id,ue1_0.status,ue1_0.updated_at,ue1_0.version from users ue1_0 where ue1_0.public_id=?
2026-08-14T03:20:21.743+05:30 DEBUG 26736 --- [aplus-kids-api] [           main] org.hibernate.SQL                        : insert into kids_champ_message_campaigns (channel,completed_at,created_at,created_by_user_id,language_code,message_template,name,public_id,queued_at,recipient_count,source,status,template_name) values (?,?,?,?,?,?,?,?,?,?,?,?,?)
2026-08-14T03:20:21.764+05:30 DEBUG 26736 --- [aplus-kids-api] [           main] org.hibernate.SQL                        : insert into kids_champ_message_recipients (attempts,campaign_id,delivered_at,destination,failure_reason,last_attempt_at,next_attempt_at,participant_name,participant_reference,provider_message_id,read_at,rendered_message,sent_at,status,template_language_code,template_name,template_parameters) values (?,?,?,?,?,?,?,?,?,?,?,?,?,?,?,?,?)
2026-08-14T03:20:21.785+05:30 DEBUG 26736 --- [aplus-kids-api] [           main] org.hibernate.SQL                        : insert into kids_champ_audit_log (action,actor_user_id,details,entity_public_id,entity_type) values (?,?,?,?,?)
2026-08-14T03:20:21.881+05:30 DEBUG 26736 --- [aplus-kids-api] [           main] org.hibernate.SQL                        : select kcmre1_0.id,kcmre1_0.attempts,kcmre1_0.campaign_id,kcmre1_0.delivered_at,kcmre1_0.destination,kcmre1_0.failure_reason,kcmre1_0.last_attempt_at,kcmre1_0.next_attempt_at,kcmre1_0.participant_name,kcmre1_0.participant_reference,kcmre1_0.provider_message_id,kcmre1_0.read_at,kcmre1_0.rendered_message,kcmre1_0.sent_at,kcmre1_0.status,kcmre1_0.template_language_code,kcmre1_0.template_name,kcmre1_0.template_parameters from kids_champ_message_recipients kcmre1_0 left join kids_champ_message_campaigns c1_0 on c1_0.id=kcmre1_0.campaign_id where c1_0.public_id=? order by kcmre1_0.id
2026-08-14T03:20:21.910+05:30 DEBUG 26736 --- [aplus-kids-api] [           main] org.hibernate.SQL                        : select ue1_0.id,ue1_0.account_holder_name,ue1_0.created_at,ue1_0.credentials_changed_at,ue1_0.deleted_at,ue1_0.email,ue1_0.email_verified_at,ue1_0.failed_login_count,ue1_0.last_login_at,ue1_0.locked_until,ue1_0.password_hash,ue1_0.phone_e164,ue1_0.phone_verified_at,ue1_0.public_id,ue1_0.status,ue1_0.updated_at,ue1_0.version from users ue1_0 where ue1_0.public_id=?
2026-08-14T03:20:21.928+05:30 DEBUG 26736 --- [aplus-kids-api] [           main] org.hibernate.SQL                        : update kids_champ_settings set active_zip_started_at=?,active_zip_target_size=?,allowed_file_types=?,campaign_limit=?,categories=?,daily_telecast_limit=?,default_message=?,default_telecast_time=?,frequent_participant_threshold=?,max_file_size_mb=?,maximum_age=?,minimum_age=?,require_whatsapp_consent=?,updated_at=?,updated_by_user_id=?,zip_batch_size=?,zip_expiry_days=?,zip_warning_days=? where id=?
2026-08-14T03:20:21.944+05:30 DEBUG 26736 --- [aplus-kids-api] [           main] org.hibernate.SQL                        : update kids_champ_calendar_tasks set completed_at=?,created_by_user_id=?,deleted_at=?,details=?,task_date=?,title=? where id=?
2026-08-14T03:20:21.944+05:30 DEBUG 26736 --- [aplus-kids-api] [           main] org.hibernate.SQL                        : select kccte1_0.id,kccte1_0.completed_at,kccte1_0.created_at,kccte1_0.created_by_user_id,kccte1_0.deleted_at,kccte1_0.details,kccte1_0.public_id,kccte1_0.task_date,kccte1_0.title from kids_champ_calendar_tasks kccte1_0 where kccte1_0.public_id=? and kccte1_0.deleted_at is null
2026-08-14T03:20:21.949+05:30 DEBUG 26736 --- [aplus-kids-api] [           main] org.hibernate.SQL                        : insert into kids_champ_audit_log (action,actor_user_id,details,entity_public_id,entity_type) values (?,?,?,?,?)
]]></system-out>
  </testcase>
  <testcase name="authenticatedSubmissionUsesTheOwnedChildAndAccountDetails" classname="lk.apluskids.platform.kidschamp.KidsChampBulkWorkflowTests" time="0.054">
    <system-out><![CDATA[2026-08-14T03:20:21.961+05:30 DEBUG 26736 --- [aplus-kids-api] [           main] org.hibernate.SQL                        : select cpe1_0.id,cpe1_0.address,cpe1_0.country_code,cpe1_0.created_at,cpe1_0.date_of_birth,cpe1_0.deleted_at,cpe1_0.full_name,cpe1_0.gender,cpe1_0.hometown,cpe1_0.province,cpe1_0.public_id,cpe1_0.updated_at,cpe1_0.user_id,cpe1_0.version from child_profiles cpe1_0
2026-08-14T03:20:21.973+05:30 DEBUG 26736 --- [aplus-kids-api] [           main] org.hibernate.SQL                        : select ue1_0.id,ue1_0.account_holder_name,ue1_0.created_at,ue1_0.credentials_changed_at,ue1_0.deleted_at,ue1_0.email,ue1_0.email_verified_at,ue1_0.failed_login_count,ue1_0.last_login_at,ue1_0.locked_until,ue1_0.password_hash,ue1_0.phone_e164,ue1_0.phone_verified_at,ue1_0.public_id,r1_0.user_id,r1_1.id,r1_1.created_at,r1_1.description,r1_1.name,ue1_0.status,ue1_0.updated_at,ue1_0.version from users ue1_0 left join user_roles r1_0 on ue1_0.id=r1_0.user_id left join roles r1_1 on r1_1.id=r1_0.role_id where ue1_0.id=?
2026-08-14T03:20:21.976+05:30 DEBUG 26736 --- [aplus-kids-api] [           main] org.hibernate.SQL                        : select kcse1_0.id,kcse1_0.active_zip_started_at,kcse1_0.active_zip_target_size,kcse1_0.allowed_file_types,kcse1_0.campaign_limit,kcse1_0.categories,kcse1_0.daily_telecast_limit,kcse1_0.default_message,kcse1_0.default_telecast_time,kcse1_0.frequent_participant_threshold,kcse1_0.max_file_size_mb,kcse1_0.maximum_age,kcse1_0.minimum_age,kcse1_0.require_whatsapp_consent,kcse1_0.updated_at,kcse1_0.updated_by_user_id,kcse1_0.zip_batch_size,kcse1_0.zip_expiry_days,kcse1_0.zip_warning_days from kids_champ_settings kcse1_0 where kcse1_0.id=?
2026-08-14T03:20:21.982+05:30 DEBUG 26736 --- [aplus-kids-api] [           main] org.hibernate.SQL                        : select cpe1_0.id,cpe1_0.address,cpe1_0.country_code,cpe1_0.created_at,cpe1_0.date_of_birth,cpe1_0.deleted_at,cpe1_0.full_name,cpe1_0.gender,cpe1_0.hometown,cpe1_0.province,cpe1_0.public_id,cpe1_0.updated_at,cpe1_0.user_id,cpe1_0.version from child_profiles cpe1_0 join users u1_0 on u1_0.id=cpe1_0.user_id where cpe1_0.public_id=? and u1_0.public_id=? and cpe1_0.deleted_at is null
2026-08-14T03:20:21.987+05:30 DEBUG 26736 --- [aplus-kids-api] [           main] org.hibernate.SQL                        : select ue1_0.id,ue1_0.account_holder_name,ue1_0.created_at,ue1_0.credentials_changed_at,ue1_0.deleted_at,ue1_0.email,ue1_0.email_verified_at,ue1_0.failed_login_count,ue1_0.last_login_at,ue1_0.locked_until,ue1_0.password_hash,ue1_0.phone_e164,ue1_0.phone_verified_at,ue1_0.public_id,ue1_0.status,ue1_0.updated_at,ue1_0.version from users ue1_0 where ue1_0.public_id=?
2026-08-14T03:20:21.990+05:30 DEBUG 26736 --- [aplus-kids-api] [           main] org.hibernate.SQL                        : select kcse1_0.id from kids_champ_submissions kcse1_0 where upper(kcse1_0.tracking_code)=upper(?) fetch first ? rows only
2026-08-14T03:20:21.994+05:30 DEBUG 26736 --- [aplus-kids-api] [           main] org.hibernate.SQL                        : insert into kids_champ_submissions (age_at_submission,assigned_reviewer_user_id,batch_id,category,child_name,child_profile_id,consent_accepted_at,country_code,date_of_birth,deleted_at,deleted_by_user_id,email,file_size,file_status,guest_contact_id,guest_participant_id,hometown,internal_note,last_participant_merge_id,media_type,original_filename,parent_name,phone_e164,photo_deleted_at,previewed_at,province,public_id,rejection_reason,review_status,reviewed_at,reviewed_by_user_id,stored_filename,telecast_status,tracking_code,user_id,version,whatsapp_consent_at,work_description,work_title) values (?,?,?,?,?,?,?,?,?,?,?,?,?,?,?,?,?,?,?,?,?,?,?,?,?,?,?,?,?,?,?,?,?,?,?,?,?,?,?)
2026-08-14T03:20:21.998+05:30 DEBUG 26736 --- [aplus-kids-api] [           main] org.hibernate.SQL                        : select kcse1_0.id,kcse1_0.age_at_submission,kcse1_0.assigned_reviewer_user_id,kcse1_0.batch_id,kcse1_0.category,kcse1_0.child_name,kcse1_0.child_profile_id,kcse1_0.consent_accepted_at,kcse1_0.country_code,kcse1_0.date_of_birth,kcse1_0.deleted_at,kcse1_0.deleted_by_user_id,kcse1_0.email,kcse1_0.file_size,kcse1_0.file_status,kcse1_0.guest_contact_id,kcse1_0.guest_participant_id,kcse1_0.hometown,kcse1_0.internal_note,kcse1_0.last_participant_merge_id,kcse1_0.media_type,kcse1_0.original_filename,kcse1_0.parent_name,kcse1_0.phone_e164,kcse1_0.photo_deleted_at,kcse1_0.previewed_at,kcse1_0.province,kcse1_0.public_id,kcse1_0.rejection_reason,kcse1_0.review_status,kcse1_0.reviewed_at,kcse1_0.reviewed_by_user_id,kcse1_0.stored_filename,kcse1_0.submitted_at,kcse1_0.telecast_status,kcse1_0.tracking_code,kcse1_0.user_id,kcse1_0.version,kcse1_0.whatsapp_consent_at,kcse1_0.work_description,kcse1_0.work_title from kids_champ_submissions kcse1_0 where upper(kcse1_0.tracking_code)=upper(?)
]]></system-out>
  </testcase>
  <testcase name="createsAnExactSelectionBatchAndPersistsOperationalUpdates" classname="lk.apluskids.platform.kidschamp.KidsChampBulkWorkflowTests" time="0.0">
    <skipped type="org.opentest4j.TestAbortedException"><![CDATA[org.opentest4j.TestAbortedException: Assumption failed: This legacy selection test requires two readable bulk fixture photos.
	at org.junit.jupiter.api.Assumptions.throwAssumptionFailed(Assumptions.java:340)
	at org.junit.jupiter.api.Assumptions.assumeTrue(Assumptions.java:127)
	at lk.apluskids.platform.kidschamp.KidsChampBulkWorkflowTests.createsAnExactSelectionBatchAndPersistsOperationalUpdates(KidsChampBulkWorkflowTests.java:185)
]]></skipped>
    <system-out><![CDATA[2026-08-14T03:20:22.020+05:30 DEBUG 26736 --- [aplus-kids-api] [           main] org.hibernate.SQL                        : select ue1_0.id,ue1_0.account_holder_name,ue1_0.created_at,ue1_0.credentials_changed_at,ue1_0.deleted_at,ue1_0.email,ue1_0.email_verified_at,ue1_0.failed_login_count,ue1_0.last_login_at,ue1_0.locked_until,ue1_0.password_hash,ue1_0.phone_e164,ue1_0.phone_verified_at,ue1_0.public_id,ue1_0.status,ue1_0.updated_at,ue1_0.version from users ue1_0
2026-08-14T03:20:22.022+05:30 DEBUG 26736 --- [aplus-kids-api] [           main] org.hibernate.SQL                        : select r1_0.user_id,r1_1.id,r1_1.created_at,r1_1.description,r1_1.name from user_roles r1_0 join roles r1_1 on r1_1.id=r1_0.role_id where r1_0.user_id=?
2026-08-14T03:20:22.027+05:30 DEBUG 26736 --- [aplus-kids-api] [           main] org.hibernate.SQL                        : select r1_0.user_id,r1_1.id,r1_1.created_at,r1_1.description,r1_1.name from user_roles r1_0 join roles r1_1 on r1_1.id=r1_0.role_id where r1_0.user_id=?
2026-08-14T03:20:22.031+05:30 DEBUG 26736 --- [aplus-kids-api] [           main] org.hibernate.SQL                        : select r1_0.user_id,r1_1.id,r1_1.created_at,r1_1.description,r1_1.name from user_roles r1_0 join roles r1_1 on r1_1.id=r1_0.role_id where r1_0.user_id=?
2026-08-14T03:20:22.031+05:30 DEBUG 26736 --- [aplus-kids-api] [           main] org.hibernate.SQL                        : select r1_0.user_id,r1_1.id,r1_1.created_at,r1_1.description,r1_1.name from user_roles r1_0 join roles r1_1 on r1_1.id=r1_0.role_id where r1_0.user_id=?
2026-08-14T03:20:22.031+05:30 DEBUG 26736 --- [aplus-kids-api] [           main] org.hibernate.SQL                        : select r1_0.user_id,r1_1.id,r1_1.created_at,r1_1.description,r1_1.name from user_roles r1_0 join roles r1_1 on r1_1.id=r1_0.role_id where r1_0.user_id=?
2026-08-14T03:20:22.031+05:30 DEBUG 26736 --- [aplus-kids-api] [           main] org.hibernate.SQL                        : select r1_0.user_id,r1_1.id,r1_1.created_at,r1_1.description,r1_1.name from user_roles r1_0 join roles r1_1 on r1_1.id=r1_0.role_id where r1_0.user_id=?
2026-08-14T03:20:22.036+05:30 DEBUG 26736 --- [aplus-kids-api] [           main] org.hibernate.SQL                        : select r1_0.user_id,r1_1.id,r1_1.created_at,r1_1.description,r1_1.name from user_roles r1_0 join roles r1_1 on r1_1.id=r1_0.role_id where r1_0.user_id=?
2026-08-14T03:20:22.036+05:30 DEBUG 26736 --- [aplus-kids-api] [           main] org.hibernate.SQL                        : select r1_0.user_id,r1_1.id,r1_1.created_at,r1_1.description,r1_1.name from user_roles r1_0 join roles r1_1 on r1_1.id=r1_0.role_id where r1_0.user_id=?
2026-08-14T03:20:22.045+05:30 DEBUG 26736 --- [aplus-kids-api] [           main] org.hibernate.SQL                        : select kcse1_0.id,kcse1_0.age_at_submission,kcse1_0.assigned_reviewer_user_id,kcse1_0.batch_id,kcse1_0.category,kcse1_0.child_name,cp1_0.id,cp1_0.address,cp1_0.country_code,cp1_0.created_at,cp1_0.date_of_birth,cp1_0.deleted_at,cp1_0.full_name,cp1_0.gender,cp1_0.hometown,cp1_0.province,cp1_0.public_id,cp1_0.updated_at,cp1_0.user_id,cp1_0.version,kcse1_0.consent_accepted_at,kcse1_0.country_code,kcse1_0.date_of_birth,kcse1_0.deleted_at,kcse1_0.deleted_by_user_id,kcse1_0.email,kcse1_0.file_size,kcse1_0.file_status,gc1_0.id,gc1_0.claimed_at,gc1_0.claimed_by_user_id,gc1_0.country_code,gc1_0.deleted_at,gc1_0.email,gc1_0.first_submitted_at,gc1_0.hometown,gc1_0.last_submitted_at,gc1_0.parent_name,gc1_0.phone_e164,gc1_0.province,gc1_0.public_id,gc1_0.submission_count,gp1_0.id,gp1_0.child_name,gp1_0.guest_contact_id,c1_0.id,c1_0.claimed_at,c1_0.claimed_by_user_id,c1_0.country_code,c1_0.deleted_at,c1_0.email,c1_0.first_submitted_at,c1_0.hometown,c1_0.last_submitted_at,c1_0.parent_name,c1_0.phone_e164,c1_0.province,c1_0.public_id,c1_0.submission_count,gp1_0.created_at,gp1_0.date_of_birth,gp1_0.hometown,gp1_0.merge_reason,gp1_0.merged_at,gp1_0.merged_by_user_id,gp1_0.merged_into_reference,gp1_0.merged_into_type,gp1_0.normalized_child_name,gp1_0.province,gp1_0.public_id,gp1_0.updated_at,gp1_0.version,kcse1_0.hometown,kcse1_0.internal_note,kcse1_0.last_participant_merge_id,kcse1_0.media_type,kcse1_0.original_filename,kcse1_0.parent_name,kcse1_0.phone_e164,kcse1_0.photo_deleted_at,kcse1_0.previewed_at,kcse1_0.province,kcse1_0.public_id,kcse1_0.rejection_reason,kcse1_0.review_status,kcse1_0.reviewed_at,kcse1_0.reviewed_by_user_id,kcse1_0.stored_filename,kcse1_0.submitted_at,kcse1_0.telecast_status,kcse1_0.tracking_code,u2_0.id,u2_0.account_holder_name,u2_0.created_at,u2_0.credentials_changed_at,u2_0.deleted_at,u2_0.email,u2_0.email_verified_at,u2_0.failed_login_count,u2_0.last_login_at,u2_0.locked_until,u2_0.password_hash,u2_0.phone_e164,u2_0.phone_verified_at,u2_0.public_id,u2_0.status,u2_0.updated_at,u2_0.version,kcse1_0.version,kcse1_0.whatsapp_consent_at,kcse1_0.work_description,kcse1_0.work_title from kids_champ_submissions kcse1_0 left join child_profiles cp1_0 on cp1_0.id=kcse1_0.child_profile_id left join kids_champ_guest_contacts gc1_0 on gc1_0.id=kcse1_0.guest_contact_id left join kids_champ_guest_participants gp1_0 on gp1_0.id=kcse1_0.guest_participant_id left join kids_champ_guest_contacts c1_0 on c1_0.id=gp1_0.guest_contact_id left join users u2_0 on u2_0.id=kcse1_0.user_id where kcse1_0.deleted_at is null order by kcse1_0.submitted_at desc
]]></system-out>
  </testcase>
  <testcase name="verifiesGuestDeduplicationBatchLimitRemainderZipAndRetention" classname="lk.apluskids.platform.kidschamp.KidsChampBulkWorkflowTests" time="0.0">
    <skipped type="org.opentest4j.TestAbortedException"><![CDATA[org.opentest4j.TestAbortedException: Assumption failed: This legacy bulk test requires the optional clean 105-record fixture.
	at org.junit.jupiter.api.Assumptions.throwAssumptionFailed(Assumptions.java:340)
	at org.junit.jupiter.api.Assumptions.assumeTrue(Assumptions.java:127)
	at lk.apluskids.platform.kidschamp.KidsChampBulkWorkflowTests.verifiesGuestDeduplicationBatchLimitRemainderZipAndRetention(KidsChampBulkWorkflowTests.java:134)
]]></skipped>
    <system-out><![CDATA[2026-08-14T03:20:22.221+05:30 DEBUG 26736 --- [aplus-kids-api] [           main] org.hibernate.SQL                        : select kcgce1_0.id,kcgce1_0.claimed_at,kcgce1_0.claimed_by_user_id,kcgce1_0.country_code,kcgce1_0.deleted_at,kcgce1_0.email,kcgce1_0.first_submitted_at,kcgce1_0.hometown,kcgce1_0.last_submitted_at,kcgce1_0.parent_name,kcgce1_0.phone_e164,kcgce1_0.province,kcgce1_0.public_id,kcgce1_0.submission_count from kids_champ_guest_contacts kcgce1_0 where kcgce1_0.phone_e164=?
]]></system-out>
  </testcase>
  <testcase name="rejectsAuthenticatedNonAdminUsersFromAdminEndpoints" classname="lk.apluskids.platform.kidschamp.KidsChampBulkWorkflowTests" time="0.037">
    <system-out><![CDATA[2026-08-14T03:20:22.236+05:30 DEBUG 26736 --- [aplus-kids-api] [           main] org.hibernate.SQL                        : select ue1_0.id,ue1_0.account_holder_name,ue1_0.created_at,ue1_0.credentials_changed_at,ue1_0.deleted_at,ue1_0.email,ue1_0.email_verified_at,ue1_0.failed_login_count,ue1_0.last_login_at,ue1_0.locked_until,ue1_0.password_hash,ue1_0.phone_e164,ue1_0.phone_verified_at,ue1_0.public_id,ue1_0.status,ue1_0.updated_at,ue1_0.version from users ue1_0
2026-08-14T03:20:22.245+05:30 DEBUG 26736 --- [aplus-kids-api] [           main] org.hibernate.SQL                        : select r1_0.user_id,r1_1.id,r1_1.created_at,r1_1.description,r1_1.name from user_roles r1_0 join roles r1_1 on r1_1.id=r1_0.role_id where r1_0.user_id=?
2026-08-14T03:20:22.248+05:30 DEBUG 26736 --- [aplus-kids-api] [           main] org.hibernate.SQL                        : select r1_0.user_id,r1_1.id,r1_1.created_at,r1_1.description,r1_1.name from user_roles r1_0 join roles r1_1 on r1_1.id=r1_0.role_id where r1_0.user_id=?
2026-08-14T03:20:22.248+05:30 DEBUG 26736 --- [aplus-kids-api] [           main] org.hibernate.SQL                        : select r1_0.user_id,r1_1.id,r1_1.created_at,r1_1.description,r1_1.name from user_roles r1_0 join roles r1_1 on r1_1.id=r1_0.role_id where r1_0.user_id=?
2026-08-14T03:20:22.250+05:30 DEBUG 26736 --- [aplus-kids-api] [           main] org.hibernate.SQL                        : select r1_0.user_id,r1_1.id,r1_1.created_at,r1_1.description,r1_1.name from user_roles r1_0 join roles r1_1 on r1_1.id=r1_0.role_id where r1_0.user_id=?
2026-08-14T03:20:22.250+05:30 DEBUG 26736 --- [aplus-kids-api] [           main] org.hibernate.SQL                        : select r1_0.user_id,r1_1.id,r1_1.created_at,r1_1.description,r1_1.name from user_roles r1_0 join roles r1_1 on r1_1.id=r1_0.role_id where r1_0.user_id=?
2026-08-14T03:20:22.250+05:30 DEBUG 26736 --- [aplus-kids-api] [           main] org.hibernate.SQL                        : select r1_0.user_id,r1_1.id,r1_1.created_at,r1_1.description,r1_1.name from user_roles r1_0 join roles r1_1 on r1_1.id=r1_0.role_id where r1_0.user_id=?
2026-08-14T03:20:22.254+05:30 DEBUG 26736 --- [aplus-kids-api] [           main] org.hibernate.SQL                        : select r1_0.user_id,r1_1.id,r1_1.created_at,r1_1.description,r1_1.name from user_roles r1_0 join roles r1_1 on r1_1.id=r1_0.role_id where r1_0.user_id=?
2026-08-14T03:20:22.257+05:30 DEBUG 26736 --- [aplus-kids-api] [           main] org.hibernate.SQL                        : select r1_0.user_id,r1_1.id,r1_1.created_at,r1_1.description,r1_1.name from user_roles r1_0 join roles r1_1 on r1_1.id=r1_0.role_id where r1_0.user_id=?
]]></system-out>
  </testcase>
</testsuite>