<?xml version="1.0" encoding="UTF-8"?>
<testsuite xmlns:xsi="http://www.w3.org/2001/XMLSchema-instance" xsi:noNamespaceSchemaLocation="https://maven.apache.org/surefire/maven-surefire-plugin/xsd/surefire-test-report.xsd" version="3.0.2" name="lk.apluskids.platform.advertisement.AdvertisementManagementTests" time="17.339" tests="6" errors="0" skipped="0" failures="0" flakes="0">
  <properties>
[...]
</properties>
  <testcase name="activeAdvertisementMustBeStoppedBeforePermanentDeletion" classname="lk.apluskids.platform.advertisement.AdvertisementManagementTests" time="0.555">
    <system-out><![CDATA[03:20:03.004 [main] INFO org.springframework.test.context.support.AnnotationConfigContextLoaderUtils -- Could not detect default configuration classes for test class [lk.apluskids.platform.advertisement.AdvertisementManagementTests]: AdvertisementManagementTests does not declare any static, non-private, non-final, nested classes annotated with @Configuration.
03:20:03.412 [main] INFO org.springframework.boot.test.context.SpringBootTestContextBootstrapper -- Found @SpringBootConfiguration lk.apluskids.platform.AplusKidsApiApplication for test class lk.apluskids.platform.advertisement.AdvertisementManagementTests
03:20:03.607 [main] INFO org.springframework.test.context.support.AnnotationConfigContextLoaderUtils -- Could not detect default configuration classes for test class [lk.apluskids.platform.advertisement.AdvertisementManagementTests]: AdvertisementManagementTests does not declare any static, non-private, non-final, nested classes annotated with @Configuration.
03:20:03.613 [main] INFO org.springframework.boot.test.context.SpringBootTestContextBootstrapper -- Found @SpringBootConfiguration lk.apluskids.platform.AplusKidsApiApplication for test class lk.apluskids.platform.advertisement.AdvertisementManagementTests

  .   ____          _            __ _ _
 /\\ / ___'_ __ _ _(_)_ __  __ _ \ \ \ \
( ( )\___ | '_ | '_| | '_ \/ _` | \ \ \ \
 \\/  ___)| |_)| | | | | || (_| |  ) ) ) )
  '  |____| .__|_| |_|_| |_\__, | / / / /
 =========|_|==============|___/=/_/_/_/

 :: Spring Boot ::                (v4.1.0)

2026-08-14T03:20:04.546+05:30 DEBUG 26736 --- [aplus-kids-api] [           main] o.s.boot.SpringApplication               : Loading source class lk.apluskids.platform.AplusKidsApiApplication
2026-08-14T03:20:04.650+05:30 DEBUG 26736 --- [aplus-kids-api] [           main] o.s.w.c.s.GenericWebApplicationContext   : Refreshing org.springframework.web.context.support.GenericWebApplicationContext@60ee753f
2026-08-14T03:20:06.528+05:30 DEBUG 26736 --- [aplus-kids-api] [           main] o.s.b.a.AutoConfigurationPackages        : @EnableAutoConfiguration was declared on a class in the package 'lk.apluskids.platform'. Automatic @Repository and @Entity scanning is enabled.
2026-08-14T03:20:18.533+05:30 DEBUG 26736 --- [aplus-kids-api] [           main] s.w.s.m.m.a.RequestMappingHandlerMapping : 125 mappings in 'requestMappingHandlerMapping'
2026-08-14T03:20:18.590+05:30 DEBUG 26736 --- [aplus-kids-api] [           main] o.s.w.s.handler.SimpleUrlHandlerMapping  : Patterns [/webjars/**, /**] in 'resourceHandlerMapping'
2026-08-14T03:20:18.635+05:30 DEBUG 26736 --- [aplus-kids-api] [           main] s.w.s.m.m.a.RequestMappingHandlerAdapter : ControllerAdvice beans: 0 @ModelAttribute, 0 @InitBinder, 2 RequestBodyAdvice, 1 ResponseBodyAdvice
2026-08-14T03:20:18.711+05:30 DEBUG 26736 --- [aplus-kids-api] [           main] .m.m.a.ExceptionHandlerExceptionResolver : ControllerAdvice beans: 1 @ExceptionHandler, 1 ResponseBodyAdvice
2026-08-14T03:20:19.001+05:30 DEBUG 26736 --- [aplus-kids-api] [           main] .s.b.a.l.ConditionEvaluationReportLogger : 


============================
CONDITIONS EVALUATION REPORT
============================


Positive matches:
-----------------

   AopAutoConfiguration matched:
      - @ConditionalOnBooleanProperty (spring.aop.auto=true) matched (OnPropertyCondition)

   AopAutoConfiguration.AspectJAutoProxyingConfiguration matched:
      - @ConditionalOnClass found required class 'org.aspectj.weaver.Advice' (OnClassCondition)

   AopAutoConfiguration.AspectJAutoProxyingConfiguration.CglibAutoProxyConfiguration matched:
      - @ConditionalOnBooleanProperty (spring.aop.proxy-target-class=true) matched (OnPropertyCondition)

   ApplicationAvailabilityAutoConfiguration#applicationAvailability matched:
      - @ConditionalOnMissingBean (types: org.springframework.boot.availability.ApplicationAvailability; SearchStrategy: all) did not find any beans (OnBeanCondition)

   DataJpaRepositoriesAutoConfiguration matched:
      - @ConditionalOnClass found required class 'org.springframework.data.jpa.repository.JpaRepository' (OnClassCondition)
      - @ConditionalOnBooleanProperty (spring.data.jpa.repositories.enabled=true) matched (OnPropertyCondition)
      - @ConditionalOnBean (types: javax.sql.DataSource; SearchStrategy: all) found bean 'dataSource'; @ConditionalOnMissingBean (types: org.springframework.data.jpa.repository.support.JpaRepositoryFactoryBean,org.springframework.data.jpa.repository.config.JpaRepositoryConfigExtension; SearchStrategy: all) did not find any beans (OnBeanCondition)

   DataSourceAutoConfiguration matched:
      - @ConditionalOnClass found required classes 'javax.sql.DataSource', 'org.springframework.jdbc.datasource.embedded.EmbeddedDatabaseType' (OnClassCondition)
      - @ConditionalOnMissingBean (types: io.r2dbc.spi.ConnectionFactory; SearchStrategy: all) did not find any beans (OnBeanCondition)

   DataSourceAutoConfiguration.PooledDataSourceConfiguration matched:
      - AnyNestedCondition 1 matched 1 did not; NestedCondition on DataSourceAutoConfiguration.PooledDataSourceCondition.PooledDataSourceAvailable PooledDataSource found supported DataSource; NestedCondition on DataSourceAutoConfiguration.PooledDataSourceCondition.ExplicitType @ConditionalOnProperty (spring.datasource.type) did not find property 'spring.datasource.type' (DataSourceAutoConfiguration.PooledDataSourceCondition)
      - @ConditionalOnMissingBean (types: javax.sql.DataSource,javax.sql.XADataSource; SearchStrategy: all) did not find any beans (OnBeanCondition)

   DataSourceAutoConfiguration.PooledDataSourceConfiguration#jdbcConnectionDetails matched:
      - @ConditionalOnMissingBean (types: org.springframework.boot.jdbc.autoconfigure.JdbcConnectionDetails; SearchStrategy: all) did not find any beans (OnBeanCondition)

   DataSourceConfiguration.Hikari matched:
      - @ConditionalOnClass found required class 'com.zaxxer.hikari.HikariDataSource' (OnClassCondition)
      - @ConditionalOnProperty (spring.datasource.type=com.zaxxer.hikari.HikariDataSource) matched (OnPropertyCondition)
      - @ConditionalOnMissingBean (types: javax.sql.DataSource; SearchStrategy: all) did not find any beans (OnBeanCondition)

   DataSourceInitializationAutoConfiguration matched:
      - @ConditionalOnClass found required class 'org.springframework.jdbc.datasource.init.DatabasePopulator' (OnClassCondition)
      - SQL InitializationDatabase Initialization default value is EMBEDDED (OnSqlInitializationCondition)
      - @ConditionalOnSingleCandidate (types: javax.sql.DataSource; SearchStrategy: all) found a single bean 'dataSource'; @ConditionalOnMissingBean (types: org.springframework.boot.sql.autoconfigure.init.ApplicationScriptDatabaseInitializer; SearchStrategy: all) did not find any beans (OnBeanCondition)

   DataSourcePoolMetadataProvidersConfiguration.HikariPoolDataSourceMetadataProviderConfiguration matched:
      - @ConditionalOnClass found required class 'com.zaxxer.hikari.HikariDataSource' (OnClassCondition)

   DataSourceTransactionManagerAutoConfiguration matched:
      - @ConditionalOnClass found required classes 'javax.sql.DataSource', 'org.springframework.jdbc.core.JdbcTemplate', 'org.springframework.transaction.TransactionManager' (OnClassCondition)

   DataSourceTransactionManagerAutoConfiguration.JdbcTransactionManagerConfiguration matched:
      - @ConditionalOnSingleCandidate (types: javax.sql.DataSource; SearchStrategy: all) found a single bean 'dataSource' (OnBeanCondition)

   DataWebAutoConfiguration matched:
      - @ConditionalOnClass found required classes 'org.springframework.data.web.PageableHandlerMethodArgumentResolver', 'org.springframework.web.servlet.config.annotation.WebMvcConfigurer' (OnClassCondition)
      - found 'session' scope (OnWebApplicationCondition)
      - @ConditionalOnMissingBean (types: org.springframework.data.web.PageableHandlerMethodArgumentResolver; SearchStrategy: all) did not find any beans (OnBeanCondition)

   DataWebAutoConfiguration#pageableCustomizer matched:
      - @ConditionalOnMissingBean (types: org.springframework.data.web.config.PageableHandlerMethodArgumentResolverCustomizer; SearchStrategy: all) did not find any beans (OnBeanCondition)

   DataWebAutoConfiguration#sortCustomizer matched:
      - @ConditionalOnMissingBean (types: org.springframework.data.web.config.SortHandlerMethodArgumentResolverCustomizer; SearchStrategy: all) did not find any beans (OnBeanCondition)

   DataWebAutoConfiguration#springDataWebSettings matched:
      - @ConditionalOnMissingBean (types: org.springframework.data.web.config.SpringDataWebSettings; SearchStrategy: all) did not find any beans (OnBeanCondition)

   DefaultTaskSchedulerConfiguration matched:
      - @ConditionalOnMissingBean (names: taskScheduler; SearchStrategy: all) did not find any beans (OnBeanCondition)

   DefaultTaskSchedulerConfiguration#taskScheduler matched:
      - @ConditionalOnBean (types: org.springframework.boot.task.ThreadPoolTaskSchedulerBuilder; SearchStrategy: all) found bean 'threadPoolTaskSchedulerBuilder' (OnBeanCondition)
      - @ConditionalOnThreading found PLATFORM (OnThreadingCondition)

   DispatcherServletAutoConfiguration matched:
      - @ConditionalOnClass found required class 'org.springframework.web.servlet.DispatcherServlet' (OnClassCondition)
      - found 'session' scope (OnWebApplicationCondition)

   DispatcherServletAutoConfiguration.DispatcherServletConfiguration matched:
      - @ConditionalOnClass found required class 'jakarta.servlet.ServletRegistration' (OnClassCondition)
      - Default DispatcherServlet did not find dispatcher servlet beans (DispatcherServletAutoConfiguration.DefaultDispatcherServletCondition)

   DispatcherServletAutoConfiguration.DispatcherServletRegistrationConfiguration matched:
      - @ConditionalOnClass found required class 'jakarta.servlet.ServletRegistration' (OnClassCondition)
      - DispatcherServlet Registration did not find servlet registration bean (DispatcherServletAutoConfiguration.DispatcherServletRegistrationCondition)

   DispatcherServletAutoConfiguration.DispatcherServletRegistrationConfiguration#dispatcherServletRegistration matched:
      - @ConditionalOnBean (names: dispatcherServlet types: org.springframework.web.servlet.DispatcherServlet; SearchStrategy: all) found bean 'dispatcherServlet' (OnBeanCondition)

   ErrorMvcAutoConfiguration matched:
      - @ConditionalOnClass found required classes 'jakarta.servlet.Servlet', 'org.springframework.web.servlet.DispatcherServlet' (OnClassCondition)
      - found 'session' scope (OnWebApplicationCondition)

   ErrorMvcAutoConfiguration#basicErrorController matched:
      - @ConditionalOnMissingBean (types: org.springframework.boot.webmvc.error.ErrorController; SearchStrategy: current) did not find any beans (OnBeanCondition)

   ErrorMvcAutoConfiguration#errorAttributes matched:
      - @ConditionalOnMissingBean (types: org.springframework.boot.webmvc.error.ErrorAttributes; SearchStrategy: current) did not find any beans (OnBeanCondition)

   ErrorMvcAutoConfiguration.DefaultErrorViewResolverConfiguration#conventionErrorViewResolver matched:
      - @ConditionalOnBean (types: org.springframework.web.servlet.DispatcherServlet; SearchStrategy: all) found bean 'dispatcherServlet'; @ConditionalOnMissingBean (types: org.springframework.boot.webmvc.autoconfigure.error.ErrorViewResolver; SearchStrategy: all) did not find any beans (OnBeanCondition)

   ErrorMvcAutoConfiguration.WhitelabelErrorViewConfiguration matched:
      - @ConditionalOnBooleanProperty (spring.web.error.whitelabel.enabled=true) matched (OnPropertyCondition)
      - ErrorTemplate Missing did not find error template view (ErrorMvcAutoConfiguration.ErrorTemplateMissingCondition)

   ErrorMvcAutoConfiguration.WhitelabelErrorViewConfiguration#beanNameViewResolver matched:
      - @ConditionalOnMissingBean (types: org.springframework.web.servlet.view.BeanNameViewResolver; SearchStrategy: all) did not find any beans (OnBeanCondition)

   ErrorMvcAutoConfiguration.WhitelabelErrorViewConfiguration#defaultErrorView matched:
      - @ConditionalOnMissingBean (names: error; SearchStrategy: all) did not find any beans (OnBeanCondition)

   FlywayAutoConfiguration matched:
      - @ConditionalOnClass found required class 'org.flywaydb.core.Flyway' (OnClassCondition)
      - @ConditionalOnBooleanProperty (spring.flyway.enabled=true) matched (OnPropertyCondition)
      - AnyNestedCondition 2 matched 1 did not; NestedCondition on FlywayAutoConfiguration.FlywayDataSourceCondition.FlywayUrlCondition @ConditionalOnProperty (spring.flyway.url) did not find property 'spring.flyway.url'; NestedCondition on FlywayAutoConfiguration.FlywayDataSourceCondition.JdbcConnectionDetailsCondition @ConditionalOnBean (types: org.springframework.boot.jdbc.autoconfigure.JdbcConnectionDetails; SearchStrategy: all) found bean 'jdbcConnectionDetails'; NestedCondition on FlywayAutoConfiguration.FlywayDataSourceCondition.DataSourceBeanCondition @ConditionalOnBean (types: javax.sql.DataSource; SearchStrategy: all) found bean 'dataSource' (FlywayAutoConfiguration.FlywayDataSourceCondition)

   FlywayAutoConfiguration.FlywayConfiguration matched:
      - @ConditionalOnClass found required class 'org.springframework.jdbc.support.JdbcUtils' (OnClassCondition)
      - @ConditionalOnMissingBean (types: org.flywaydb.core.Flyway; SearchStrategy: all) did not find any beans (OnBeanCondition)

   FlywayAutoConfiguration.FlywayConfiguration#flywayConnectionDetails matched:
      - @ConditionalOnMissingBean (types: org.springframework.boot.flyway.autoconfigure.FlywayConnectionDetails; SearchStrategy: all) did not find any beans (OnBeanCondition)

   FlywayAutoConfiguration.FlywayConfiguration#flywayInitializer matched:
      - @ConditionalOnMissingBean (types: org.springframework.boot.flyway.autoconfigure.FlywayMigrationInitializer; SearchStrategy: all) did not find any beans (OnBeanCondition)

   FlywayAutoConfiguration.FlywayConfiguration.PostgresqlConfiguration matched:
      - @ConditionalOnClass found required class 'org.flywaydb.database.postgresql.PostgreSQLConfigurationExtension' (OnClassCondition)

   HibernateJpaAutoConfiguration matched:
      - @ConditionalOnClass found required classes 'org.springframework.orm.jpa.LocalContainerEntityManagerFactoryBean', 'jakarta.persistence.EntityManager', 'org.hibernate.engine.spi.SessionImplementor' (OnClassCondition)

   HibernateJpaConfiguration matched:
      - @ConditionalOnSingleCandidate (types: javax.sql.DataSource; SearchStrategy: all) found a single bean 'dataSource' (OnBeanCondition)

   HttpEncodingAutoConfiguration matched:
      - @ConditionalOnClass found required class 'org.springframework.web.filter.CharacterEncodingFilter' (OnClassCondition)
      - found 'session' scope (OnWebApplicationCondition)
      - @ConditionalOnBooleanProperty (spring.servlet.encoding.enabled=true) matched (OnPropertyCondition)

   HttpEncodingAutoConfiguration#characterEncodingFilter matched:
      - @ConditionalOnMissingBean (types: org.springframework.web.filter.CharacterEncodingFilter; SearchStrategy: all) did not find any beans (OnBeanCondition)

   HttpMessageConvertersAutoConfiguration matched:
      - @ConditionalOnClass found required class 'org.springframework.http.converter.HttpMessageConverter' (OnClassCondition)
      - NoneNestedConditions 0 matched 1 did not; NestedCondition on HttpMessageConvertersAutoConfiguration.NotReactiveWebApplicationCondition.ReactiveWebApplication did not find reactive web application classes (HttpMessageConvertersAutoConfiguration.NotReactiveWebApplicationCondition)

   HttpMessageConvertersAutoConfiguration.StringHttpMessageConverterConfiguration#stringHttpMessageConvertersCustomizer matched:
      - @ConditionalOnMissingBean (types: org.springframework.http.converter.StringHttpMessageConverter; SearchStrategy: all) did not find any beans (OnBeanCondition)

   JacksonAutoConfiguration matched:
      - @ConditionalOnClass found required class 'tools.jackson.databind.json.JsonMapper' (OnClassCondition)

   JacksonAutoConfiguration#jacksonJsonMapper matched:
      - @ConditionalOnMissingBean (types: tools.jackson.databind.json.JsonMapper; SearchStrategy: all) did not find any beans (OnBeanCondition)

   JacksonAutoConfiguration#jsonFactory matched:
      - @ConditionalOnMissingBean (types: tools.jackson.core.json.JsonFactory; SearchStrategy: all) did not find any beans (OnBeanCondition)

   JacksonAutoConfiguration#jsonMapperBuilder matched:
      - @ConditionalOnMissingBean (types: tools.jackson.databind.json.JsonMapper$Builder; SearchStrategy: all) did not find any beans (OnBeanCondition)

   JacksonAutoConfiguration.JsonProblemDetailsConfiguration matched:
      - @ConditionalOnClass found required class 'org.springframework.http.ProblemDetail' (OnClassCondition)

   JacksonHttpMessageConvertersConfiguration.JacksonJsonHttpMessageConverterConfiguration matched:
      - @ConditionalOnClass found required class 'tools.jackson.databind.json.JsonMapper' (OnClassCondition)
      - @ConditionalOnProperty (spring.http.converters.preferred-json-mapper=jackson) matched (OnPropertyCondition)
      - @ConditionalOnBean (types: tools.jackson.databind.json.JsonMapper; SearchStrategy: all) found bean 'jacksonJsonMapper' (OnBeanCondition)

   JacksonHttpMessageConvertersConfiguration.JacksonJsonHttpMessageConverterConfiguration#jacksonJsonHttpMessageConvertersCustomizer matched:
      - @ConditionalOnMissingBean (types: org.springframework.http.converter.json.JacksonJsonHttpMessageConverter ignored: org.springframework.hateoas.server.mvc.TypeConstrainedJacksonJsonHttpMessageConverter,org.springframework.data.rest.webmvc.alps.AlpsJacksonJsonHttpMessageConverter; SearchStrategy: all) did not find any beans (OnBeanCondition)

   JdbcClientAutoConfiguration matched:
      - @ConditionalOnSingleCandidate (types: org.springframework.jdbc.core.namedparam.NamedParameterJdbcTemplate; SearchStrategy: all) found a single bean 'namedParameterJdbcTemplate'; @ConditionalOnMissingBean (types: org.springframework.jdbc.core.simple.JdbcClient; SearchStrategy: all) did not find any beans (OnBeanCondition)

   JdbcTemplateAutoConfiguration matched:
      - @ConditionalOnClass found required classes 'javax.sql.DataSource', 'org.springframework.jdbc.core.JdbcTemplate' (OnClassCondition)
      - @ConditionalOnSingleCandidate (types: javax.sql.DataSource; SearchStrategy: all) found a single bean 'dataSource' (OnBeanCondition)

   JdbcTemplateConfiguration matched:
      - @ConditionalOnMissingBean (types: org.springframework.jdbc.core.JdbcOperations; SearchStrategy: all) did not find any beans (OnBeanCondition)

   JpaBaseConfiguration#entityManagerFactory matched:
      - @ConditionalOnMissingBean (types: org.springframework.orm.jpa.LocalContainerEntityManagerFactoryBean,jakarta.persistence.EntityManagerFactory; SearchStrategy: all) did not find any beans (OnBeanCondition)

   JpaBaseConfiguration#entityManagerFactoryBuilder matched:
      - @ConditionalOnMissingBean (types: org.springframework.boot.jpa.EntityManagerFactoryBuilder; SearchStrategy: all) did not find any beans (OnBeanCondition)

   JpaBaseConfiguration#jpaVendorAdapter matched:
      - @ConditionalOnMissingBean (types: org.springframework.orm.jpa.JpaVendorAdapter; SearchStrategy: all) did not find any beans (OnBeanCondition)

   JpaBaseConfiguration#transactionManager matched:
      - @ConditionalOnMissingBean (types: org.springframework.transaction.TransactionManager; SearchStrategy: all) did not find any beans (OnBeanCondition)

   JpaBaseConfiguration.PersistenceManagedTypesConfiguration matched:
      - @ConditionalOnMissingBean (types: org.springframework.orm.jpa.LocalContainerEntityManagerFactoryBean,jakarta.persistence.EntityManagerFactory; SearchStrategy: all) did not find any beans (OnBeanCondition)

   JpaBaseConfiguration.PersistenceManagedTypesConfiguration#persistenceManagedTypes matched:
      - @ConditionalOnMissingBean (types: org.springframework.orm.jpa.persistenceunit.PersistenceManagedTypes; SearchStrategy: all) did not find any beans (OnBeanCondition)

   JtaAutoConfiguration matched:
      - @ConditionalOnClass found required class 'jakarta.transaction.Transaction' (OnClassCondition)
      - @ConditionalOnBooleanProperty (spring.jta.enabled=true) matched (OnPropertyCondition)

   LifecycleAutoConfiguration#defaultLifecycleProcessor matched:
      - @ConditionalOnMissingBean (names: lifecycleProcessor; SearchStrategy: current) did not find any beans (OnBeanCondition)

   MailSenderAutoConfiguration matched:
      - @ConditionalOnClass found required classes 'jakarta.mail.internet.MimeMessage', 'jakarta.activation.MimeType', 'org.springframework.mail.MailSender' (OnClassCondition)
      - AnyNestedCondition 1 matched 1 did not; NestedCondition on MailSenderAutoConfiguration.MailSenderCondition.JndiNameProperty @ConditionalOnProperty (spring.mail.jndi-name) did not find property 'spring.mail.jndi-name'; NestedCondition on MailSenderAutoConfiguration.MailSenderCondition.HostProperty @ConditionalOnProperty (spring.mail.host) matched (MailSenderAutoConfiguration.MailSenderCondition)
      - @ConditionalOnMissingBean (types: org.springframework.mail.MailSender; SearchStrategy: all) did not find any beans (OnBeanCondition)

   MailSenderPropertiesConfiguration matched:
      - @ConditionalOnProperty (spring.mail.host) matched (OnPropertyCondition)

   MailSenderPropertiesConfiguration#mailSender matched:
      - @ConditionalOnMissingBean (types: org.springframework.mail.javamail.JavaMailSender; SearchStrategy: all) did not find any beans (OnBeanCondition)

   MultipartAutoConfiguration matched:
      - @ConditionalOnClass found required classes 'jakarta.servlet.Servlet', 'org.springframework.web.multipart.support.StandardServletMultipartResolver', 'jakarta.servlet.MultipartConfigElement' (OnClassCondition)
      - found 'session' scope (OnWebApplicationCondition)
      - @ConditionalOnBooleanProperty (spring.servlet.multipart.enabled=true) matched (OnPropertyCondition)

   MultipartAutoConfiguration#multipartConfigElement matched:
      - @ConditionalOnMissingBean (types: jakarta.servlet.MultipartConfigElement; SearchStrategy: all) did not find any beans (OnBeanCondition)

   MultipartAutoConfiguration#multipartResolver matched:
      - @ConditionalOnMissingBean (types: org.springframework.web.multipart.MultipartResolver; SearchStrategy: all) did not find any beans (OnBeanCondition)

   NamedParameterJdbcTemplateConfiguration matched:
      - @ConditionalOnSingleCandidate (types: org.springframework.jdbc.core.JdbcTemplate; SearchStrategy: all) found a single bean 'jdbcTemplate'; @ConditionalOnMissingBean (types: org.springframework.jdbc.core.namedparam.NamedParameterJdbcOperations; SearchStrategy: all) did not find any beans (OnBeanCondition)

   OAuth2ResourceServerAutoConfiguration matched:
      - @ConditionalOnClass found required class 'org.springframework.security.oauth2.server.resource.authentication.BearerTokenAuthenticationToken' (OnClassCondition)

   OpaqueTokenIntrospectionConfiguration matched:
      - @ConditionalOnMissingBean (types: org.springframework.security.oauth2.server.resource.introspection.OpaqueTokenIntrospector; SearchStrategy: all) did not find any beans (OnBeanCondition)

   PersistenceExceptionTranslationAutoConfiguration matched:
      - @ConditionalOnClass found required class 'org.springframework.dao.annotation.PersistenceExceptionTranslationPostProcessor' (OnClassCondition)

   PersistenceExceptionTranslationAutoConfiguration#persistenceExceptionTranslationPostProcessor matched:
      - @ConditionalOnBooleanProperty (spring.persistence.exceptiontranslation.enabled=true) matched (OnPropertyCondition)
      - @ConditionalOnMissingBean (types: org.springframework.dao.annotation.PersistenceExceptionTranslationPostProcessor; SearchStrategy: all) did not find any beans (OnBeanCondition)

   PropertyPlaceholderAutoConfiguration#propertySourcesPlaceholderConfigurer matched:
      - @ConditionalOnMissingBean (types: org.springframework.context.support.PropertySourcesPlaceholderConfigurer; SearchStrategy: current) did not find any beans (OnBeanCondition)

   SecurityAutoConfiguration matched:
      - @ConditionalOnClass found required class 'org.springframework.security.authentication.DefaultAuthenticationEventPublisher' (OnClassCondition)

   SecurityAutoConfiguration#authenticationEventPublisher matched:
      - @ConditionalOnMissingBean (types: org.springframework.security.authentication.AuthenticationEventPublisher; SearchStrategy: all) did not find any beans (OnBeanCondition)

   SecurityFilterAutoConfiguration matched:
      - @ConditionalOnClass found required classes 'org.springframework.security.web.context.AbstractSecurityWebApplicationInitializer', 'org.springframework.security.config.http.SessionCreationPolicy' (OnClassCondition)
      - found 'session' scope (OnWebApplicationCondition)

   SecurityFilterAutoConfiguration#securityFilterChainRegistration matched:
      - @ConditionalOnBean (names: springSecurityFilterChain; SearchStrategy: all) found bean 'springSecurityFilterChain' (OnBeanCondition)

   ServletWebSecurityAutoConfiguration matched:
      - @ConditionalOnClass found required class 'org.springframework.security.config.annotation.web.configuration.EnableWebSecurity' (OnClassCondition)
      - found 'session' scope (OnWebApplicationCondition)

   ServletWebSecurityAutoConfiguration.EnableWebSecurityConfiguration matched:
      - @ConditionalOnClass found required class 'org.springframework.security.config.annotation.web.configuration.EnableWebSecurity' (OnClassCondition)
      - @ConditionalOnMissingBean (names: springSecurityFilterChain; SearchStrategy: all) did not find any beans (OnBeanCondition)

   ServletWebSecurityAutoConfiguration.PathPatternRequestMatcherBuilderConfiguration matched:
      - @ConditionalOnClass found required class 'org.springframework.boot.webmvc.autoconfigure.DispatcherServletPath' (OnClassCondition)
      - @ConditionalOnBean (types: org.springframework.boot.webmvc.autoconfigure.DispatcherServletPath; SearchStrategy: all) found bean 'dispatcherServletRegistration' (OnBeanCondition)

   ServletWebSecurityAutoConfiguration.PathPatternRequestMatcherBuilderConfiguration#pathPatternRequestMatcherBuilder matched:
      - @ConditionalOnMissingBean (types: org.springframework.security.web.servlet.util.matcher.PathPatternRequestMatcher$Builder; SearchStrategy: all) did not find any beans (OnBeanCondition)

   ServletWebServerConfiguration#forwardedHeaderFilter matched:
      - @ConditionalOnProperty (server.forward-headers-strategy=framework) matched (OnPropertyCondition)
      - @ConditionalOnMissingBean (types: org.springframework.web.filter.ForwardedHeaderFilter; SearchStrategy: all) did not find any beans (OnBeanCondition)

   SslAutoConfiguration#sslBundleRegistry matched:
      - @ConditionalOnMissingBean (types: org.springframework.boot.ssl.SslBundleRegistry,org.springframework.boot.ssl.SslBundles; SearchStrategy: all) did not find any beans (OnBeanCondition)

   TaskExecutionAutoConfiguration matched:
      - @ConditionalOnClass found required class 'org.springframework.scheduling.concurrent.ThreadPoolTaskExecutor' (OnClassCondition)

   TaskExecutorConfigurations.AsyncConfigurerConfiguration matched:
      - @ConditionalOnMissingBean (types: org.springframework.scheduling.annotation.AsyncConfigurer; SearchStrategy: all) did not find any beans (OnBeanCondition)

   TaskExecutorConfigurations.SimpleAsyncTaskExecutorBuilderConfiguration#simpleAsyncTaskExecutorBuilder matched:
      - @ConditionalOnMissingBean (types: org.springframework.boot.task.SimpleAsyncTaskExecutorBuilder; SearchStrategy: all) did not find any beans (OnBeanCondition)
      - @ConditionalOnThreading found PLATFORM (OnThreadingCondition)

   TaskExecutorConfigurations.TaskExecutorConfiguration matched:
      - AnyNestedCondition 1 matched 1 did not; NestedCondition on TaskExecutorConfigurations.OnExecutorCondition.ModelCondition @ConditionalOnProperty (spring.task.execution.mode=force) did not find property 'spring.task.execution.mode'; NestedCondition on TaskExecutorConfigurations.OnExecutorCondition.ExecutorBeanCondition @ConditionalOnMissingBean (types: java.util.concurrent.Executor; SearchStrategy: all) did not find any beans (TaskExecutorConfigurations.OnExecutorCondition)

   TaskExecutorConfigurations.TaskExecutorConfiguration#applicationTaskExecutor matched:
      - @ConditionalOnThreading found PLATFORM (OnThreadingCondition)

   TaskExecutorConfigurations.ThreadPoolTaskExecutorBuilderConfiguration#threadPoolTaskExecutorBuilder matched:
      - @ConditionalOnMissingBean (types: org.springframework.boot.task.ThreadPoolTaskExecutorBuilder; SearchStrategy: all) did not find any beans (OnBeanCondition)

   TaskSchedulingAutoConfiguration matched:
      - @ConditionalOnClass found required class 'org.springframework.scheduling.concurrent.ThreadPoolTaskScheduler' (OnClassCondition)

   TaskSchedulingAutoConfiguration#scheduledBeanLazyInitializationExcludeFilter matched:
      - @ConditionalOnBean (names: org.springframework.scheduling.config.internalScheduledAnnotationProcessor; SearchStrategy: all) found bean 'org.springframework.scheduling.config.internalScheduledAnnotationProcessor' (OnBeanCondition)

   TaskSchedulingConfigurations.SimpleAsyncTaskSchedulerBuilderConfiguration#simpleAsyncTaskSchedulerBuilder matched:
      - @ConditionalOnMissingBean (types: org.springframework.boot.task.SimpleAsyncTaskSchedulerBuilder; SearchStrategy: all) did not find any beans (OnBeanCondition)
      - @ConditionalOnThreading found PLATFORM (OnThreadingCondition)

   TaskSchedulingConfigurations.TaskSchedulerConfiguration matched:
      - @ConditionalOnBean (names: org.springframework.scheduling.config.internalScheduledAnnotationProcessor; SearchStrategy: all) found bean 'org.springframework.scheduling.config.internalScheduledAnnotationProcessor'; @ConditionalOnMissingBean (types: org.springframework.scheduling.TaskScheduler,java.util.concurrent.ScheduledExecutorService; SearchStrategy: all) did not find any beans (OnBeanCondition)

   TaskSchedulingConfigurations.ThreadPoolTaskSchedulerBuilderConfiguration#threadPoolTaskSchedulerBuilder matched:
      - @ConditionalOnMissingBean (types: org.springframework.boot.task.ThreadPoolTaskSchedulerBuilder; SearchStrategy: all) did not find any beans (OnBeanCondition)

   TomcatServletWebServerAutoConfiguration matched:
      - @ConditionalOnClass found required classes 'jakarta.servlet.ServletRequest', 'org.apache.catalina.startup.Tomcat', 'org.apache.coyote.UpgradeProtocol', 'org.springframework.boot.tomcat.servlet.TomcatServletWebServerFactory' (OnClassCondition)
      - found 'session' scope (OnWebApplicationCondition)

   TomcatServletWebServerAutoConfiguration#tomcatForwardedHeaderFilterCustomizer matched:
      - @ConditionalOnProperty (server.forward-headers-strategy=framework) matched (OnPropertyCondition)

   TomcatServletWebServerAutoConfiguration#tomcatServletWebServerFactory matched:
      - @ConditionalOnMissingBean (types: org.springframework.boot.web.server.servlet.ServletWebServerFactory; SearchStrategy: current) did not find any beans (OnBeanCondition)

   TransactionAutoConfiguration matched:
      - @ConditionalOnClass found required class 'org.springframework.transaction.PlatformTransactionManager' (OnClassCondition)

   TransactionAutoConfiguration.EnableTransactionManagementConfiguration matched:
      - @ConditionalOnBean (types: org.springframework.transaction.TransactionManager; SearchStrategy: all) found bean 'transactionManager'; @ConditionalOnMissingBean (types: org.springframework.transaction.annotation.AbstractTransactionManagementConfiguration; SearchStrategy: all) did not find any beans (OnBeanCondition)

   TransactionAutoConfiguration.EnableTransactionManagementConfiguration.CglibAutoProxyConfiguration matched:
      - @ConditionalOnBooleanProperty (spring.aop.proxy-target-class=true) matched (OnPropertyCondition)

   TransactionAutoConfiguration.TransactionTemplateConfiguration matched:
      - @ConditionalOnSingleCandidate (types: org.springframework.transaction.PlatformTransactionManager; SearchStrategy: all) found a single bean 'transactionManager' (OnBeanCondition)

   TransactionAutoConfiguration.TransactionTemplateConfiguration#transactionTemplate matched:
      - @ConditionalOnMissingBean (types: org.springframework.transaction.support.TransactionOperations; SearchStrategy: all) did not find any beans (OnBeanCondition)

   TransactionManagerCustomizationAutoConfiguration matched:
      - @ConditionalOnClass found required class 'org.springframework.transaction.PlatformTransactionManager' (OnClassCondition)

   TransactionManagerCustomizationAutoConfiguration#platformTransactionManagerCustomizers matched:
      - @ConditionalOnMissingBean (types: org.springframework.boot.transaction.autoconfigure.TransactionManagerCustomizers; SearchStrategy: all) did not find any beans (OnBeanCondition)

   ValidationAutoConfiguration matched:
      - @ConditionalOnClass found required class 'jakarta.validation.executable.ExecutableValidator' (OnClassCondition)
      - @ConditionalOnResource found location classpath:META-INF/services/jakarta.validation.spi.ValidationProvider (OnResourceCondition)

   ValidationAutoConfiguration#defaultValidator matched:
      - @ConditionalOnMissingBean (types: jakarta.validation.Validator; SearchStrategy: all) did not find any beans (OnBeanCondition)

   ValidationAutoConfiguration#methodValidationPostProcessor matched:
      - @ConditionalOnMissingBean (types: org.springframework.validation.beanvalidation.MethodValidationPostProcessor; SearchStrategy: current) did not find any beans (OnBeanCondition)

   WebMvcAutoConfiguration matched:
      - @ConditionalOnClass found required classes 'jakarta.servlet.Servlet', 'org.springframework.web.servlet.DispatcherServlet', 'org.springframework.web.servlet.config.annotation.WebMvcConfigurer' (OnClassCondition)
      - found 'session' scope (OnWebApplicationCondition)
      - @ConditionalOnMissingBean (types: org.springframework.web.servlet.config.annotation.WebMvcConfigurationSupport; SearchStrategy: all) did not find any beans (OnBeanCondition)

   WebMvcAutoConfiguration#formContentFilter matched:
      - @ConditionalOnBooleanProperty (spring.mvc.formcontent.filter.enabled=true) matched (OnPropertyCondition)
      - @ConditionalOnMissingBean (types: org.springframework.web.filter.FormContentFilter; SearchStrategy: all) did not find any beans (OnBeanCondition)

   WebMvcAutoConfiguration.EnableWebMvcConfiguration#flashMapManager matched:
      - @ConditionalOnMissingBean (names: flashMapManager; SearchStrategy: all) did not find any beans (OnBeanCondition)

   WebMvcAutoConfiguration.EnableWebMvcConfiguration#localeResolver matched:
      - @ConditionalOnMissingBean (names: localeResolver; SearchStrategy: all) did not find any beans (OnBeanCondition)

   WebMvcAutoConfiguration.EnableWebMvcConfiguration#viewNameTranslator matched:
      - @ConditionalOnMissingBean (names: viewNameTranslator; SearchStrategy: all) did not find any beans (OnBeanCondition)

   WebMvcAutoConfiguration.WebMvcAutoConfigurationAdapter#defaultViewResolver matched:
      - @ConditionalOnMissingBean (types: org.springframework.web.servlet.view.InternalResourceViewResolver; SearchStrategy: all) did not find any beans (OnBeanCondition)

   WebMvcAutoConfiguration.WebMvcAutoConfigurationAdapter#requestContextFilter matched:
      - @ConditionalOnMissingBean (types: org.springframework.web.context.request.RequestContextListener,org.springframework.web.filter.RequestContextFilter; SearchStrategy: all) did not find any beans (OnBeanCondition)

   WebMvcAutoConfiguration.WebMvcAutoConfigurationAdapter#viewResolver matched:
      - @ConditionalOnBean (types: org.springframework.web.servlet.ViewResolver; SearchStrategy: all) found beans 'defaultViewResolver', 'beanNameViewResolver', 'mvcViewResolver'; @ConditionalOnMissingBean (names: viewResolver types: org.springframework.web.servlet.view.ContentNegotiatingViewResolver; SearchStrategy: all) did not find any beans (OnBeanCondition)


Negative matches:
-----------------

   AopAutoConfiguration.AspectJAutoProxyingConfiguration.JdkDynamicAutoProxyConfiguration:
      Did not match:
         - @ConditionalOnBooleanProperty (spring.aop.proxy-target-class=false) did not find property 'spring.aop.proxy-target-class' (OnPropertyCondition)

   AopAutoConfiguration.ClassProxyingConfiguration:
      Did not match:
         - @ConditionalOnMissingClass found unwanted class 'org.aspectj.weaver.Advice' (OnClassCondition)

   DataJpaRepositoriesAutoConfiguration#entityManagerFactoryBootstrapExecutorCustomizer:
      Did not match:
         - @ConditionalOnProperty (spring.data.jpa.repositories.bootstrap-mode=deferred) did not find property 'spring.data.jpa.repositories.bootstrap-mode' (OnPropertyCondition)

   DataRepositoryMetricsAutoConfiguration:
      Did not match:
         - @ConditionalOnBean did not find required type 'io.micrometer.core.instrument.MeterRegistry' (OnBeanCondition)

   DataSourceAutoConfiguration.EmbeddedDatabaseConfiguration:
      Did not match:
         - EmbeddedDataSource spring.datasource.url is set (DataSourceAutoConfiguration.EmbeddedDatabaseCondition)

   DataSourceCheckpointRestoreConfiguration:
      Did not match:
         - @ConditionalOnClass did not find required class 'org.crac.Resource' (OnClassCondition)

   DataSourceConfiguration.Dbcp2:
      Did not match:
         - @ConditionalOnClass did not find required class 'org.apache.commons.dbcp2.BasicDataSource' (OnClassCondition)

   DataSourceConfiguration.Generic:
      Did not match:
         - @ConditionalOnProperty (spring.datasource.type) did not find property 'spring.datasource.type' (OnPropertyCondition)

   DataSourceConfiguration.OracleUcp:
      Did not match:
         - @ConditionalOnClass did not find required classes 'oracle.ucp.jdbc.PoolDataSourceImpl', 'oracle.jdbc.OracleConnection' (OnClassCondition)

   DataSourceConfiguration.Tomcat:
      Did not match:
         - @ConditionalOnClass did not find required class 'org.apache.tomcat.jdbc.pool.DataSource' (OnClassCondition)

   DataSourceHealthContributorAutoConfiguration:
      Did not match:
         - @ConditionalOnClass did not find required class 'org.springframework.boot.health.autoconfigure.contributor.ConditionalOnEnabledHealthIndicator' (OnClassCondition)

   DataSourceJmxConfiguration:
      Did not match:
         - @ConditionalOnBooleanProperty (spring.jmx.enabled=true) found different value in property 'spring.jmx.enabled' (OnPropertyCondition)

   DataSourcePoolMetadataProvidersConfiguration.CommonsDbcp2PoolDataSourceMetadataProviderConfiguration:
      Did not match:
         - @ConditionalOnClass did not find required class 'org.apache.commons.dbcp2.BasicDataSource' (OnClassCondition)

   DataSourcePoolMetadataProvidersConfiguration.OracleUcpPoolDataSourceMetadataProviderConfiguration:
      Did not match:
         - @ConditionalOnClass did not find required classes 'oracle.ucp.jdbc.PoolDataSource', 'oracle.jdbc.OracleConnection' (OnClassCondition)

   DataSourcePoolMetadataProvidersConfiguration.TomcatDataSourcePoolMetadataProviderConfiguration:
      Did not match:
         - @ConditionalOnClass did not find required class 'org.apache.tomcat.jdbc.pool.DataSource' (OnClassCondition)

   DataSourcePoolMetricsAutoConfiguration:
      Did not match:
         - @ConditionalOnClass did not find required class 'io.micrometer.core.instrument.MeterRegistry' (OnClassCondition)

   DataSourceTransactionManagerAutoConfiguration.JdbcTransactionManagerConfiguration#transactionManager:
      Did not match:
         - @ConditionalOnMissingBean (types: org.springframework.transaction.TransactionManager; SearchStrategy: all) found beans of type 'org.springframework.transaction.TransactionManager' transactionManager (OnBeanCondition)

   DefaultTaskSchedulerConfiguration#taskSchedulerVirtualThreads:
      Did not match:
         - @ConditionalOnThreading did not find VIRTUAL (OnThreadingCondition)
      Matched:
         - @ConditionalOnBean (types: org.springframework.boot.task.SimpleAsyncTaskSchedulerBuilder; SearchStrategy: all) found bean 'simpleAsyncTaskSchedulerBuilder' (OnBeanCondition)

   DispatcherServletAutoConfiguration.DispatcherServletConfiguration#multipartResolver:
      Did not match:
         - @ConditionalOnBean (types: org.springframework.web.multipart.MultipartResolver; SearchStrategy: all) did not find any beans of type org.springframework.web.multipart.MultipartResolver (OnBeanCondition)

   FlywayAutoConfiguration.FlywayConfiguration.OracleConfiguration:
      Did not match:
         - @ConditionalOnClass did not find required class 'org.flywaydb.database.oracle.OracleConfigurationExtension' (OnClassCondition)

   FlywayAutoConfiguration.FlywayConfiguration.SqlServerConfiguration:
      Did not match:
         - @ConditionalOnClass did not find required class 'org.flywaydb.database.sqlserver.SQLServerConfigurationExtension' (OnClassCondition)

   FlywayEndpointAutoConfiguration:
      Did not match:
         - @ConditionalOnClass did not find required class 'org.springframework.boot.actuate.autoconfigure.endpoint.condition.ConditionalOnAvailableEndpoint' (OnClassCondition)

   GsonHttpMessageConvertersConfiguration:
      Did not match:
         - @ConditionalOnClass did not find required class 'com.google.gson.Gson' (OnClassCondition)

   HibernateMetricsAutoConfiguration:
      Did not match:
         - @ConditionalOnClass did not find required class 'io.micrometer.core.instrument.MeterRegistry' (OnClassCondition)

   Jackson2HttpMessageConvertersConfiguration.MappingJackson2HttpMessageConverterConfiguration:
      Did not match:
         - AnyNestedCondition 0 matched 2 did not; NestedCondition on Jackson2HttpMessageConvertersConfiguration.PreferJackson2OrJacksonUnavailableCondition.JacksonUnavailable @ConditionalOnMissingBean (types: org.springframework.boot.http.converter.autoconfigure.JacksonHttpMessageConvertersConfiguration$JacksonJsonHttpMessageConvertersCustomizer; SearchStrategy: all) found beans of type 'org.springframework.boot.http.converter.autoconfigure.JacksonHttpMessageConvertersConfiguration$JacksonJsonHttpMessageConvertersCustomizer' jacksonJsonHttpMessageConvertersCustomizer; NestedCondition on Jackson2HttpMessageConvertersConfiguration.PreferJackson2OrJacksonUnavailableCondition.Jackson2Preferred @ConditionalOnProperty (spring.http.converters.preferred-json-mapper=jackson2) did not find property 'spring.http.converters.preferred-json-mapper' (Jackson2HttpMessageConvertersConfiguration.PreferJackson2OrJacksonUnavailableCondition)
      Matched:
         - @ConditionalOnClass found required class 'com.fasterxml.jackson.databind.ObjectMapper' (OnClassCondition)

   Jackson2HttpMessageConvertersConfiguration.MappingJackson2XmlHttpMessageConverterConfiguration:
      Did not match:
         - @ConditionalOnClass did not find required class 'com.fasterxml.jackson.dataformat.xml.XmlMapper' (OnClassCondition)

   JacksonAutoConfiguration.CborConfiguration:
      Did not match:
         - @ConditionalOnClass did not find required class 'tools.jackson.dataformat.cbor.CBORMapper' (OnClassCondition)

   JacksonAutoConfiguration.XmlConfiguration:
      Did not match:
         - @ConditionalOnClass did not find required class 'tools.jackson.dataformat.xml.XmlMapper' (OnClassCondition)

   JacksonHttpMessageConvertersConfiguration.JacksonXmlHttpMessageConverterConfiguration:
      Did not match:
         - @ConditionalOnClass did not find required class 'tools.jackson.dataformat.xml.XmlMapper' (OnClassCondition)

   JmxAutoConfiguration:
      Did not match:
         - @ConditionalOnBooleanProperty (spring.jmx.enabled=true) found different value in property 'spring.jmx.enabled' (OnPropertyCondition)
      Matched:
         - @ConditionalOnClass found required class 'org.springframework.jmx.export.MBeanExporter' (OnClassCondition)

   JndiDataSourceAutoConfiguration:
      Did not match:
         - @ConditionalOnProperty (spring.datasource.jndi-name) did not find property 'spring.datasource.jndi-name' (OnPropertyCondition)
      Matched:
         - @ConditionalOnClass found required classes 'javax.sql.DataSource', 'org.springframework.jdbc.datasource.embedded.EmbeddedDatabaseType' (OnClassCondition)

   JndiJtaConfiguration:
      Did not match:
         - @ConditionalOnJndi JNDI environment is not available (OnJndiCondition)
      Matched:
         - @ConditionalOnClass found required class 'org.springframework.transaction.jta.JtaTransactionManager' (OnClassCondition)

   JpaBaseConfiguration.JpaWebConfiguration:
      Did not match:
         - @ConditionalOnBooleanProperty (spring.jpa.open-in-view=true) found different value in property 'spring.jpa.open-in-view' (OnPropertyCondition)
      Matched:
         - @ConditionalOnClass found required class 'org.springframework.web.servlet.config.annotation.WebMvcConfigurer' (OnClassCondition)
         - found 'session' scope (OnWebApplicationCondition)

   JsonbHttpMessageConvertersConfiguration:
      Did not match:
         - @ConditionalOnClass did not find required class 'jakarta.json.bind.Jsonb' (OnClassCondition)

   JwtConverterConfiguration:
      Did not match:
         - AnyNestedCondition 0 matched 4 did not; NestedCondition on JwtConverterConfiguration.PropertiesCondition.OnAuthoritiesExpressions Authorities claim expressions did not find property spring.security.oauth2.resourceserver.jwt.authorities-claim-expressions; NestedCondition on JwtConverterConfiguration.PropertiesCondition.OnAuthoritiesClaimName @ConditionalOnProperty (spring.security.oauth2.resourceserver.jwt.authorities-claim-name) did not find property 'spring.security.oauth2.resourceserver.jwt.authorities-claim-name'; NestedCondition on JwtConverterConfiguration.PropertiesCondition.OnPrincipalClaimName @ConditionalOnProperty (spring.security.oauth2.resourceserver.jwt.principal-claim-name) did not find property 'spring.security.oauth2.resourceserver.jwt.principal-claim-name'; NestedCondition on JwtConverterConfiguration.PropertiesCondition.OnAuthorityPrefix @ConditionalOnProperty (spring.security.oauth2.resourceserver.jwt.authority-prefix) did not find property 'spring.security.oauth2.resourceserver.jwt.authority-prefix' (JwtConverterConfiguration.PropertiesCondition)
      Matched:
         - @ConditionalOnClass found required class 'org.springframework.security.oauth2.jwt.JwtDecoder' (OnClassCondition)

   JwtDecoderConfiguration:
      Did not match:
         - @ConditionalOnMissingBean (types: org.springframework.security.oauth2.jwt.JwtDecoder; SearchStrategy: all) found beans of type 'org.springframework.security.oauth2.jwt.JwtDecoder' jwtDecoder (OnBeanCondition)
      Matched:
         - @ConditionalOnClass found required class 'org.springframework.security.oauth2.jwt.JwtDecoder' (OnClassCondition)

   KidsChampDemoSeeder:
      Did not match:
         - @ConditionalOnProperty (aplus.kids-champ.demo-seed=true) found different value in property 'aplus.kids-champ.demo-seed' (OnPropertyCondition)

   KotlinSerializationHttpMessageConvertersConfiguration:
      Did not match:
         - @ConditionalOnClass did not find required classes 'kotlinx.serialization.Serializable', 'kotlinx.serialization.json.Json' (OnClassCondition)

   LazyConnectionDataSourceConfiguration:
      Did not match:
         - @ConditionalOnProperty (spring.datasource.connection-fetch=lazy) did not find property 'spring.datasource.connection-fetch' (OnPropertyCondition)

   MailHealthContributorAutoConfiguration:
      Did not match:
         - @ConditionalOnClass did not find required class 'org.springframework.boot.health.autoconfigure.contributor.ConditionalOnEnabledHealthIndicator' (OnClassCondition)

   MailSenderJndiConfiguration:
      Did not match:
         - @ConditionalOnProperty (spring.mail.jndi-name) did not find property 'spring.mail.jndi-name' (OnPropertyCondition)
      Matched:
         - @ConditionalOnClass found required class 'jakarta.mail.Session' (OnClassCondition)

   MailSenderValidatorAutoConfiguration:
      Did not match:
         - @ConditionalOnBooleanProperty (spring.mail.test-connection=true) did not find property 'spring.mail.test-connection' (OnPropertyCondition)

   ManagementWebSecurityAutoConfiguration:
      Did not match:
         - @ConditionalOnClass did not find required class 'org.springframework.boot.actuate.autoconfigure.endpoint.web.WebEndpointAutoConfiguration' (OnClassCondition)

   MessageSourceAutoConfiguration:
      Did not match:
         - ResourceBundle did not find bundle with basename messages (MessageSourceAutoConfiguration.ResourceBundleCondition)

   OAuth2ResourceServerWebSecurityAutoConfiguration:
      Did not match:
         - AllNestedConditions 1 matched 1 did not; NestedCondition on DefaultWebSecurityCondition.Beans @ConditionalOnMissingBean (types: org.springframework.security.web.SecurityFilterChain; SearchStrategy: all) found beans of type 'org.springframework.security.web.SecurityFilterChain' securityFilterChain; NestedCondition on DefaultWebSecurityCondition.Classes @ConditionalOnClass found required classes 'org.springframework.security.web.SecurityFilterChain', 'org.springframework.security.config.annotation.web.builders.HttpSecurity' (DefaultWebSecurityCondition)
      Matched:
         - found 'session' scope (OnWebApplicationCondition)

   OpaqueTokenIntrospectionConfiguration#opaqueTokenIntrospector:
      Did not match:
         - @ConditionalOnProperty (spring.security.oauth2.resourceserver.opaquetoken.introspection-uri) did not find property 'spring.security.oauth2.resourceserver.opaquetoken.introspection-uri' (OnPropertyCondition)

   ProjectInfoAutoConfiguration#buildProperties:
      Did not match:
         - @ConditionalOnResource did not find resource '${spring.info.build.location:classpath:META-INF/build-info.properties}' (OnResourceCondition)

   ProjectInfoAutoConfiguration#gitProperties:
      Did not match:
         - GitResource did not find git info at classpath:git.properties (ProjectInfoAutoConfiguration.GitResourceAvailableCondition)

   RSocketSecurityAutoConfiguration:
      Did not match:
         - @ConditionalOnClass did not find required class 'org.springframework.boot.rsocket.server.RSocketServerCustomizer' (OnClassCondition)

   ReactiveManagementWebSecurityAutoConfiguration:
      Did not match:
         - @ConditionalOnClass did not find required class 'org.springframework.boot.actuate.autoconfigure.endpoint.web.WebEndpointAutoConfiguration' (OnClassCondition)

   ReactiveOAuth2ResourceServerAutoConfiguration:
      Did not match:
         - @ConditionalOnClass did not find required class 'reactor.core.publisher.Mono' (OnClassCondition)

   ReactiveOAuth2ResourceServerWebSecurityAutoConfiguration:
      Did not match:
         - @ConditionalOnWebApplication did not find reactive web application classes (OnWebApplicationCondition)

   ReactiveUserDetailsServiceAutoConfiguration:
      Did not match:
         - AnyNestedCondition 0 matched 3 did not; NestedCondition on MissingAlternativeUserDetailsManagerOrUserPropertiesConfigured.PasswordConfigured @ConditionalOnProperty (spring.security.user.password) did not find property 'spring.security.user.password'; NestedCondition on MissingAlternativeUserDetailsManagerOrUserPropertiesConfigured.NameConfigured @ConditionalOnProperty (spring.security.user.name) did not find property 'spring.security.user.name'; NestedCondition on MissingAlternativeUserDetailsManagerOrUserPropertiesConfigured.MissingAlternative @ConditionalOnMissingClass found unwanted class 'org.springframework.security.oauth2.server.resource.introspection.OpaqueTokenIntrospector' (MissingAlternativeUserDetailsManagerOrUserPropertiesConfigured)
      Matched:
         - @ConditionalOnClass found required class 'org.springframework.security.authentication.ReactiveAuthenticationManager' (OnClassCondition)

   ReactiveWebSecurityAutoConfiguration:
      Did not match:
         - @ConditionalOnClass did not find required class 'reactor.core.publisher.Flux' (OnClassCondition)

   SecurityAutoConfiguration.SecurityDataConfiguration:
      Did not match:
         - @ConditionalOnClass did not find required class 'org.springframework.security.data.repository.query.SecurityEvaluationContextExtension' (OnClassCondition)

   ServletHttpExchangesAutoConfiguration:
      Did not match:
         - @ConditionalOnBean did not find required type 'org.springframework.boot.actuate.web.exchanges.HttpExchangeRepository' (OnBeanCondition)

   ServletManagementContextAutoConfiguration:
      Did not match:
         - @ConditionalOnClass did not find required class 'org.springframework.boot.actuate.autoconfigure.endpoint.web.WebEndpointProperties' (OnClassCondition)

   ServletMappingsAutoConfiguration:
      Did not match:
         - @ConditionalOnClass did not find required class 'org.springframework.boot.actuate.autoconfigure.endpoint.condition.ConditionalOnAvailableEndpoint' (OnClassCondition)

   ServletWebSecurityAutoConfiguration.SecurityFilterChainConfiguration:
      Did not match:
         - AllNestedConditions 1 matched 1 did not; NestedCondition on DefaultWebSecurityCondition.Beans @ConditionalOnMissingBean (types: org.springframework.security.web.SecurityFilterChain; SearchStrategy: all) found beans of type 'org.springframework.security.web.SecurityFilterChain' securityFilterChain; NestedCondition on DefaultWebSecurityCondition.Classes @ConditionalOnClass found required classes 'org.springframework.security.web.SecurityFilterChain', 'org.springframework.security.config.annotation.web.builders.HttpSecurity' (DefaultWebSecurityCondition)

   SpringApplicationAdminJmxAutoConfiguration:
      Did not match:
         - @ConditionalOnBooleanProperty (spring.application.admin.enabled=true) did not find property 'spring.application.admin.enabled' (OnPropertyCondition)

   TaskExecutorConfigurations.AsyncConfigurerWrapperConfiguration:
      Did not match:
         - @ConditionalOnBean (types: org.springframework.scheduling.annotation.AsyncConfigurer; SearchStrategy: all) did not find any beans of type org.springframework.scheduling.annotation.AsyncConfigurer (OnBeanCondition)

   TaskExecutorConfigurations.SimpleAsyncTaskExecutorBuilderConfiguration#simpleAsyncTaskExecutorBuilderVirtualThreads:
      Did not match:
         - @ConditionalOnMissingBean (types: org.springframework.boot.task.SimpleAsyncTaskExecutorBuilder; SearchStrategy: all) found beans of type 'org.springframework.boot.task.SimpleAsyncTaskExecutorBuilder' simpleAsyncTaskExecutorBuilder (OnBeanCondition)

   TaskExecutorConfigurations.TaskExecutorConfiguration#applicationTaskExecutorVirtualThreads:
      Did not match:
         - @ConditionalOnThreading did not find VIRTUAL (OnThreadingCondition)

   TaskExecutorConfigurations.TaskExecutorContextPropagationConfiguration:
      Did not match:
         - @ConditionalOnClass did not find required class 'io.micrometer.context.ContextSnapshot' (OnClassCondition)

   TaskSchedulingConfigurations.SimpleAsyncTaskSchedulerBuilderConfiguration#simpleAsyncTaskSchedulerBuilderVirtualThreads:
      Did not match:
         - @ConditionalOnMissingBean (types: org.springframework.boot.task.SimpleAsyncTaskSchedulerBuilder; SearchStrategy: all) found beans of type 'org.springframework.boot.task.SimpleAsyncTaskSchedulerBuilder' simpleAsyncTaskSchedulerBuilder (OnBeanCondition)

   TomcatMetricsAutoConfiguration:
      Did not match:
         - @ConditionalOnClass did not find required class 'io.micrometer.core.instrument.binder.tomcat.TomcatMetrics' (OnClassCondition)

   TomcatReactiveManagementContextAutoConfiguration:
      Did not match:
         - @ConditionalOnClass did not find required class 'org.springframework.boot.actuate.autoconfigure.web.server.ManagementContextFactory' (OnClassCondition)

   TomcatReactiveWebServerAutoConfiguration:
      Did not match:
         - @ConditionalOnWebApplication did not find reactive web application classes (OnWebApplicationCondition)

   TomcatServletManagementContextAutoConfiguration:
      Did not match:
         - @ConditionalOnClass did not find required class 'org.springframework.boot.actuate.autoconfigure.web.server.ManagementContextFactory' (OnClassCondition)

   TomcatWebServerConfiguration:
      Did not match:
         - Application is deployed as a WAR file. (OnWarDeploymentCondition)

   TransactionAutoConfiguration#transactionalOperator:
      Did not match:
         - @ConditionalOnSingleCandidate (types: org.springframework.transaction.ReactiveTransactionManager; SearchStrategy: all) did not find any beans (OnBeanCondition)

   TransactionAutoConfiguration.AspectJTransactionManagementConfiguration:
      Did not match:
         - @ConditionalOnBean (types: org.springframework.transaction.aspectj.AbstractTransactionAspect; SearchStrategy: all) did not find any beans of type org.springframework.transaction.aspectj.AbstractTransactionAspect (OnBeanCondition)

   TransactionAutoConfiguration.EnableTransactionManagementConfiguration.JdkDynamicAutoProxyConfiguration:
      Did not match:
         - @ConditionalOnBooleanProperty (spring.aop.proxy-target-class=false) did not find property 'spring.aop.proxy-target-class' (OnPropertyCondition)

   UserDetailsServiceAutoConfiguration:
      Did not match:
         - AnyNestedCondition 0 matched 3 did not; NestedCondition on MissingAlternativeUserDetailsManagerOrUserPropertiesConfigured.PasswordConfigured @ConditionalOnProperty (spring.security.user.password) did not find property 'spring.security.user.password'; NestedCondition on MissingAlternativeUserDetailsManagerOrUserPropertiesConfigured.NameConfigured @ConditionalOnProperty (spring.security.user.name) did not find property 'spring.security.user.name'; NestedCondition on MissingAlternativeUserDetailsManagerOrUserPropertiesConfigured.MissingAlternative @ConditionalOnMissingClass found unwanted class 'org.springframework.security.oauth2.server.resource.introspection.OpaqueTokenIntrospector' (MissingAlternativeUserDetailsManagerOrUserPropertiesConfigured)
      Matched:
         - @ConditionalOnClass found required class 'org.springframework.security.authentication.AuthenticationManager' (OnClassCondition)
         - found 'session' scope (OnWebApplicationCondition)

   WebMvcAutoConfiguration#hiddenHttpMethodFilter:
      Did not match:
         - @ConditionalOnBooleanProperty (spring.mvc.hiddenmethod.filter.enabled=true) did not find property 'spring.mvc.hiddenmethod.filter.enabled' (OnPropertyCondition)

   WebMvcAutoConfiguration.ProblemDetailsErrorHandlingConfiguration:
      Did not match:
         - @ConditionalOnBooleanProperty (spring.mvc.problemdetails.enabled=true) did not find property 'spring.mvc.problemdetails.enabled' (OnPropertyCondition)

   WebMvcAutoConfiguration.ResourceChainCustomizerConfiguration:
      Did not match:
         - @ConditionalOnEnabledResourceChain did not find class org.webjars.WebJarVersionLocator (OnEnabledResourceChainCondition)

   WebMvcAutoConfiguration.WebMvcAutoConfigurationAdapter#beanNameViewResolver:
      Did not match:
         - @ConditionalOnMissingBean (types: org.springframework.web.servlet.view.BeanNameViewResolver; SearchStrategy: all) found beans of type 'org.springframework.web.servlet.view.BeanNameViewResolver' beanNameViewResolver (OnBeanCondition)

   WebMvcHealthEndpointExtensionAutoConfiguration:
      Did not match:
         - @ConditionalOnClass did not find required class 'org.springframework.boot.health.actuate.endpoint.HealthEndpoint' (OnClassCondition)

   WebMvcMappingsAutoConfiguration:
      Did not match:
         - @ConditionalOnClass did not find required class 'org.springframework.boot.actuate.autoconfigure.endpoint.condition.ConditionalOnAvailableEndpoint' (OnClassCondition)

   WebMvcObservationAutoConfiguration:
      Did not match:
         - @ConditionalOnClass did not find required class 'org.springframework.boot.micrometer.observation.autoconfigure.ObservationProperties' (OnClassCondition)

   XADataSourceAutoConfiguration:
      Did not match:
         - @ConditionalOnBean (types: org.springframework.boot.jdbc.XADataSourceWrapper; SearchStrategy: all) did not find any beans of type org.springframework.boot.jdbc.XADataSourceWrapper (OnBeanCondition)
      Matched:
         - @ConditionalOnClass found required classes 'javax.sql.DataSource', 'jakarta.transaction.TransactionManager', 'org.springframework.jdbc.datasource.embedded.EmbeddedDatabaseType' (OnClassCondition)


Exclusions:
-----------

    None


Unconditional classes:
----------------------

    org.springframework.boot.autoconfigure.context.ConfigurationPropertiesAutoConfiguration

    org.springframework.boot.autoconfigure.ssl.SslAutoConfiguration

    org.springframework.boot.autoconfigure.context.LifecycleAutoConfiguration

    org.springframework.boot.autoconfigure.context.PropertyPlaceholderAutoConfiguration

    org.springframework.boot.autoconfigure.availability.ApplicationAvailabilityAutoConfiguration

    org.springframework.boot.autoconfigure.info.ProjectInfoAutoConfiguration



2026-08-14T03:20:19.018+05:30 DEBUG 26736 --- [aplus-kids-api] [           main] o.s.b.a.ApplicationAvailabilityBean      : Application availability state LivenessState changed to CORRECT
2026-08-14T03:20:19.027+05:30 DEBUG 26736 --- [aplus-kids-api] [           main] o.s.b.a.ApplicationAvailabilityBean      : Application availability state ReadinessState changed to ACCEPTING_TRAFFIC
2026-08-14T03:20:19.200+05:30 DEBUG 26736 --- [aplus-kids-api] [   scheduling-1] org.hibernate.SQL                        : select kcwace1_0.id,kcwace1_0.access_token_encrypted,kcwace1_0.business_account_id,kcwace1_0.graph_api_version,kcwace1_0.last_test_message,kcwace1_0.last_test_status,kcwace1_0.last_tested_at,kcwace1_0.phone_number_id,kcwace1_0.updated_at from kids_champ_whatsapp_config kcwace1_0 where kcwace1_0.id=?
2026-08-14T03:20:19.236+05:30 DEBUG 26736 --- [aplus-kids-api] [           main] org.hibernate.SQL                        : insert into users (account_holder_name,credentials_changed_at,deleted_at,email,email_verified_at,failed_login_count,last_login_at,locked_until,password_hash,phone_e164,phone_verified_at,public_id,status,updated_at,version) values (?,?,?,?,?,?,?,?,?,?,?,?,?,?,?)
2026-08-14T03:20:19.393+05:30 DEBUG 26736 --- [aplus-kids-api] [           main] org.hibernate.SQL                        : select ue1_0.id,ue1_0.account_holder_name,ue1_0.created_at,ue1_0.credentials_changed_at,ue1_0.deleted_at,ue1_0.email,ue1_0.email_verified_at,ue1_0.failed_login_count,ue1_0.last_login_at,ue1_0.locked_until,ue1_0.password_hash,ue1_0.phone_e164,ue1_0.phone_verified_at,ue1_0.public_id,ue1_0.status,ue1_0.updated_at,ue1_0.version from users ue1_0 where ue1_0.public_id=?
2026-08-14T03:20:19.410+05:30 DEBUG 26736 --- [aplus-kids-api] [           main] org.hibernate.SQL                        : insert into advertisements (alt_text,archived_at,background_color,button_label,click_count,content_type,created_by,description,desktop_filename,desktop_media_type,desktop_original_name,destination_url,ends_at,external_source_url,fit_mode,impression_count,mobile_filename,mobile_media_type,mobile_original_name,name,open_new_tab,priority,public_id,rotation_weight,starts_at,status,title,updated_at,updated_by,version) values (?,?,?,?,?,?,?,?,?,?,?,?,?,?,?,?,?,?,?,?,?,?,?,?,?,?,?,?,?,?)
2026-08-14T03:20:19.410+05:30 DEBUG 26736 --- [aplus-kids-api] [           main] org.hibernate.SQL                        : select ape1_0.id,ape1_0.advertisement_id,ape1_0.slot_key from advertisement_placements ape1_0 where ape1_0.advertisement_id=?
2026-08-14T03:20:19.426+05:30 DEBUG 26736 --- [aplus-kids-api] [           main] org.hibernate.SQL                        : insert into advertisement_placements (advertisement_id,slot_key) values (?,?)
2026-08-14T03:20:19.451+05:30 DEBUG 26736 --- [aplus-kids-api] [           main] org.hibernate.SQL                        : insert into advertisement_audit_history (action,actor_user_id,advertisement_id,advertisement_public_id,details) values (?,?,?,?,?)
2026-08-14T03:20:19.457+05:30 DEBUG 26736 --- [aplus-kids-api] [           main] org.hibernate.SQL                        : select ape1_0.id,ape1_0.advertisement_id,ape1_0.slot_key from advertisement_placements ape1_0 where ape1_0.advertisement_id=?
2026-08-14T03:20:19.465+05:30 DEBUG 26736 --- [aplus-kids-api] [           main] org.hibernate.SQL                        : select ae1_0.id,ae1_0.alt_text,ae1_0.archived_at,ae1_0.background_color,ae1_0.button_label,ae1_0.click_count,ae1_0.content_type,ae1_0.created_at,ae1_0.created_by,ae1_0.description,ae1_0.desktop_filename,ae1_0.desktop_media_type,ae1_0.desktop_original_name,ae1_0.destination_url,ae1_0.ends_at,ae1_0.external_source_url,ae1_0.fit_mode,ae1_0.impression_count,ae1_0.mobile_filename,ae1_0.mobile_media_type,ae1_0.mobile_original_name,ae1_0.name,ae1_0.open_new_tab,ae1_0.priority,ae1_0.public_id,ae1_0.rotation_weight,ae1_0.starts_at,ae1_0.status,ae1_0.title,ae1_0.updated_at,ae1_0.updated_by,ae1_0.version from advertisements ae1_0 where ae1_0.public_id=?
2026-08-14T03:20:19.469+05:30 DEBUG 26736 --- [aplus-kids-api] [           main] org.hibernate.SQL                        : select ape1_0.id,ape1_0.advertisement_id,ape1_0.slot_key from advertisement_placements ape1_0 where ape1_0.advertisement_id=?
2026-08-14T03:20:19.473+05:30 DEBUG 26736 --- [aplus-kids-api] [           main] org.hibernate.SQL                        : select ue1_0.id,ue1_0.account_holder_name,ue1_0.created_at,ue1_0.credentials_changed_at,ue1_0.deleted_at,ue1_0.email,ue1_0.email_verified_at,ue1_0.failed_login_count,ue1_0.last_login_at,ue1_0.locked_until,ue1_0.password_hash,ue1_0.phone_e164,ue1_0.phone_verified_at,ue1_0.public_id,ue1_0.status,ue1_0.updated_at,ue1_0.version from users ue1_0 where ue1_0.public_id=?
2026-08-14T03:20:19.477+05:30 DEBUG 26736 --- [aplus-kids-api] [           main] org.hibernate.SQL                        : select ue1_0.id,ue1_0.account_holder_name,ue1_0.created_at,ue1_0.credentials_changed_at,ue1_0.deleted_at,ue1_0.email,ue1_0.email_verified_at,ue1_0.failed_login_count,ue1_0.last_login_at,ue1_0.locked_until,ue1_0.password_hash,ue1_0.phone_e164,ue1_0.phone_verified_at,ue1_0.public_id,ue1_0.status,ue1_0.updated_at,ue1_0.version from users ue1_0 where ue1_0.public_id=?
2026-08-14T03:20:19.477+05:30 DEBUG 26736 --- [aplus-kids-api] [           main] org.hibernate.SQL                        : insert into advertisement_audit_history (action,actor_user_id,advertisement_id,advertisement_public_id,details) values (?,?,?,?,?)
2026-08-14T03:20:19.477+05:30 DEBUG 26736 --- [aplus-kids-api] [           main] org.hibernate.SQL                        : select ape1_0.id,ape1_0.advertisement_id,ape1_0.slot_key from advertisement_placements ape1_0 where ape1_0.advertisement_id=?
2026-08-14T03:20:19.491+05:30 DEBUG 26736 --- [aplus-kids-api] [           main] org.hibernate.SQL                        : update advertisements set alt_text=?,archived_at=?,background_color=?,button_label=?,click_count=?,content_type=?,created_by=?,description=?,desktop_filename=?,desktop_media_type=?,desktop_original_name=?,destination_url=?,ends_at=?,external_source_url=?,fit_mode=?,impression_count=?,mobile_filename=?,mobile_media_type=?,mobile_original_name=?,name=?,open_new_tab=?,priority=?,rotation_weight=?,starts_at=?,status=?,title=?,updated_at=?,updated_by=?,version=? where id=? and version=?
2026-08-14T03:20:19.493+05:30 DEBUG 26736 --- [aplus-kids-api] [           main] org.hibernate.SQL                        : select ae1_0.id,ae1_0.alt_text,ae1_0.archived_at,ae1_0.background_color,ae1_0.button_label,ae1_0.click_count,ae1_0.content_type,ae1_0.created_at,ae1_0.created_by,ae1_0.description,ae1_0.desktop_filename,ae1_0.desktop_media_type,ae1_0.desktop_original_name,ae1_0.destination_url,ae1_0.ends_at,ae1_0.external_source_url,ae1_0.fit_mode,ae1_0.impression_count,ae1_0.mobile_filename,ae1_0.mobile_media_type,ae1_0.mobile_original_name,ae1_0.name,ae1_0.open_new_tab,ae1_0.priority,ae1_0.public_id,ae1_0.rotation_weight,ae1_0.starts_at,ae1_0.status,ae1_0.title,ae1_0.updated_at,ae1_0.updated_by,ae1_0.version from advertisements ae1_0 where ae1_0.public_id=?
2026-08-14T03:20:19.499+05:30 DEBUG 26736 --- [aplus-kids-api] [           main] org.hibernate.SQL                        : select ae1_0.id,ae1_0.alt_text,ae1_0.archived_at,ae1_0.background_color,ae1_0.button_label,ae1_0.click_count,ae1_0.content_type,ae1_0.created_at,ae1_0.created_by,ae1_0.description,ae1_0.desktop_filename,ae1_0.desktop_media_type,ae1_0.desktop_original_name,ae1_0.destination_url,ae1_0.ends_at,ae1_0.external_source_url,ae1_0.fit_mode,ae1_0.impression_count,ae1_0.mobile_filename,ae1_0.mobile_media_type,ae1_0.mobile_original_name,ae1_0.name,ae1_0.open_new_tab,ae1_0.priority,ae1_0.public_id,ae1_0.rotation_weight,ae1_0.starts_at,ae1_0.status,ae1_0.title,ae1_0.updated_at,ae1_0.updated_by,ae1_0.version from advertisements ae1_0 where ae1_0.public_id=?
2026-08-14T03:20:19.501+05:30 DEBUG 26736 --- [aplus-kids-api] [           main] org.hibernate.SQL                        : select ue1_0.id,ue1_0.account_holder_name,ue1_0.created_at,ue1_0.credentials_changed_at,ue1_0.deleted_at,ue1_0.email,ue1_0.email_verified_at,ue1_0.failed_login_count,ue1_0.last_login_at,ue1_0.locked_until,ue1_0.password_hash,ue1_0.phone_e164,ue1_0.phone_verified_at,ue1_0.public_id,ue1_0.status,ue1_0.updated_at,ue1_0.version from users ue1_0 where ue1_0.public_id=?
2026-08-14T03:20:19.501+05:30 DEBUG 26736 --- [aplus-kids-api] [           main] org.hibernate.SQL                        : select ue1_0.id,ue1_0.account_holder_name,ue1_0.created_at,ue1_0.credentials_changed_at,ue1_0.deleted_at,ue1_0.email,ue1_0.email_verified_at,ue1_0.failed_login_count,ue1_0.last_login_at,ue1_0.locked_until,ue1_0.password_hash,ue1_0.phone_e164,ue1_0.phone_verified_at,ue1_0.public_id,ue1_0.status,ue1_0.updated_at,ue1_0.version from users ue1_0 where ue1_0.public_id=?
2026-08-14T03:20:19.507+05:30 DEBUG 26736 --- [aplus-kids-api] [           main] org.hibernate.SQL                        : insert into advertisement_audit_history (action,actor_user_id,advertisement_id,advertisement_public_id,details) values (?,?,?,?,?)
2026-08-14T03:20:19.511+05:30 DEBUG 26736 --- [aplus-kids-api] [           main] org.hibernate.SQL                        : select ape1_0.id,ape1_0.advertisement_id,ape1_0.slot_key from advertisement_placements ape1_0 where ape1_0.advertisement_id=?
2026-08-14T03:20:19.513+05:30 DEBUG 26736 --- [aplus-kids-api] [           main] org.hibernate.SQL                        : update advertisements set alt_text=?,archived_at=?,background_color=?,button_label=?,click_count=?,content_type=?,created_by=?,description=?,desktop_filename=?,desktop_media_type=?,desktop_original_name=?,destination_url=?,ends_at=?,external_source_url=?,fit_mode=?,impression_count=?,mobile_filename=?,mobile_media_type=?,mobile_original_name=?,name=?,open_new_tab=?,priority=?,rotation_weight=?,starts_at=?,status=?,title=?,updated_at=?,updated_by=?,version=? where id=? and version=?
2026-08-14T03:20:19.513+05:30 DEBUG 26736 --- [aplus-kids-api] [           main] org.hibernate.SQL                        : select ae1_0.id,ae1_0.alt_text,ae1_0.archived_at,ae1_0.background_color,ae1_0.button_label,ae1_0.click_count,ae1_0.content_type,ae1_0.created_at,ae1_0.created_by,ae1_0.description,ae1_0.desktop_filename,ae1_0.desktop_media_type,ae1_0.desktop_original_name,ae1_0.destination_url,ae1_0.ends_at,ae1_0.external_source_url,ae1_0.fit_mode,ae1_0.impression_count,ae1_0.mobile_filename,ae1_0.mobile_media_type,ae1_0.mobile_original_name,ae1_0.name,ae1_0.open_new_tab,ae1_0.priority,ae1_0.public_id,ae1_0.rotation_weight,ae1_0.starts_at,ae1_0.status,ae1_0.title,ae1_0.updated_at,ae1_0.updated_by,ae1_0.version from advertisements ae1_0 where ae1_0.public_id=?
2026-08-14T03:20:19.513+05:30 DEBUG 26736 --- [aplus-kids-api] [           main] org.hibernate.SQL                        : select ue1_0.id,ue1_0.account_holder_name,ue1_0.created_at,ue1_0.credentials_changed_at,ue1_0.deleted_at,ue1_0.email,ue1_0.email_verified_at,ue1_0.failed_login_count,ue1_0.last_login_at,ue1_0.locked_until,ue1_0.password_hash,ue1_0.phone_e164,ue1_0.phone_verified_at,ue1_0.public_id,ue1_0.status,ue1_0.updated_at,ue1_0.version from users ue1_0 where ue1_0.public_id=?
2026-08-14T03:20:19.513+05:30 DEBUG 26736 --- [aplus-kids-api] [           main] org.hibernate.SQL                        : insert into advertisement_audit_history (action,actor_user_id,advertisement_id,advertisement_public_id,details) values (?,?,?,?,?)
2026-08-14T03:20:19.552+05:30 DEBUG 26736 --- [aplus-kids-api] [           main] org.hibernate.SQL                        : delete from advertisements where public_id=?
2026-08-14T03:20:19.568+05:30 DEBUG 26736 --- [aplus-kids-api] [           main] org.hibernate.SQL                        : select ae1_0.id,ae1_0.alt_text,ae1_0.archived_at,ae1_0.background_color,ae1_0.button_label,ae1_0.click_count,ae1_0.content_type,ae1_0.created_at,ae1_0.created_by,ae1_0.description,ae1_0.desktop_filename,ae1_0.desktop_media_type,ae1_0.desktop_original_name,ae1_0.destination_url,ae1_0.ends_at,ae1_0.external_source_url,ae1_0.fit_mode,ae1_0.impression_count,ae1_0.mobile_filename,ae1_0.mobile_media_type,ae1_0.mobile_original_name,ae1_0.name,ae1_0.open_new_tab,ae1_0.priority,ae1_0.public_id,ae1_0.rotation_weight,ae1_0.starts_at,ae1_0.status,ae1_0.title,ae1_0.updated_at,ae1_0.updated_by,ae1_0.version from advertisements ae1_0 order by ae1_0.created_at desc
2026-08-14T03:20:19.577+05:30 DEBUG 26736 --- [aplus-kids-api] [           main] org.hibernate.SQL                        : select ape1_0.id,ape1_0.advertisement_id,ape1_0.slot_key from advertisement_placements ape1_0 where ape1_0.advertisement_id=?
2026-08-14T03:20:19.577+05:30 DEBUG 26736 --- [aplus-kids-api] [           main] org.hibernate.SQL                        : select aae1_0.id,aae1_0.action,aae1_0.actor_user_id,aae1_0.advertisement_id,aae1_0.advertisement_public_id,aae1_0.created_at,aae1_0.details from advertisement_audit_history aae1_0 order by aae1_0.created_at desc fetch first ? rows only
2026-08-14T03:20:19.593+05:30 DEBUG 26736 --- [aplus-kids-api] [           main] org.hibernate.SQL                        : select ue1_0.id,ue1_0.account_holder_name,ue1_0.created_at,ue1_0.credentials_changed_at,ue1_0.deleted_at,ue1_0.email,ue1_0.email_verified_at,ue1_0.failed_login_count,ue1_0.last_login_at,ue1_0.locked_until,ue1_0.password_hash,ue1_0.phone_e164,ue1_0.phone_verified_at,ue1_0.public_id,r1_0.user_id,r1_1.id,r1_1.created_at,r1_1.description,r1_1.name,ue1_0.status,ue1_0.updated_at,ue1_0.version from users ue1_0 left join user_roles r1_0 on ue1_0.id=r1_0.user_id left join roles r1_1 on r1_1.id=r1_0.role_id where ue1_0.id=?
2026-08-14T03:20:19.607+05:30 DEBUG 26736 --- [aplus-kids-api] [           main] org.hibernate.SQL                        : select ue1_0.id,ue1_0.account_holder_name,ue1_0.created_at,ue1_0.credentials_changed_at,ue1_0.deleted_at,ue1_0.email,ue1_0.email_verified_at,ue1_0.failed_login_count,ue1_0.last_login_at,ue1_0.locked_until,ue1_0.password_hash,ue1_0.phone_e164,ue1_0.phone_verified_at,ue1_0.public_id,r1_0.user_id,r1_1.id,r1_1.created_at,r1_1.description,r1_1.name,ue1_0.status,ue1_0.updated_at,ue1_0.version from users ue1_0 left join user_roles r1_0 on ue1_0.id=r1_0.user_id left join roles r1_1 on r1_1.id=r1_0.role_id where ue1_0.id=?
]]></system-out>
  </testcase>
  <testcase name="futureCampaignIsScheduledAndExpiredCampaignIsNotDelivered" classname="lk.apluskids.platform.advertisement.AdvertisementManagementTests" time="0.085">
    <system-out><![CDATA[2026-08-14T03:20:19.633+05:30 DEBUG 26736 --- [aplus-kids-api] [           main] org.hibernate.SQL                        : insert into users (account_holder_name,credentials_changed_at,deleted_at,email,email_verified_at,failed_login_count,last_login_at,locked_until,password_hash,phone_e164,phone_verified_at,public_id,status,updated_at,version) values (?,?,?,?,?,?,?,?,?,?,?,?,?,?,?)
2026-08-14T03:20:19.638+05:30 DEBUG 26736 --- [aplus-kids-api] [           main] org.hibernate.SQL                        : select ue1_0.id,ue1_0.account_holder_name,ue1_0.created_at,ue1_0.credentials_changed_at,ue1_0.deleted_at,ue1_0.email,ue1_0.email_verified_at,ue1_0.failed_login_count,ue1_0.last_login_at,ue1_0.locked_until,ue1_0.password_hash,ue1_0.phone_e164,ue1_0.phone_verified_at,ue1_0.public_id,ue1_0.status,ue1_0.updated_at,ue1_0.version from users ue1_0 where ue1_0.public_id=?
2026-08-14T03:20:19.641+05:30 DEBUG 26736 --- [aplus-kids-api] [           main] org.hibernate.SQL                        : insert into advertisements (alt_text,archived_at,background_color,button_label,click_count,content_type,created_by,description,desktop_filename,desktop_media_type,desktop_original_name,destination_url,ends_at,external_source_url,fit_mode,impression_count,mobile_filename,mobile_media_type,mobile_original_name,name,open_new_tab,priority,public_id,rotation_weight,starts_at,status,title,updated_at,updated_by,version) values (?,?,?,?,?,?,?,?,?,?,?,?,?,?,?,?,?,?,?,?,?,?,?,?,?,?,?,?,?,?)
2026-08-14T03:20:19.643+05:30 DEBUG 26736 --- [aplus-kids-api] [           main] org.hibernate.SQL                        : select ape1_0.id,ape1_0.advertisement_id,ape1_0.slot_key from advertisement_placements ape1_0 where ape1_0.advertisement_id=?
2026-08-14T03:20:19.643+05:30 DEBUG 26736 --- [aplus-kids-api] [           main] org.hibernate.SQL                        : insert into advertisement_placements (advertisement_id,slot_key) values (?,?)
2026-08-14T03:20:19.650+05:30 DEBUG 26736 --- [aplus-kids-api] [           main] org.hibernate.SQL                        : insert into advertisement_audit_history (action,actor_user_id,advertisement_id,advertisement_public_id,details) values (?,?,?,?,?)
2026-08-14T03:20:19.652+05:30 DEBUG 26736 --- [aplus-kids-api] [           main] org.hibernate.SQL                        : select ape1_0.id,ape1_0.advertisement_id,ape1_0.slot_key from advertisement_placements ape1_0 where ape1_0.advertisement_id=?
[...]
2026-08-14T03:20:19.728+05:30 DEBUG 26736 --- [aplus-kids-api] [           main] org.hibernate.SQL                        : select ue1_0.id,ue1_0.account_holder_name,ue1_0.created_at,ue1_0.credentials_changed_at,ue1_0.deleted_at,ue1_0.email,ue1_0.email_verified_at,ue1_0.failed_login_count,ue1_0.last_login_at,ue1_0.locked_until,ue1_0.password_hash,ue1_0.phone_e164,ue1_0.phone_verified_at,ue1_0.public_id,ue1_0.status,ue1_0.updated_at,ue1_0.version from users ue1_0 where ue1_0.public_id=?
2026-08-14T03:20:19.728+05:30 DEBUG 26736 --- [aplus-kids-api] [           main] org.hibernate.SQL                        : select ue1_0.id,ue1_0.account_holder_name,ue1_0.created_at,ue1_0.credentials_changed_at,ue1_0.deleted_at,ue1_0.email,ue1_0.email_verified_at,ue1_0.failed_login_count,ue1_0.last_login_at,ue1_0.locked_until,ue1_0.password_hash,ue1_0.phone_e164,ue1_0.phone_verified_at,ue1_0.public_id,ue1_0.status,ue1_0.updated_at,ue1_0.version from users ue1_0 where ue1_0.public_id=?
2026-08-14T03:20:19.728+05:30 DEBUG 26736 --- [aplus-kids-api] [           main] org.hibernate.SQL                        : insert into advertisement_audit_history (action,actor_user_id,advertisement_id,advertisement_public_id,details) values (?,?,?,?,?)
2026-08-14T03:20:19.728+05:30 DEBUG 26736 --- [aplus-kids-api] [           main] org.hibernate.SQL                        : select ape1_0.id,ape1_0.advertisement_id,ape1_0.slot_key from advertisement_placements ape1_0 where ape1_0.advertisement_id=?
2026-08-14T03:20:19.746+05:30 DEBUG 26736 --- [aplus-kids-api] [           main] org.hibernate.SQL                        : update advertisements set alt_text=?,archived_at=?,background_color=?,button_label=?,click_count=?,content_type=?,created_by=?,description=?,desktop_filename=?,desktop_media_type=?,desktop_original_name=?,destination_url=?,ends_at=?,external_source_url=?,fit_mode=?,impression_count=?,mobile_filename=?,mobile_media_type=?,mobile_original_name=?,name=?,open_new_tab=?,priority=?,rotation_weight=?,starts_at=?,status=?,title=?,updated_at=?,updated_by=?,version=? where id=? and version=?
2026-08-14T03:20:19.746+05:30 DEBUG 26736 --- [aplus-kids-api] [           main] org.hibernate.SQL                        : update advertisements ae1_0 set impression_count=(ae1_0.impression_count+1) where ae1_0.public_id=?
2026-08-14T03:20:19.752+05:30 DEBUG 26736 --- [aplus-kids-api] [           main] o.s.jdbc.core.JdbcTemplate               : Executing prepared SQL update
2026-08-14T03:20:19.754+05:30 DEBUG 26736 --- [aplus-kids-api] [           main] o.s.jdbc.core.JdbcTemplate               : Executing prepared SQL statement [insert into advertisement_daily_metrics(advertisement_id,metric_date,impressions,clicks) select id,?,?,? from advertisements where public_id=? on conflict(advertisement_id,metric_date) do update set impressions=advertisement_daily_metrics.impressions+excluded.impressions,clicks=advertisement_daily_metrics.clicks+excluded.clicks,updated_at=now()]
2026-08-14T03:20:19.762+05:30 DEBUG 26736 --- [aplus-kids-api] [           main] org.hibernate.SQL                        : select ae1_0.id,ae1_0.alt_text,ae1_0.archived_at,ae1_0.background_color,ae1_0.button_label,ae1_0.click_count,ae1_0.content_type,ae1_0.created_at,ae1_0.created_by,ae1_0.description,ae1_0.desktop_filename,ae1_0.desktop_media_type,ae1_0.desktop_original_name,ae1_0.destination_url,ae1_0.ends_at,ae1_0.external_source_url,ae1_0.fit_mode,ae1_0.impression_count,ae1_0.mobile_filename,ae1_0.mobile_media_type,ae1_0.mobile_original_name,ae1_0.name,ae1_0.open_new_tab,ae1_0.priority,ae1_0.public_id,ae1_0.rotation_weight,ae1_0.starts_at,ae1_0.status,ae1_0.title,ae1_0.updated_at,ae1_0.updated_by,ae1_0.version from advertisements ae1_0 where ae1_0.public_id=?
2026-08-14T03:20:19.765+05:30 DEBUG 26736 --- [aplus-kids-api] [           main] org.hibernate.SQL                        : update advertisements ae1_0 set click_count=(ae1_0.click_count+1) where ae1_0.public_id=?
2026-08-14T03:20:19.767+05:30 DEBUG 26736 --- [aplus-kids-api] [           main] o.s.jdbc.core.JdbcTemplate               : Executing prepared SQL update
2026-08-14T03:20:19.767+05:30 DEBUG 26736 --- [aplus-kids-api] [           main] o.s.jdbc.core.JdbcTemplate               : Executing prepared SQL statement [insert into advertisement_daily_metrics(advertisement_id,metric_date,impressions,clicks) select id,?,?,? from advertisements where public_id=? on conflict(advertisement_id,metric_date) do update set impressions=advertisement_daily_metrics.impressions+excluded.impressions,clicks=advertisement_daily_metrics.clicks+excluded.clicks,updated_at=now()]
2026-08-14T03:20:19.767+05:30 DEBUG 26736 --- [aplus-kids-api] [           main] org.hibernate.SQL                        : select ae1_0.id,ae1_0.alt_text,ae1_0.archived_at,ae1_0.background_color,ae1_0.button_label,ae1_0.click_count,ae1_0.content_type,ae1_0.created_at,ae1_0.created_by,ae1_0.description,ae1_0.desktop_filename,ae1_0.desktop_media_type,ae1_0.desktop_original_name,ae1_0.destination_url,ae1_0.ends_at,ae1_0.external_source_url,ae1_0.fit_mode,ae1_0.impression_count,ae1_0.mobile_filename,ae1_0.mobile_media_type,ae1_0.mobile_original_name,ae1_0.name,ae1_0.open_new_tab,ae1_0.priority,ae1_0.public_id,ae1_0.rotation_weight,ae1_0.starts_at,ae1_0.status,ae1_0.title,ae1_0.updated_at,ae1_0.updated_by,ae1_0.version from advertisements ae1_0 where ae1_0.public_id=?
2026-08-14T03:20:19.775+05:30 DEBUG 26736 --- [aplus-kids-api] [           main] o.s.jdbc.core.JdbcTemplate               : Executing SQL query [select public_id,impression_count,click_count from advertisements]
2026-08-14T03:20:19.777+05:30 DEBUG 26736 --- [aplus-kids-api] [           main] o.s.jdbc.core.JdbcTemplate               : Executing prepared SQL query
2026-08-14T03:20:19.779+05:30 DEBUG 26736 --- [aplus-kids-api] [           main] o.s.jdbc.core.JdbcTemplate               : Executing prepared SQL statement [select a.public_id,m.metric_date,m.impressions,m.clicks from advertisement_daily_metrics m join advertisements a on a.id=m.advertisement_id where m.metric_date between ? and ? order by m.metric_date]
2026-08-14T03:20:19.786+05:30 DEBUG 26736 --- [aplus-kids-api] [           main] org.hibernate.SQL                        : select ae1_0.id,ae1_0.alt_text,ae1_0.archived_at,ae1_0.background_color,ae1_0.button_label,ae1_0.click_count,ae1_0.content_type,ae1_0.created_at,ae1_0.created_by,ae1_0.description,ae1_0.desktop_filename,ae1_0.desktop_media_type,ae1_0.desktop_original_name,ae1_0.destination_url,ae1_0.ends_at,ae1_0.external_source_url,ae1_0.fit_mode,ae1_0.impression_count,ae1_0.mobile_filename,ae1_0.mobile_media_type,ae1_0.mobile_original_name,ae1_0.name,ae1_0.open_new_tab,ae1_0.priority,ae1_0.public_id,ae1_0.rotation_weight,ae1_0.starts_at,ae1_0.status,ae1_0.title,ae1_0.updated_at,ae1_0.updated_by,ae1_0.version from advertisements ae1_0 where ae1_0.public_id=?
2026-08-14T03:20:19.786+05:30 DEBUG 26736 --- [aplus-kids-api] [           main] o.s.jdbc.core.JdbcTemplate               : Executing SQL query [select public_id,impression_count,click_count from advertisements]
2026-08-14T03:20:19.786+05:30 DEBUG 26736 --- [aplus-kids-api] [           main] o.s.jdbc.core.JdbcTemplate               : Executing prepared SQL query
2026-08-14T03:20:19.789+05:30 DEBUG 26736 --- [aplus-kids-api] [           main] o.s.jdbc.core.JdbcTemplate               : Executing prepared SQL statement [select a.public_id,m.metric_date,m.impressions,m.clicks from advertisement_daily_metrics m join advertisements a on a.id=m.advertisement_id where m.metric_date between ? and ? order by m.metric_date]
]]></system-out>
  </testcase>
  <testcase name="publishedCardIsDeliveredOnlyToItsAssignedSlot" classname="lk.apluskids.platform.advertisement.AdvertisementManagementTests" time="0.062">
    <system-out><![CDATA[2026-08-14T03:20:19.801+05:30 DEBUG 26736 --- [aplus-kids-api] [           main] org.hibernate.SQL                        : insert into users (account_holder_name,credentials_changed_at,deleted_at,email,email_verified_at,failed_login_count,last_login_at,locked_until,password_hash,phone_e164,phone_verified_at,public_id,status,updated_at,version) values (?,?,?,?,?,?,?,?,?,?,?,?,?,?,?)
2026-08-14T03:20:19.808+05:30 DEBUG 26736 --- [aplus-kids-api] [           main] org.hibernate.SQL                        : select ue1_0.id,ue1_0.account_holder_name,ue1_0.created_at,ue1_0.credentials_changed_at,ue1_0.deleted_at,ue1_0.email,ue1_0.email_verified_at,ue1_0.failed_login_count,ue1_0.last_login_at,ue1_0.locked_until,ue1_0.password_hash,ue1_0.phone_e164,ue1_0.phone_verified_at,ue1_0.public_id,ue1_0.status,ue1_0.updated_at,ue1_0.version from users ue1_0 where ue1_0.public_id=?
2026-08-14T03:20:19.811+05:30 DEBUG 26736 --- [aplus-kids-api] [           main] org.hibernate.SQL                        : insert into advertisements (alt_text,archived_at,background_color,button_label,click_count,content_type,created_by,description,desktop_filename,desktop_media_type,desktop_original_name,destination_url,ends_at,external_source_url,fit_mode,impression_count,mobile_filename,mobile_media_type,mobile_original_name,name,open_new_tab,priority,public_id,rotation_weight,starts_at,status,title,updated_at,updated_by,version) values (?,?,?,?,?,?,?,?,?,?,?,?,?,?,?,?,?,?,?,?,?,?,?,?,?,?,?,?,?,?)
2026-08-14T03:20:19.813+05:30 DEBUG 26736 --- [aplus-kids-api] [           main] org.hibernate.SQL                        : select ape1_0.id,ape1_0.advertisement_id,ape1_0.slot_key from advertisement_placements ape1_0 where ape1_0.advertisement_id=?
2026-08-14T03:20:19.816+05:30 DEBUG 26736 --- [aplus-kids-api] [           main] org.hibernate.SQL                        : insert into advertisement_placements (advertisement_id,slot_key) values (?,?)
2026-08-14T03:20:19.820+05:30 DEBUG 26736 --- [aplus-kids-api] [           main] org.hibernate.SQL                        : insert into advertisement_audit_history (action,actor_user_id,advertisement_id,advertisement_public_id,details) values (?,?,?,?,?)
2026-08-14T03:20:19.822+05:30 DEBUG 26736 --- [aplus-kids-api] [           main] org.hibernate.SQL                        : select ape1_0.id,ape1_0.advertisement_id,ape1_0.slot_key from advertisement_placements ape1_0 where ape1_0.advertisement_id=?
2026-08-14T03:20:19.825+05:30 DEBUG 26736 --- [aplus-kids-api] [           main] org.hibernate.SQL                        : select ae1_0.id,ae1_0.alt_text,ae1_0.archived_at,ae1_0.background_color,ae1_0.button_label,ae1_0.click_count,ae1_0.content_type,ae1_0.created_at,ae1_0.created_by,ae1_0.description,ae1_0.desktop_filename,ae1_0.desktop_media_type,ae1_0.desktop_original_name,ae1_0.destination_url,ae1_0.ends_at,ae1_0.external_source_url,ae1_0.fit_mode,ae1_0.impression_count,ae1_0.mobile_filename,ae1_0.mobile_media_type,ae1_0.mobile_original_name,ae1_0.name,ae1_0.open_new_tab,ae1_0.priority,ae1_0.public_id,ae1_0.rotation_weight,ae1_0.starts_at,ae1_0.status,ae1_0.title,ae1_0.updated_at,ae1_0.updated_by,ae1_0.version from advertisements ae1_0 where ae1_0.public_id=?
2026-08-14T03:20:19.829+05:30 DEBUG 26736 --- [aplus-kids-api] [           main] org.hibernate.SQL                        : select ape1_0.id,ape1_0.advertisement_id,ape1_0.slot_key from advertisement_placements ape1_0 where ape1_0.advertisement_id=?
2026-08-14T03:20:19.829+05:30 DEBUG 26736 --- [aplus-kids-api] [           main] org.hibernate.SQL                        : select ue1_0.id,ue1_0.account_holder_name,ue1_0.created_at,ue1_0.credentials_changed_at,ue1_0.deleted_at,ue1_0.email,ue1_0.email_verified_at,ue1_0.failed_login_count,ue1_0.last_login_at,ue1_0.locked_until,ue1_0.password_hash,ue1_0.phone_e164,ue1_0.phone_verified_at,ue1_0.public_id,ue1_0.status,ue1_0.updated_at,ue1_0.version from users ue1_0 where ue1_0.public_id=?
2026-08-14T03:20:19.829+05:30 DEBUG 26736 --- [aplus-kids-api] [           main] org.hibernate.SQL                        : select ue1_0.id,ue1_0.account_holder_name,ue1_0.created_at,ue1_0.credentials_changed_at,ue1_0.deleted_at,ue1_0.email,ue1_0.email_verified_at,ue1_0.failed_login_count,ue1_0.last_login_at,ue1_0.locked_until,ue1_0.password_hash,ue1_0.phone_e164,ue1_0.phone_verified_at,ue1_0.public_id,ue1_0.status,ue1_0.updated_at,ue1_0.version from users ue1_0 where ue1_0.public_id=?
2026-08-14T03:20:19.829+05:30 DEBUG 26736 --- [aplus-kids-api] [           main] org.hibernate.SQL                        : insert into advertisement_audit_history (action,actor_user_id,advertisement_id,advertisement_public_id,details) values (?,?,?,?,?)
2026-08-14T03:20:19.829+05:30 DEBUG 26736 --- [aplus-kids-api] [           main] org.hibernate.SQL                        : select ape1_0.id,ape1_0.advertisement_id,ape1_0.slot_key from advertisement_placements ape1_0 where ape1_0.advertisement_id=?
2026-08-14T03:20:19.843+05:30 DEBUG 26736 --- [aplus-kids-api] [           main] org.hibernate.SQL                        : update advertisements set alt_text=?,archived_at=?,background_color=?,button_label=?,click_count=?,content_type=?,created_by=?,description=?,desktop_filename=?,desktop_media_type=?,desktop_original_name=?,destination_url=?,ends_at=?,external_source_url=?,fit_mode=?,impression_count=?,mobile_filename=?,mobile_media_type=?,mobile_original_name=?,name=?,open_new_tab=?,priority=?,rotation_weight=?,starts_at=?,status=?,title=?,updated_at=?,updated_by=?,version=? where id=? and version=?
2026-08-14T03:20:19.843+05:30 DEBUG 26736 --- [aplus-kids-api] [           main] org.hibernate.SQL                        : select distinct ae1_0.id,ae1_0.alt_text,ae1_0.archived_at,ae1_0.background_color,ae1_0.button_label,ae1_0.click_count,ae1_0.content_type,ae1_0.created_at,ae1_0.created_by,ae1_0.description,ae1_0.desktop_filename,ae1_0.desktop_media_type,ae1_0.desktop_original_name,ae1_0.destination_url,ae1_0.ends_at,ae1_0.external_source_url,ae1_0.fit_mode,ae1_0.impression_count,ae1_0.mobile_filename,ae1_0.mobile_media_type,ae1_0.mobile_original_name,ae1_0.name,ae1_0.open_new_tab,ae1_0.priority,ae1_0.public_id,ae1_0.rotation_weight,ae1_0.starts_at,ae1_0.status,ae1_0.title,ae1_0.updated_at,ae1_0.updated_by,ae1_0.version from advertisements ae1_0 join advertisement_placements ape1_0 on ape1_0.advertisement_id=ae1_0.id where ape1_0.slot_key=? and ae1_0.status='ACTIVE' and ae1_0.archived_at is null and (ae1_0.starts_at is null or ae1_0.starts_at<=?) and (ae1_0.ends_at is null or ae1_0.ends_at>?) order by ae1_0.priority desc,ae1_0.created_at desc
2026-08-14T03:20:19.851+05:30 DEBUG 26736 --- [aplus-kids-api] [           main] org.hibernate.SQL                        : select distinct ae1_0.id,ae1_0.alt_text,ae1_0.archived_at,ae1_0.background_color,ae1_0.button_label,ae1_0.click_count,ae1_0.content_type,ae1_0.created_at,ae1_0.created_by,ae1_0.description,ae1_0.desktop_filename,ae1_0.desktop_media_type,ae1_0.desktop_original_name,ae1_0.destination_url,ae1_0.ends_at,ae1_0.external_source_url,ae1_0.fit_mode,ae1_0.impression_count,ae1_0.mobile_filename,ae1_0.mobile_media_type,ae1_0.mobile_original_name,ae1_0.name,ae1_0.open_new_tab,ae1_0.priority,ae1_0.public_id,ae1_0.rotation_weight,ae1_0.starts_at,ae1_0.status,ae1_0.title,ae1_0.updated_at,ae1_0.updated_by,ae1_0.version from advertisements ae1_0 join advertisement_placements ape1_0 on ape1_0.advertisement_id=ae1_0.id where ape1_0.slot_key=? and ae1_0.status='ACTIVE' and ae1_0.archived_at is null and (ae1_0.starts_at is null or ae1_0.starts_at<=?) and (ae1_0.ends_at is null or ae1_0.ends_at>?) order by ae1_0.priority desc,ae1_0.created_at desc
]]></system-out>
  </testcase>
  <testcase name="commonWebsiteAddressIsNormalizedToHttps" classname="lk.apluskids.platform.advertisement.AdvertisementManagementTests" time="0.031">
    <system-out><![CDATA[2026-08-14T03:20:19.865+05:30 DEBUG 26736 --- [aplus-kids-api] [           main] org.hibernate.SQL                        : insert into users (account_holder_name,credentials_changed_at,deleted_at,email,email_verified_at,failed_login_count,last_login_at,locked_until,password_hash,phone_e164,phone_verified_at,public_id,status,updated_at,version) values (?,?,?,?,?,?,?,?,?,?,?,?,?,?,?)
2026-08-14T03:20:19.865+05:30 DEBUG 26736 --- [aplus-kids-api] [           main] org.hibernate.SQL                        : select ue1_0.id,ue1_0.account_holder_name,ue1_0.created_at,ue1_0.credentials_changed_at,ue1_0.deleted_at,ue1_0.email,ue1_0.email_verified_at,ue1_0.failed_login_count,ue1_0.last_login_at,ue1_0.locked_until,ue1_0.password_hash,ue1_0.phone_e164,ue1_0.phone_verified_at,ue1_0.public_id,ue1_0.status,ue1_0.updated_at,ue1_0.version from users ue1_0 where ue1_0.public_id=?
2026-08-14T03:20:19.876+05:30 DEBUG 26736 --- [aplus-kids-api] [           main] org.hibernate.SQL                        : insert into advertisements (alt_text,archived_at,background_color,button_label,click_count,content_type,created_by,description,desktop_filename,desktop_media_type,desktop_original_name,destination_url,ends_at,external_source_url,fit_mode,impression_count,mobile_filename,mobile_media_type,mobile_original_name,name,open_new_tab,priority,public_id,rotation_weight,starts_at,status,title,updated_at,updated_by,version) values (?,?,?,?,?,?,?,?,?,?,?,?,?,?,?,?,?,?,?,?,?,?,?,?,?,?,?,?,?,?)
2026-08-14T03:20:19.878+05:30 DEBUG 26736 --- [aplus-kids-api] [           main] org.hibernate.SQL                        : select ape1_0.id,ape1_0.advertisement_id,ape1_0.slot_key from advertisement_placements ape1_0 where ape1_0.advertisement_id=?
2026-08-14T03:20:19.883+05:30 DEBUG 26736 --- [aplus-kids-api] [           main] org.hibernate.SQL                        : insert into advertisement_placements (advertisement_id,slot_key) values (?,?)
2026-08-14T03:20:19.883+05:30 DEBUG 26736 --- [aplus-kids-api] [           main] org.hibernate.SQL                        : insert into advertisement_audit_history (action,actor_user_id,advertisement_id,advertisement_public_id,details) values (?,?,?,?,?)
2026-08-14T03:20:19.889+05:30 DEBUG 26736 --- [aplus-kids-api] [           main] org.hibernate.SQL                        : select ape1_0.id,ape1_0.advertisement_id,ape1_0.slot_key from advertisement_placements ape1_0 where ape1_0.advertisement_id=?
]]></system-out>
  </testcase>
  <testcase name="unsafeDestinationAndUnapprovedEmbedAreRejected" classname="lk.apluskids.platform.advertisement.AdvertisementManagementTests" time="0.016">
    <system-out><![CDATA[2026-08-14T03:20:19.897+05:30 DEBUG 26736 --- [aplus-kids-api] [           main] org.hibernate.SQL                        : insert into users (account_holder_name,credentials_changed_at,deleted_at,email,email_verified_at,failed_login_count,last_login_at,locked_until,password_hash,phone_e164,phone_verified_at,public_id,status,updated_at,version) values (?,?,?,?,?,?,?,?,?,?,?,?,?,?,?)
2026-08-14T03:20:19.903+05:30 DEBUG 26736 --- [aplus-kids-api] [           main] org.hibernate.SQL                        : select ue1_0.id,ue1_0.account_holder_name,ue1_0.created_at,ue1_0.credentials_changed_at,ue1_0.deleted_at,ue1_0.email,ue1_0.email_verified_at,ue1_0.failed_login_count,ue1_0.last_login_at,ue1_0.locked_until,ue1_0.password_hash,ue1_0.phone_e164,ue1_0.phone_verified_at,ue1_0.public_id,ue1_0.status,ue1_0.updated_at,ue1_0.version from users ue1_0 where ue1_0.public_id=?
2026-08-14T03:20:19.908+05:30 DEBUG 26736 --- [aplus-kids-api] [           main] org.hibernate.SQL                        : select ue1_0.id,ue1_0.account_holder_name,ue1_0.created_at,ue1_0.credentials_changed_at,ue1_0.deleted_at,ue1_0.email,ue1_0.email_verified_at,ue1_0.failed_login_count,ue1_0.last_login_at,ue1_0.locked_until,ue1_0.password_hash,ue1_0.phone_e164,ue1_0.phone_verified_at,ue1_0.public_id,ue1_0.status,ue1_0.updated_at,ue1_0.version from users ue1_0 where ue1_0.public_id=?
]]></system-out>
  </testcase>
</testsuite>