-------------------------------------------------------------------------------
Test set: lk.apluskids.platform.kidschamp.KidsChampBulkWorkflowTests
-------------------------------------------------------------------------------
Tests run: 7, Failures: 2, Errors: 0, Skipped: 0, Time elapsed: 1.340 s <<< FAILURE! -- in lk.apluskids.platform.kidschamp.KidsChampBulkWorkflowTests
lk.apluskids.platform.kidschamp.KidsChampBulkWorkflowTests.createsAnExactSelectionBatchAndPersistsOperationalUpdates -- Time elapsed: 0.065 s <<< FAILURE!
org.opentest4j.AssertionFailedError: expected: <2> but was: <0>
	at org.junit.jupiter.api.AssertionFailureBuilder.build(AssertionFailureBuilder.java:158)
	at org.junit.jupiter.api.AssertionFailureBuilder.buildAndThrow(AssertionFailureBuilder.java:139)
	at org.junit.jupiter.api.AssertEquals.failNotEqual(AssertEquals.java:201)
	at org.junit.jupiter.api.AssertEquals.assertEquals(AssertEquals.java:152)
	at org.junit.jupiter.api.AssertEquals.assertEquals(AssertEquals.java:147)
	at org.junit.jupiter.api.Assertions.assertEquals(Assertions.java:558)
	at lk.apluskids.platform.kidschamp.KidsChampBulkWorkflowTests.createsAnExactSelectionBatchAndPersistsOperationalUpdates(KidsChampBulkWorkflowTests.java:177)

lk.apluskids.platform.kidschamp.KidsChampBulkWorkflowTests.verifiesGuestDeduplicationBatchLimitRemainderZipAndRetention -- Time elapsed: 0.013 s <<< FAILURE!
org.opentest4j.AssertionFailedError: expected: <105> but was: <905>
	at org.junit.jupiter.api.AssertionFailureBuilder.build(AssertionFailureBuilder.java:158)
	at org.junit.jupiter.api.AssertionFailureBuilder.buildAndThrow(AssertionFailureBuilder.java:139)
	at org.junit.jupiter.api.AssertEquals.failNotEqual(AssertEquals.java:201)
	at org.junit.jupiter.api.AssertEquals.assertEquals(AssertEquals.java:152)
	at org.junit.jupiter.api.AssertEquals.assertEquals(AssertEquals.java:147)
	at org.junit.jupiter.api.Assertions.assertEquals(Assertions.java:558)
	at lk.apluskids.platform.kidschamp.KidsChampBulkWorkflowTests.verifiesGuestDeduplicationBatchLimitRemainderZipAndRetention(KidsChampBulkWorkflowTests.java:130)

