<?xml version="1.0" encoding="UTF-8"?>
<testsuite xmlns:xsi="http://www.w3.org/2001/XMLSchema-instance" xsi:noNamespaceSchemaLocation="https://maven.apache.org/surefire/maven-surefire-plugin/xsd/surefire-test-report.xsd" version="3.0.2" name="lk.apluskids.platform.kidschamp.KidsChampWhatsAppIntegrationTests" time="1.139" tests="2" errors="0" skipped="0" failures="0" flakes="0">
  <properties>
[...]
</properties>
  <testcase name="explicitOptOutOverridesHistoricalSubmissionConsent" classname="lk.apluskids.platform.kidschamp.KidsChampWhatsAppIntegrationTests" time="0.514">
    <system-out><![CDATA[2026-08-10T19:36:57.273+05:30  INFO 23976 --- [aplus-kids-api] [           main] t.c.s.AnnotationConfigContextLoaderUtils : Could not detect default configuration classes for test class [lk.apluskids.platform.kidschamp.KidsChampWhatsAppIntegrationTests]: KidsChampWhatsAppIntegrationTests does not declare any static, non-private, non-final, nested classes annotated with @Configuration.
2026-08-10T19:36:57.273+05:30 DEBUG 23976 --- [aplus-kids-api] [           main] .b.t.c.SpringBootTestContextBootstrapper : Using ContextCustomizerFactory implementations for test class [KidsChampWhatsAppIntegrationTests]: [ImportsContextCustomizerFactory, PropertyMappingContextCustomizerFactory, ExcludeFilterContextCustomizerFactory, TypeExcludeFiltersContextCustomizerFactory, DisableReactorResourceFactoryGlobalResourcesContextCustomizerFactory, DuplicateJsonObjectContextCustomizerFactory, OnFailureConditionReportContextCustomizerFactory, OverrideAutoConfigurationContextCustomizerFactory, BeanOverrideContextCustomizerFactory, MockServerContainerContextCustomizerFactory, DynamicPropertiesContextCustomizerFactory, WebDriverContextCustomizerFactory, SpringBootTestRandomPortContextCustomizerFactory]
2026-08-10T19:36:57.274+05:30 DEBUG 23976 --- [aplus-kids-api] [           main] .b.t.c.SpringBootTestContextBootstrapper : Using ContextCustomizers for test class [KidsChampWhatsAppIntegrationTests]: [PropertyMappingContextCustomizer, ExcludeFilterContextCustomizer, DuplicateJsonObjectContextCustomizer, OnFailureConditionReportContextCustomizer, DynamicPropertiesContextCustomizer, WebDriverContextCustomizer, SpringBootTestRandomPortContextCustomizer]
2026-08-10T19:36:57.274+05:30  INFO 23976 --- [aplus-kids-api] [           main] .b.t.c.SpringBootTestContextBootstrapper : Found @SpringBootConfiguration lk.apluskids.platform.AplusKidsApiApplication for test class lk.apluskids.platform.kidschamp.KidsChampWhatsAppIntegrationTests
2026-08-10T19:36:57.276+05:30  INFO 23976 --- [aplus-kids-api] [           main] t.c.s.AnnotationConfigContextLoaderUtils : Could not detect default configuration classes for test class [lk.apluskids.platform.kidschamp.KidsChampWhatsAppIntegrationTests]: KidsChampWhatsAppIntegrationTests does not declare any static, non-private, non-final, nested classes annotated with @Configuration.
2026-08-10T19:36:57.276+05:30 DEBUG 23976 --- [aplus-kids-api] [           main] .b.t.c.SpringBootTestContextBootstrapper : Using ContextCustomizerFactory implementations for test class [KidsChampWhatsAppIntegrationTests]: [ImportsContextCustomizerFactory, PropertyMappingContextCustomizerFactory, ExcludeFilterContextCustomizerFactory, TypeExcludeFiltersContextCustomizerFactory, DisableReactorResourceFactoryGlobalResourcesContextCustomizerFactory, DuplicateJsonObjectContextCustomizerFactory, OnFailureConditionReportContextCustomizerFactory, OverrideAutoConfigurationContextCustomizerFactory, BeanOverrideContextCustomizerFactory, MockServerContainerContextCustomizerFactory, DynamicPropertiesContextCustomizerFactory, WebDriverContextCustomizerFactory, SpringBootTestRandomPortContextCustomizerFactory]
2026-08-10T19:36:57.276+05:30 DEBUG 23976 --- [aplus-kids-api] [           main] .b.t.c.SpringBootTestContextBootstrapper : Using ContextCustomizers for test class [KidsChampWhatsAppIntegrationTests]: [PropertyMappingContextCustomizer, ExcludeFilterContextCustomizer, DuplicateJsonObjectContextCustomizer, OnFailureConditionReportContextCustomizer, DynamicPropertiesContextCustomizer, WebDriverContextCustomizer, SpringBootTestRandomPortContextCustomizer]
2026-08-10T19:36:57.276+05:30  INFO 23976 --- [aplus-kids-api] [           main] .b.t.c.SpringBootTestContextBootstrapper : Found @SpringBootConfiguration lk.apluskids.platform.AplusKidsApiApplication for test class lk.apluskids.platform.kidschamp.KidsChampWhatsAppIntegrationTests
2026-08-10T19:36:57.276+05:30 DEBUG 23976 --- [aplus-kids-api] [           main] .b.t.c.SpringBootTestContextBootstrapper : Neither @ContextConfiguration nor @ContextHierarchy found for test class [KidsChampWhatsAppIntegrationTests]: using SpringBootContextLoader
2026-08-10T19:36:57.276+05:30 DEBUG 23976 --- [aplus-kids-api] [           main] .b.t.c.SpringBootTestContextBootstrapper : Using TestExecutionListeners for test class [KidsChampWhatsAppIntegrationTests]: [ServletTestExecutionListener, DirtiesContextBeforeModesTestExecutionListener, ApplicationEventsTestExecutionListener, BeanOverrideTestExecutionListener, DependencyInjectionTestExecutionListener, DirtiesContextTestExecutionListener, CommonCachesTestExecutionListener, TransactionalTestExecutionListener, SqlScriptsTestExecutionListener, EventPublishingTestExecutionListener, WithSecurityContextTestExecutionListener, ReactorContextTestExecutionListener, MockitoResetTestExecutionListener, MockMvcPrintOnlyOnFailureTestExecutionListener, WebDriverTestExecutionListener]
2026-08-10T19:36:57.288+05:30 DEBUG 23976 --- [aplus-kids-api] [           main] org.hibernate.SQL                        : select ue1_0.id,ue1_0.account_holder_name,ue1_0.created_at,ue1_0.credentials_changed_at,ue1_0.deleted_at,ue1_0.email,ue1_0.email_verified_at,ue1_0.failed_login_count,ue1_0.last_login_at,ue1_0.locked_until,ue1_0.password_hash,ue1_0.phone_e164,ue1_0.phone_verified_at,ue1_0.public_id,ue1_0.status,ue1_0.updated_at,ue1_0.version from users ue1_0
2026-08-10T19:36:57.291+05:30 DEBUG 23976 --- [aplus-kids-api] [           main] org.hibernate.SQL                        : select r1_0.user_id,r1_1.id,r1_1.created_at,r1_1.description,r1_1.name from user_roles r1_0 join roles r1_1 on r1_1.id=r1_0.role_id where r1_0.user_id=?
2026-08-10T19:36:57.294+05:30 DEBUG 23976 --- [aplus-kids-api] [           main] org.hibernate.SQL                        : select r1_0.user_id,r1_1.id,r1_1.created_at,r1_1.description,r1_1.name from user_roles r1_0 join roles r1_1 on r1_1.id=r1_0.role_id where r1_0.user_id=?
2026-08-10T19:36:57.294+05:30 DEBUG 23976 --- [aplus-kids-api] [           main] org.hibernate.SQL                        : select r1_0.user_id,r1_1.id,r1_1.created_at,r1_1.description,r1_1.name from user_roles r1_0 join roles r1_1 on r1_1.id=r1_0.role_id where r1_0.user_id=?
2026-08-10T19:36:57.294+05:30 DEBUG 23976 --- [aplus-kids-api] [           main] org.hibernate.SQL                        : select r1_0.user_id,r1_1.id,r1_1.created_at,r1_1.description,r1_1.name from user_roles r1_0 join roles r1_1 on r1_1.id=r1_0.role_id where r1_0.user_id=?
2026-08-10T19:36:57.296+05:30 DEBUG 23976 --- [aplus-kids-api] [           main] org.hibernate.SQL                        : select r1_0.user_id,r1_1.id,r1_1.created_at,r1_1.description,r1_1.name from user_roles r1_0 join roles r1_1 on r1_1.id=r1_0.role_id where r1_0.user_id=?
2026-08-10T19:36:57.298+05:30 DEBUG 23976 --- [aplus-kids-api] [           main] org.hibernate.SQL                        : select kcse1_0.id,kcse1_0.age_at_submission,kcse1_0.assigned_reviewer_user_id,kcse1_0.batch_id,kcse1_0.category,kcse1_0.child_name,kcse1_0.child_profile_id,kcse1_0.consent_accepted_at,kcse1_0.country_code,kcse1_0.date_of_birth,kcse1_0.deleted_at,kcse1_0.deleted_by_user_id,kcse1_0.email,kcse1_0.file_size,kcse1_0.file_status,kcse1_0.guest_contact_id,kcse1_0.hometown,kcse1_0.internal_note,kcse1_0.media_type,kcse1_0.original_filename,kcse1_0.parent_name,kcse1_0.phone_e164,kcse1_0.photo_deleted_at,kcse1_0.previewed_at,kcse1_0.province,kcse1_0.public_id,kcse1_0.rejection_reason,kcse1_0.review_status,kcse1_0.reviewed_at,kcse1_0.reviewed_by_user_id,kcse1_0.stored_filename,kcse1_0.submitted_at,kcse1_0.telecast_status,kcse1_0.tracking_code,kcse1_0.user_id,kcse1_0.version,kcse1_0.whatsapp_consent_at,kcse1_0.work_description,kcse1_0.work_title from kids_champ_submissions kcse1_0 where kcse1_0.deleted_at is null order by kcse1_0.submitted_at desc
2026-08-10T19:36:57.323+05:30 DEBUG 23976 --- [aplus-kids-api] [           main] org.hibernate.SQL                        : select kcgce1_0.id,kcgce1_0.claimed_at,kcgce1_0.claimed_by_user_id,kcgce1_0.country_code,kcgce1_0.deleted_at,kcgce1_0.email,kcgce1_0.first_submitted_at,kcgce1_0.hometown,kcgce1_0.last_submitted_at,kcgce1_0.parent_name,kcgce1_0.phone_e164,kcgce1_0.province,kcgce1_0.public_id,kcgce1_0.submission_count from kids_champ_guest_contacts kcgce1_0 where kcgce1_0.id=?
2026-08-10T19:36:57.323+05:30 DEBUG 23976 --- [aplus-kids-api] [           main] org.hibernate.SQL                        : select kcgce1_0.id,kcgce1_0.claimed_at,kcgce1_0.claimed_by_user_id,kcgce1_0.country_code,kcgce1_0.deleted_at,kcgce1_0.email,kcgce1_0.first_submitted_at,kcgce1_0.hometown,kcgce1_0.last_submitted_at,kcgce1_0.parent_name,kcgce1_0.phone_e164,kcgce1_0.province,kcgce1_0.public_id,kcgce1_0.submission_count from kids_champ_guest_contacts kcgce1_0 where kcgce1_0.id=?
2026-08-10T19:36:57.323+05:30 DEBUG 23976 --- [aplus-kids-api] [           main] org.hibernate.SQL                        : select cpe1_0.id,cpe1_0.address,cpe1_0.country_code,cpe1_0.created_at,cpe1_0.date_of_birth,cpe1_0.deleted_at,cpe1_0.full_name,cpe1_0.gender,cpe1_0.hometown,cpe1_0.province,cpe1_0.public_id,cpe1_0.updated_at,cpe1_0.user_id,cpe1_0.version from child_profiles cpe1_0 where cpe1_0.id=?
2026-08-10T19:36:57.323+05:30 DEBUG 23976 --- [aplus-kids-api] [           main] org.hibernate.SQL                        : select cpe1_0.id,cpe1_0.address,cpe1_0.country_code,cpe1_0.created_at,cpe1_0.date_of_birth,cpe1_0.deleted_at,cpe1_0.full_name,cpe1_0.gender,cpe1_0.hometown,cpe1_0.province,cpe1_0.public_id,cpe1_0.updated_at,cpe1_0.user_id,cpe1_0.version from child_profiles cpe1_0 where cpe1_0.id=?
2026-08-10T19:36:57.323+05:30 DEBUG 23976 --- [aplus-kids-api] [           main] org.hibernate.SQL                        : select cpe1_0.id,cpe1_0.address,cpe1_0.country_code,cpe1_0.created_at,cpe1_0.date_of_birth,cpe1_0.deleted_at,cpe1_0.full_name,cpe1_0.gender,cpe1_0.hometown,cpe1_0.province,cpe1_0.public_id,cpe1_0.updated_at,cpe1_0.user_id,cpe1_0.version from child_profiles cpe1_0 where cpe1_0.id=?
2026-08-10T19:36:57.323+05:30 DEBUG 23976 --- [aplus-kids-api] [           main] org.hibernate.SQL                        : select kcgce1_0.id,kcgce1_0.claimed_at,kcgce1_0.claimed_by_user_id,kcgce1_0.country_code,kcgce1_0.deleted_at,kcgce1_0.email,kcgce1_0.first_submitted_at,kcgce1_0.hometown,kcgce1_0.last_submitted_at,kcgce1_0.parent_name,kcgce1_0.phone_e164,kcgce1_0.province,kcgce1_0.public_id,kcgce1_0.submission_count from kids_champ_guest_contacts kcgce1_0 where kcgce1_0.id=?
2026-08-10T19:36:57.323+05:30 DEBUG 23976 --- [aplus-kids-api] [           main] org.hibernate.SQL                        : select kcgce1_0.id,kcgce1_0.claimed_at,kcgce1_0.claimed_by_user_id,kcgce1_0.country_code,kcgce1_0.deleted_at,kcgce1_0.email,kcgce1_0.first_submitted_at,kcgce1_0.hometown,kcgce1_0.last_submitted_at,kcgce1_0.parent_name,kcgce1_0.phone_e164,kcgce1_0.province,kcgce1_0.public_id,kcgce1_0.submission_count from kids_champ_guest_contacts kcgce1_0 where kcgce1_0.id=?
2026-08-10T19:36:57.323+05:30 DEBUG 23976 --- [aplus-kids-api] [           main] org.hibernate.SQL                        : select cpe1_0.id,cpe1_0.address,cpe1_0.country_code,cpe1_0.created_at,cpe1_0.date_of_birth,cpe1_0.deleted_at,cpe1_0.full_name,cpe1_0.gender,cpe1_0.hometown,cpe1_0.province,cpe1_0.public_id,cpe1_0.updated_at,cpe1_0.user_id,cpe1_0.version from child_profiles cpe1_0 where cpe1_0.id=?
2026-08-10T19:36:57.323+05:30 DEBUG 23976 --- [aplus-kids-api] [           main] org.hibernate.SQL                        : select kcgce1_0.id,kcgce1_0.claimed_at,kcgce1_0.claimed_by_user_id,kcgce1_0.country_code,kcgce1_0.deleted_at,kcgce1_0.email,kcgce1_0.first_submitted_at,kcgce1_0.hometown,kcgce1_0.last_submitted_at,kcgce1_0.parent_name,kcgce1_0.phone_e164,kcgce1_0.province,kcgce1_0.public_id,kcgce1_0.submission_count from kids_champ_guest_contacts kcgce1_0 where kcgce1_0.id=?
2026-08-10T19:36:57.323+05:30 DEBUG 23976 --- [aplus-kids-api] [           main] org.hibernate.SQL                        : select kcgce1_0.id,kcgce1_0.claimed_at,kcgce1_0.claimed_by_user_id,kcgce1_0.country_code,kcgce1_0.deleted_at,kcgce1_0.email,kcgce1_0.first_submitted_at,kcgce1_0.hometown,kcgce1_0.last_submitted_at,kcgce1_0.parent_name,kcgce1_0.phone_e164,kcgce1_0.province,kcgce1_0.public_id,kcgce1_0.submission_count from kids_champ_guest_contacts kcgce1_0 where kcgce1_0.id=?
2026-08-10T19:36:57.323+05:30 DEBUG 23976 --- [aplus-kids-api] [           main] org.hibernate.SQL                        : select kcgce1_0.id,kcgce1_0.claimed_at,kcgce1_0.claimed_by_user_id,kcgce1_0.country_code,kcgce1_0.deleted_at,kcgce1_0.email,kcgce1_0.first_submitted_at,kcgce1_0.hometown,kcgce1_0.last_submitted_at,kcgce1_0.parent_name,kcgce1_0.phone_e164,kcgce1_0.province,kcgce1_0.public_id,kcgce1_0.submission_count from kids_champ_guest_contacts kcgce1_0 where kcgce1_0.id=?
2026-08-10T19:36:57.323+05:30 DEBUG 23976 --- [aplus-kids-api] [           main] org.hibernate.SQL                        : select kcgce1_0.id,kcgce1_0.claimed_at,kcgce1_0.claimed_by_user_id,kcgce1_0.country_code,kcgce1_0.deleted_at,kcgce1_0.email,kcgce1_0.first_submitted_at,kcgce1_0.hometown,kcgce1_0.last_submitted_at,kcgce1_0.parent_name,kcgce1_0.phone_e164,kcgce1_0.province,kcgce1_0.public_id,kcgce1_0.submission_count from kids_champ_guest_contacts kcgce1_0 where kcgce1_0.id=?
2026-08-10T19:36:57.323+05:30 DEBUG 23976 --- [aplus-kids-api] [           main] org.hibernate.SQL                        : select kcgce1_0.id,kcgce1_0.claimed_at,kcgce1_0.claimed_by_user_id,kcgce1_0.country_code,kcgce1_0.deleted_at,kcgce1_0.email,kcgce1_0.first_submitted_at,kcgce1_0.hometown,kcgce1_0.last_submitted_at,kcgce1_0.parent_name,kcgce1_0.phone_e164,kcgce1_0.province,kcgce1_0.public_id,kcgce1_0.submission_count from kids_champ_guest_contacts kcgce1_0 where kcgce1_0.id=?
2026-08-10T19:36:57.323+05:30 DEBUG 23976 --- [aplus-kids-api] [           main] org.hibernate.SQL                        : select kcgce1_0.id,kcgce1_0.claimed_at,kcgce1_0.claimed_by_user_id,kcgce1_0.country_code,kcgce1_0.deleted_at,kcgce1_0.email,kcgce1_0.first_submitted_at,kcgce1_0.hometown,kcgce1_0.last_submitted_at,kcgce1_0.parent_name,kcgce1_0.phone_e164,kcgce1_0.province,kcgce1_0.public_id,kcgce1_0.submission_count from kids_champ_guest_contacts kcgce1_0 where kcgce1_0.id=?
2026-08-10T19:36:57.323+05:30 DEBUG 23976 --- [aplus-kids-api] [           main] org.hibernate.SQL                        : select kcgce1_0.id,kcgce1_0.claimed_at,kcgce1_0.claimed_by_user_id,kcgce1_0.country_code,kcgce1_0.deleted_at,kcgce1_0.email,kcgce1_0.first_submitted_at,kcgce1_0.hometown,kcgce1_0.last_submitted_at,kcgce1_0.parent_name,kcgce1_0.phone_e164,kcgce1_0.province,kcgce1_0.public_id,kcgce1_0.submission_count from kids_champ_guest_contacts kcgce1_0 where kcgce1_0.id=?
2026-08-10T19:36:57.323+05:30 DEBUG 23976 --- [aplus-kids-api] [           main] org.hibernate.SQL                        : select kcgce1_0.id,kcgce1_0.claimed_at,kcgce1_0.claimed_by_user_id,kcgce1_0.country_code,kcgce1_0.deleted_at,kcgce1_0.email,kcgce1_0.first_submitted_at,kcgce1_0.hometown,kcgce1_0.last_submitted_at,kcgce1_0.parent_name,kcgce1_0.phone_e164,kcgce1_0.province,kcgce1_0.public_id,kcgce1_0.submission_count from kids_champ_guest_contacts kcgce1_0 where kcgce1_0.id=?
2026-08-10T19:36:57.323+05:30 DEBUG 23976 --- [aplus-kids-api] [           main] org.hibernate.SQL                        : select kcgce1_0.id,kcgce1_0.claimed_at,kcgce1_0.claimed_by_user_id,kcgce1_0.country_code,kcgce1_0.deleted_at,kcgce1_0.email,kcgce1_0.first_submitted_at,kcgce1_0.hometown,kcgce1_0.last_submitted_at,kcgce1_0.parent_name,kcgce1_0.phone_e164,kcgce1_0.province,kcgce1_0.public_id,kcgce1_0.submission_count from kids_champ_guest_contacts kcgce1_0 where kcgce1_0.id=?
2026-08-10T19:36:57.323+05:30 DEBUG 23976 --- [aplus-kids-api] [           main] org.hibernate.SQL                        : select kcgce1_0.id,kcgce1_0.claimed_at,kcgce1_0.claimed_by_user_id,kcgce1_0.country_code,kcgce1_0.deleted_at,kcgce1_0.email,kcgce1_0.first_submitted_at,kcgce1_0.hometown,kcgce1_0.last_submitted_at,kcgce1_0.parent_name,kcgce1_0.phone_e164,kcgce1_0.province,kcgce1_0.public_id,kcgce1_0.submission_count from kids_champ_guest_contacts kcgce1_0 where kcgce1_0.id=?
2026-08-10T19:36:57.339+05:30 DEBUG 23976 --- [aplus-kids-api] [           main] org.hibernate.SQL                        : select kcgce1_0.id,kcgce1_0.claimed_at,kcgce1_0.claimed_by_user_id,kcgce1_0.country_code,kcgce1_0.deleted_at,kcgce1_0.email,kcgce1_0.first_submitted_at,kcgce1_0.hometown,kcgce1_0.last_submitted_at,kcgce1_0.parent_name,kcgce1_0.phone_e164,kcgce1_0.province,kcgce1_0.public_id,kcgce1_0.submission_count from kids_champ_guest_contacts kcgce1_0 where kcgce1_0.id=?
2026-08-10T19:36:57.339+05:30 DEBUG 23976 --- [aplus-kids-api] [           main] org.hibernate.SQL                        : select kcgce1_0.id,kcgce1_0.claimed_at,kcgce1_0.claimed_by_user_id,kcgce1_0.country_code,kcgce1_0.deleted_at,kcgce1_0.email,kcgce1_0.first_submitted_at,kcgce1_0.hometown,kcgce1_0.last_submitted_at,kcgce1_0.parent_name,kcgce1_0.phone_e164,kcgce1_0.province,kcgce1_0.public_id,kcgce1_0.submission_count from kids_champ_guest_contacts kcgce1_0 where kcgce1_0.id=?
2026-08-10T19:36:57.341+05:30 DEBUG 23976 --- [aplus-kids-api] [           main] org.hibernate.SQL                        : select kcgce1_0.id,kcgce1_0.claimed_at,kcgce1_0.claimed_by_user_id,kcgce1_0.country_code,kcgce1_0.deleted_at,kcgce1_0.email,kcgce1_0.first_submitted_at,kcgce1_0.hometown,kcgce1_0.last_submitted_at,kcgce1_0.parent_name,kcgce1_0.phone_e164,kcgce1_0.province,kcgce1_0.public_id,kcgce1_0.submission_count from kids_champ_guest_contacts kcgce1_0 where kcgce1_0.id=?
2026-08-10T19:36:57.341+05:30 DEBUG 23976 --- [aplus-kids-api] [           main] org.hibernate.SQL                        : select kcgce1_0.id,kcgce1_0.claimed_at,kcgce1_0.claimed_by_user_id,kcgce1_0.country_code,kcgce1_0.deleted_at,kcgce1_0.email,kcgce1_0.first_submitted_at,kcgce1_0.hometown,kcgce1_0.last_submitted_at,kcgce1_0.parent_name,kcgce1_0.phone_e164,kcgce1_0.province,kcgce1_0.public_id,kcgce1_0.submission_count from kids_champ_guest_contacts kcgce1_0 where kcgce1_0.id=?
2026-08-10T19:36:57.341+05:30 DEBUG 23976 --- [aplus-kids-api] [           main] org.hibernate.SQL                        : select kcgce1_0.id,kcgce1_0.claimed_at,kcgce1_0.claimed_by_user_id,kcgce1_0.country_code,kcgce1_0.deleted_at,kcgce1_0.email,kcgce1_0.first_submitted_at,kcgce1_0.hometown,kcgce1_0.last_submitted_at,kcgce1_0.parent_name,kcgce1_0.phone_e164,kcgce1_0.province,kcgce1_0.public_id,kcgce1_0.submission_count from kids_champ_guest_contacts kcgce1_0 where kcgce1_0.id=?
2026-08-10T19:36:57.341+05:30 DEBUG 23976 --- [aplus-kids-api] [           main] org.hibernate.SQL                        : select kcgce1_0.id,kcgce1_0.claimed_at,kcgce1_0.claimed_by_user_id,kcgce1_0.country_code,kcgce1_0.deleted_at,kcgce1_0.email,kcgce1_0.first_submitted_at,kcgce1_0.hometown,kcgce1_0.last_submitted_at,kcgce1_0.parent_name,kcgce1_0.phone_e164,kcgce1_0.province,kcgce1_0.public_id,kcgce1_0.submission_count from kids_champ_guest_contacts kcgce1_0 where kcgce1_0.id=?
2026-08-10T19:36:57.341+05:30 DEBUG 23976 --- [aplus-kids-api] [           main] org.hibernate.SQL                        : select kcgce1_0.id,kcgce1_0.claimed_at,kcgce1_0.claimed_by_user_id,kcgce1_0.country_code,kcgce1_0.deleted_at,kcgce1_0.email,kcgce1_0.first_submitted_at,kcgce1_0.hometown,kcgce1_0.last_submitted_at,kcgce1_0.parent_name,kcgce1_0.phone_e164,kcgce1_0.province,kcgce1_0.public_id,kcgce1_0.submission_count from kids_champ_guest_contacts kcgce1_0 where kcgce1_0.id=?
2026-08-10T19:36:57.341+05:30 DEBUG 23976 --- [aplus-kids-api] [           main] org.hibernate.SQL                        : select kcgce1_0.id,kcgce1_0.claimed_at,kcgce1_0.claimed_by_user_id,kcgce1_0.country_code,kcgce1_0.deleted_at,kcgce1_0.email,kcgce1_0.first_submitted_at,kcgce1_0.hometown,kcgce1_0.last_submitted_at,kcgce1_0.parent_name,kcgce1_0.phone_e164,kcgce1_0.province,kcgce1_0.public_id,kcgce1_0.submission_count from kids_champ_guest_contacts kcgce1_0 where kcgce1_0.id=?
2026-08-10T19:36:57.341+05:30 DEBUG 23976 --- [aplus-kids-api] [           main] org.hibernate.SQL                        : select kcgce1_0.id,kcgce1_0.claimed_at,kcgce1_0.claimed_by_user_id,kcgce1_0.country_code,kcgce1_0.deleted_at,kcgce1_0.email,kcgce1_0.first_submitted_at,kcgce1_0.hometown,kcgce1_0.last_submitted_at,kcgce1_0.parent_name,kcgce1_0.phone_e164,kcgce1_0.province,kcgce1_0.public_id,kcgce1_0.submission_count from kids_champ_guest_contacts kcgce1_0 where kcgce1_0.id=?
2026-08-10T19:36:57.341+05:30 DEBUG 23976 --- [aplus-kids-api] [           main] org.hibernate.SQL                        : select kcgce1_0.id,kcgce1_0.claimed_at,kcgce1_0.claimed_by_user_id,kcgce1_0.country_code,kcgce1_0.deleted_at,kcgce1_0.email,kcgce1_0.first_submitted_at,kcgce1_0.hometown,kcgce1_0.last_submitted_at,kcgce1_0.parent_name,kcgce1_0.phone_e164,kcgce1_0.province,kcgce1_0.public_id,kcgce1_0.submission_count from kids_champ_guest_contacts kcgce1_0 where kcgce1_0.id=?
2026-08-10T19:36:57.341+05:30 DEBUG 23976 --- [aplus-kids-api] [           main] org.hibernate.SQL                        : select kcgce1_0.id,kcgce1_0.claimed_at,kcgce1_0.claimed_by_user_id,kcgce1_0.country_code,kcgce1_0.deleted_at,kcgce1_0.email,kcgce1_0.first_submitted_at,kcgce1_0.hometown,kcgce1_0.last_submitted_at,kcgce1_0.parent_name,kcgce1_0.phone_e164,kcgce1_0.province,kcgce1_0.public_id,kcgce1_0.submission_count from kids_champ_guest_contacts kcgce1_0 where kcgce1_0.id=?
2026-08-10T19:36:57.341+05:30 DEBUG 23976 --- [aplus-kids-api] [           main] org.hibernate.SQL                        : select kcgce1_0.id,kcgce1_0.claimed_at,kcgce1_0.claimed_by_user_id,kcgce1_0.country_code,kcgce1_0.deleted_at,kcgce1_0.email,kcgce1_0.first_submitted_at,kcgce1_0.hometown,kcgce1_0.last_submitted_at,kcgce1_0.parent_name,kcgce1_0.phone_e164,kcgce1_0.province,kcgce1_0.public_id,kcgce1_0.submission_count from kids_champ_guest_contacts kcgce1_0 where kcgce1_0.id=?
2026-08-10T19:36:57.341+05:30 DEBUG 23976 --- [aplus-kids-api] [           main] org.hibernate.SQL                        : select kcgce1_0.id,kcgce1_0.claimed_at,kcgce1_0.claimed_by_user_id,kcgce1_0.country_code,kcgce1_0.deleted_at,kcgce1_0.email,kcgce1_0.first_submitted_at,kcgce1_0.hometown,kcgce1_0.last_submitted_at,kcgce1_0.parent_name,kcgce1_0.phone_e164,kcgce1_0.province,kcgce1_0.public_id,kcgce1_0.submission_count from kids_champ_guest_contacts kcgce1_0 where kcgce1_0.id=?
2026-08-10T19:36:57.341+05:30 DEBUG 23976 --- [aplus-kids-api] [           main] org.hibernate.SQL                        : select kcgce1_0.id,kcgce1_0.claimed_at,kcgce1_0.claimed_by_user_id,kcgce1_0.country_code,kcgce1_0.deleted_at,kcgce1_0.email,kcgce1_0.first_submitted_at,kcgce1_0.hometown,kcgce1_0.last_submitted_at,kcgce1_0.parent_name,kcgce1_0.phone_e164,kcgce1_0.province,kcgce1_0.public_id,kcgce1_0.submission_count from kids_champ_guest_contacts kcgce1_0 where kcgce1_0.id=?
2026-08-10T19:36:57.341+05:30 DEBUG 23976 --- [aplus-kids-api] [           main] org.hibernate.SQL                        : select kcgce1_0.id,kcgce1_0.claimed_at,kcgce1_0.claimed_by_user_id,kcgce1_0.country_code,kcgce1_0.deleted_at,kcgce1_0.email,kcgce1_0.first_submitted_at,kcgce1_0.hometown,kcgce1_0.last_submitted_at,kcgce1_0.parent_name,kcgce1_0.phone_e164,kcgce1_0.province,kcgce1_0.public_id,kcgce1_0.submission_count from kids_champ_guest_contacts kcgce1_0 where kcgce1_0.id=?
2026-08-10T19:36:57.341+05:30 DEBUG 23976 --- [aplus-kids-api] [           main] org.hibernate.SQL                        : select kcgce1_0.id,kcgce1_0.claimed_at,kcgce1_0.claimed_by_user_id,kcgce1_0.country_code,kcgce1_0.deleted_at,kcgce1_0.email,kcgce1_0.first_submitted_at,kcgce1_0.hometown,kcgce1_0.last_submitted_at,kcgce1_0.parent_name,kcgce1_0.phone_e164,kcgce1_0.province,kcgce1_0.public_id,kcgce1_0.submission_count from kids_champ_guest_contacts kcgce1_0 where kcgce1_0.id=?
2026-08-10T19:36:57.341+05:30 DEBUG 23976 --- [aplus-kids-api] [           main] org.hibernate.SQL                        : select kcgce1_0.id,kcgce1_0.claimed_at,kcgce1_0.claimed_by_user_id,kcgce1_0.country_code,kcgce1_0.deleted_at,kcgce1_0.email,kcgce1_0.first_submitted_at,kcgce1_0.hometown,kcgce1_0.last_submitted_at,kcgce1_0.parent_name,kcgce1_0.phone_e164,kcgce1_0.province,kcgce1_0.public_id,kcgce1_0.submission_count from kids_champ_guest_contacts kcgce1_0 where kcgce1_0.id=?
2026-08-10T19:36:57.341+05:30 DEBUG 23976 --- [aplus-kids-api] [           main] org.hibernate.SQL                        : select kcgce1_0.id,kcgce1_0.claimed_at,kcgce1_0.claimed_by_user_id,kcgce1_0.country_code,kcgce1_0.deleted_at,kcgce1_0.email,kcgce1_0.first_submitted_at,kcgce1_0.hometown,kcgce1_0.last_submitted_at,kcgce1_0.parent_name,kcgce1_0.phone_e164,kcgce1_0.province,kcgce1_0.public_id,kcgce1_0.submission_count from kids_champ_guest_contacts kcgce1_0 where kcgce1_0.id=?
2026-08-10T19:36:57.341+05:30 DEBUG 23976 --- [aplus-kids-api] [           main] org.hibernate.SQL                        : select kcgce1_0.id,kcgce1_0.claimed_at,kcgce1_0.claimed_by_user_id,kcgce1_0.country_code,kcgce1_0.deleted_at,kcgce1_0.email,kcgce1_0.first_submitted_at,kcgce1_0.hometown,kcgce1_0.last_submitted_at,kcgce1_0.parent_name,kcgce1_0.phone_e164,kcgce1_0.province,kcgce1_0.public_id,kcgce1_0.submission_count from kids_champ_guest_contacts kcgce1_0 where kcgce1_0.id=?
2026-08-10T19:36:57.341+05:30 DEBUG 23976 --- [aplus-kids-api] [           main] org.hibernate.SQL                        : select kcgce1_0.id,kcgce1_0.claimed_at,kcgce1_0.claimed_by_user_id,kcgce1_0.country_code,kcgce1_0.deleted_at,kcgce1_0.email,kcgce1_0.first_submitted_at,kcgce1_0.hometown,kcgce1_0.last_submitted_at,kcgce1_0.parent_name,kcgce1_0.phone_e164,kcgce1_0.province,kcgce1_0.public_id,kcgce1_0.submission_count from kids_champ_guest_contacts kcgce1_0 where kcgce1_0.id=?
2026-08-10T19:36:57.341+05:30 DEBUG 23976 --- [aplus-kids-api] [           main] org.hibernate.SQL                        : select kcgce1_0.id,kcgce1_0.claimed_at,kcgce1_0.claimed_by_user_id,kcgce1_0.country_code,kcgce1_0.deleted_at,kcgce1_0.email,kcgce1_0.first_submitted_at,kcgce1_0.hometown,kcgce1_0.last_submitted_at,kcgce1_0.parent_name,kcgce1_0.phone_e164,kcgce1_0.province,kcgce1_0.public_id,kcgce1_0.submission_count from kids_champ_guest_contacts kcgce1_0 where kcgce1_0.id=?
2026-08-10T19:36:57.341+05:30 DEBUG 23976 --- [aplus-kids-api] [           main] org.hibernate.SQL                        : select kcgce1_0.id,kcgce1_0.claimed_at,kcgce1_0.claimed_by_user_id,kcgce1_0.country_code,kcgce1_0.deleted_at,kcgce1_0.email,kcgce1_0.first_submitted_at,kcgce1_0.hometown,kcgce1_0.last_submitted_at,kcgce1_0.parent_name,kcgce1_0.phone_e164,kcgce1_0.province,kcgce1_0.public_id,kcgce1_0.submission_count from kids_champ_guest_contacts kcgce1_0 where kcgce1_0.id=?
2026-08-10T19:36:57.341+05:30 DEBUG 23976 --- [aplus-kids-api] [           main] org.hibernate.SQL                        : select kcgce1_0.id,kcgce1_0.claimed_at,kcgce1_0.claimed_by_user_id,kcgce1_0.country_code,kcgce1_0.deleted_at,kcgce1_0.email,kcgce1_0.first_submitted_at,kcgce1_0.hometown,kcgce1_0.last_submitted_at,kcgce1_0.parent_name,kcgce1_0.phone_e164,kcgce1_0.province,kcgce1_0.public_id,kcgce1_0.submission_count from kids_champ_guest_contacts kcgce1_0 where kcgce1_0.id=?
2026-08-10T19:36:57.341+05:30 DEBUG 23976 --- [aplus-kids-api] [           main] org.hibernate.SQL                        : select kcgce1_0.id,kcgce1_0.claimed_at,kcgce1_0.claimed_by_user_id,kcgce1_0.country_code,kcgce1_0.deleted_at,kcgce1_0.email,kcgce1_0.first_submitted_at,kcgce1_0.hometown,kcgce1_0.last_submitted_at,kcgce1_0.parent_name,kcgce1_0.phone_e164,kcgce1_0.province,kcgce1_0.public_id,kcgce1_0.submission_count from kids_champ_guest_contacts kcgce1_0 where kcgce1_0.id=?
2026-08-10T19:36:57.351+05:30 DEBUG 23976 --- [aplus-kids-api] [           main] org.hibernate.SQL                        : select kcgce1_0.id,kcgce1_0.claimed_at,kcgce1_0.claimed_by_user_id,kcgce1_0.country_code,kcgce1_0.deleted_at,kcgce1_0.email,kcgce1_0.first_submitted_at,kcgce1_0.hometown,kcgce1_0.last_submitted_at,kcgce1_0.parent_name,kcgce1_0.phone_e164,kcgce1_0.province,kcgce1_0.public_id,kcgce1_0.submission_count from kids_champ_guest_contacts kcgce1_0 where kcgce1_0.id=?
2026-08-10T19:36:57.351+05:30 DEBUG 23976 --- [aplus-kids-api] [           main] org.hibernate.SQL                        : select kcgce1_0.id,kcgce1_0.claimed_at,kcgce1_0.claimed_by_user_id,kcgce1_0.country_code,kcgce1_0.deleted_at,kcgce1_0.email,kcgce1_0.first_submitted_at,kcgce1_0.hometown,kcgce1_0.last_submitted_at,kcgce1_0.parent_name,kcgce1_0.phone_e164,kcgce1_0.province,kcgce1_0.public_id,kcgce1_0.submission_count from kids_champ_guest_contacts kcgce1_0 where kcgce1_0.id=?
2026-08-10T19:36:57.351+05:30 DEBUG 23976 --- [aplus-kids-api] [           main] org.hibernate.SQL                        : select kcgce1_0.id,kcgce1_0.claimed_at,kcgce1_0.claimed_by_user_id,kcgce1_0.country_code,kcgce1_0.deleted_at,kcgce1_0.email,kcgce1_0.first_submitted_at,kcgce1_0.hometown,kcgce1_0.last_submitted_at,kcgce1_0.parent_name,kcgce1_0.phone_e164,kcgce1_0.province,kcgce1_0.public_id,kcgce1_0.submission_count from kids_champ_guest_contacts kcgce1_0 where kcgce1_0.id=?
2026-08-10T19:36:57.359+05:30 DEBUG 23976 --- [aplus-kids-api] [           main] org.hibernate.SQL                        : select kcgce1_0.id,kcgce1_0.claimed_at,kcgce1_0.claimed_by_user_id,kcgce1_0.country_code,kcgce1_0.deleted_at,kcgce1_0.email,kcgce1_0.first_submitted_at,kcgce1_0.hometown,kcgce1_0.last_submitted_at,kcgce1_0.parent_name,kcgce1_0.phone_e164,kcgce1_0.province,kcgce1_0.public_id,kcgce1_0.submission_count from kids_champ_guest_contacts kcgce1_0 where kcgce1_0.id=?
2026-08-10T19:36:57.359+05:30 DEBUG 23976 --- [aplus-kids-api] [           main] org.hibernate.SQL                        : select kcgce1_0.id,kcgce1_0.claimed_at,kcgce1_0.claimed_by_user_id,kcgce1_0.country_code,kcgce1_0.deleted_at,kcgce1_0.email,kcgce1_0.first_submitted_at,kcgce1_0.hometown,kcgce1_0.last_submitted_at,kcgce1_0.parent_name,kcgce1_0.phone_e164,kcgce1_0.province,kcgce1_0.public_id,kcgce1_0.submission_count from kids_champ_guest_contacts kcgce1_0 where kcgce1_0.id=?
2026-08-10T19:36:57.359+05:30 DEBUG 23976 --- [aplus-kids-api] [           main] org.hibernate.SQL                        : select kcgce1_0.id,kcgce1_0.claimed_at,kcgce1_0.claimed_by_user_id,kcgce1_0.country_code,kcgce1_0.deleted_at,kcgce1_0.email,kcgce1_0.first_submitted_at,kcgce1_0.hometown,kcgce1_0.last_submitted_at,kcgce1_0.parent_name,kcgce1_0.phone_e164,kcgce1_0.province,kcgce1_0.public_id,kcgce1_0.submission_count from kids_champ_guest_contacts kcgce1_0 where kcgce1_0.id=?
2026-08-10T19:36:57.359+05:30 DEBUG 23976 --- [aplus-kids-api] [           main] org.hibernate.SQL                        : select kcgce1_0.id,kcgce1_0.claimed_at,kcgce1_0.claimed_by_user_id,kcgce1_0.country_code,kcgce1_0.deleted_at,kcgce1_0.email,kcgce1_0.first_submitted_at,kcgce1_0.hometown,kcgce1_0.last_submitted_at,kcgce1_0.parent_name,kcgce1_0.phone_e164,kcgce1_0.province,kcgce1_0.public_id,kcgce1_0.submission_count from kids_champ_guest_contacts kcgce1_0 where kcgce1_0.id=?
2026-08-10T19:36:57.359+05:30 DEBUG 23976 --- [aplus-kids-api] [           main] org.hibernate.SQL                        : select kcgce1_0.id,kcgce1_0.claimed_at,kcgce1_0.claimed_by_user_id,kcgce1_0.country_code,kcgce1_0.deleted_at,kcgce1_0.email,kcgce1_0.first_submitted_at,kcgce1_0.hometown,kcgce1_0.last_submitted_at,kcgce1_0.parent_name,kcgce1_0.phone_e164,kcgce1_0.province,kcgce1_0.public_id,kcgce1_0.submission_count from kids_champ_guest_contacts kcgce1_0 where kcgce1_0.id=?
2026-08-10T19:36:57.359+05:30 DEBUG 23976 --- [aplus-kids-api] [           main] org.hibernate.SQL                        : select kcgce1_0.id,kcgce1_0.claimed_at,kcgce1_0.claimed_by_user_id,kcgce1_0.country_code,kcgce1_0.deleted_at,kcgce1_0.email,kcgce1_0.first_submitted_at,kcgce1_0.hometown,kcgce1_0.last_submitted_at,kcgce1_0.parent_name,kcgce1_0.phone_e164,kcgce1_0.province,kcgce1_0.public_id,kcgce1_0.submission_count from kids_champ_guest_contacts kcgce1_0 where kcgce1_0.id=?
2026-08-10T19:36:57.359+05:30 DEBUG 23976 --- [aplus-kids-api] [           main] org.hibernate.SQL                        : select kcgce1_0.id,kcgce1_0.claimed_at,kcgce1_0.claimed_by_user_id,kcgce1_0.country_code,kcgce1_0.deleted_at,kcgce1_0.email,kcgce1_0.first_submitted_at,kcgce1_0.hometown,kcgce1_0.last_submitted_at,kcgce1_0.parent_name,kcgce1_0.phone_e164,kcgce1_0.province,kcgce1_0.public_id,kcgce1_0.submission_count from kids_champ_guest_contacts kcgce1_0 where kcgce1_0.id=?
2026-08-10T19:36:57.359+05:30 DEBUG 23976 --- [aplus-kids-api] [           main] org.hibernate.SQL                        : select kcgce1_0.id,kcgce1_0.claimed_at,kcgce1_0.claimed_by_user_id,kcgce1_0.country_code,kcgce1_0.deleted_at,kcgce1_0.email,kcgce1_0.first_submitted_at,kcgce1_0.hometown,kcgce1_0.last_submitted_at,kcgce1_0.parent_name,kcgce1_0.phone_e164,kcgce1_0.province,kcgce1_0.public_id,kcgce1_0.submission_count from kids_champ_guest_contacts kcgce1_0 where kcgce1_0.id=?
2026-08-10T19:36:57.359+05:30 DEBUG 23976 --- [aplus-kids-api] [           main] org.hibernate.SQL                        : select kcgce1_0.id,kcgce1_0.claimed_at,kcgce1_0.claimed_by_user_id,kcgce1_0.country_code,kcgce1_0.deleted_at,kcgce1_0.email,kcgce1_0.first_submitted_at,kcgce1_0.hometown,kcgce1_0.last_submitted_at,kcgce1_0.parent_name,kcgce1_0.phone_e164,kcgce1_0.province,kcgce1_0.public_id,kcgce1_0.submission_count from kids_champ_guest_contacts kcgce1_0 where kcgce1_0.id=?
2026-08-10T19:36:57.359+05:30 DEBUG 23976 --- [aplus-kids-api] [           main] org.hibernate.SQL                        : select kcgce1_0.id,kcgce1_0.claimed_at,kcgce1_0.claimed_by_user_id,kcgce1_0.country_code,kcgce1_0.deleted_at,kcgce1_0.email,kcgce1_0.first_submitted_at,kcgce1_0.hometown,kcgce1_0.last_submitted_at,kcgce1_0.parent_name,kcgce1_0.phone_e164,kcgce1_0.province,kcgce1_0.public_id,kcgce1_0.submission_count from kids_champ_guest_contacts kcgce1_0 where kcgce1_0.id=?
2026-08-10T19:36:57.359+05:30 DEBUG 23976 --- [aplus-kids-api] [           main] org.hibernate.SQL                        : select kcgce1_0.id,kcgce1_0.claimed_at,kcgce1_0.claimed_by_user_id,kcgce1_0.country_code,kcgce1_0.deleted_at,kcgce1_0.email,kcgce1_0.first_submitted_at,kcgce1_0.hometown,kcgce1_0.last_submitted_at,kcgce1_0.parent_name,kcgce1_0.phone_e164,kcgce1_0.province,kcgce1_0.public_id,kcgce1_0.submission_count from kids_champ_guest_contacts kcgce1_0 where kcgce1_0.id=?
2026-08-10T19:36:57.359+05:30 DEBUG 23976 --- [aplus-kids-api] [           main] org.hibernate.SQL                        : select kcgce1_0.id,kcgce1_0.claimed_at,kcgce1_0.claimed_by_user_id,kcgce1_0.country_code,kcgce1_0.deleted_at,kcgce1_0.email,kcgce1_0.first_submitted_at,kcgce1_0.hometown,kcgce1_0.last_submitted_at,kcgce1_0.parent_name,kcgce1_0.phone_e164,kcgce1_0.province,kcgce1_0.public_id,kcgce1_0.submission_count from kids_champ_guest_contacts kcgce1_0 where kcgce1_0.id=?
2026-08-10T19:36:57.359+05:30 DEBUG 23976 --- [aplus-kids-api] [           main] org.hibernate.SQL                        : select kcgce1_0.id,kcgce1_0.claimed_at,kcgce1_0.claimed_by_user_id,kcgce1_0.country_code,kcgce1_0.deleted_at,kcgce1_0.email,kcgce1_0.first_submitted_at,kcgce1_0.hometown,kcgce1_0.last_submitted_at,kcgce1_0.parent_name,kcgce1_0.phone_e164,kcgce1_0.province,kcgce1_0.public_id,kcgce1_0.submission_count from kids_champ_guest_contacts kcgce1_0 where kcgce1_0.id=?
2026-08-10T19:36:57.359+05:30 DEBUG 23976 --- [aplus-kids-api] [           main] org.hibernate.SQL                        : select kcgce1_0.id,kcgce1_0.claimed_at,kcgce1_0.claimed_by_user_id,kcgce1_0.country_code,kcgce1_0.deleted_at,kcgce1_0.email,kcgce1_0.first_submitted_at,kcgce1_0.hometown,kcgce1_0.last_submitted_at,kcgce1_0.parent_name,kcgce1_0.phone_e164,kcgce1_0.province,kcgce1_0.public_id,kcgce1_0.submission_count from kids_champ_guest_contacts kcgce1_0 where kcgce1_0.id=?
2026-08-10T19:36:57.359+05:30 DEBUG 23976 --- [aplus-kids-api] [           main] org.hibernate.SQL                        : select kcgce1_0.id,kcgce1_0.claimed_at,kcgce1_0.claimed_by_user_id,kcgce1_0.country_code,kcgce1_0.deleted_at,kcgce1_0.email,kcgce1_0.first_submitted_at,kcgce1_0.hometown,kcgce1_0.last_submitted_at,kcgce1_0.parent_name,kcgce1_0.phone_e164,kcgce1_0.province,kcgce1_0.public_id,kcgce1_0.submission_count from kids_champ_guest_contacts kcgce1_0 where kcgce1_0.id=?
2026-08-10T19:36:57.359+05:30 DEBUG 23976 --- [aplus-kids-api] [           main] org.hibernate.SQL                        : select kcgce1_0.id,kcgce1_0.claimed_at,kcgce1_0.claimed_by_user_id,kcgce1_0.country_code,kcgce1_0.deleted_at,kcgce1_0.email,kcgce1_0.first_submitted_at,kcgce1_0.hometown,kcgce1_0.last_submitted_at,kcgce1_0.parent_name,kcgce1_0.phone_e164,kcgce1_0.province,kcgce1_0.public_id,kcgce1_0.submission_count from kids_champ_guest_contacts kcgce1_0 where kcgce1_0.id=?
2026-08-10T19:36:57.359+05:30 DEBUG 23976 --- [aplus-kids-api] [           main] org.hibernate.SQL                        : select kcgce1_0.id,kcgce1_0.claimed_at,kcgce1_0.claimed_by_user_id,kcgce1_0.country_code,kcgce1_0.deleted_at,kcgce1_0.email,kcgce1_0.first_submitted_at,kcgce1_0.hometown,kcgce1_0.last_submitted_at,kcgce1_0.parent_name,kcgce1_0.phone_e164,kcgce1_0.province,kcgce1_0.public_id,kcgce1_0.submission_count from kids_champ_guest_contacts kcgce1_0 where kcgce1_0.id=?
2026-08-10T19:36:57.359+05:30 DEBUG 23976 --- [aplus-kids-api] [           main] org.hibernate.SQL                        : select kcgce1_0.id,kcgce1_0.claimed_at,kcgce1_0.claimed_by_user_id,kcgce1_0.country_code,kcgce1_0.deleted_at,kcgce1_0.email,kcgce1_0.first_submitted_at,kcgce1_0.hometown,kcgce1_0.last_submitted_at,kcgce1_0.parent_name,kcgce1_0.phone_e164,kcgce1_0.province,kcgce1_0.public_id,kcgce1_0.submission_count from kids_champ_guest_contacts kcgce1_0 where kcgce1_0.id=?
2026-08-10T19:36:57.359+05:30 DEBUG 23976 --- [aplus-kids-api] [           main] org.hibernate.SQL                        : select kcgce1_0.id,kcgce1_0.claimed_at,kcgce1_0.claimed_by_user_id,kcgce1_0.country_code,kcgce1_0.deleted_at,kcgce1_0.email,kcgce1_0.first_submitted_at,kcgce1_0.hometown,kcgce1_0.last_submitted_at,kcgce1_0.parent_name,kcgce1_0.phone_e164,kcgce1_0.province,kcgce1_0.public_id,kcgce1_0.submission_count from kids_champ_guest_contacts kcgce1_0 where kcgce1_0.id=?
2026-08-10T19:36:57.359+05:30 DEBUG 23976 --- [aplus-kids-api] [           main] org.hibernate.SQL                        : select kcgce1_0.id,kcgce1_0.claimed_at,kcgce1_0.claimed_by_user_id,kcgce1_0.country_code,kcgce1_0.deleted_at,kcgce1_0.email,kcgce1_0.first_submitted_at,kcgce1_0.hometown,kcgce1_0.last_submitted_at,kcgce1_0.parent_name,kcgce1_0.phone_e164,kcgce1_0.province,kcgce1_0.public_id,kcgce1_0.submission_count from kids_champ_guest_contacts kcgce1_0 where kcgce1_0.id=?
2026-08-10T19:36:57.359+05:30 DEBUG 23976 --- [aplus-kids-api] [           main] org.hibernate.SQL                        : select kcgce1_0.id,kcgce1_0.claimed_at,kcgce1_0.claimed_by_user_id,kcgce1_0.country_code,kcgce1_0.deleted_at,kcgce1_0.email,kcgce1_0.first_submitted_at,kcgce1_0.hometown,kcgce1_0.last_submitted_at,kcgce1_0.parent_name,kcgce1_0.phone_e164,kcgce1_0.province,kcgce1_0.public_id,kcgce1_0.submission_count from kids_champ_guest_contacts kcgce1_0 where kcgce1_0.id=?
2026-08-10T19:36:57.359+05:30 DEBUG 23976 --- [aplus-kids-api] [           main] org.hibernate.SQL                        : select kcgce1_0.id,kcgce1_0.claimed_at,kcgce1_0.claimed_by_user_id,kcgce1_0.country_code,kcgce1_0.deleted_at,kcgce1_0.email,kcgce1_0.first_submitted_at,kcgce1_0.hometown,kcgce1_0.last_submitted_at,kcgce1_0.parent_name,kcgce1_0.phone_e164,kcgce1_0.province,kcgce1_0.public_id,kcgce1_0.submission_count from kids_champ_guest_contacts kcgce1_0 where kcgce1_0.id=?
2026-08-10T19:36:57.359+05:30 DEBUG 23976 --- [aplus-kids-api] [           main] org.hibernate.SQL                        : select kcgce1_0.id,kcgce1_0.claimed_at,kcgce1_0.claimed_by_user_id,kcgce1_0.country_code,kcgce1_0.deleted_at,kcgce1_0.email,kcgce1_0.first_submitted_at,kcgce1_0.hometown,kcgce1_0.last_submitted_at,kcgce1_0.parent_name,kcgce1_0.phone_e164,kcgce1_0.province,kcgce1_0.public_id,kcgce1_0.submission_count from kids_champ_guest_contacts kcgce1_0 where kcgce1_0.id=?
2026-08-10T19:36:57.359+05:30 DEBUG 23976 --- [aplus-kids-api] [           main] org.hibernate.SQL                        : select kcgce1_0.id,kcgce1_0.claimed_at,kcgce1_0.claimed_by_user_id,kcgce1_0.country_code,kcgce1_0.deleted_at,kcgce1_0.email,kcgce1_0.first_submitted_at,kcgce1_0.hometown,kcgce1_0.last_submitted_at,kcgce1_0.parent_name,kcgce1_0.phone_e164,kcgce1_0.province,kcgce1_0.public_id,kcgce1_0.submission_count from kids_champ_guest_contacts kcgce1_0 where kcgce1_0.id=?
2026-08-10T19:36:57.359+05:30 DEBUG 23976 --- [aplus-kids-api] [           main] org.hibernate.SQL                        : select kcgce1_0.id,kcgce1_0.claimed_at,kcgce1_0.claimed_by_user_id,kcgce1_0.country_code,kcgce1_0.deleted_at,kcgce1_0.email,kcgce1_0.first_submitted_at,kcgce1_0.hometown,kcgce1_0.last_submitted_at,kcgce1_0.parent_name,kcgce1_0.phone_e164,kcgce1_0.province,kcgce1_0.public_id,kcgce1_0.submission_count from kids_champ_guest_contacts kcgce1_0 where kcgce1_0.id=?
2026-08-10T19:36:57.359+05:30 DEBUG 23976 --- [aplus-kids-api] [           main] org.hibernate.SQL                        : select kcgce1_0.id,kcgce1_0.claimed_at,kcgce1_0.claimed_by_user_id,kcgce1_0.country_code,kcgce1_0.deleted_at,kcgce1_0.email,kcgce1_0.first_submitted_at,kcgce1_0.hometown,kcgce1_0.last_submitted_at,kcgce1_0.parent_name,kcgce1_0.phone_e164,kcgce1_0.province,kcgce1_0.public_id,kcgce1_0.submission_count from kids_champ_guest_contacts kcgce1_0 where kcgce1_0.id=?
2026-08-10T19:36:57.359+05:30 DEBUG 23976 --- [aplus-kids-api] [           main] org.hibernate.SQL                        : select kcgce1_0.id,kcgce1_0.claimed_at,kcgce1_0.claimed_by_user_id,kcgce1_0.country_code,kcgce1_0.deleted_at,kcgce1_0.email,kcgce1_0.first_submitted_at,kcgce1_0.hometown,kcgce1_0.last_submitted_at,kcgce1_0.parent_name,kcgce1_0.phone_e164,kcgce1_0.province,kcgce1_0.public_id,kcgce1_0.submission_count from kids_champ_guest_contacts kcgce1_0 where kcgce1_0.id=?
2026-08-10T19:36:57.359+05:30 DEBUG 23976 --- [aplus-kids-api] [           main] org.hibernate.SQL                        : select kcgce1_0.id,kcgce1_0.claimed_at,kcgce1_0.claimed_by_user_id,kcgce1_0.country_code,kcgce1_0.deleted_at,kcgce1_0.email,kcgce1_0.first_submitted_at,kcgce1_0.hometown,kcgce1_0.last_submitted_at,kcgce1_0.parent_name,kcgce1_0.phone_e164,kcgce1_0.province,kcgce1_0.public_id,kcgce1_0.submission_count from kids_champ_guest_contacts kcgce1_0 where kcgce1_0.id=?
2026-08-10T19:36:57.359+05:30 DEBUG 23976 --- [aplus-kids-api] [           main] org.hibernate.SQL                        : select kcgce1_0.id,kcgce1_0.claimed_at,kcgce1_0.claimed_by_user_id,kcgce1_0.country_code,kcgce1_0.deleted_at,kcgce1_0.email,kcgce1_0.first_submitted_at,kcgce1_0.hometown,kcgce1_0.last_submitted_at,kcgce1_0.parent_name,kcgce1_0.phone_e164,kcgce1_0.province,kcgce1_0.public_id,kcgce1_0.submission_count from kids_champ_guest_contacts kcgce1_0 where kcgce1_0.id=?
2026-08-10T19:36:57.359+05:30 DEBUG 23976 --- [aplus-kids-api] [           main] org.hibernate.SQL                        : select kcgce1_0.id,kcgce1_0.claimed_at,kcgce1_0.claimed_by_user_id,kcgce1_0.country_code,kcgce1_0.deleted_at,kcgce1_0.email,kcgce1_0.first_submitted_at,kcgce1_0.hometown,kcgce1_0.last_submitted_at,kcgce1_0.parent_name,kcgce1_0.phone_e164,kcgce1_0.province,kcgce1_0.public_id,kcgce1_0.submission_count from kids_champ_guest_contacts kcgce1_0 where kcgce1_0.id=?
2026-08-10T19:36:57.359+05:30 DEBUG 23976 --- [aplus-kids-api] [           main] org.hibernate.SQL                        : select kcgce1_0.id,kcgce1_0.claimed_at,kcgce1_0.claimed_by_user_id,kcgce1_0.country_code,kcgce1_0.deleted_at,kcgce1_0.email,kcgce1_0.first_submitted_at,kcgce1_0.hometown,kcgce1_0.last_submitted_at,kcgce1_0.parent_name,kcgce1_0.phone_e164,kcgce1_0.province,kcgce1_0.public_id,kcgce1_0.submission_count from kids_champ_guest_contacts kcgce1_0 where kcgce1_0.id=?
2026-08-10T19:36:57.359+05:30 DEBUG 23976 --- [aplus-kids-api] [           main] org.hibernate.SQL                        : select kcgce1_0.id,kcgce1_0.claimed_at,kcgce1_0.claimed_by_user_id,kcgce1_0.country_code,kcgce1_0.deleted_at,kcgce1_0.email,kcgce1_0.first_submitted_at,kcgce1_0.hometown,kcgce1_0.last_submitted_at,kcgce1_0.parent_name,kcgce1_0.phone_e164,kcgce1_0.province,kcgce1_0.public_id,kcgce1_0.submission_count from kids_champ_guest_contacts kcgce1_0 where kcgce1_0.id=?
2026-08-10T19:36:57.359+05:30 DEBUG 23976 --- [aplus-kids-api] [           main] org.hibernate.SQL                        : select kcgce1_0.id,kcgce1_0.claimed_at,kcgce1_0.claimed_by_user_id,kcgce1_0.country_code,kcgce1_0.deleted_at,kcgce1_0.email,kcgce1_0.first_submitted_at,kcgce1_0.hometown,kcgce1_0.last_submitted_at,kcgce1_0.parent_name,kcgce1_0.phone_e164,kcgce1_0.province,kcgce1_0.public_id,kcgce1_0.submission_count from kids_champ_guest_contacts kcgce1_0 where kcgce1_0.id=?
2026-08-10T19:36:57.359+05:30 DEBUG 23976 --- [aplus-kids-api] [           main] org.hibernate.SQL                        : select kcgce1_0.id,kcgce1_0.claimed_at,kcgce1_0.claimed_by_user_id,kcgce1_0.country_code,kcgce1_0.deleted_at,kcgce1_0.email,kcgce1_0.first_submitted_at,kcgce1_0.hometown,kcgce1_0.last_submitted_at,kcgce1_0.parent_name,kcgce1_0.phone_e164,kcgce1_0.province,kcgce1_0.public_id,kcgce1_0.submission_count from kids_champ_guest_contacts kcgce1_0 where kcgce1_0.id=?
2026-08-10T19:36:57.359+05:30 DEBUG 23976 --- [aplus-kids-api] [           main] org.hibernate.SQL                        : select kcgce1_0.id,kcgce1_0.claimed_at,kcgce1_0.claimed_by_user_id,kcgce1_0.country_code,kcgce1_0.deleted_at,kcgce1_0.email,kcgce1_0.first_submitted_at,kcgce1_0.hometown,kcgce1_0.last_submitted_at,kcgce1_0.parent_name,kcgce1_0.phone_e164,kcgce1_0.province,kcgce1_0.public_id,kcgce1_0.submission_count from kids_champ_guest_contacts kcgce1_0 where kcgce1_0.id=?
2026-08-10T19:36:57.373+05:30 DEBUG 23976 --- [aplus-kids-api] [           main] org.hibernate.SQL                        : select kcgce1_0.id,kcgce1_0.claimed_at,kcgce1_0.claimed_by_user_id,kcgce1_0.country_code,kcgce1_0.deleted_at,kcgce1_0.email,kcgce1_0.first_submitted_at,kcgce1_0.hometown,kcgce1_0.last_submitted_at,kcgce1_0.parent_name,kcgce1_0.phone_e164,kcgce1_0.province,kcgce1_0.public_id,kcgce1_0.submission_count from kids_champ_guest_contacts kcgce1_0 where kcgce1_0.id=?
2026-08-10T19:36:57.373+05:30 DEBUG 23976 --- [aplus-kids-api] [           main] org.hibernate.SQL                        : select kcgce1_0.id,kcgce1_0.claimed_at,kcgce1_0.claimed_by_user_id,kcgce1_0.country_code,kcgce1_0.deleted_at,kcgce1_0.email,kcgce1_0.first_submitted_at,kcgce1_0.hometown,kcgce1_0.last_submitted_at,kcgce1_0.parent_name,kcgce1_0.phone_e164,kcgce1_0.province,kcgce1_0.public_id,kcgce1_0.submission_count from kids_champ_guest_contacts kcgce1_0 where kcgce1_0.id=?
2026-08-10T19:36:57.374+05:30 DEBUG 23976 --- [aplus-kids-api] [           main] org.hibernate.SQL                        : select kcgce1_0.id,kcgce1_0.claimed_at,kcgce1_0.claimed_by_user_id,kcgce1_0.country_code,kcgce1_0.deleted_at,kcgce1_0.email,kcgce1_0.first_submitted_at,kcgce1_0.hometown,kcgce1_0.last_submitted_at,kcgce1_0.parent_name,kcgce1_0.phone_e164,kcgce1_0.province,kcgce1_0.public_id,kcgce1_0.submission_count from kids_champ_guest_contacts kcgce1_0 where kcgce1_0.id=?
2026-08-10T19:36:57.375+05:30 DEBUG 23976 --- [aplus-kids-api] [           main] org.hibernate.SQL                        : select kcgce1_0.id,kcgce1_0.claimed_at,kcgce1_0.claimed_by_user_id,kcgce1_0.country_code,kcgce1_0.deleted_at,kcgce1_0.email,kcgce1_0.first_submitted_at,kcgce1_0.hometown,kcgce1_0.last_submitted_at,kcgce1_0.parent_name,kcgce1_0.phone_e164,kcgce1_0.province,kcgce1_0.public_id,kcgce1_0.submission_count from kids_champ_guest_contacts kcgce1_0 where kcgce1_0.id=?
2026-08-10T19:36:57.375+05:30 DEBUG 23976 --- [aplus-kids-api] [           main] org.hibernate.SQL                        : select kcgce1_0.id,kcgce1_0.claimed_at,kcgce1_0.claimed_by_user_id,kcgce1_0.country_code,kcgce1_0.deleted_at,kcgce1_0.email,kcgce1_0.first_submitted_at,kcgce1_0.hometown,kcgce1_0.last_submitted_at,kcgce1_0.parent_name,kcgce1_0.phone_e164,kcgce1_0.province,kcgce1_0.public_id,kcgce1_0.submission_count from kids_champ_guest_contacts kcgce1_0 where kcgce1_0.id=?
2026-08-10T19:36:57.376+05:30 DEBUG 23976 --- [aplus-kids-api] [           main] org.hibernate.SQL                        : select kcgce1_0.id,kcgce1_0.claimed_at,kcgce1_0.claimed_by_user_id,kcgce1_0.country_code,kcgce1_0.deleted_at,kcgce1_0.email,kcgce1_0.first_submitted_at,kcgce1_0.hometown,kcgce1_0.last_submitted_at,kcgce1_0.parent_name,kcgce1_0.phone_e164,kcgce1_0.province,kcgce1_0.public_id,kcgce1_0.submission_count from kids_champ_guest_contacts kcgce1_0 where kcgce1_0.id=?
2026-08-10T19:36:57.376+05:30 DEBUG 23976 --- [aplus-kids-api] [           main] org.hibernate.SQL                        : select kcgce1_0.id,kcgce1_0.claimed_at,kcgce1_0.claimed_by_user_id,kcgce1_0.country_code,kcgce1_0.deleted_at,kcgce1_0.email,kcgce1_0.first_submitted_at,kcgce1_0.hometown,kcgce1_0.last_submitted_at,kcgce1_0.parent_name,kcgce1_0.phone_e164,kcgce1_0.province,kcgce1_0.public_id,kcgce1_0.submission_count from kids_champ_guest_contacts kcgce1_0 where kcgce1_0.id=?
2026-08-10T19:36:57.377+05:30 DEBUG 23976 --- [aplus-kids-api] [           main] org.hibernate.SQL                        : select kcgce1_0.id,kcgce1_0.claimed_at,kcgce1_0.claimed_by_user_id,kcgce1_0.country_code,kcgce1_0.deleted_at,kcgce1_0.email,kcgce1_0.first_submitted_at,kcgce1_0.hometown,kcgce1_0.last_submitted_at,kcgce1_0.parent_name,kcgce1_0.phone_e164,kcgce1_0.province,kcgce1_0.public_id,kcgce1_0.submission_count from kids_champ_guest_contacts kcgce1_0 where kcgce1_0.id=?
2026-08-10T19:36:57.377+05:30 DEBUG 23976 --- [aplus-kids-api] [           main] org.hibernate.SQL                        : select kcgce1_0.id,kcgce1_0.claimed_at,kcgce1_0.claimed_by_user_id,kcgce1_0.country_code,kcgce1_0.deleted_at,kcgce1_0.email,kcgce1_0.first_submitted_at,kcgce1_0.hometown,kcgce1_0.last_submitted_at,kcgce1_0.parent_name,kcgce1_0.phone_e164,kcgce1_0.province,kcgce1_0.public_id,kcgce1_0.submission_count from kids_champ_guest_contacts kcgce1_0 where kcgce1_0.id=?
2026-08-10T19:36:57.377+05:30 DEBUG 23976 --- [aplus-kids-api] [           main] org.hibernate.SQL                        : select kcgce1_0.id,kcgce1_0.claimed_at,kcgce1_0.claimed_by_user_id,kcgce1_0.country_code,kcgce1_0.deleted_at,kcgce1_0.email,kcgce1_0.first_submitted_at,kcgce1_0.hometown,kcgce1_0.last_submitted_at,kcgce1_0.parent_name,kcgce1_0.phone_e164,kcgce1_0.province,kcgce1_0.public_id,kcgce1_0.submission_count from kids_champ_guest_contacts kcgce1_0 where kcgce1_0.id=?
2026-08-10T19:36:57.378+05:30 DEBUG 23976 --- [aplus-kids-api] [           main] org.hibernate.SQL                        : select kcgce1_0.id,kcgce1_0.claimed_at,kcgce1_0.claimed_by_user_id,kcgce1_0.country_code,kcgce1_0.deleted_at,kcgce1_0.email,kcgce1_0.first_submitted_at,kcgce1_0.hometown,kcgce1_0.last_submitted_at,kcgce1_0.parent_name,kcgce1_0.phone_e164,kcgce1_0.province,kcgce1_0.public_id,kcgce1_0.submission_count from kids_champ_guest_contacts kcgce1_0 where kcgce1_0.id=?
2026-08-10T19:36:57.378+05:30 DEBUG 23976 --- [aplus-kids-api] [           main] org.hibernate.SQL                        : select kcgce1_0.id,kcgce1_0.claimed_at,kcgce1_0.claimed_by_user_id,kcgce1_0.country_code,kcgce1_0.deleted_at,kcgce1_0.email,kcgce1_0.first_submitted_at,kcgce1_0.hometown,kcgce1_0.last_submitted_at,kcgce1_0.parent_name,kcgce1_0.phone_e164,kcgce1_0.province,kcgce1_0.public_id,kcgce1_0.submission_count from kids_champ_guest_contacts kcgce1_0 where kcgce1_0.id=?
2026-08-10T19:36:57.378+05:30 DEBUG 23976 --- [aplus-kids-api] [           main] org.hibernate.SQL                        : select kcgce1_0.id,kcgce1_0.claimed_at,kcgce1_0.claimed_by_user_id,kcgce1_0.country_code,kcgce1_0.deleted_at,kcgce1_0.email,kcgce1_0.first_submitted_at,kcgce1_0.hometown,kcgce1_0.last_submitted_at,kcgce1_0.parent_name,kcgce1_0.phone_e164,kcgce1_0.province,kcgce1_0.public_id,kcgce1_0.submission_count from kids_champ_guest_contacts kcgce1_0 where kcgce1_0.id=?
2026-08-10T19:36:57.378+05:30 DEBUG 23976 --- [aplus-kids-api] [           main] org.hibernate.SQL                        : select kcgce1_0.id,kcgce1_0.claimed_at,kcgce1_0.claimed_by_user_id,kcgce1_0.country_code,kcgce1_0.deleted_at,kcgce1_0.email,kcgce1_0.first_submitted_at,kcgce1_0.hometown,kcgce1_0.last_submitted_at,kcgce1_0.parent_name,kcgce1_0.phone_e164,kcgce1_0.province,kcgce1_0.public_id,kcgce1_0.submission_count from kids_champ_guest_contacts kcgce1_0 where kcgce1_0.id=?
2026-08-10T19:36:57.378+05:30 DEBUG 23976 --- [aplus-kids-api] [           main] org.hibernate.SQL                        : select kcgce1_0.id,kcgce1_0.claimed_at,kcgce1_0.claimed_by_user_id,kcgce1_0.country_code,kcgce1_0.deleted_at,kcgce1_0.email,kcgce1_0.first_submitted_at,kcgce1_0.hometown,kcgce1_0.last_submitted_at,kcgce1_0.parent_name,kcgce1_0.phone_e164,kcgce1_0.province,kcgce1_0.public_id,kcgce1_0.submission_count from kids_champ_guest_contacts kcgce1_0 where kcgce1_0.id=?
2026-08-10T19:36:57.378+05:30 DEBUG 23976 --- [aplus-kids-api] [           main] org.hibernate.SQL                        : select kcgce1_0.id,kcgce1_0.claimed_at,kcgce1_0.claimed_by_user_id,kcgce1_0.country_code,kcgce1_0.deleted_at,kcgce1_0.email,kcgce1_0.first_submitted_at,kcgce1_0.hometown,kcgce1_0.last_submitted_at,kcgce1_0.parent_name,kcgce1_0.phone_e164,kcgce1_0.province,kcgce1_0.public_id,kcgce1_0.submission_count from kids_champ_guest_contacts kcgce1_0 where kcgce1_0.id=?
2026-08-10T19:36:57.378+05:30 DEBUG 23976 --- [aplus-kids-api] [           main] org.hibernate.SQL                        : select kcgce1_0.id,kcgce1_0.claimed_at,kcgce1_0.claimed_by_user_id,kcgce1_0.country_code,kcgce1_0.deleted_at,kcgce1_0.email,kcgce1_0.first_submitted_at,kcgce1_0.hometown,kcgce1_0.last_submitted_at,kcgce1_0.parent_name,kcgce1_0.phone_e164,kcgce1_0.province,kcgce1_0.public_id,kcgce1_0.submission_count from kids_champ_guest_contacts kcgce1_0 where kcgce1_0.id=?
2026-08-10T19:36:57.378+05:30 DEBUG 23976 --- [aplus-kids-api] [           main] org.hibernate.SQL                        : select kcgce1_0.id,kcgce1_0.claimed_at,kcgce1_0.claimed_by_user_id,kcgce1_0.country_code,kcgce1_0.deleted_at,kcgce1_0.email,kcgce1_0.first_submitted_at,kcgce1_0.hometown,kcgce1_0.last_submitted_at,kcgce1_0.parent_name,kcgce1_0.phone_e164,kcgce1_0.province,kcgce1_0.public_id,kcgce1_0.submission_count from kids_champ_guest_contacts kcgce1_0 where kcgce1_0.id=?
2026-08-10T19:36:57.378+05:30 DEBUG 23976 --- [aplus-kids-api] [           main] org.hibernate.SQL                        : select kcgce1_0.id,kcgce1_0.claimed_at,kcgce1_0.claimed_by_user_id,kcgce1_0.country_code,kcgce1_0.deleted_at,kcgce1_0.email,kcgce1_0.first_submitted_at,kcgce1_0.hometown,kcgce1_0.last_submitted_at,kcgce1_0.parent_name,kcgce1_0.phone_e164,kcgce1_0.province,kcgce1_0.public_id,kcgce1_0.submission_count from kids_champ_guest_contacts kcgce1_0 where kcgce1_0.id=?
2026-08-10T19:36:57.378+05:30 DEBUG 23976 --- [aplus-kids-api] [           main] org.hibernate.SQL                        : select kcgce1_0.id,kcgce1_0.claimed_at,kcgce1_0.claimed_by_user_id,kcgce1_0.country_code,kcgce1_0.deleted_at,kcgce1_0.email,kcgce1_0.first_submitted_at,kcgce1_0.hometown,kcgce1_0.last_submitted_at,kcgce1_0.parent_name,kcgce1_0.phone_e164,kcgce1_0.province,kcgce1_0.public_id,kcgce1_0.submission_count from kids_champ_guest_contacts kcgce1_0 where kcgce1_0.id=?
2026-08-10T19:36:57.378+05:30 DEBUG 23976 --- [aplus-kids-api] [           main] org.hibernate.SQL                        : select kcgce1_0.id,kcgce1_0.claimed_at,kcgce1_0.claimed_by_user_id,kcgce1_0.country_code,kcgce1_0.deleted_at,kcgce1_0.email,kcgce1_0.first_submitted_at,kcgce1_0.hometown,kcgce1_0.last_submitted_at,kcgce1_0.parent_name,kcgce1_0.phone_e164,kcgce1_0.province,kcgce1_0.public_id,kcgce1_0.submission_count from kids_champ_guest_contacts kcgce1_0 where kcgce1_0.id=?
2026-08-10T19:36:57.378+05:30 DEBUG 23976 --- [aplus-kids-api] [           main] org.hibernate.SQL                        : select kcgce1_0.id,kcgce1_0.claimed_at,kcgce1_0.claimed_by_user_id,kcgce1_0.country_code,kcgce1_0.deleted_at,kcgce1_0.email,kcgce1_0.first_submitted_at,kcgce1_0.hometown,kcgce1_0.last_submitted_at,kcgce1_0.parent_name,kcgce1_0.phone_e164,kcgce1_0.province,kcgce1_0.public_id,kcgce1_0.submission_count from kids_champ_guest_contacts kcgce1_0 where kcgce1_0.id=?
2026-08-10T19:36:57.378+05:30 DEBUG 23976 --- [aplus-kids-api] [           main] org.hibernate.SQL                        : select kcgce1_0.id,kcgce1_0.claimed_at,kcgce1_0.claimed_by_user_id,kcgce1_0.country_code,kcgce1_0.deleted_at,kcgce1_0.email,kcgce1_0.first_submitted_at,kcgce1_0.hometown,kcgce1_0.last_submitted_at,kcgce1_0.parent_name,kcgce1_0.phone_e164,kcgce1_0.province,kcgce1_0.public_id,kcgce1_0.submission_count from kids_champ_guest_contacts kcgce1_0 where kcgce1_0.id=?
2026-08-10T19:36:57.378+05:30 DEBUG 23976 --- [aplus-kids-api] [           main] org.hibernate.SQL                        : select kcgce1_0.id,kcgce1_0.claimed_at,kcgce1_0.claimed_by_user_id,kcgce1_0.country_code,kcgce1_0.deleted_at,kcgce1_0.email,kcgce1_0.first_submitted_at,kcgce1_0.hometown,kcgce1_0.last_submitted_at,kcgce1_0.parent_name,kcgce1_0.phone_e164,kcgce1_0.province,kcgce1_0.public_id,kcgce1_0.submission_count from kids_champ_guest_contacts kcgce1_0 where kcgce1_0.id=?
2026-08-10T19:36:57.378+05:30 DEBUG 23976 --- [aplus-kids-api] [           main] org.hibernate.SQL                        : select kcgce1_0.id,kcgce1_0.claimed_at,kcgce1_0.claimed_by_user_id,kcgce1_0.country_code,kcgce1_0.deleted_at,kcgce1_0.email,kcgce1_0.first_submitted_at,kcgce1_0.hometown,kcgce1_0.last_submitted_at,kcgce1_0.parent_name,kcgce1_0.phone_e164,kcgce1_0.province,kcgce1_0.public_id,kcgce1_0.submission_count from kids_champ_guest_contacts kcgce1_0 where kcgce1_0.id=?
2026-08-10T19:36:57.378+05:30 DEBUG 23976 --- [aplus-kids-api] [           main] org.hibernate.SQL                        : select kcgce1_0.id,kcgce1_0.claimed_at,kcgce1_0.claimed_by_user_id,kcgce1_0.country_code,kcgce1_0.deleted_at,kcgce1_0.email,kcgce1_0.first_submitted_at,kcgce1_0.hometown,kcgce1_0.last_submitted_at,kcgce1_0.parent_name,kcgce1_0.phone_e164,kcgce1_0.province,kcgce1_0.public_id,kcgce1_0.submission_count from kids_champ_guest_contacts kcgce1_0 where kcgce1_0.id=?
2026-08-10T19:36:57.378+05:30 DEBUG 23976 --- [aplus-kids-api] [           main] org.hibernate.SQL                        : select kcgce1_0.id,kcgce1_0.claimed_at,kcgce1_0.claimed_by_user_id,kcgce1_0.country_code,kcgce1_0.deleted_at,kcgce1_0.email,kcgce1_0.first_submitted_at,kcgce1_0.hometown,kcgce1_0.last_submitted_at,kcgce1_0.parent_name,kcgce1_0.phone_e164,kcgce1_0.province,kcgce1_0.public_id,kcgce1_0.submission_count from kids_champ_guest_contacts kcgce1_0 where kcgce1_0.id=?
2026-08-10T19:36:57.378+05:30 DEBUG 23976 --- [aplus-kids-api] [           main] org.hibernate.SQL                        : select kcgce1_0.id,kcgce1_0.claimed_at,kcgce1_0.claimed_by_user_id,kcgce1_0.country_code,kcgce1_0.deleted_at,kcgce1_0.email,kcgce1_0.first_submitted_at,kcgce1_0.hometown,kcgce1_0.last_submitted_at,kcgce1_0.parent_name,kcgce1_0.phone_e164,kcgce1_0.province,kcgce1_0.public_id,kcgce1_0.submission_count from kids_champ_guest_contacts kcgce1_0 where kcgce1_0.id=?
2026-08-10T19:36:57.378+05:30 DEBUG 23976 --- [aplus-kids-api] [           main] org.hibernate.SQL                        : select kcgce1_0.id,kcgce1_0.claimed_at,kcgce1_0.claimed_by_user_id,kcgce1_0.country_code,kcgce1_0.deleted_at,kcgce1_0.email,kcgce1_0.first_submitted_at,kcgce1_0.hometown,kcgce1_0.last_submitted_at,kcgce1_0.parent_name,kcgce1_0.phone_e164,kcgce1_0.province,kcgce1_0.public_id,kcgce1_0.submission_count from kids_champ_guest_contacts kcgce1_0 where kcgce1_0.id=?
2026-08-10T19:36:57.378+05:30 DEBUG 23976 --- [aplus-kids-api] [           main] org.hibernate.SQL                        : select kcgce1_0.id,kcgce1_0.claimed_at,kcgce1_0.claimed_by_user_id,kcgce1_0.country_code,kcgce1_0.deleted_at,kcgce1_0.email,kcgce1_0.first_submitted_at,kcgce1_0.hometown,kcgce1_0.last_submitted_at,kcgce1_0.parent_name,kcgce1_0.phone_e164,kcgce1_0.province,kcgce1_0.public_id,kcgce1_0.submission_count from kids_champ_guest_contacts kcgce1_0 where kcgce1_0.id=?
2026-08-10T19:36:57.378+05:30 DEBUG 23976 --- [aplus-kids-api] [           main] org.hibernate.SQL                        : select kcgce1_0.id,kcgce1_0.claimed_at,kcgce1_0.claimed_by_user_id,kcgce1_0.country_code,kcgce1_0.deleted_at,kcgce1_0.email,kcgce1_0.first_submitted_at,kcgce1_0.hometown,kcgce1_0.last_submitted_at,kcgce1_0.parent_name,kcgce1_0.phone_e164,kcgce1_0.province,kcgce1_0.public_id,kcgce1_0.submission_count from kids_champ_guest_contacts kcgce1_0 where kcgce1_0.id=?
2026-08-10T19:36:57.378+05:30 DEBUG 23976 --- [aplus-kids-api] [           main] org.hibernate.SQL                        : select kcgce1_0.id,kcgce1_0.claimed_at,kcgce1_0.claimed_by_user_id,kcgce1_0.country_code,kcgce1_0.deleted_at,kcgce1_0.email,kcgce1_0.first_submitted_at,kcgce1_0.hometown,kcgce1_0.last_submitted_at,kcgce1_0.parent_name,kcgce1_0.phone_e164,kcgce1_0.province,kcgce1_0.public_id,kcgce1_0.submission_count from kids_champ_guest_contacts kcgce1_0 where kcgce1_0.id=?
2026-08-10T19:36:57.378+05:30 DEBUG 23976 --- [aplus-kids-api] [           main] org.hibernate.SQL                        : select kcgce1_0.id,kcgce1_0.claimed_at,kcgce1_0.claimed_by_user_id,kcgce1_0.country_code,kcgce1_0.deleted_at,kcgce1_0.email,kcgce1_0.first_submitted_at,kcgce1_0.hometown,kcgce1_0.last_submitted_at,kcgce1_0.parent_name,kcgce1_0.phone_e164,kcgce1_0.province,kcgce1_0.public_id,kcgce1_0.submission_count from kids_champ_guest_contacts kcgce1_0 where kcgce1_0.id=?
2026-08-10T19:36:57.378+05:30 DEBUG 23976 --- [aplus-kids-api] [           main] org.hibernate.SQL                        : select kcgce1_0.id,kcgce1_0.claimed_at,kcgce1_0.claimed_by_user_id,kcgce1_0.country_code,kcgce1_0.deleted_at,kcgce1_0.email,kcgce1_0.first_submitted_at,kcgce1_0.hometown,kcgce1_0.last_submitted_at,kcgce1_0.parent_name,kcgce1_0.phone_e164,kcgce1_0.province,kcgce1_0.public_id,kcgce1_0.submission_count from kids_champ_guest_contacts kcgce1_0 where kcgce1_0.id=?
2026-08-10T19:36:57.378+05:30 DEBUG 23976 --- [aplus-kids-api] [           main] org.hibernate.SQL                        : select kcgce1_0.id,kcgce1_0.claimed_at,kcgce1_0.claimed_by_user_id,kcgce1_0.country_code,kcgce1_0.deleted_at,kcgce1_0.email,kcgce1_0.first_submitted_at,kcgce1_0.hometown,kcgce1_0.last_submitted_at,kcgce1_0.parent_name,kcgce1_0.phone_e164,kcgce1_0.province,kcgce1_0.public_id,kcgce1_0.submission_count from kids_champ_guest_contacts kcgce1_0 where kcgce1_0.id=?
2026-08-10T19:36:57.385+05:30 DEBUG 23976 --- [aplus-kids-api] [           main] org.hibernate.SQL                        : select kcgce1_0.id,kcgce1_0.claimed_at,kcgce1_0.claimed_by_user_id,kcgce1_0.country_code,kcgce1_0.deleted_at,kcgce1_0.email,kcgce1_0.first_submitted_at,kcgce1_0.hometown,kcgce1_0.last_submitted_at,kcgce1_0.parent_name,kcgce1_0.phone_e164,kcgce1_0.province,kcgce1_0.public_id,kcgce1_0.submission_count from kids_champ_guest_contacts kcgce1_0 where kcgce1_0.id=?
2026-08-10T19:36:57.385+05:30 DEBUG 23976 --- [aplus-kids-api] [           main] org.hibernate.SQL                        : select kcgce1_0.id,kcgce1_0.claimed_at,kcgce1_0.claimed_by_user_id,kcgce1_0.country_code,kcgce1_0.deleted_at,kcgce1_0.email,kcgce1_0.first_submitted_at,kcgce1_0.hometown,kcgce1_0.last_submitted_at,kcgce1_0.parent_name,kcgce1_0.phone_e164,kcgce1_0.province,kcgce1_0.public_id,kcgce1_0.submission_count from kids_champ_guest_contacts kcgce1_0 where kcgce1_0.id=?
2026-08-10T19:36:57.385+05:30 DEBUG 23976 --- [aplus-kids-api] [           main] org.hibernate.SQL                        : select kcgce1_0.id,kcgce1_0.claimed_at,kcgce1_0.claimed_by_user_id,kcgce1_0.country_code,kcgce1_0.deleted_at,kcgce1_0.email,kcgce1_0.first_submitted_at,kcgce1_0.hometown,kcgce1_0.last_submitted_at,kcgce1_0.parent_name,kcgce1_0.phone_e164,kcgce1_0.province,kcgce1_0.public_id,kcgce1_0.submission_count from kids_champ_guest_contacts kcgce1_0 where kcgce1_0.id=?
2026-08-10T19:36:57.385+05:30 DEBUG 23976 --- [aplus-kids-api] [           main] org.hibernate.SQL                        : select kcgce1_0.id,kcgce1_0.claimed_at,kcgce1_0.claimed_by_user_id,kcgce1_0.country_code,kcgce1_0.deleted_at,kcgce1_0.email,kcgce1_0.first_submitted_at,kcgce1_0.hometown,kcgce1_0.last_submitted_at,kcgce1_0.parent_name,kcgce1_0.phone_e164,kcgce1_0.province,kcgce1_0.public_id,kcgce1_0.submission_count from kids_champ_guest_contacts kcgce1_0 where kcgce1_0.id=?
2026-08-10T19:36:57.387+05:30 DEBUG 23976 --- [aplus-kids-api] [           main] org.hibernate.SQL                        : select kcgce1_0.id,kcgce1_0.claimed_at,kcgce1_0.claimed_by_user_id,kcgce1_0.country_code,kcgce1_0.deleted_at,kcgce1_0.email,kcgce1_0.first_submitted_at,kcgce1_0.hometown,kcgce1_0.last_submitted_at,kcgce1_0.parent_name,kcgce1_0.phone_e164,kcgce1_0.province,kcgce1_0.public_id,kcgce1_0.submission_count from kids_champ_guest_contacts kcgce1_0 where kcgce1_0.id=?
2026-08-10T19:36:57.387+05:30 DEBUG 23976 --- [aplus-kids-api] [           main] org.hibernate.SQL                        : select kcgce1_0.id,kcgce1_0.claimed_at,kcgce1_0.claimed_by_user_id,kcgce1_0.country_code,kcgce1_0.deleted_at,kcgce1_0.email,kcgce1_0.first_submitted_at,kcgce1_0.hometown,kcgce1_0.last_submitted_at,kcgce1_0.parent_name,kcgce1_0.phone_e164,kcgce1_0.province,kcgce1_0.public_id,kcgce1_0.submission_count from kids_champ_guest_contacts kcgce1_0 where kcgce1_0.id=?
2026-08-10T19:36:57.387+05:30 DEBUG 23976 --- [aplus-kids-api] [           main] org.hibernate.SQL                        : select kcgce1_0.id,kcgce1_0.claimed_at,kcgce1_0.claimed_by_user_id,kcgce1_0.country_code,kcgce1_0.deleted_at,kcgce1_0.email,kcgce1_0.first_submitted_at,kcgce1_0.hometown,kcgce1_0.last_submitted_at,kcgce1_0.parent_name,kcgce1_0.phone_e164,kcgce1_0.province,kcgce1_0.public_id,kcgce1_0.submission_count from kids_champ_guest_contacts kcgce1_0 where kcgce1_0.id=?
2026-08-10T19:36:57.387+05:30 DEBUG 23976 --- [aplus-kids-api] [           main] org.hibernate.SQL                        : select kcgce1_0.id,kcgce1_0.claimed_at,kcgce1_0.claimed_by_user_id,kcgce1_0.country_code,kcgce1_0.deleted_at,kcgce1_0.email,kcgce1_0.first_submitted_at,kcgce1_0.hometown,kcgce1_0.last_submitted_at,kcgce1_0.parent_name,kcgce1_0.phone_e164,kcgce1_0.province,kcgce1_0.public_id,kcgce1_0.submission_count from kids_champ_guest_contacts kcgce1_0 where kcgce1_0.id=?
2026-08-10T19:36:57.391+05:30 DEBUG 23976 --- [aplus-kids-api] [           main] org.hibernate.SQL                        : select kcgce1_0.id,kcgce1_0.claimed_at,kcgce1_0.claimed_by_user_id,kcgce1_0.country_code,kcgce1_0.deleted_at,kcgce1_0.email,kcgce1_0.first_submitted_at,kcgce1_0.hometown,kcgce1_0.last_submitted_at,kcgce1_0.parent_name,kcgce1_0.phone_e164,kcgce1_0.province,kcgce1_0.public_id,kcgce1_0.submission_count from kids_champ_guest_contacts kcgce1_0 where kcgce1_0.id=?
2026-08-10T19:36:57.391+05:30 DEBUG 23976 --- [aplus-kids-api] [           main] org.hibernate.SQL                        : select kcgce1_0.id,kcgce1_0.claimed_at,kcgce1_0.claimed_by_user_id,kcgce1_0.country_code,kcgce1_0.deleted_at,kcgce1_0.email,kcgce1_0.first_submitted_at,kcgce1_0.hometown,kcgce1_0.last_submitted_at,kcgce1_0.parent_name,kcgce1_0.phone_e164,kcgce1_0.province,kcgce1_0.public_id,kcgce1_0.submission_count from kids_champ_guest_contacts kcgce1_0 where kcgce1_0.id=?
2026-08-10T19:36:57.392+05:30 DEBUG 23976 --- [aplus-kids-api] [           main] org.hibernate.SQL                        : select kcgce1_0.id,kcgce1_0.claimed_at,kcgce1_0.claimed_by_user_id,kcgce1_0.country_code,kcgce1_0.deleted_at,kcgce1_0.email,kcgce1_0.first_submitted_at,kcgce1_0.hometown,kcgce1_0.last_submitted_at,kcgce1_0.parent_name,kcgce1_0.phone_e164,kcgce1_0.province,kcgce1_0.public_id,kcgce1_0.submission_count from kids_champ_guest_contacts kcgce1_0 where kcgce1_0.id=?
2026-08-10T19:36:57.392+05:30 DEBUG 23976 --- [aplus-kids-api] [           main] org.hibernate.SQL                        : select kcgce1_0.id,kcgce1_0.claimed_at,kcgce1_0.claimed_by_user_id,kcgce1_0.country_code,kcgce1_0.deleted_at,kcgce1_0.email,kcgce1_0.first_submitted_at,kcgce1_0.hometown,kcgce1_0.last_submitted_at,kcgce1_0.parent_name,kcgce1_0.phone_e164,kcgce1_0.province,kcgce1_0.public_id,kcgce1_0.submission_count from kids_champ_guest_contacts kcgce1_0 where kcgce1_0.id=?
2026-08-10T19:36:57.392+05:30 DEBUG 23976 --- [aplus-kids-api] [           main] org.hibernate.SQL                        : select kcgce1_0.id,kcgce1_0.claimed_at,kcgce1_0.claimed_by_user_id,kcgce1_0.country_code,kcgce1_0.deleted_at,kcgce1_0.email,kcgce1_0.first_submitted_at,kcgce1_0.hometown,kcgce1_0.last_submitted_at,kcgce1_0.parent_name,kcgce1_0.phone_e164,kcgce1_0.province,kcgce1_0.public_id,kcgce1_0.submission_count from kids_champ_guest_contacts kcgce1_0 where kcgce1_0.id=?
2026-08-10T19:36:57.392+05:30 DEBUG 23976 --- [aplus-kids-api] [           main] org.hibernate.SQL                        : select kcgce1_0.id,kcgce1_0.claimed_at,kcgce1_0.claimed_by_user_id,kcgce1_0.country_code,kcgce1_0.deleted_at,kcgce1_0.email,kcgce1_0.first_submitted_at,kcgce1_0.hometown,kcgce1_0.last_submitted_at,kcgce1_0.parent_name,kcgce1_0.phone_e164,kcgce1_0.province,kcgce1_0.public_id,kcgce1_0.submission_count from kids_champ_guest_contacts kcgce1_0 where kcgce1_0.id=?
2026-08-10T19:36:57.392+05:30 DEBUG 23976 --- [aplus-kids-api] [           main] org.hibernate.SQL                        : select kcgce1_0.id,kcgce1_0.claimed_at,kcgce1_0.claimed_by_user_id,kcgce1_0.country_code,kcgce1_0.deleted_at,kcgce1_0.email,kcgce1_0.first_submitted_at,kcgce1_0.hometown,kcgce1_0.last_submitted_at,kcgce1_0.parent_name,kcgce1_0.phone_e164,kcgce1_0.province,kcgce1_0.public_id,kcgce1_0.submission_count from kids_champ_guest_contacts kcgce1_0 where kcgce1_0.id=?
2026-08-10T19:36:57.392+05:30 DEBUG 23976 --- [aplus-kids-api] [           main] org.hibernate.SQL                        : select kcgce1_0.id,kcgce1_0.claimed_at,kcgce1_0.claimed_by_user_id,kcgce1_0.country_code,kcgce1_0.deleted_at,kcgce1_0.email,kcgce1_0.first_submitted_at,kcgce1_0.hometown,kcgce1_0.last_submitted_at,kcgce1_0.parent_name,kcgce1_0.phone_e164,kcgce1_0.province,kcgce1_0.public_id,kcgce1_0.submission_count from kids_champ_guest_contacts kcgce1_0 where kcgce1_0.id=?
2026-08-10T19:36:57.392+05:30 DEBUG 23976 --- [aplus-kids-api] [           main] org.hibernate.SQL                        : select kcgce1_0.id,kcgce1_0.claimed_at,kcgce1_0.claimed_by_user_id,kcgce1_0.country_code,kcgce1_0.deleted_at,kcgce1_0.email,kcgce1_0.first_submitted_at,kcgce1_0.hometown,kcgce1_0.last_submitted_at,kcgce1_0.parent_name,kcgce1_0.phone_e164,kcgce1_0.province,kcgce1_0.public_id,kcgce1_0.submission_count from kids_champ_guest_contacts kcgce1_0 where kcgce1_0.id=?
2026-08-10T19:36:57.392+05:30 DEBUG 23976 --- [aplus-kids-api] [           main] org.hibernate.SQL                        : select kcgce1_0.id,kcgce1_0.claimed_at,kcgce1_0.claimed_by_user_id,kcgce1_0.country_code,kcgce1_0.deleted_at,kcgce1_0.email,kcgce1_0.first_submitted_at,kcgce1_0.hometown,kcgce1_0.last_submitted_at,kcgce1_0.parent_name,kcgce1_0.phone_e164,kcgce1_0.province,kcgce1_0.public_id,kcgce1_0.submission_count from kids_champ_guest_contacts kcgce1_0 where kcgce1_0.id=?
2026-08-10T19:36:57.392+05:30 DEBUG 23976 --- [aplus-kids-api] [           main] org.hibernate.SQL                        : select kcgce1_0.id,kcgce1_0.claimed_at,kcgce1_0.claimed_by_user_id,kcgce1_0.country_code,kcgce1_0.deleted_at,kcgce1_0.email,kcgce1_0.first_submitted_at,kcgce1_0.hometown,kcgce1_0.last_submitted_at,kcgce1_0.parent_name,kcgce1_0.phone_e164,kcgce1_0.province,kcgce1_0.public_id,kcgce1_0.submission_count from kids_champ_guest_contacts kcgce1_0 where kcgce1_0.id=?
2026-08-10T19:36:57.392+05:30 DEBUG 23976 --- [aplus-kids-api] [           main] org.hibernate.SQL                        : select kcgce1_0.id,kcgce1_0.claimed_at,kcgce1_0.claimed_by_user_id,kcgce1_0.country_code,kcgce1_0.deleted_at,kcgce1_0.email,kcgce1_0.first_submitted_at,kcgce1_0.hometown,kcgce1_0.last_submitted_at,kcgce1_0.parent_name,kcgce1_0.phone_e164,kcgce1_0.province,kcgce1_0.public_id,kcgce1_0.submission_count from kids_champ_guest_contacts kcgce1_0 where kcgce1_0.id=?
2026-08-10T19:36:57.392+05:30 DEBUG 23976 --- [aplus-kids-api] [           main] org.hibernate.SQL                        : select kcgce1_0.id,kcgce1_0.claimed_at,kcgce1_0.claimed_by_user_id,kcgce1_0.country_code,kcgce1_0.deleted_at,kcgce1_0.email,kcgce1_0.first_submitted_at,kcgce1_0.hometown,kcgce1_0.last_submitted_at,kcgce1_0.parent_name,kcgce1_0.phone_e164,kcgce1_0.province,kcgce1_0.public_id,kcgce1_0.submission_count from kids_champ_guest_contacts kcgce1_0 where kcgce1_0.id=?
2026-08-10T19:36:57.392+05:30 DEBUG 23976 --- [aplus-kids-api] [           main] org.hibernate.SQL                        : select kcgce1_0.id,kcgce1_0.claimed_at,kcgce1_0.claimed_by_user_id,kcgce1_0.country_code,kcgce1_0.deleted_at,kcgce1_0.email,kcgce1_0.first_submitted_at,kcgce1_0.hometown,kcgce1_0.last_submitted_at,kcgce1_0.parent_name,kcgce1_0.phone_e164,kcgce1_0.province,kcgce1_0.public_id,kcgce1_0.submission_count from kids_champ_guest_contacts kcgce1_0 where kcgce1_0.id=?
2026-08-10T19:36:57.392+05:30 DEBUG 23976 --- [aplus-kids-api] [           main] org.hibernate.SQL                        : select kcgce1_0.id,kcgce1_0.claimed_at,kcgce1_0.claimed_by_user_id,kcgce1_0.country_code,kcgce1_0.deleted_at,kcgce1_0.email,kcgce1_0.first_submitted_at,kcgce1_0.hometown,kcgce1_0.last_submitted_at,kcgce1_0.parent_name,kcgce1_0.phone_e164,kcgce1_0.province,kcgce1_0.public_id,kcgce1_0.submission_count from kids_champ_guest_contacts kcgce1_0 where kcgce1_0.id=?
2026-08-10T19:36:57.392+05:30 DEBUG 23976 --- [aplus-kids-api] [           main] org.hibernate.SQL                        : select kcgce1_0.id,kcgce1_0.claimed_at,kcgce1_0.claimed_by_user_id,kcgce1_0.country_code,kcgce1_0.deleted_at,kcgce1_0.email,kcgce1_0.first_submitted_at,kcgce1_0.hometown,kcgce1_0.last_submitted_at,kcgce1_0.parent_name,kcgce1_0.phone_e164,kcgce1_0.province,kcgce1_0.public_id,kcgce1_0.submission_count from kids_champ_guest_contacts kcgce1_0 where kcgce1_0.id=?
2026-08-10T19:36:57.392+05:30 DEBUG 23976 --- [aplus-kids-api] [           main] org.hibernate.SQL                        : select kcgce1_0.id,kcgce1_0.claimed_at,kcgce1_0.claimed_by_user_id,kcgce1_0.country_code,kcgce1_0.deleted_at,kcgce1_0.email,kcgce1_0.first_submitted_at,kcgce1_0.hometown,kcgce1_0.last_submitted_at,kcgce1_0.parent_name,kcgce1_0.phone_e164,kcgce1_0.province,kcgce1_0.public_id,kcgce1_0.submission_count from kids_champ_guest_contacts kcgce1_0 where kcgce1_0.id=?
2026-08-10T19:36:57.397+05:30 DEBUG 23976 --- [aplus-kids-api] [           main] org.hibernate.SQL                        : select kcgce1_0.id,kcgce1_0.claimed_at,kcgce1_0.claimed_by_user_id,kcgce1_0.country_code,kcgce1_0.deleted_at,kcgce1_0.email,kcgce1_0.first_submitted_at,kcgce1_0.hometown,kcgce1_0.last_submitted_at,kcgce1_0.parent_name,kcgce1_0.phone_e164,kcgce1_0.province,kcgce1_0.public_id,kcgce1_0.submission_count from kids_champ_guest_contacts kcgce1_0 where kcgce1_0.id=?
2026-08-10T19:36:57.397+05:30 DEBUG 23976 --- [aplus-kids-api] [           main] org.hibernate.SQL                        : select kcgce1_0.id,kcgce1_0.claimed_at,kcgce1_0.claimed_by_user_id,kcgce1_0.country_code,kcgce1_0.deleted_at,kcgce1_0.email,kcgce1_0.first_submitted_at,kcgce1_0.hometown,kcgce1_0.last_submitted_at,kcgce1_0.parent_name,kcgce1_0.phone_e164,kcgce1_0.province,kcgce1_0.public_id,kcgce1_0.submission_count from kids_champ_guest_contacts kcgce1_0 where kcgce1_0.id=?
2026-08-10T19:36:57.397+05:30 DEBUG 23976 --- [aplus-kids-api] [           main] org.hibernate.SQL                        : select kcgce1_0.id,kcgce1_0.claimed_at,kcgce1_0.claimed_by_user_id,kcgce1_0.country_code,kcgce1_0.deleted_at,kcgce1_0.email,kcgce1_0.first_submitted_at,kcgce1_0.hometown,kcgce1_0.last_submitted_at,kcgce1_0.parent_name,kcgce1_0.phone_e164,kcgce1_0.province,kcgce1_0.public_id,kcgce1_0.submission_count from kids_champ_guest_contacts kcgce1_0 where kcgce1_0.id=?
2026-08-10T19:36:57.397+05:30 DEBUG 23976 --- [aplus-kids-api] [           main] org.hibernate.SQL                        : select kcgce1_0.id,kcgce1_0.claimed_at,kcgce1_0.claimed_by_user_id,kcgce1_0.country_code,kcgce1_0.deleted_at,kcgce1_0.email,kcgce1_0.first_submitted_at,kcgce1_0.hometown,kcgce1_0.last_submitted_at,kcgce1_0.parent_name,kcgce1_0.phone_e164,kcgce1_0.province,kcgce1_0.public_id,kcgce1_0.submission_count from kids_champ_guest_contacts kcgce1_0 where kcgce1_0.id=?
2026-08-10T19:36:57.397+05:30 DEBUG 23976 --- [aplus-kids-api] [           main] org.hibernate.SQL                        : select kcgce1_0.id,kcgce1_0.claimed_at,kcgce1_0.claimed_by_user_id,kcgce1_0.country_code,kcgce1_0.deleted_at,kcgce1_0.email,kcgce1_0.first_submitted_at,kcgce1_0.hometown,kcgce1_0.last_submitted_at,kcgce1_0.parent_name,kcgce1_0.phone_e164,kcgce1_0.province,kcgce1_0.public_id,kcgce1_0.submission_count from kids_champ_guest_contacts kcgce1_0 where kcgce1_0.id=?
2026-08-10T19:36:57.397+05:30 DEBUG 23976 --- [aplus-kids-api] [           main] org.hibernate.SQL                        : select kcgce1_0.id,kcgce1_0.claimed_at,kcgce1_0.claimed_by_user_id,kcgce1_0.country_code,kcgce1_0.deleted_at,kcgce1_0.email,kcgce1_0.first_submitted_at,kcgce1_0.hometown,kcgce1_0.last_submitted_at,kcgce1_0.parent_name,kcgce1_0.phone_e164,kcgce1_0.province,kcgce1_0.public_id,kcgce1_0.submission_count from kids_champ_guest_contacts kcgce1_0 where kcgce1_0.id=?
2026-08-10T19:36:57.397+05:30 DEBUG 23976 --- [aplus-kids-api] [           main] org.hibernate.SQL                        : select kcgce1_0.id,kcgce1_0.claimed_at,kcgce1_0.claimed_by_user_id,kcgce1_0.country_code,kcgce1_0.deleted_at,kcgce1_0.email,kcgce1_0.first_submitted_at,kcgce1_0.hometown,kcgce1_0.last_submitted_at,kcgce1_0.parent_name,kcgce1_0.phone_e164,kcgce1_0.province,kcgce1_0.public_id,kcgce1_0.submission_count from kids_champ_guest_contacts kcgce1_0 where kcgce1_0.id=?
2026-08-10T19:36:57.397+05:30 DEBUG 23976 --- [aplus-kids-api] [           main] org.hibernate.SQL                        : select kcgce1_0.id,kcgce1_0.claimed_at,kcgce1_0.claimed_by_user_id,kcgce1_0.country_code,kcgce1_0.deleted_at,kcgce1_0.email,kcgce1_0.first_submitted_at,kcgce1_0.hometown,kcgce1_0.last_submitted_at,kcgce1_0.parent_name,kcgce1_0.phone_e164,kcgce1_0.province,kcgce1_0.public_id,kcgce1_0.submission_count from kids_champ_guest_contacts kcgce1_0 where kcgce1_0.id=?
[...]
2026-08-10T19:36:58.307+05:30 DEBUG 23976 --- [aplus-kids-api] [           main] org.hibernate.SQL                        : select kcwape1_0.participant_reference,kcwape1_0.opted_in_at,kcwape1_0.opted_out_at,kcwape1_0.reason,kcwape1_0.source,kcwape1_0.status,kcwape1_0.updated_at,kcwape1_0.updated_by_user_id from kids_champ_whatsapp_preferences kcwape1_0 where kcwape1_0.participant_reference=?
2026-08-10T19:36:58.307+05:30 DEBUG 23976 --- [aplus-kids-api] [           main] org.hibernate.SQL                        : select kcwape1_0.participant_reference,kcwape1_0.opted_in_at,kcwape1_0.opted_out_at,kcwape1_0.reason,kcwape1_0.source,kcwape1_0.status,kcwape1_0.updated_at,kcwape1_0.updated_by_user_id from kids_champ_whatsapp_preferences kcwape1_0 where kcwape1_0.participant_reference=?
2026-08-10T19:36:58.307+05:30 DEBUG 23976 --- [aplus-kids-api] [           main] org.hibernate.SQL                        : select kcwape1_0.participant_reference,kcwape1_0.opted_in_at,kcwape1_0.opted_out_at,kcwape1_0.reason,kcwape1_0.source,kcwape1_0.status,kcwape1_0.updated_at,kcwape1_0.updated_by_user_id from kids_champ_whatsapp_preferences kcwape1_0 where kcwape1_0.participant_reference=?
2026-08-10T19:36:58.307+05:30 DEBUG 23976 --- [aplus-kids-api] [           main] org.hibernate.SQL                        : select kcwape1_0.participant_reference,kcwape1_0.opted_in_at,kcwape1_0.opted_out_at,kcwape1_0.reason,kcwape1_0.source,kcwape1_0.status,kcwape1_0.updated_at,kcwape1_0.updated_by_user_id from kids_champ_whatsapp_preferences kcwape1_0 where kcwape1_0.participant_reference=?
2026-08-10T19:36:58.307+05:30 DEBUG 23976 --- [aplus-kids-api] [           main] org.hibernate.SQL                        : select kcwape1_0.participant_reference,kcwape1_0.opted_in_at,kcwape1_0.opted_out_at,kcwape1_0.reason,kcwape1_0.source,kcwape1_0.status,kcwape1_0.updated_at,kcwape1_0.updated_by_user_id from kids_champ_whatsapp_preferences kcwape1_0 where kcwape1_0.participant_reference=?
2026-08-10T19:36:58.307+05:30 DEBUG 23976 --- [aplus-kids-api] [           main] org.hibernate.SQL                        : select kcwape1_0.participant_reference,kcwape1_0.opted_in_at,kcwape1_0.opted_out_at,kcwape1_0.reason,kcwape1_0.source,kcwape1_0.status,kcwape1_0.updated_at,kcwape1_0.updated_by_user_id from kids_champ_whatsapp_preferences kcwape1_0 where kcwape1_0.participant_reference=?
2026-08-10T19:36:58.307+05:30 DEBUG 23976 --- [aplus-kids-api] [           main] org.hibernate.SQL                        : select kcwape1_0.participant_reference,kcwape1_0.opted_in_at,kcwape1_0.opted_out_at,kcwape1_0.reason,kcwape1_0.source,kcwape1_0.status,kcwape1_0.updated_at,kcwape1_0.updated_by_user_id from kids_champ_whatsapp_preferences kcwape1_0 where kcwape1_0.participant_reference=?
2026-08-10T19:36:58.307+05:30 DEBUG 23976 --- [aplus-kids-api] [           main] org.hibernate.SQL                        : select kcwape1_0.participant_reference,kcwape1_0.opted_in_at,kcwape1_0.opted_out_at,kcwape1_0.reason,kcwape1_0.source,kcwape1_0.status,kcwape1_0.updated_at,kcwape1_0.updated_by_user_id from kids_champ_whatsapp_preferences kcwape1_0 where kcwape1_0.participant_reference=?
2026-08-10T19:36:58.307+05:30 DEBUG 23976 --- [aplus-kids-api] [           main] org.hibernate.SQL                        : select kcwape1_0.participant_reference,kcwape1_0.opted_in_at,kcwape1_0.opted_out_at,kcwape1_0.reason,kcwape1_0.source,kcwape1_0.status,kcwape1_0.updated_at,kcwape1_0.updated_by_user_id from kids_champ_whatsapp_preferences kcwape1_0 where kcwape1_0.participant_reference=?
2026-08-10T19:36:58.307+05:30 DEBUG 23976 --- [aplus-kids-api] [           main] org.hibernate.SQL                        : select kcwape1_0.participant_reference,kcwape1_0.opted_in_at,kcwape1_0.opted_out_at,kcwape1_0.reason,kcwape1_0.source,kcwape1_0.status,kcwape1_0.updated_at,kcwape1_0.updated_by_user_id from kids_champ_whatsapp_preferences kcwape1_0 where kcwape1_0.participant_reference=?
2026-08-10T19:36:58.307+05:30 DEBUG 23976 --- [aplus-kids-api] [           main] org.hibernate.SQL                        : select kcwape1_0.participant_reference,kcwape1_0.opted_in_at,kcwape1_0.opted_out_at,kcwape1_0.reason,kcwape1_0.source,kcwape1_0.status,kcwape1_0.updated_at,kcwape1_0.updated_by_user_id from kids_champ_whatsapp_preferences kcwape1_0 where kcwape1_0.participant_reference=?
2026-08-10T19:36:58.307+05:30 DEBUG 23976 --- [aplus-kids-api] [           main] org.hibernate.SQL                        : select kcwape1_0.participant_reference,kcwape1_0.opted_in_at,kcwape1_0.opted_out_at,kcwape1_0.reason,kcwape1_0.source,kcwape1_0.status,kcwape1_0.updated_at,kcwape1_0.updated_by_user_id from kids_champ_whatsapp_preferences kcwape1_0 where kcwape1_0.participant_reference=?
2026-08-10T19:36:58.307+05:30 DEBUG 23976 --- [aplus-kids-api] [           main] org.hibernate.SQL                        : select kcwape1_0.participant_reference,kcwape1_0.opted_in_at,kcwape1_0.opted_out_at,kcwape1_0.reason,kcwape1_0.source,kcwape1_0.status,kcwape1_0.updated_at,kcwape1_0.updated_by_user_id from kids_champ_whatsapp_preferences kcwape1_0 where kcwape1_0.participant_reference=?
2026-08-10T19:36:58.307+05:30 DEBUG 23976 --- [aplus-kids-api] [           main] org.hibernate.SQL                        : select kcwape1_0.participant_reference,kcwape1_0.opted_in_at,kcwape1_0.opted_out_at,kcwape1_0.reason,kcwape1_0.source,kcwape1_0.status,kcwape1_0.updated_at,kcwape1_0.updated_by_user_id from kids_champ_whatsapp_preferences kcwape1_0 where kcwape1_0.participant_reference=?
2026-08-10T19:36:58.319+05:30 DEBUG 23976 --- [aplus-kids-api] [           main] org.hibernate.SQL                        : select kcwape1_0.participant_reference,kcwape1_0.opted_in_at,kcwape1_0.opted_out_at,kcwape1_0.reason,kcwape1_0.source,kcwape1_0.status,kcwape1_0.updated_at,kcwape1_0.updated_by_user_id from kids_champ_whatsapp_preferences kcwape1_0 where kcwape1_0.participant_reference=?
2026-08-10T19:36:58.319+05:30 DEBUG 23976 --- [aplus-kids-api] [           main] org.hibernate.SQL                        : select kcwape1_0.participant_reference,kcwape1_0.opted_in_at,kcwape1_0.opted_out_at,kcwape1_0.reason,kcwape1_0.source,kcwape1_0.status,kcwape1_0.updated_at,kcwape1_0.updated_by_user_id from kids_champ_whatsapp_preferences kcwape1_0 where kcwape1_0.participant_reference=?
2026-08-10T19:36:58.319+05:30 DEBUG 23976 --- [aplus-kids-api] [           main] org.hibernate.SQL                        : select kcwape1_0.participant_reference,kcwape1_0.opted_in_at,kcwape1_0.opted_out_at,kcwape1_0.reason,kcwape1_0.source,kcwape1_0.status,kcwape1_0.updated_at,kcwape1_0.updated_by_user_id from kids_champ_whatsapp_preferences kcwape1_0 where kcwape1_0.participant_reference=?
2026-08-10T19:36:58.319+05:30 DEBUG 23976 --- [aplus-kids-api] [           main] org.hibernate.SQL                        : select kcwape1_0.participant_reference,kcwape1_0.opted_in_at,kcwape1_0.opted_out_at,kcwape1_0.reason,kcwape1_0.source,kcwape1_0.status,kcwape1_0.updated_at,kcwape1_0.updated_by_user_id from kids_champ_whatsapp_preferences kcwape1_0 where kcwape1_0.participant_reference=?
2026-08-10T19:36:58.321+05:30 DEBUG 23976 --- [aplus-kids-api] [           main] org.hibernate.SQL                        : select kcwape1_0.participant_reference,kcwape1_0.opted_in_at,kcwape1_0.opted_out_at,kcwape1_0.reason,kcwape1_0.source,kcwape1_0.status,kcwape1_0.updated_at,kcwape1_0.updated_by_user_id from kids_champ_whatsapp_preferences kcwape1_0 where kcwape1_0.participant_reference=?
2026-08-10T19:36:58.321+05:30 DEBUG 23976 --- [aplus-kids-api] [           main] org.hibernate.SQL                        : select kcwape1_0.participant_reference,kcwape1_0.opted_in_at,kcwape1_0.opted_out_at,kcwape1_0.reason,kcwape1_0.source,kcwape1_0.status,kcwape1_0.updated_at,kcwape1_0.updated_by_user_id from kids_champ_whatsapp_preferences kcwape1_0 where kcwape1_0.participant_reference=?
2026-08-10T19:36:58.321+05:30 DEBUG 23976 --- [aplus-kids-api] [           main] org.hibernate.SQL                        : select kcwape1_0.participant_reference,kcwape1_0.opted_in_at,kcwape1_0.opted_out_at,kcwape1_0.reason,kcwape1_0.source,kcwape1_0.status,kcwape1_0.updated_at,kcwape1_0.updated_by_user_id from kids_champ_whatsapp_preferences kcwape1_0 where kcwape1_0.participant_reference=?
2026-08-10T19:36:58.323+05:30 DEBUG 23976 --- [aplus-kids-api] [           main] org.hibernate.SQL                        : select kcwape1_0.participant_reference,kcwape1_0.opted_in_at,kcwape1_0.opted_out_at,kcwape1_0.reason,kcwape1_0.source,kcwape1_0.status,kcwape1_0.updated_at,kcwape1_0.updated_by_user_id from kids_champ_whatsapp_preferences kcwape1_0 where kcwape1_0.participant_reference=?
2026-08-10T19:36:58.323+05:30 DEBUG 23976 --- [aplus-kids-api] [           main] org.hibernate.SQL                        : select kcwape1_0.participant_reference,kcwape1_0.opted_in_at,kcwape1_0.opted_out_at,kcwape1_0.reason,kcwape1_0.source,kcwape1_0.status,kcwape1_0.updated_at,kcwape1_0.updated_by_user_id from kids_champ_whatsapp_preferences kcwape1_0 where kcwape1_0.participant_reference=?
2026-08-10T19:36:58.324+05:30 DEBUG 23976 --- [aplus-kids-api] [           main] org.hibernate.SQL                        : select kcwape1_0.participant_reference,kcwape1_0.opted_in_at,kcwape1_0.opted_out_at,kcwape1_0.reason,kcwape1_0.source,kcwape1_0.status,kcwape1_0.updated_at,kcwape1_0.updated_by_user_id from kids_champ_whatsapp_preferences kcwape1_0 where kcwape1_0.participant_reference=?
2026-08-10T19:36:58.324+05:30 DEBUG 23976 --- [aplus-kids-api] [           main] org.hibernate.SQL                        : select kcwape1_0.participant_reference,kcwape1_0.opted_in_at,kcwape1_0.opted_out_at,kcwape1_0.reason,kcwape1_0.source,kcwape1_0.status,kcwape1_0.updated_at,kcwape1_0.updated_by_user_id from kids_champ_whatsapp_preferences kcwape1_0 where kcwape1_0.participant_reference=?
2026-08-10T19:36:58.324+05:30 DEBUG 23976 --- [aplus-kids-api] [           main] org.hibernate.SQL                        : select kcwape1_0.participant_reference,kcwape1_0.opted_in_at,kcwape1_0.opted_out_at,kcwape1_0.reason,kcwape1_0.source,kcwape1_0.status,kcwape1_0.updated_at,kcwape1_0.updated_by_user_id from kids_champ_whatsapp_preferences kcwape1_0 where kcwape1_0.participant_reference=?
2026-08-10T19:36:58.326+05:30 DEBUG 23976 --- [aplus-kids-api] [           main] org.hibernate.SQL                        : select kcwape1_0.participant_reference,kcwape1_0.opted_in_at,kcwape1_0.opted_out_at,kcwape1_0.reason,kcwape1_0.source,kcwape1_0.status,kcwape1_0.updated_at,kcwape1_0.updated_by_user_id from kids_champ_whatsapp_preferences kcwape1_0 where kcwape1_0.participant_reference=?
2026-08-10T19:36:58.326+05:30 DEBUG 23976 --- [aplus-kids-api] [           main] org.hibernate.SQL                        : select kcwape1_0.participant_reference,kcwape1_0.opted_in_at,kcwape1_0.opted_out_at,kcwape1_0.reason,kcwape1_0.source,kcwape1_0.status,kcwape1_0.updated_at,kcwape1_0.updated_by_user_id from kids_champ_whatsapp_preferences kcwape1_0 where kcwape1_0.participant_reference=?
2026-08-10T19:36:58.326+05:30 DEBUG 23976 --- [aplus-kids-api] [           main] org.hibernate.SQL                        : select kcwape1_0.participant_reference,kcwape1_0.opted_in_at,kcwape1_0.opted_out_at,kcwape1_0.reason,kcwape1_0.source,kcwape1_0.status,kcwape1_0.updated_at,kcwape1_0.updated_by_user_id from kids_champ_whatsapp_preferences kcwape1_0 where kcwape1_0.participant_reference=?
2026-08-10T19:36:58.326+05:30 DEBUG 23976 --- [aplus-kids-api] [           main] org.hibernate.SQL                        : select kcwape1_0.participant_reference,kcwape1_0.opted_in_at,kcwape1_0.opted_out_at,kcwape1_0.reason,kcwape1_0.source,kcwape1_0.status,kcwape1_0.updated_at,kcwape1_0.updated_by_user_id from kids_champ_whatsapp_preferences kcwape1_0 where kcwape1_0.participant_reference=?
2026-08-10T19:36:58.326+05:30 DEBUG 23976 --- [aplus-kids-api] [           main] org.hibernate.SQL                        : select kcwape1_0.participant_reference,kcwape1_0.opted_in_at,kcwape1_0.opted_out_at,kcwape1_0.reason,kcwape1_0.source,kcwape1_0.status,kcwape1_0.updated_at,kcwape1_0.updated_by_user_id from kids_champ_whatsapp_preferences kcwape1_0 where kcwape1_0.participant_reference=?
2026-08-10T19:36:58.328+05:30 DEBUG 23976 --- [aplus-kids-api] [           main] org.hibernate.SQL                        : select ue1_0.id,ue1_0.account_holder_name,ue1_0.created_at,ue1_0.credentials_changed_at,ue1_0.deleted_at,ue1_0.email,ue1_0.email_verified_at,ue1_0.failed_login_count,ue1_0.last_login_at,ue1_0.locked_until,ue1_0.password_hash,ue1_0.phone_e164,ue1_0.phone_verified_at,ue1_0.public_id,ue1_0.status,ue1_0.updated_at,ue1_0.version from users ue1_0 where ue1_0.public_id=?
2026-08-10T19:36:58.328+05:30 DEBUG 23976 --- [aplus-kids-api] [           main] org.hibernate.SQL                        : insert into kids_champ_message_campaigns (channel,completed_at,created_by_user_id,language_code,message_template,name,public_id,queued_at,recipient_count,source,status,template_name) values (?,?,?,?,?,?,?,?,?,?,?,?)
2026-08-10T19:36:58.328+05:30 DEBUG 23976 --- [aplus-kids-api] [           main] org.hibernate.SQL                        : select kcse1_0.id,kcse1_0.age_at_submission,kcse1_0.assigned_reviewer_user_id,kcse1_0.batch_id,kcse1_0.category,kcse1_0.child_name,kcse1_0.child_profile_id,kcse1_0.consent_accepted_at,kcse1_0.country_code,kcse1_0.date_of_birth,kcse1_0.deleted_at,kcse1_0.deleted_by_user_id,kcse1_0.email,kcse1_0.file_size,kcse1_0.file_status,kcse1_0.guest_contact_id,kcse1_0.hometown,kcse1_0.internal_note,kcse1_0.media_type,kcse1_0.original_filename,kcse1_0.parent_name,kcse1_0.phone_e164,kcse1_0.photo_deleted_at,kcse1_0.previewed_at,kcse1_0.province,kcse1_0.public_id,kcse1_0.rejection_reason,kcse1_0.review_status,kcse1_0.reviewed_at,kcse1_0.reviewed_by_user_id,kcse1_0.stored_filename,kcse1_0.submitted_at,kcse1_0.telecast_status,kcse1_0.tracking_code,kcse1_0.user_id,kcse1_0.version,kcse1_0.whatsapp_consent_at,kcse1_0.work_description,kcse1_0.work_title from kids_champ_submissions kcse1_0 where kcse1_0.deleted_at is null order by kcse1_0.submitted_at desc
2026-08-10T19:36:58.341+05:30 DEBUG 23976 --- [aplus-kids-api] [           main] org.hibernate.SQL                        : insert into kids_champ_message_recipients (attempts,campaign_id,delivered_at,destination,failure_reason,last_attempt_at,next_attempt_at,participant_name,participant_reference,provider_message_id,read_at,rendered_message,sent_at,status,template_language_code,template_name,template_parameters) values (?,?,?,?,?,?,?,?,?,?,?,?,?,?,?,?,?)
2026-08-10T19:36:58.341+05:30 DEBUG 23976 --- [aplus-kids-api] [           main] org.hibernate.SQL                        : insert into kids_champ_message_delivery_events (attempt,details,provider_status,provider_timestamp,recipient_id,status) values (?,?,?,?,?,?)
2026-08-10T19:36:58.352+05:30 DEBUG 23976 --- [aplus-kids-api] [           main] org.hibernate.SQL                        : select kcse1_0.id,kcse1_0.age_at_submission,kcse1_0.assigned_reviewer_user_id,kcse1_0.batch_id,kcse1_0.category,kcse1_0.child_name,kcse1_0.child_profile_id,kcse1_0.consent_accepted_at,kcse1_0.country_code,kcse1_0.date_of_birth,kcse1_0.deleted_at,kcse1_0.deleted_by_user_id,kcse1_0.email,kcse1_0.file_size,kcse1_0.file_status,kcse1_0.guest_contact_id,kcse1_0.hometown,kcse1_0.internal_note,kcse1_0.media_type,kcse1_0.original_filename,kcse1_0.parent_name,kcse1_0.phone_e164,kcse1_0.photo_deleted_at,kcse1_0.previewed_at,kcse1_0.province,kcse1_0.public_id,kcse1_0.rejection_reason,kcse1_0.review_status,kcse1_0.reviewed_at,kcse1_0.reviewed_by_user_id,kcse1_0.stored_filename,kcse1_0.submitted_at,kcse1_0.telecast_status,kcse1_0.tracking_code,kcse1_0.user_id,kcse1_0.version,kcse1_0.whatsapp_consent_at,kcse1_0.work_description,kcse1_0.work_title from kids_champ_submissions kcse1_0 where kcse1_0.deleted_at is null order by kcse1_0.submitted_at desc
2026-08-10T19:36:58.357+05:30 DEBUG 23976 --- [aplus-kids-api] [           main] org.hibernate.SQL                        : insert into kids_champ_message_recipients (attempts,campaign_id,delivered_at,destination,failure_reason,last_attempt_at,next_attempt_at,participant_name,participant_reference,provider_message_id,read_at,rendered_message,sent_at,status,template_language_code,template_name,template_parameters) values (?,?,?,?,?,?,?,?,?,?,?,?,?,?,?,?,?)
2026-08-10T19:36:58.357+05:30 DEBUG 23976 --- [aplus-kids-api] [           main] org.hibernate.SQL                        : insert into kids_champ_message_delivery_events (attempt,details,provider_status,provider_timestamp,recipient_id,status) values (?,?,?,?,?,?)
2026-08-10T19:36:58.357+05:30 DEBUG 23976 --- [aplus-kids-api] [           main] org.hibernate.SQL                        : insert into kids_champ_audit_log (action,actor_user_id,details,entity_public_id,entity_type) values (?,?,?,?,?)
2026-08-10T19:36:58.357+05:30 DEBUG 23976 --- [aplus-kids-api] [           main] org.hibernate.SQL                        : select kcmre1_0.id,kcmre1_0.attempts,kcmre1_0.campaign_id,kcmre1_0.delivered_at,kcmre1_0.destination,kcmre1_0.failure_reason,kcmre1_0.last_attempt_at,kcmre1_0.next_attempt_at,kcmre1_0.participant_name,kcmre1_0.participant_reference,kcmre1_0.provider_message_id,kcmre1_0.read_at,kcmre1_0.rendered_message,kcmre1_0.sent_at,kcmre1_0.status,kcmre1_0.template_language_code,kcmre1_0.template_name,kcmre1_0.template_parameters from kids_champ_message_recipients kcmre1_0 left join kids_champ_message_campaigns c1_0 on c1_0.id=kcmre1_0.campaign_id where c1_0.public_id=? order by kcmre1_0.id
2026-08-10T19:36:58.357+05:30 DEBUG 23976 --- [aplus-kids-api] [           main] org.hibernate.SQL                        : select kcmre1_0.id,kcmre1_0.attempts,kcmre1_0.campaign_id,kcmre1_0.delivered_at,kcmre1_0.destination,kcmre1_0.failure_reason,kcmre1_0.last_attempt_at,kcmre1_0.next_attempt_at,kcmre1_0.participant_name,kcmre1_0.participant_reference,kcmre1_0.provider_message_id,kcmre1_0.read_at,kcmre1_0.rendered_message,kcmre1_0.sent_at,kcmre1_0.status,kcmre1_0.template_language_code,kcmre1_0.template_name,kcmre1_0.template_parameters from kids_champ_message_recipients kcmre1_0 left join kids_champ_message_campaigns c1_0 on c1_0.id=kcmre1_0.campaign_id where c1_0.public_id=? order by kcmre1_0.id
2026-08-10T19:36:58.381+05:30 DEBUG 23976 --- [aplus-kids-api] [           main] org.hibernate.SQL                        : select count(*) from kids_champ_message_recipients kcmre1_0 where kcmre1_0.id=?
2026-08-10T19:36:58.383+05:30 DEBUG 23976 --- [aplus-kids-api] [           main] org.hibernate.SQL                        : select kcmdee1_0.id,kcmdee1_0.attempt,kcmdee1_0.details,kcmdee1_0.occurred_at,kcmdee1_0.provider_status,kcmdee1_0.provider_timestamp,kcmdee1_0.recipient_id,kcmdee1_0.status from kids_champ_message_delivery_events kcmdee1_0 where kcmdee1_0.recipient_id=? order by kcmdee1_0.occurred_at,kcmdee1_0.id
2026-08-10T19:36:58.392+05:30 DEBUG 23976 --- [aplus-kids-api] [           main] org.hibernate.SQL                        : select count(*) from kids_champ_message_recipients kcmre1_0 where kcmre1_0.id=?
2026-08-10T19:36:58.392+05:30 DEBUG 23976 --- [aplus-kids-api] [           main] org.hibernate.SQL                        : select kcmdee1_0.id,kcmdee1_0.attempt,kcmdee1_0.details,kcmdee1_0.occurred_at,kcmdee1_0.provider_status,kcmdee1_0.provider_timestamp,kcmdee1_0.recipient_id,kcmdee1_0.status from kids_champ_message_delivery_events kcmdee1_0 where kcmdee1_0.recipient_id=? order by kcmdee1_0.occurred_at,kcmdee1_0.id
]]></system-out>
  </testcase>
</testsuite>