<?xml version="1.0" encoding="UTF-8"?>
<testsuite xmlns:xsi="http://www.w3.org/2001/XMLSchema-instance" xsi:noNamespaceSchemaLocation="https://maven.apache.org/surefire/maven-surefire-plugin/xsd/surefire-test-report.xsd" version="3.0.2" name="lk.apluskids.platform.kidschamp.KidsChampRequestedDataOperationTests" time="21.382" tests="1" errors="0" skipped="0" failures="0" flakes="0">
  <properties>
[...]
</properties>
  <testcase name="approveExistingAndCreateTwoHundredNewPhotoSubmissions" classname="lk.apluskids.platform.kidschamp.KidsChampRequestedDataOperationTests" time="5.311">
    <system-out><![CDATA[12:32:00.231 [main] INFO org.springframework.test.context.support.AnnotationConfigContextLoaderUtils -- Could not detect default configuration classes for test class [lk.apluskids.platform.kidschamp.KidsChampRequestedDataOperationTests]: KidsChampRequestedDataOperationTests does not declare any static, non-private, non-final, nested classes annotated with @Configuration.
12:32:00.498 [main] INFO org.springframework.boot.test.context.SpringBootTestContextBootstrapper -- Found @SpringBootConfiguration lk.apluskids.platform.AplusKidsApiApplication for test class lk.apluskids.platform.kidschamp.KidsChampRequestedDataOperationTests
12:32:00.766 [main] INFO org.springframework.test.context.support.AnnotationConfigContextLoaderUtils -- Could not detect default configuration classes for test class [lk.apluskids.platform.kidschamp.KidsChampRequestedDataOperationTests]: KidsChampRequestedDataOperationTests does not declare any static, non-private, non-final, nested classes annotated with @Configuration.
12:32:00.766 [main] INFO org.springframework.boot.test.context.SpringBootTestContextBootstrapper -- Found @SpringBootConfiguration lk.apluskids.platform.AplusKidsApiApplication for test class lk.apluskids.platform.kidschamp.KidsChampRequestedDataOperationTests

  .   ____          _            __ _ _
 /\\ / ___'_ __ _ _(_)_ __  __ _ \ \ \ \
( ( )\___ | '_ | '_| | '_ \/ _` | \ \ \ \
 \\/  ___)| |_)| | | | | || (_| |  ) ) ) )
  '  |____| .__|_| |_|_| |_\__, | / / / /
 =========|_|==============|___/=/_/_/_/

 :: Spring Boot ::                (v4.1.0)

2026-08-11T12:32:01.386+05:30  INFO 19004 --- [aplus-kids-api] [           main] p.k.KidsChampRequestedDataOperationTests : Starting KidsChampRequestedDataOperationTests using Java 21.0.11 with PID 19004 (started by slshe in D:\2026\apluskids\aplus_kids_api)
2026-08-11T12:32:01.386+05:30  INFO 19004 --- [aplus-kids-api] [           main] p.k.KidsChampRequestedDataOperationTests : The following 1 profile is active: "local"
2026-08-11T12:32:01.386+05:30 DEBUG 19004 --- [aplus-kids-api] [           main] o.s.boot.SpringApplication               : Loading source class lk.apluskids.platform.AplusKidsApiApplication
2026-08-11T12:32:01.491+05:30 DEBUG 19004 --- [aplus-kids-api] [           main] o.s.w.c.s.GenericWebApplicationContext   : Refreshing org.springframework.web.context.support.GenericWebApplicationContext@5ba26eb0
2026-08-11T12:32:03.255+05:30  INFO 19004 --- [aplus-kids-api] [           main] .s.d.r.c.RepositoryConfigurationDelegate : Bootstrapping Spring Data JPA repositories in DEFAULT mode.
2026-08-11T12:32:03.302+05:30 DEBUG 19004 --- [aplus-kids-api] [           main] o.s.b.a.AutoConfigurationPackages        : @EnableAutoConfiguration was declared on a class in the package 'lk.apluskids.platform'. Automatic @Repository and @Entity scanning is enabled.
2026-08-11T12:32:03.473+05:30  INFO 19004 --- [aplus-kids-api] [           main] .s.d.r.c.RepositoryConfigurationDelegate : Finished Spring Data repository scanning in 197 ms. Found 22 JPA repository interfaces.
2026-08-11T12:32:05.232+05:30  INFO 19004 --- [aplus-kids-api] [           main] com.zaxxer.hikari.HikariDataSource       : HikariPool-1 - Starting...
2026-08-11T12:32:05.968+05:30  INFO 19004 --- [aplus-kids-api] [           main] com.zaxxer.hikari.pool.HikariPool        : HikariPool-1 - Added connection org.postgresql.jdbc.PgConnection@54234569
2026-08-11T12:32:05.971+05:30  INFO 19004 --- [aplus-kids-api] [           main] com.zaxxer.hikari.HikariDataSource       : HikariPool-1 - Start completed.
2026-08-11T12:32:06.032+05:30  INFO 19004 --- [aplus-kids-api] [           main] org.flywaydb.core.FlywayExecutor         : Database: jdbc:postgresql://localhost:5432/aplus_kids (PostgreSQL 18.4)
2026-08-11T12:32:06.235+05:30  INFO 19004 --- [aplus-kids-api] [           main] o.f.core.internal.command.DbValidate     : Successfully validated 28 migrations (execution time 00:00.086s)
2026-08-11T12:32:06.264+05:30  INFO 19004 --- [aplus-kids-api] [           main] o.f.core.internal.command.DbMigrate      : Current version of schema "public": 28
2026-08-11T12:32:06.264+05:30  INFO 19004 --- [aplus-kids-api] [           main] o.f.core.internal.command.DbMigrate      : Schema "public" is up to date. No migration necessary.
2026-08-11T12:32:06.582+05:30  INFO 19004 --- [aplus-kids-api] [           main] org.hibernate.orm.jpa                    : HHH008540: Processing PersistenceUnitInfo [name: default]
2026-08-11T12:32:06.732+05:30  INFO 19004 --- [aplus-kids-api] [           main] org.hibernate.orm.core                   : HHH000001: Hibernate ORM core version 7.4.1.Final
2026-08-11T12:32:07.838+05:30  INFO 19004 --- [aplus-kids-api] [           main] o.s.o.j.p.SpringPersistenceUnitInfo      : No LoadTimeWeaver setup: ignoring JPA class transformer
2026-08-11T12:32:08.046+05:30  INFO 19004 --- [aplus-kids-api] [           main] org.hibernate.orm.connections.pooling    : HHH10001005: Database info:
	Database JDBC URL [jdbc:postgresql://localhost:5432/aplus_kids]
	Database driver: PostgreSQL JDBC Driver
	Database dialect: PostgreSQLDialect
	Database version: 18.4
	Default catalog/schema: aplus_kids/public
	Autocommit mode: undefined/unknown
	Isolation level: READ_COMMITTED [default READ_COMMITTED]
	JDBC fetch size: none
	Pool: DataSourceConnectionProvider
	Minimum pool size: undefined/unknown
	Maximum pool size: undefined/unknown
2026-08-11T12:32:10.931+05:30  INFO 19004 --- [aplus-kids-api] [           main] org.hibernate.orm.core                   : HHH000489: No JTA platform available (set 'hibernate.transaction.jta.platform' to enable JTA platform integration)
2026-08-11T12:32:11.031+05:30  INFO 19004 --- [aplus-kids-api] [           main] j.LocalContainerEntityManagerFactoryBean : Initialized JPA EntityManagerFactory for persistence unit 'default'
2026-08-11T12:32:11.196+05:30  INFO 19004 --- [aplus-kids-api] [           main] o.s.d.j.r.query.QueryEnhancerFactories   : Hibernate is in classpath; If applicable, HQL parser will be used.
2026-08-11T12:32:15.097+05:30 DEBUG 19004 --- [aplus-kids-api] [           main] s.w.s.m.m.a.RequestMappingHandlerMapping : 96 mappings in 'requestMappingHandlerMapping'
2026-08-11T12:32:15.184+05:30 DEBUG 19004 --- [aplus-kids-api] [           main] o.s.w.s.handler.SimpleUrlHandlerMapping  : Patterns [/webjars/**, /**] in 'resourceHandlerMapping'
2026-08-11T12:32:15.239+05:30 DEBUG 19004 --- [aplus-kids-api] [           main] s.w.s.m.m.a.RequestMappingHandlerAdapter : ControllerAdvice beans: 0 @ModelAttribute, 0 @InitBinder, 2 RequestBodyAdvice, 1 ResponseBodyAdvice
2026-08-11T12:32:15.402+05:30 DEBUG 19004 --- [aplus-kids-api] [           main] .m.m.a.ExceptionHandlerExceptionResolver : ControllerAdvice beans: 1 @ExceptionHandler, 1 ResponseBodyAdvice
2026-08-11T12:32:15.875+05:30 DEBUG 19004 --- [aplus-kids-api] [           main] .s.b.a.l.ConditionEvaluationReportLogger : 


============================
CONDITIONS EVALUATION REPORT
============================


Positive matches:
-----------------

   AopAutoConfiguration matched:
      - @ConditionalOnBooleanProperty (spring.aop.auto=true) matched (OnPropertyCondition)

   AopAutoConfiguration.AspectJAutoProxyingConfiguration matched:
      - @ConditionalOnClass found required class 'org.aspectj.weaver.Advice' (OnClassCondition)

   AopAutoConfiguration.AspectJAutoProxyingConfiguration.CglibAutoProxyConfiguration matched:
      - @ConditionalOnBooleanProperty (spring.aop.proxy-target-class=true) matched (OnPropertyCondition)

   ApplicationAvailabilityAutoConfiguration#applicationAvailability matched:
      - @ConditionalOnMissingBean (types: org.springframework.boot.availability.ApplicationAvailability; SearchStrategy: all) did not find any beans (OnBeanCondition)

   DataJpaRepositoriesAutoConfiguration matched:
      - @ConditionalOnClass found required class 'org.springframework.data.jpa.repository.JpaRepository' (OnClassCondition)
      - @ConditionalOnBooleanProperty (spring.data.jpa.repositories.enabled=true) matched (OnPropertyCondition)
      - @ConditionalOnBean (types: javax.sql.DataSource; SearchStrategy: all) found bean 'dataSource'; @ConditionalOnMissingBean (types: org.springframework.data.jpa.repository.support.JpaRepositoryFactoryBean,org.springframework.data.jpa.repository.config.JpaRepositoryConfigExtension; SearchStrategy: all) did not find any beans (OnBeanCondition)

   DataSourceAutoConfiguration matched:
      - @ConditionalOnClass found required classes 'javax.sql.DataSource', 'org.springframework.jdbc.datasource.embedded.EmbeddedDatabaseType' (OnClassCondition)
      - @ConditionalOnMissingBean (types: io.r2dbc.spi.ConnectionFactory; SearchStrategy: all) did not find any beans (OnBeanCondition)

   DataSourceAutoConfiguration.PooledDataSourceConfiguration matched:
      - AnyNestedCondition 1 matched 1 did not; NestedCondition on DataSourceAutoConfiguration.PooledDataSourceCondition.PooledDataSourceAvailable PooledDataSource found supported DataSource; NestedCondition on DataSourceAutoConfiguration.PooledDataSourceCondition.ExplicitType @ConditionalOnProperty (spring.datasource.type) did not find property 'spring.datasource.type' (DataSourceAutoConfiguration.PooledDataSourceCondition)
      - @ConditionalOnMissingBean (types: javax.sql.DataSource,javax.sql.XADataSource; SearchStrategy: all) did not find any beans (OnBeanCondition)

   DataSourceAutoConfiguration.PooledDataSourceConfiguration#jdbcConnectionDetails matched:
      - @ConditionalOnMissingBean (types: org.springframework.boot.jdbc.autoconfigure.JdbcConnectionDetails; SearchStrategy: all) did not find any beans (OnBeanCondition)

   DataSourceConfiguration.Hikari matched:
      - @ConditionalOnClass found required class 'com.zaxxer.hikari.HikariDataSource' (OnClassCondition)
      - @ConditionalOnProperty (spring.datasource.type=com.zaxxer.hikari.HikariDataSource) matched (OnPropertyCondition)
      - @ConditionalOnMissingBean (types: javax.sql.DataSource; SearchStrategy: all) did not find any beans (OnBeanCondition)

   DataSourceInitializationAutoConfiguration matched:
      - @ConditionalOnClass found required class 'org.springframework.jdbc.datasource.init.DatabasePopulator' (OnClassCondition)
      - SQL InitializationDatabase Initialization default value is EMBEDDED (OnSqlInitializationCondition)
      - @ConditionalOnSingleCandidate (types: javax.sql.DataSource; SearchStrategy: all) found a single bean 'dataSource'; @ConditionalOnMissingBean (types: org.springframework.boot.sql.autoconfigure.init.ApplicationScriptDatabaseInitializer; SearchStrategy: all) did not find any beans (OnBeanCondition)

   DataSourcePoolMetadataProvidersConfiguration.HikariPoolDataSourceMetadataProviderConfiguration matched:
      - @ConditionalOnClass found required class 'com.zaxxer.hikari.HikariDataSource' (OnClassCondition)

   DataSourceTransactionManagerAutoConfiguration matched:
      - @ConditionalOnClass found required classes 'javax.sql.DataSource', 'org.springframework.jdbc.core.JdbcTemplate', 'org.springframework.transaction.TransactionManager' (OnClassCondition)

   DataSourceTransactionManagerAutoConfiguration.JdbcTransactionManagerConfiguration matched:
      - @ConditionalOnSingleCandidate (types: javax.sql.DataSource; SearchStrategy: all) found a single bean 'dataSource' (OnBeanCondition)

   DataWebAutoConfiguration matched:
      - @ConditionalOnClass found required classes 'org.springframework.data.web.PageableHandlerMethodArgumentResolver', 'org.springframework.web.servlet.config.annotation.WebMvcConfigurer' (OnClassCondition)
      - found 'session' scope (OnWebApplicationCondition)
      - @ConditionalOnMissingBean (types: org.springframework.data.web.PageableHandlerMethodArgumentResolver; SearchStrategy: all) did not find any beans (OnBeanCondition)

   DataWebAutoConfiguration#pageableCustomizer matched:
      - @ConditionalOnMissingBean (types: org.springframework.data.web.config.PageableHandlerMethodArgumentResolverCustomizer; SearchStrategy: all) did not find any beans (OnBeanCondition)

   DataWebAutoConfiguration#sortCustomizer matched:
      - @ConditionalOnMissingBean (types: org.springframework.data.web.config.SortHandlerMethodArgumentResolverCustomizer; SearchStrategy: all) did not find any beans (OnBeanCondition)

   DataWebAutoConfiguration#springDataWebSettings matched:
      - @ConditionalOnMissingBean (types: org.springframework.data.web.config.SpringDataWebSettings; SearchStrategy: all) did not find any beans (OnBeanCondition)

   DefaultTaskSchedulerConfiguration matched:
      - @ConditionalOnMissingBean (names: taskScheduler; SearchStrategy: all) did not find any beans (OnBeanCondition)

   DefaultTaskSchedulerConfiguration#taskScheduler matched:
      - @ConditionalOnBean (types: org.springframework.boot.task.ThreadPoolTaskSchedulerBuilder; SearchStrategy: all) found bean 'threadPoolTaskSchedulerBuilder' (OnBeanCondition)
      - @ConditionalOnThreading found PLATFORM (OnThreadingCondition)

   DispatcherServletAutoConfiguration matched:
      - @ConditionalOnClass found required class 'org.springframework.web.servlet.DispatcherServlet' (OnClassCondition)
      - found 'session' scope (OnWebApplicationCondition)

   DispatcherServletAutoConfiguration.DispatcherServletConfiguration matched:
      - @ConditionalOnClass found required class 'jakarta.servlet.ServletRegistration' (OnClassCondition)
      - Default DispatcherServlet did not find dispatcher servlet beans (DispatcherServletAutoConfiguration.DefaultDispatcherServletCondition)

   DispatcherServletAutoConfiguration.DispatcherServletRegistrationConfiguration matched:
      - @ConditionalOnClass found required class 'jakarta.servlet.ServletRegistration' (OnClassCondition)
      - DispatcherServlet Registration did not find servlet registration bean (DispatcherServletAutoConfiguration.DispatcherServletRegistrationCondition)

   DispatcherServletAutoConfiguration.DispatcherServletRegistrationConfiguration#dispatcherServletRegistration matched:
      - @ConditionalOnBean (names: dispatcherServlet types: org.springframework.web.servlet.DispatcherServlet; SearchStrategy: all) found bean 'dispatcherServlet' (OnBeanCondition)

   ErrorMvcAutoConfiguration matched:
      - @ConditionalOnClass found required classes 'jakarta.servlet.Servlet', 'org.springframework.web.servlet.DispatcherServlet' (OnClassCondition)
      - found 'session' scope (OnWebApplicationCondition)

   ErrorMvcAutoConfiguration#basicErrorController matched:
      - @ConditionalOnMissingBean (types: org.springframework.boot.webmvc.error.ErrorController; SearchStrategy: current) did not find any beans (OnBeanCondition)

   ErrorMvcAutoConfiguration#errorAttributes matched:
      - @ConditionalOnMissingBean (types: org.springframework.boot.webmvc.error.ErrorAttributes; SearchStrategy: current) did not find any beans (OnBeanCondition)

   ErrorMvcAutoConfiguration.DefaultErrorViewResolverConfiguration#conventionErrorViewResolver matched:
      - @ConditionalOnBean (types: org.springframework.web.servlet.DispatcherServlet; SearchStrategy: all) found bean 'dispatcherServlet'; @ConditionalOnMissingBean (types: org.springframework.boot.webmvc.autoconfigure.error.ErrorViewResolver; SearchStrategy: all) did not find any beans (OnBeanCondition)

   ErrorMvcAutoConfiguration.WhitelabelErrorViewConfiguration matched:
      - @ConditionalOnBooleanProperty (spring.web.error.whitelabel.enabled=true) matched (OnPropertyCondition)
      - ErrorTemplate Missing did not find error template view (ErrorMvcAutoConfiguration.ErrorTemplateMissingCondition)

   ErrorMvcAutoConfiguration.WhitelabelErrorViewConfiguration#beanNameViewResolver matched:
      - @ConditionalOnMissingBean (types: org.springframework.web.servlet.view.BeanNameViewResolver; SearchStrategy: all) did not find any beans (OnBeanCondition)

   ErrorMvcAutoConfiguration.WhitelabelErrorViewConfiguration#defaultErrorView matched:
      - @ConditionalOnMissingBean (names: error; SearchStrategy: all) did not find any beans (OnBeanCondition)

   FlywayAutoConfiguration matched:
      - @ConditionalOnClass found required class 'org.flywaydb.core.Flyway' (OnClassCondition)
      - @ConditionalOnBooleanProperty (spring.flyway.enabled=true) matched (OnPropertyCondition)
      - AnyNestedCondition 2 matched 1 did not; NestedCondition on FlywayAutoConfiguration.FlywayDataSourceCondition.FlywayUrlCondition @ConditionalOnProperty (spring.flyway.url) did not find property 'spring.flyway.url'; NestedCondition on FlywayAutoConfiguration.FlywayDataSourceCondition.JdbcConnectionDetailsCondition @ConditionalOnBean (types: org.springframework.boot.jdbc.autoconfigure.JdbcConnectionDetails; SearchStrategy: all) found bean 'jdbcConnectionDetails'; NestedCondition on FlywayAutoConfiguration.FlywayDataSourceCondition.DataSourceBeanCondition @ConditionalOnBean (types: javax.sql.DataSource; SearchStrategy: all) found bean 'dataSource' (FlywayAutoConfiguration.FlywayDataSourceCondition)

   FlywayAutoConfiguration.FlywayConfiguration matched:
      - @ConditionalOnClass found required class 'org.springframework.jdbc.support.JdbcUtils' (OnClassCondition)
      - @ConditionalOnMissingBean (types: org.flywaydb.core.Flyway; SearchStrategy: all) did not find any beans (OnBeanCondition)

   FlywayAutoConfiguration.FlywayConfiguration#flywayConnectionDetails matched:
      - @ConditionalOnMissingBean (types: org.springframework.boot.flyway.autoconfigure.FlywayConnectionDetails; SearchStrategy: all) did not find any beans (OnBeanCondition)

   FlywayAutoConfiguration.FlywayConfiguration#flywayInitializer matched:
      - @ConditionalOnMissingBean (types: org.springframework.boot.flyway.autoconfigure.FlywayMigrationInitializer; SearchStrategy: all) did not find any beans (OnBeanCondition)

   FlywayAutoConfiguration.FlywayConfiguration.PostgresqlConfiguration matched:
      - @ConditionalOnClass found required class 'org.flywaydb.database.postgresql.PostgreSQLConfigurationExtension' (OnClassCondition)

   HibernateJpaAutoConfiguration matched:
      - @ConditionalOnClass found required classes 'org.springframework.orm.jpa.LocalContainerEntityManagerFactoryBean', 'jakarta.persistence.EntityManager', 'org.hibernate.engine.spi.SessionImplementor' (OnClassCondition)

   HibernateJpaConfiguration matched:
      - @ConditionalOnSingleCandidate (types: javax.sql.DataSource; SearchStrategy: all) found a single bean 'dataSource' (OnBeanCondition)

   HttpEncodingAutoConfiguration matched:
      - @ConditionalOnClass found required class 'org.springframework.web.filter.CharacterEncodingFilter' (OnClassCondition)
      - found 'session' scope (OnWebApplicationCondition)
      - @ConditionalOnBooleanProperty (spring.servlet.encoding.enabled=true) matched (OnPropertyCondition)

   HttpEncodingAutoConfiguration#characterEncodingFilter matched:
      - @ConditionalOnMissingBean (types: org.springframework.web.filter.CharacterEncodingFilter; SearchStrategy: all) did not find any beans (OnBeanCondition)

   HttpMessageConvertersAutoConfiguration matched:
      - @ConditionalOnClass found required class 'org.springframework.http.converter.HttpMessageConverter' (OnClassCondition)
      - NoneNestedConditions 0 matched 1 did not; NestedCondition on HttpMessageConvertersAutoConfiguration.NotReactiveWebApplicationCondition.ReactiveWebApplication did not find reactive web application classes (HttpMessageConvertersAutoConfiguration.NotReactiveWebApplicationCondition)

   HttpMessageConvertersAutoConfiguration.StringHttpMessageConverterConfiguration#stringHttpMessageConvertersCustomizer matched:
      - @ConditionalOnMissingBean (types: org.springframework.http.converter.StringHttpMessageConverter; SearchStrategy: all) did not find any beans (OnBeanCondition)

   JacksonAutoConfiguration matched:
      - @ConditionalOnClass found required class 'tools.jackson.databind.json.JsonMapper' (OnClassCondition)

   JacksonAutoConfiguration#jacksonJsonMapper matched:
      - @ConditionalOnMissingBean (types: tools.jackson.databind.json.JsonMapper; SearchStrategy: all) did not find any beans (OnBeanCondition)

   JacksonAutoConfiguration#jsonFactory matched:
      - @ConditionalOnMissingBean (types: tools.jackson.core.json.JsonFactory; SearchStrategy: all) did not find any beans (OnBeanCondition)

   JacksonAutoConfiguration#jsonMapperBuilder matched:
      - @ConditionalOnMissingBean (types: tools.jackson.databind.json.JsonMapper$Builder; SearchStrategy: all) did not find any beans (OnBeanCondition)

   JacksonAutoConfiguration.JsonProblemDetailsConfiguration matched:
      - @ConditionalOnClass found required class 'org.springframework.http.ProblemDetail' (OnClassCondition)

   JacksonHttpMessageConvertersConfiguration.JacksonJsonHttpMessageConverterConfiguration matched:
      - @ConditionalOnClass found required class 'tools.jackson.databind.json.JsonMapper' (OnClassCondition)
      - @ConditionalOnProperty (spring.http.converters.preferred-json-mapper=jackson) matched (OnPropertyCondition)
      - @ConditionalOnBean (types: tools.jackson.databind.json.JsonMapper; SearchStrategy: all) found bean 'jacksonJsonMapper' (OnBeanCondition)

   JacksonHttpMessageConvertersConfiguration.JacksonJsonHttpMessageConverterConfiguration#jacksonJsonHttpMessageConvertersCustomizer matched:
      - @ConditionalOnMissingBean (types: org.springframework.http.converter.json.JacksonJsonHttpMessageConverter ignored: org.springframework.hateoas.server.mvc.TypeConstrainedJacksonJsonHttpMessageConverter,org.springframework.data.rest.webmvc.alps.AlpsJacksonJsonHttpMessageConverter; SearchStrategy: all) did not find any beans (OnBeanCondition)

   JdbcClientAutoConfiguration matched:
      - @ConditionalOnSingleCandidate (types: org.springframework.jdbc.core.namedparam.NamedParameterJdbcTemplate; SearchStrategy: all) found a single bean 'namedParameterJdbcTemplate'; @ConditionalOnMissingBean (types: org.springframework.jdbc.core.simple.JdbcClient; SearchStrategy: all) did not find any beans (OnBeanCondition)

   JdbcTemplateAutoConfiguration matched:
      - @ConditionalOnClass found required classes 'javax.sql.DataSource', 'org.springframework.jdbc.core.JdbcTemplate' (OnClassCondition)
      - @ConditionalOnSingleCandidate (types: javax.sql.DataSource; SearchStrategy: all) found a single bean 'dataSource' (OnBeanCondition)

   JdbcTemplateConfiguration matched:
      - @ConditionalOnMissingBean (types: org.springframework.jdbc.core.JdbcOperations; SearchStrategy: all) did not find any beans (OnBeanCondition)

   JpaBaseConfiguration#entityManagerFactory matched:
      - @ConditionalOnMissingBean (types: org.springframework.orm.jpa.LocalContainerEntityManagerFactoryBean,jakarta.persistence.EntityManagerFactory; SearchStrategy: all) did not find any beans (OnBeanCondition)

   JpaBaseConfiguration#entityManagerFactoryBuilder matched:
      - @ConditionalOnMissingBean (types: org.springframework.boot.jpa.EntityManagerFactoryBuilder; SearchStrategy: all) did not find any beans (OnBeanCondition)

   JpaBaseConfiguration#jpaVendorAdapter matched:
      - @ConditionalOnMissingBean (types: org.springframework.orm.jpa.JpaVendorAdapter; SearchStrategy: all) did not find any beans (OnBeanCondition)

   JpaBaseConfiguration#transactionManager matched:
      - @ConditionalOnMissingBean (types: org.springframework.transaction.TransactionManager; SearchStrategy: all) did not find any beans (OnBeanCondition)

   JpaBaseConfiguration.PersistenceManagedTypesConfiguration matched:
      - @ConditionalOnMissingBean (types: org.springframework.orm.jpa.LocalContainerEntityManagerFactoryBean,jakarta.persistence.EntityManagerFactory; SearchStrategy: all) did not find any beans (OnBeanCondition)

   JpaBaseConfiguration.PersistenceManagedTypesConfiguration#persistenceManagedTypes matched:
      - @ConditionalOnMissingBean (types: org.springframework.orm.jpa.persistenceunit.PersistenceManagedTypes; SearchStrategy: all) did not find any beans (OnBeanCondition)

   JtaAutoConfiguration matched:
      - @ConditionalOnClass found required class 'jakarta.transaction.Transaction' (OnClassCondition)
      - @ConditionalOnBooleanProperty (spring.jta.enabled=true) matched (OnPropertyCondition)

   LifecycleAutoConfiguration#defaultLifecycleProcessor matched:
      - @ConditionalOnMissingBean (names: lifecycleProcessor; SearchStrategy: current) did not find any beans (OnBeanCondition)

   MailSenderAutoConfiguration matched:
      - @ConditionalOnClass found required classes 'jakarta.mail.internet.MimeMessage', 'jakarta.activation.MimeType', 'org.springframework.mail.MailSender' (OnClassCondition)
      - AnyNestedCondition 1 matched 1 did not; NestedCondition on MailSenderAutoConfiguration.MailSenderCondition.JndiNameProperty @ConditionalOnProperty (spring.mail.jndi-name) did not find property 'spring.mail.jndi-name'; NestedCondition on MailSenderAutoConfiguration.MailSenderCondition.HostProperty @ConditionalOnProperty (spring.mail.host) matched (MailSenderAutoConfiguration.MailSenderCondition)
      - @ConditionalOnMissingBean (types: org.springframework.mail.MailSender; SearchStrategy: all) did not find any beans (OnBeanCondition)

   MailSenderPropertiesConfiguration matched:
      - @ConditionalOnProperty (spring.mail.host) matched (OnPropertyCondition)

   MailSenderPropertiesConfiguration#mailSender matched:
      - @ConditionalOnMissingBean (types: org.springframework.mail.javamail.JavaMailSender; SearchStrategy: all) did not find any beans (OnBeanCondition)

   MultipartAutoConfiguration matched:
      - @ConditionalOnClass found required classes 'jakarta.servlet.Servlet', 'org.springframework.web.multipart.support.StandardServletMultipartResolver', 'jakarta.servlet.MultipartConfigElement' (OnClassCondition)
      - found 'session' scope (OnWebApplicationCondition)
      - @ConditionalOnBooleanProperty (spring.servlet.multipart.enabled=true) matched (OnPropertyCondition)

   MultipartAutoConfiguration#multipartConfigElement matched:
      - @ConditionalOnMissingBean (types: jakarta.servlet.MultipartConfigElement; SearchStrategy: all) did not find any beans (OnBeanCondition)

   MultipartAutoConfiguration#multipartResolver matched:
      - @ConditionalOnMissingBean (types: org.springframework.web.multipart.MultipartResolver; SearchStrategy: all) did not find any beans (OnBeanCondition)

   NamedParameterJdbcTemplateConfiguration matched:
      - @ConditionalOnSingleCandidate (types: org.springframework.jdbc.core.JdbcTemplate; SearchStrategy: all) found a single bean 'jdbcTemplate'; @ConditionalOnMissingBean (types: org.springframework.jdbc.core.namedparam.NamedParameterJdbcOperations; SearchStrategy: all) did not find any beans (OnBeanCondition)

   OAuth2ResourceServerAutoConfiguration matched:
      - @ConditionalOnClass found required class 'org.springframework.security.oauth2.server.resource.authentication.BearerTokenAuthenticationToken' (OnClassCondition)

   OpaqueTokenIntrospectionConfiguration matched:
      - @ConditionalOnMissingBean (types: org.springframework.security.oauth2.server.resource.introspection.OpaqueTokenIntrospector; SearchStrategy: all) did not find any beans (OnBeanCondition)

   PersistenceExceptionTranslationAutoConfiguration matched:
      - @ConditionalOnClass found required class 'org.springframework.dao.annotation.PersistenceExceptionTranslationPostProcessor' (OnClassCondition)

   PersistenceExceptionTranslationAutoConfiguration#persistenceExceptionTranslationPostProcessor matched:
      - @ConditionalOnBooleanProperty (spring.persistence.exceptiontranslation.enabled=true) matched (OnPropertyCondition)
      - @ConditionalOnMissingBean (types: org.springframework.dao.annotation.PersistenceExceptionTranslationPostProcessor; SearchStrategy: all) did not find any beans (OnBeanCondition)

   PropertyPlaceholderAutoConfiguration#propertySourcesPlaceholderConfigurer matched:
      - @ConditionalOnMissingBean (types: org.springframework.context.support.PropertySourcesPlaceholderConfigurer; SearchStrategy: current) did not find any beans (OnBeanCondition)

   SecurityAutoConfiguration matched:
      - @ConditionalOnClass found required class 'org.springframework.security.authentication.DefaultAuthenticationEventPublisher' (OnClassCondition)

   SecurityAutoConfiguration#authenticationEventPublisher matched:
      - @ConditionalOnMissingBean (types: org.springframework.security.authentication.AuthenticationEventPublisher; SearchStrategy: all) did not find any beans (OnBeanCondition)

   SecurityFilterAutoConfiguration matched:
      - @ConditionalOnClass found required classes 'org.springframework.security.web.context.AbstractSecurityWebApplicationInitializer', 'org.springframework.security.config.http.SessionCreationPolicy' (OnClassCondition)
      - found 'session' scope (OnWebApplicationCondition)

   SecurityFilterAutoConfiguration#securityFilterChainRegistration matched:
      - @ConditionalOnBean (names: springSecurityFilterChain; SearchStrategy: all) found bean 'springSecurityFilterChain' (OnBeanCondition)

   ServletWebSecurityAutoConfiguration matched:
      - @ConditionalOnClass found required class 'org.springframework.security.config.annotation.web.configuration.EnableWebSecurity' (OnClassCondition)
      - found 'session' scope (OnWebApplicationCondition)

   ServletWebSecurityAutoConfiguration.EnableWebSecurityConfiguration matched:
      - @ConditionalOnClass found required class 'org.springframework.security.config.annotation.web.configuration.EnableWebSecurity' (OnClassCondition)
      - @ConditionalOnMissingBean (names: springSecurityFilterChain; SearchStrategy: all) did not find any beans (OnBeanCondition)

   ServletWebSecurityAutoConfiguration.PathPatternRequestMatcherBuilderConfiguration matched:
      - @ConditionalOnClass found required class 'org.springframework.boot.webmvc.autoconfigure.DispatcherServletPath' (OnClassCondition)
      - @ConditionalOnBean (types: org.springframework.boot.webmvc.autoconfigure.DispatcherServletPath; SearchStrategy: all) found bean 'dispatcherServletRegistration' (OnBeanCondition)

   ServletWebSecurityAutoConfiguration.PathPatternRequestMatcherBuilderConfiguration#pathPatternRequestMatcherBuilder matched:
      - @ConditionalOnMissingBean (types: org.springframework.security.web.servlet.util.matcher.PathPatternRequestMatcher$Builder; SearchStrategy: all) did not find any beans (OnBeanCondition)

   ServletWebServerConfiguration#forwardedHeaderFilter matched:
      - @ConditionalOnProperty (server.forward-headers-strategy=framework) matched (OnPropertyCondition)
      - @ConditionalOnMissingBean (types: org.springframework.web.filter.ForwardedHeaderFilter; SearchStrategy: all) did not find any beans (OnBeanCondition)

   SslAutoConfiguration#sslBundleRegistry matched:
      - @ConditionalOnMissingBean (types: org.springframework.boot.ssl.SslBundleRegistry,org.springframework.boot.ssl.SslBundles; SearchStrategy: all) did not find any beans (OnBeanCondition)

   TaskExecutionAutoConfiguration matched:
      - @ConditionalOnClass found required class 'org.springframework.scheduling.concurrent.ThreadPoolTaskExecutor' (OnClassCondition)

   TaskExecutorConfigurations.AsyncConfigurerConfiguration matched:
      - @ConditionalOnMissingBean (types: org.springframework.scheduling.annotation.AsyncConfigurer; SearchStrategy: all) did not find any beans (OnBeanCondition)

   TaskExecutorConfigurations.SimpleAsyncTaskExecutorBuilderConfiguration#simpleAsyncTaskExecutorBuilder matched:
      - @ConditionalOnMissingBean (types: org.springframework.boot.task.SimpleAsyncTaskExecutorBuilder; SearchStrategy: all) did not find any beans (OnBeanCondition)
      - @ConditionalOnThreading found PLATFORM (OnThreadingCondition)

   TaskExecutorConfigurations.TaskExecutorConfiguration matched:
      - AnyNestedCondition 1 matched 1 did not; NestedCondition on TaskExecutorConfigurations.OnExecutorCondition.ModelCondition @ConditionalOnProperty (spring.task.execution.mode=force) did not find property 'spring.task.execution.mode'; NestedCondition on TaskExecutorConfigurations.OnExecutorCondition.ExecutorBeanCondition @ConditionalOnMissingBean (types: java.util.concurrent.Executor; SearchStrategy: all) did not find any beans (TaskExecutorConfigurations.OnExecutorCondition)

   TaskExecutorConfigurations.TaskExecutorConfiguration#applicationTaskExecutor matched:
      - @ConditionalOnThreading found PLATFORM (OnThreadingCondition)

   TaskExecutorConfigurations.ThreadPoolTaskExecutorBuilderConfiguration#threadPoolTaskExecutorBuilder matched:
      - @ConditionalOnMissingBean (types: org.springframework.boot.task.ThreadPoolTaskExecutorBuilder; SearchStrategy: all) did not find any beans (OnBeanCondition)

   TaskSchedulingAutoConfiguration matched:
      - @ConditionalOnClass found required class 'org.springframework.scheduling.concurrent.ThreadPoolTaskScheduler' (OnClassCondition)

   TaskSchedulingAutoConfiguration#scheduledBeanLazyInitializationExcludeFilter matched:
      - @ConditionalOnBean (names: org.springframework.scheduling.config.internalScheduledAnnotationProcessor; SearchStrategy: all) found bean 'org.springframework.scheduling.config.internalScheduledAnnotationProcessor' (OnBeanCondition)

   TaskSchedulingConfigurations.SimpleAsyncTaskSchedulerBuilderConfiguration#simpleAsyncTaskSchedulerBuilder matched:
      - @ConditionalOnMissingBean (types: org.springframework.boot.task.SimpleAsyncTaskSchedulerBuilder; SearchStrategy: all) did not find any beans (OnBeanCondition)
      - @ConditionalOnThreading found PLATFORM (OnThreadingCondition)

   TaskSchedulingConfigurations.TaskSchedulerConfiguration matched:
      - @ConditionalOnBean (names: org.springframework.scheduling.config.internalScheduledAnnotationProcessor; SearchStrategy: all) found bean 'org.springframework.scheduling.config.internalScheduledAnnotationProcessor'; @ConditionalOnMissingBean (types: org.springframework.scheduling.TaskScheduler,java.util.concurrent.ScheduledExecutorService; SearchStrategy: all) did not find any beans (OnBeanCondition)

   TaskSchedulingConfigurations.ThreadPoolTaskSchedulerBuilderConfiguration#threadPoolTaskSchedulerBuilder matched:
      - @ConditionalOnMissingBean (types: org.springframework.boot.task.ThreadPoolTaskSchedulerBuilder; SearchStrategy: all) did not find any beans (OnBeanCondition)

   TomcatServletWebServerAutoConfiguration matched:
      - @ConditionalOnClass found required classes 'jakarta.servlet.ServletRequest', 'org.apache.catalina.startup.Tomcat', 'org.apache.coyote.UpgradeProtocol', 'org.springframework.boot.tomcat.servlet.TomcatServletWebServerFactory' (OnClassCondition)
      - found 'session' scope (OnWebApplicationCondition)

   TomcatServletWebServerAutoConfiguration#tomcatForwardedHeaderFilterCustomizer matched:
      - @ConditionalOnProperty (server.forward-headers-strategy=framework) matched (OnPropertyCondition)

   TomcatServletWebServerAutoConfiguration#tomcatServletWebServerFactory matched:
      - @ConditionalOnMissingBean (types: org.springframework.boot.web.server.servlet.ServletWebServerFactory; SearchStrategy: current) did not find any beans (OnBeanCondition)

   TransactionAutoConfiguration matched:
      - @ConditionalOnClass found required class 'org.springframework.transaction.PlatformTransactionManager' (OnClassCondition)

   TransactionAutoConfiguration.EnableTransactionManagementConfiguration matched:
      - @ConditionalOnBean (types: org.springframework.transaction.TransactionManager; SearchStrategy: all) found bean 'transactionManager'; @ConditionalOnMissingBean (types: org.springframework.transaction.annotation.AbstractTransactionManagementConfiguration; SearchStrategy: all) did not find any beans (OnBeanCondition)

   TransactionAutoConfiguration.EnableTransactionManagementConfiguration.CglibAutoProxyConfiguration matched:
      - @ConditionalOnBooleanProperty (spring.aop.proxy-target-class=true) matched (OnPropertyCondition)

   TransactionAutoConfiguration.TransactionTemplateConfiguration matched:
      - @ConditionalOnSingleCandidate (types: org.springframework.transaction.PlatformTransactionManager; SearchStrategy: all) found a single bean 'transactionManager' (OnBeanCondition)

   TransactionAutoConfiguration.TransactionTemplateConfiguration#transactionTemplate matched:
      - @ConditionalOnMissingBean (types: org.springframework.transaction.support.TransactionOperations; SearchStrategy: all) did not find any beans (OnBeanCondition)

   TransactionManagerCustomizationAutoConfiguration matched:
      - @ConditionalOnClass found required class 'org.springframework.transaction.PlatformTransactionManager' (OnClassCondition)

   TransactionManagerCustomizationAutoConfiguration#platformTransactionManagerCustomizers matched:
      - @ConditionalOnMissingBean (types: org.springframework.boot.transaction.autoconfigure.TransactionManagerCustomizers; SearchStrategy: all) did not find any beans (OnBeanCondition)

   ValidationAutoConfiguration matched:
      - @ConditionalOnClass found required class 'jakarta.validation.executable.ExecutableValidator' (OnClassCondition)
      - @ConditionalOnResource found location classpath:META-INF/services/jakarta.validation.spi.ValidationProvider (OnResourceCondition)

   ValidationAutoConfiguration#defaultValidator matched:
      - @ConditionalOnMissingBean (types: jakarta.validation.Validator; SearchStrategy: all) did not find any beans (OnBeanCondition)

   ValidationAutoConfiguration#methodValidationPostProcessor matched:
      - @ConditionalOnMissingBean (types: org.springframework.validation.beanvalidation.MethodValidationPostProcessor; SearchStrategy: current) did not find any beans (OnBeanCondition)

   WebMvcAutoConfiguration matched:
      - @ConditionalOnClass found required classes 'jakarta.servlet.Servlet', 'org.springframework.web.servlet.DispatcherServlet', 'org.springframework.web.servlet.config.annotation.WebMvcConfigurer' (OnClassCondition)
      - found 'session' scope (OnWebApplicationCondition)
      - @ConditionalOnMissingBean (types: org.springframework.web.servlet.config.annotation.WebMvcConfigurationSupport; SearchStrategy: all) did not find any beans (OnBeanCondition)

   WebMvcAutoConfiguration#formContentFilter matched:
      - @ConditionalOnBooleanProperty (spring.mvc.formcontent.filter.enabled=true) matched (OnPropertyCondition)
      - @ConditionalOnMissingBean (types: org.springframework.web.filter.FormContentFilter; SearchStrategy: all) did not find any beans (OnBeanCondition)

   WebMvcAutoConfiguration.EnableWebMvcConfiguration#flashMapManager matched:
      - @ConditionalOnMissingBean (names: flashMapManager; SearchStrategy: all) did not find any beans (OnBeanCondition)

   WebMvcAutoConfiguration.EnableWebMvcConfiguration#localeResolver matched:
      - @ConditionalOnMissingBean (names: localeResolver; SearchStrategy: all) did not find any beans (OnBeanCondition)

   WebMvcAutoConfiguration.EnableWebMvcConfiguration#viewNameTranslator matched:
      - @ConditionalOnMissingBean (names: viewNameTranslator; SearchStrategy: all) did not find any beans (OnBeanCondition)

   WebMvcAutoConfiguration.WebMvcAutoConfigurationAdapter#defaultViewResolver matched:
      - @ConditionalOnMissingBean (types: org.springframework.web.servlet.view.InternalResourceViewResolver; SearchStrategy: all) did not find any beans (OnBeanCondition)

   WebMvcAutoConfiguration.WebMvcAutoConfigurationAdapter#requestContextFilter matched:
      - @ConditionalOnMissingBean (types: org.springframework.web.context.request.RequestContextListener,org.springframework.web.filter.RequestContextFilter; SearchStrategy: all) did not find any beans (OnBeanCondition)

   WebMvcAutoConfiguration.WebMvcAutoConfigurationAdapter#viewResolver matched:
      - @ConditionalOnBean (types: org.springframework.web.servlet.ViewResolver; SearchStrategy: all) found beans 'defaultViewResolver', 'beanNameViewResolver', 'mvcViewResolver'; @ConditionalOnMissingBean (names: viewResolver types: org.springframework.web.servlet.view.ContentNegotiatingViewResolver; SearchStrategy: all) did not find any beans (OnBeanCondition)


Negative matches:
-----------------

   AopAutoConfiguration.AspectJAutoProxyingConfiguration.JdkDynamicAutoProxyConfiguration:
      Did not match:
         - @ConditionalOnBooleanProperty (spring.aop.proxy-target-class=false) did not find property 'spring.aop.proxy-target-class' (OnPropertyCondition)

   AopAutoConfiguration.ClassProxyingConfiguration:
      Did not match:
         - @ConditionalOnMissingClass found unwanted class 'org.aspectj.weaver.Advice' (OnClassCondition)

   DataJpaRepositoriesAutoConfiguration#entityManagerFactoryBootstrapExecutorCustomizer:
      Did not match:
         - @ConditionalOnProperty (spring.data.jpa.repositories.bootstrap-mode=deferred) did not find property 'spring.data.jpa.repositories.bootstrap-mode' (OnPropertyCondition)

   DataRepositoryMetricsAutoConfiguration:
      Did not match:
         - @ConditionalOnBean did not find required type 'io.micrometer.core.instrument.MeterRegistry' (OnBeanCondition)

   DataSourceAutoConfiguration.EmbeddedDatabaseConfiguration:
      Did not match:
         - EmbeddedDataSource spring.datasource.url is set (DataSourceAutoConfiguration.EmbeddedDatabaseCondition)

   DataSourceCheckpointRestoreConfiguration:
      Did not match:
         - @ConditionalOnClass did not find required class 'org.crac.Resource' (OnClassCondition)

   DataSourceConfiguration.Dbcp2:
      Did not match:
         - @ConditionalOnClass did not find required class 'org.apache.commons.dbcp2.BasicDataSource' (OnClassCondition)

   DataSourceConfiguration.Generic:
      Did not match:
         - @ConditionalOnProperty (spring.datasource.type) did not find property 'spring.datasource.type' (OnPropertyCondition)

   DataSourceConfiguration.OracleUcp:
      Did not match:
         - @ConditionalOnClass did not find required classes 'oracle.ucp.jdbc.PoolDataSourceImpl', 'oracle.jdbc.OracleConnection' (OnClassCondition)

   DataSourceConfiguration.Tomcat:
      Did not match:
         - @ConditionalOnClass did not find required class 'org.apache.tomcat.jdbc.pool.DataSource' (OnClassCondition)

   DataSourceHealthContributorAutoConfiguration:
      Did not match:
         - @ConditionalOnClass did not find required class 'org.springframework.boot.health.autoconfigure.contributor.ConditionalOnEnabledHealthIndicator' (OnClassCondition)

   DataSourceJmxConfiguration:
      Did not match:
         - @ConditionalOnBooleanProperty (spring.jmx.enabled=true) found different value in property 'spring.jmx.enabled' (OnPropertyCondition)

   DataSourcePoolMetadataProvidersConfiguration.CommonsDbcp2PoolDataSourceMetadataProviderConfiguration:
      Did not match:
         - @ConditionalOnClass did not find required class 'org.apache.commons.dbcp2.BasicDataSource' (OnClassCondition)

   DataSourcePoolMetadataProvidersConfiguration.OracleUcpPoolDataSourceMetadataProviderConfiguration:
      Did not match:
         - @ConditionalOnClass did not find required classes 'oracle.ucp.jdbc.PoolDataSource', 'oracle.jdbc.OracleConnection' (OnClassCondition)

   DataSourcePoolMetadataProvidersConfiguration.TomcatDataSourcePoolMetadataProviderConfiguration:
      Did not match:
         - @ConditionalOnClass did not find required class 'org.apache.tomcat.jdbc.pool.DataSource' (OnClassCondition)

   DataSourcePoolMetricsAutoConfiguration:
      Did not match:
         - @ConditionalOnClass did not find required class 'io.micrometer.core.instrument.MeterRegistry' (OnClassCondition)

   DataSourceTransactionManagerAutoConfiguration.JdbcTransactionManagerConfiguration#transactionManager:
      Did not match:
         - @ConditionalOnMissingBean (types: org.springframework.transaction.TransactionManager; SearchStrategy: all) found beans of type 'org.springframework.transaction.TransactionManager' transactionManager (OnBeanCondition)

   DefaultTaskSchedulerConfiguration#taskSchedulerVirtualThreads:
      Did not match:
         - @ConditionalOnThreading did not find VIRTUAL (OnThreadingCondition)
      Matched:
         - @ConditionalOnBean (types: org.springframework.boot.task.SimpleAsyncTaskSchedulerBuilder; SearchStrategy: all) found bean 'simpleAsyncTaskSchedulerBuilder' (OnBeanCondition)

   DispatcherServletAutoConfiguration.DispatcherServletConfiguration#multipartResolver:
      Did not match:
         - @ConditionalOnBean (types: org.springframework.web.multipart.MultipartResolver; SearchStrategy: all) did not find any beans of type org.springframework.web.multipart.MultipartResolver (OnBeanCondition)

   FlywayAutoConfiguration.FlywayConfiguration.OracleConfiguration:
      Did not match:
         - @ConditionalOnClass did not find required class 'org.flywaydb.database.oracle.OracleConfigurationExtension' (OnClassCondition)

   FlywayAutoConfiguration.FlywayConfiguration.SqlServerConfiguration:
      Did not match:
         - @ConditionalOnClass did not find required class 'org.flywaydb.database.sqlserver.SQLServerConfigurationExtension' (OnClassCondition)

   FlywayEndpointAutoConfiguration:
      Did not match:
         - @ConditionalOnClass did not find required class 'org.springframework.boot.actuate.autoconfigure.endpoint.condition.ConditionalOnAvailableEndpoint' (OnClassCondition)

   GsonHttpMessageConvertersConfiguration:
      Did not match:
         - @ConditionalOnClass did not find required class 'com.google.gson.Gson' (OnClassCondition)

   HibernateMetricsAutoConfiguration:
      Did not match:
         - @ConditionalOnClass did not find required class 'io.micrometer.core.instrument.MeterRegistry' (OnClassCondition)

   Jackson2HttpMessageConvertersConfiguration.MappingJackson2HttpMessageConverterConfiguration:
      Did not match:
         - AnyNestedCondition 0 matched 2 did not; NestedCondition on Jackson2HttpMessageConvertersConfiguration.PreferJackson2OrJacksonUnavailableCondition.JacksonUnavailable @ConditionalOnMissingBean (types: org.springframework.boot.http.converter.autoconfigure.JacksonHttpMessageConvertersConfiguration$JacksonJsonHttpMessageConvertersCustomizer; SearchStrategy: all) found beans of type 'org.springframework.boot.http.converter.autoconfigure.JacksonHttpMessageConvertersConfiguration$JacksonJsonHttpMessageConvertersCustomizer' jacksonJsonHttpMessageConvertersCustomizer; NestedCondition on Jackson2HttpMessageConvertersConfiguration.PreferJackson2OrJacksonUnavailableCondition.Jackson2Preferred @ConditionalOnProperty (spring.http.converters.preferred-json-mapper=jackson2) did not find property 'spring.http.converters.preferred-json-mapper' (Jackson2HttpMessageConvertersConfiguration.PreferJackson2OrJacksonUnavailableCondition)
      Matched:
         - @ConditionalOnClass found required class 'com.fasterxml.jackson.databind.ObjectMapper' (OnClassCondition)

   Jackson2HttpMessageConvertersConfiguration.MappingJackson2XmlHttpMessageConverterConfiguration:
      Did not match:
         - @ConditionalOnClass did not find required class 'com.fasterxml.jackson.dataformat.xml.XmlMapper' (OnClassCondition)

   JacksonAutoConfiguration.CborConfiguration:
      Did not match:
         - @ConditionalOnClass did not find required class 'tools.jackson.dataformat.cbor.CBORMapper' (OnClassCondition)

   JacksonAutoConfiguration.XmlConfiguration:
      Did not match:
         - @ConditionalOnClass did not find required class 'tools.jackson.dataformat.xml.XmlMapper' (OnClassCondition)

   JacksonHttpMessageConvertersConfiguration.JacksonXmlHttpMessageConverterConfiguration:
      Did not match:
         - @ConditionalOnClass did not find required class 'tools.jackson.dataformat.xml.XmlMapper' (OnClassCondition)

   JmxAutoConfiguration:
      Did not match:
         - @ConditionalOnBooleanProperty (spring.jmx.enabled=true) found different value in property 'spring.jmx.enabled' (OnPropertyCondition)
      Matched:
         - @ConditionalOnClass found required class 'org.springframework.jmx.export.MBeanExporter' (OnClassCondition)

   JndiDataSourceAutoConfiguration:
      Did not match:
         - @ConditionalOnProperty (spring.datasource.jndi-name) did not find property 'spring.datasource.jndi-name' (OnPropertyCondition)
      Matched:
         - @ConditionalOnClass found required classes 'javax.sql.DataSource', 'org.springframework.jdbc.datasource.embedded.EmbeddedDatabaseType' (OnClassCondition)

   JndiJtaConfiguration:
      Did not match:
         - @ConditionalOnJndi JNDI environment is not available (OnJndiCondition)
      Matched:
         - @ConditionalOnClass found required class 'org.springframework.transaction.jta.JtaTransactionManager' (OnClassCondition)

   JpaBaseConfiguration.JpaWebConfiguration:
      Did not match:
         - @ConditionalOnBooleanProperty (spring.jpa.open-in-view=true) found different value in property 'spring.jpa.open-in-view' (OnPropertyCondition)
      Matched:
         - @ConditionalOnClass found required class 'org.springframework.web.servlet.config.annotation.WebMvcConfigurer' (OnClassCondition)
         - found 'session' scope (OnWebApplicationCondition)

   JsonbHttpMessageConvertersConfiguration:
      Did not match:
         - @ConditionalOnClass did not find required class 'jakarta.json.bind.Jsonb' (OnClassCondition)

   JwtConverterConfiguration:
      Did not match:
         - AnyNestedCondition 0 matched 4 did not; NestedCondition on JwtConverterConfiguration.PropertiesCondition.OnAuthoritiesExpressions Authorities claim expressions did not find property spring.security.oauth2.resourceserver.jwt.authorities-claim-expressions; NestedCondition on JwtConverterConfiguration.PropertiesCondition.OnAuthoritiesClaimName @ConditionalOnProperty (spring.security.oauth2.resourceserver.jwt.authorities-claim-name) did not find property 'spring.security.oauth2.resourceserver.jwt.authorities-claim-name'; NestedCondition on JwtConverterConfiguration.PropertiesCondition.OnPrincipalClaimName @ConditionalOnProperty (spring.security.oauth2.resourceserver.jwt.principal-claim-name) did not find property 'spring.security.oauth2.resourceserver.jwt.principal-claim-name'; NestedCondition on JwtConverterConfiguration.PropertiesCondition.OnAuthorityPrefix @ConditionalOnProperty (spring.security.oauth2.resourceserver.jwt.authority-prefix) did not find property 'spring.security.oauth2.resourceserver.jwt.authority-prefix' (JwtConverterConfiguration.PropertiesCondition)
      Matched:
         - @ConditionalOnClass found required class 'org.springframework.security.oauth2.jwt.JwtDecoder' (OnClassCondition)

   JwtDecoderConfiguration:
      Did not match:
         - @ConditionalOnMissingBean (types: org.springframework.security.oauth2.jwt.JwtDecoder; SearchStrategy: all) found beans of type 'org.springframework.security.oauth2.jwt.JwtDecoder' jwtDecoder (OnBeanCondition)
      Matched:
         - @ConditionalOnClass found required class 'org.springframework.security.oauth2.jwt.JwtDecoder' (OnClassCondition)

   KidsChampDemoSeeder:
      Did not match:
         - @ConditionalOnProperty (aplus.kids-champ.demo-seed=true) found different value in property 'aplus.kids-champ.demo-seed' (OnPropertyCondition)

   KotlinSerializationHttpMessageConvertersConfiguration:
      Did not match:
         - @ConditionalOnClass did not find required classes 'kotlinx.serialization.Serializable', 'kotlinx.serialization.json.Json' (OnClassCondition)

   LazyConnectionDataSourceConfiguration:
      Did not match:
         - @ConditionalOnProperty (spring.datasource.connection-fetch=lazy) did not find property 'spring.datasource.connection-fetch' (OnPropertyCondition)

   MailHealthContributorAutoConfiguration:
      Did not match:
         - @ConditionalOnClass did not find required class 'org.springframework.boot.health.autoconfigure.contributor.ConditionalOnEnabledHealthIndicator' (OnClassCondition)

   MailSenderJndiConfiguration:
      Did not match:
         - @ConditionalOnProperty (spring.mail.jndi-name) did not find property 'spring.mail.jndi-name' (OnPropertyCondition)
      Matched:
         - @ConditionalOnClass found required class 'jakarta.mail.Session' (OnClassCondition)

   MailSenderValidatorAutoConfiguration:
      Did not match:
         - @ConditionalOnBooleanProperty (spring.mail.test-connection=true) did not find property 'spring.mail.test-connection' (OnPropertyCondition)

   ManagementWebSecurityAutoConfiguration:
      Did not match:
         - @ConditionalOnClass did not find required class 'org.springframework.boot.actuate.autoconfigure.endpoint.web.WebEndpointAutoConfiguration' (OnClassCondition)

   MessageSourceAutoConfiguration:
      Did not match:
         - ResourceBundle did not find bundle with basename messages (MessageSourceAutoConfiguration.ResourceBundleCondition)

   OAuth2ResourceServerWebSecurityAutoConfiguration:
      Did not match:
         - AllNestedConditions 1 matched 1 did not; NestedCondition on DefaultWebSecurityCondition.Beans @ConditionalOnMissingBean (types: org.springframework.security.web.SecurityFilterChain; SearchStrategy: all) found beans of type 'org.springframework.security.web.SecurityFilterChain' securityFilterChain; NestedCondition on DefaultWebSecurityCondition.Classes @ConditionalOnClass found required classes 'org.springframework.security.web.SecurityFilterChain', 'org.springframework.security.config.annotation.web.builders.HttpSecurity' (DefaultWebSecurityCondition)
      Matched:
         - found 'session' scope (OnWebApplicationCondition)

   OpaqueTokenIntrospectionConfiguration#opaqueTokenIntrospector:
      Did not match:
         - @ConditionalOnProperty (spring.security.oauth2.resourceserver.opaquetoken.introspection-uri) did not find property 'spring.security.oauth2.resourceserver.opaquetoken.introspection-uri' (OnPropertyCondition)

   ProjectInfoAutoConfiguration#buildProperties:
      Did not match:
         - @ConditionalOnResource did not find resource '${spring.info.build.location:classpath:META-INF/build-info.properties}' (OnResourceCondition)

   ProjectInfoAutoConfiguration#gitProperties:
      Did not match:
         - GitResource did not find git info at classpath:git.properties (ProjectInfoAutoConfiguration.GitResourceAvailableCondition)

   RSocketSecurityAutoConfiguration:
      Did not match:
         - @ConditionalOnClass did not find required class 'org.springframework.boot.rsocket.server.RSocketServerCustomizer' (OnClassCondition)

   ReactiveManagementWebSecurityAutoConfiguration:
      Did not match:
         - @ConditionalOnClass did not find required class 'org.springframework.boot.actuate.autoconfigure.endpoint.web.WebEndpointAutoConfiguration' (OnClassCondition)

   ReactiveOAuth2ResourceServerAutoConfiguration:
      Did not match:
         - @ConditionalOnClass did not find required class 'reactor.core.publisher.Mono' (OnClassCondition)

   ReactiveOAuth2ResourceServerWebSecurityAutoConfiguration:
      Did not match:
         - @ConditionalOnWebApplication did not find reactive web application classes (OnWebApplicationCondition)

   ReactiveUserDetailsServiceAutoConfiguration:
      Did not match:
         - AnyNestedCondition 0 matched 3 did not; NestedCondition on MissingAlternativeUserDetailsManagerOrUserPropertiesConfigured.PasswordConfigured @ConditionalOnProperty (spring.security.user.password) did not find property 'spring.security.user.password'; NestedCondition on MissingAlternativeUserDetailsManagerOrUserPropertiesConfigured.NameConfigured @ConditionalOnProperty (spring.security.user.name) did not find property 'spring.security.user.name'; NestedCondition on MissingAlternativeUserDetailsManagerOrUserPropertiesConfigured.MissingAlternative @ConditionalOnMissingClass found unwanted class 'org.springframework.security.oauth2.server.resource.introspection.OpaqueTokenIntrospector' (MissingAlternativeUserDetailsManagerOrUserPropertiesConfigured)
      Matched:
         - @ConditionalOnClass found required class 'org.springframework.security.authentication.ReactiveAuthenticationManager' (OnClassCondition)

   ReactiveWebSecurityAutoConfiguration:
      Did not match:
         - @ConditionalOnClass did not find required class 'reactor.core.publisher.Flux' (OnClassCondition)

   SecurityAutoConfiguration.SecurityDataConfiguration:
      Did not match:
         - @ConditionalOnClass did not find required class 'org.springframework.security.data.repository.query.SecurityEvaluationContextExtension' (OnClassCondition)

   ServletHttpExchangesAutoConfiguration:
      Did not match:
         - @ConditionalOnBean did not find required type 'org.springframework.boot.actuate.web.exchanges.HttpExchangeRepository' (OnBeanCondition)

   ServletManagementContextAutoConfiguration:
      Did not match:
         - @ConditionalOnClass did not find required class 'org.springframework.boot.actuate.autoconfigure.endpoint.web.WebEndpointProperties' (OnClassCondition)

   ServletMappingsAutoConfiguration:
      Did not match:
         - @ConditionalOnClass did not find required class 'org.springframework.boot.actuate.autoconfigure.endpoint.condition.ConditionalOnAvailableEndpoint' (OnClassCondition)

   ServletWebSecurityAutoConfiguration.SecurityFilterChainConfiguration:
      Did not match:
         - AllNestedConditions 1 matched 1 did not; NestedCondition on DefaultWebSecurityCondition.Beans @ConditionalOnMissingBean (types: org.springframework.security.web.SecurityFilterChain; SearchStrategy: all) found beans of type 'org.springframework.security.web.SecurityFilterChain' securityFilterChain; NestedCondition on DefaultWebSecurityCondition.Classes @ConditionalOnClass found required classes 'org.springframework.security.web.SecurityFilterChain', 'org.springframework.security.config.annotation.web.builders.HttpSecurity' (DefaultWebSecurityCondition)

   SpringApplicationAdminJmxAutoConfiguration:
      Did not match:
         - @ConditionalOnBooleanProperty (spring.application.admin.enabled=true) did not find property 'spring.application.admin.enabled' (OnPropertyCondition)

   TaskExecutorConfigurations.AsyncConfigurerWrapperConfiguration:
      Did not match:
         - @ConditionalOnBean (types: org.springframework.scheduling.annotation.AsyncConfigurer; SearchStrategy: all) did not find any beans of type org.springframework.scheduling.annotation.AsyncConfigurer (OnBeanCondition)

   TaskExecutorConfigurations.SimpleAsyncTaskExecutorBuilderConfiguration#simpleAsyncTaskExecutorBuilderVirtualThreads:
      Did not match:
         - @ConditionalOnMissingBean (types: org.springframework.boot.task.SimpleAsyncTaskExecutorBuilder; SearchStrategy: all) found beans of type 'org.springframework.boot.task.SimpleAsyncTaskExecutorBuilder' simpleAsyncTaskExecutorBuilder (OnBeanCondition)

   TaskExecutorConfigurations.TaskExecutorConfiguration#applicationTaskExecutorVirtualThreads:
      Did not match:
         - @ConditionalOnThreading did not find VIRTUAL (OnThreadingCondition)

   TaskExecutorConfigurations.TaskExecutorContextPropagationConfiguration:
      Did not match:
         - @ConditionalOnClass did not find required class 'io.micrometer.context.ContextSnapshot' (OnClassCondition)

   TaskSchedulingConfigurations.SimpleAsyncTaskSchedulerBuilderConfiguration#simpleAsyncTaskSchedulerBuilderVirtualThreads:
      Did not match:
         - @ConditionalOnMissingBean (types: org.springframework.boot.task.SimpleAsyncTaskSchedulerBuilder; SearchStrategy: all) found beans of type 'org.springframework.boot.task.SimpleAsyncTaskSchedulerBuilder' simpleAsyncTaskSchedulerBuilder (OnBeanCondition)

   TomcatMetricsAutoConfiguration:
      Did not match:
         - @ConditionalOnClass did not find required class 'io.micrometer.core.instrument.binder.tomcat.TomcatMetrics' (OnClassCondition)

   TomcatReactiveManagementContextAutoConfiguration:
      Did not match:
         - @ConditionalOnClass did not find required class 'org.springframework.boot.actuate.autoconfigure.web.server.ManagementContextFactory' (OnClassCondition)

   TomcatReactiveWebServerAutoConfiguration:
      Did not match:
         - @ConditionalOnWebApplication did not find reactive web application classes (OnWebApplicationCondition)

   TomcatServletManagementContextAutoConfiguration:
      Did not match:
         - @ConditionalOnClass did not find required class 'org.springframework.boot.actuate.autoconfigure.web.server.ManagementContextFactory' (OnClassCondition)

   TomcatWebServerConfiguration:
      Did not match:
         - Application is deployed as a WAR file. (OnWarDeploymentCondition)

   TransactionAutoConfiguration#transactionalOperator:
      Did not match:
         - @ConditionalOnSingleCandidate (types: org.springframework.transaction.ReactiveTransactionManager; SearchStrategy: all) did not find any beans (OnBeanCondition)

   TransactionAutoConfiguration.AspectJTransactionManagementConfiguration:
      Did not match:
         - @ConditionalOnBean (types: org.springframework.transaction.aspectj.AbstractTransactionAspect; SearchStrategy: all) did not find any beans of type org.springframework.transaction.aspectj.AbstractTransactionAspect (OnBeanCondition)

   TransactionAutoConfiguration.EnableTransactionManagementConfiguration.JdkDynamicAutoProxyConfiguration:
      Did not match:
         - @ConditionalOnBooleanProperty (spring.aop.proxy-target-class=false) did not find property 'spring.aop.proxy-target-class' (OnPropertyCondition)

   UserDetailsServiceAutoConfiguration:
      Did not match:
         - AnyNestedCondition 0 matched 3 did not; NestedCondition on MissingAlternativeUserDetailsManagerOrUserPropertiesConfigured.PasswordConfigured @ConditionalOnProperty (spring.security.user.password) did not find property 'spring.security.user.password'; NestedCondition on MissingAlternativeUserDetailsManagerOrUserPropertiesConfigured.NameConfigured @ConditionalOnProperty (spring.security.user.name) did not find property 'spring.security.user.name'; NestedCondition on MissingAlternativeUserDetailsManagerOrUserPropertiesConfigured.MissingAlternative @ConditionalOnMissingClass found unwanted class 'org.springframework.security.oauth2.server.resource.introspection.OpaqueTokenIntrospector' (MissingAlternativeUserDetailsManagerOrUserPropertiesConfigured)
      Matched:
         - @ConditionalOnClass found required class 'org.springframework.security.authentication.AuthenticationManager' (OnClassCondition)
         - found 'session' scope (OnWebApplicationCondition)

   WebMvcAutoConfiguration#hiddenHttpMethodFilter:
      Did not match:
         - @ConditionalOnBooleanProperty (spring.mvc.hiddenmethod.filter.enabled=true) did not find property 'spring.mvc.hiddenmethod.filter.enabled' (OnPropertyCondition)

   WebMvcAutoConfiguration.ProblemDetailsErrorHandlingConfiguration:
      Did not match:
         - @ConditionalOnBooleanProperty (spring.mvc.problemdetails.enabled=true) did not find property 'spring.mvc.problemdetails.enabled' (OnPropertyCondition)

   WebMvcAutoConfiguration.ResourceChainCustomizerConfiguration:
      Did not match:
         - @ConditionalOnEnabledResourceChain did not find class org.webjars.WebJarVersionLocator (OnEnabledResourceChainCondition)

   WebMvcAutoConfiguration.WebMvcAutoConfigurationAdapter#beanNameViewResolver:
      Did not match:
         - @ConditionalOnMissingBean (types: org.springframework.web.servlet.view.BeanNameViewResolver; SearchStrategy: all) found beans of type 'org.springframework.web.servlet.view.BeanNameViewResolver' beanNameViewResolver (OnBeanCondition)

   WebMvcHealthEndpointExtensionAutoConfiguration:
      Did not match:
         - @ConditionalOnClass did not find required class 'org.springframework.boot.health.actuate.endpoint.HealthEndpoint' (OnClassCondition)

   WebMvcMappingsAutoConfiguration:
      Did not match:
         - @ConditionalOnClass did not find required class 'org.springframework.boot.actuate.autoconfigure.endpoint.condition.ConditionalOnAvailableEndpoint' (OnClassCondition)

   WebMvcObservationAutoConfiguration:
      Did not match:
         - @ConditionalOnClass did not find required class 'org.springframework.boot.micrometer.observation.autoconfigure.ObservationProperties' (OnClassCondition)

   XADataSourceAutoConfiguration:
      Did not match:
         - @ConditionalOnBean (types: org.springframework.boot.jdbc.XADataSourceWrapper; SearchStrategy: all) did not find any beans of type org.springframework.boot.jdbc.XADataSourceWrapper (OnBeanCondition)
      Matched:
         - @ConditionalOnClass found required classes 'javax.sql.DataSource', 'jakarta.transaction.TransactionManager', 'org.springframework.jdbc.datasource.embedded.EmbeddedDatabaseType' (OnClassCondition)


Exclusions:
-----------

    None


Unconditional classes:
----------------------

    org.springframework.boot.autoconfigure.context.ConfigurationPropertiesAutoConfiguration

    org.springframework.boot.autoconfigure.ssl.SslAutoConfiguration

    org.springframework.boot.autoconfigure.context.LifecycleAutoConfiguration

    org.springframework.boot.autoconfigure.context.PropertyPlaceholderAutoConfiguration

    org.springframework.boot.autoconfigure.availability.ApplicationAvailabilityAutoConfiguration

    org.springframework.boot.autoconfigure.info.ProjectInfoAutoConfiguration



2026-08-11T12:32:15.891+05:30  INFO 19004 --- [aplus-kids-api] [           main] p.k.KidsChampRequestedDataOperationTests : Started KidsChampRequestedDataOperationTests in 14.976 seconds (process running for 17.308)
2026-08-11T12:32:15.893+05:30 DEBUG 19004 --- [aplus-kids-api] [           main] o.s.b.a.ApplicationAvailabilityBean      : Application availability state LivenessState changed to CORRECT
2026-08-11T12:32:15.897+05:30 DEBUG 19004 --- [aplus-kids-api] [           main] o.s.b.a.ApplicationAvailabilityBean      : Application availability state ReadinessState changed to ACCEPTING_TRAFFIC
2026-08-11T12:32:16.183+05:30 DEBUG 19004 --- [aplus-kids-api] [   scheduling-1] org.hibernate.SQL                        : select kcmre1_0.id,kcmre1_0.attempts,kcmre1_0.campaign_id,kcmre1_0.delivered_at,kcmre1_0.destination,kcmre1_0.failure_reason,kcmre1_0.last_attempt_at,kcmre1_0.next_attempt_at,kcmre1_0.participant_name,kcmre1_0.participant_reference,kcmre1_0.provider_message_id,kcmre1_0.read_at,kcmre1_0.rendered_message,kcmre1_0.sent_at,kcmre1_0.status,kcmre1_0.template_language_code,kcmre1_0.template_name,kcmre1_0.template_parameters from kids_champ_message_recipients kcmre1_0 where kcmre1_0.status=? and kcmre1_0.last_attempt_at<?
2026-08-11T12:32:16.287+05:30 DEBUG 19004 --- [aplus-kids-api] [   scheduling-1] org.hibernate.SQL                        : select kcwace1_0.id,kcwace1_0.access_token_encrypted,kcwace1_0.business_account_id,kcwace1_0.graph_api_version,kcwace1_0.last_test_message,kcwace1_0.last_test_status,kcwace1_0.last_tested_at,kcwace1_0.phone_number_id,kcwace1_0.updated_at from kids_champ_whatsapp_config kcwace1_0 where kcwace1_0.id=?
2026-08-11T12:32:16.329+05:30 DEBUG 19004 --- [aplus-kids-api] [   scheduling-1] org.hibernate.SQL                        : select kcmre1_0.id,kcmre1_0.attempts,kcmre1_0.campaign_id,kcmre1_0.delivered_at,kcmre1_0.destination,kcmre1_0.failure_reason,kcmre1_0.last_attempt_at,kcmre1_0.next_attempt_at,kcmre1_0.participant_name,kcmre1_0.participant_reference,kcmre1_0.provider_message_id,kcmre1_0.read_at,kcmre1_0.rendered_message,kcmre1_0.sent_at,kcmre1_0.status,kcmre1_0.template_language_code,kcmre1_0.template_name,kcmre1_0.template_parameters from kids_champ_message_recipients kcmre1_0 where kcmre1_0.status=? and kcmre1_0.next_attempt_at<=? order by kcmre1_0.id fetch first ? rows only for no key update of kcmre1_0
2026-08-11T12:32:17.051+05:30 DEBUG 19004 --- [aplus-kids-api] [           main] org.hibernate.SQL                        : select ue1_0.id,ue1_0.account_holder_name,ue1_0.created_at,ue1_0.credentials_changed_at,ue1_0.deleted_at,ue1_0.email,ue1_0.email_verified_at,ue1_0.failed_login_count,ue1_0.last_login_at,ue1_0.locked_until,ue1_0.password_hash,ue1_0.phone_e164,ue1_0.phone_verified_at,ue1_0.public_id,ue1_0.status,ue1_0.updated_at,ue1_0.version from users ue1_0
2026-08-11T12:32:17.132+05:30 DEBUG 19004 --- [aplus-kids-api] [           main] org.hibernate.SQL                        : select r1_0.user_id,r1_1.id,r1_1.created_at,r1_1.description,r1_1.name from user_roles r1_0 join roles r1_1 on r1_1.id=r1_0.role_id where r1_0.user_id=?
2026-08-11T12:32:17.151+05:30 DEBUG 19004 --- [aplus-kids-api] [           main] org.hibernate.SQL                        : select r1_0.user_id,r1_1.id,r1_1.created_at,r1_1.description,r1_1.name from user_roles r1_0 join roles r1_1 on r1_1.id=r1_0.role_id where r1_0.user_id=?
2026-08-11T12:32:17.151+05:30 DEBUG 19004 --- [aplus-kids-api] [           main] org.hibernate.SQL                        : select r1_0.user_id,r1_1.id,r1_1.created_at,r1_1.description,r1_1.name from user_roles r1_0 join roles r1_1 on r1_1.id=r1_0.role_id where r1_0.user_id=?
2026-08-11T12:32:17.151+05:30 DEBUG 19004 --- [aplus-kids-api] [           main] org.hibernate.SQL                        : select r1_0.user_id,r1_1.id,r1_1.created_at,r1_1.description,r1_1.name from user_roles r1_0 join roles r1_1 on r1_1.id=r1_0.role_id where r1_0.user_id=?
2026-08-11T12:32:17.151+05:30 DEBUG 19004 --- [aplus-kids-api] [           main] org.hibernate.SQL                        : select r1_0.user_id,r1_1.id,r1_1.created_at,r1_1.description,r1_1.name from user_roles r1_0 join roles r1_1 on r1_1.id=r1_0.role_id where r1_0.user_id=?
2026-08-11T12:32:17.162+05:30 DEBUG 19004 --- [aplus-kids-api] [           main] org.hibernate.SQL                        : select kcse1_0.id,kcse1_0.age_at_submission,kcse1_0.assigned_reviewer_user_id,kcse1_0.batch_id,kcse1_0.category,kcse1_0.child_name,kcse1_0.child_profile_id,kcse1_0.consent_accepted_at,kcse1_0.country_code,kcse1_0.date_of_birth,kcse1_0.deleted_at,kcse1_0.deleted_by_user_id,kcse1_0.email,kcse1_0.file_size,kcse1_0.file_status,kcse1_0.guest_contact_id,kcse1_0.hometown,kcse1_0.internal_note,kcse1_0.media_type,kcse1_0.original_filename,kcse1_0.parent_name,kcse1_0.phone_e164,kcse1_0.photo_deleted_at,kcse1_0.previewed_at,kcse1_0.province,kcse1_0.public_id,kcse1_0.rejection_reason,kcse1_0.review_status,kcse1_0.reviewed_at,kcse1_0.reviewed_by_user_id,kcse1_0.stored_filename,kcse1_0.submitted_at,kcse1_0.telecast_status,kcse1_0.tracking_code,kcse1_0.user_id,kcse1_0.version,kcse1_0.whatsapp_consent_at,kcse1_0.work_description,kcse1_0.work_title from kids_champ_submissions kcse1_0
2026-08-11T12:32:17.348+05:30 DEBUG 19004 --- [aplus-kids-api] [   scheduling-1] org.hibernate.SQL                        : select kcwace1_0.id,kcwace1_0.access_token_encrypted,kcwace1_0.business_account_id,kcwace1_0.graph_api_version,kcwace1_0.last_test_message,kcwace1_0.last_test_status,kcwace1_0.last_tested_at,kcwace1_0.phone_number_id,kcwace1_0.updated_at from kids_champ_whatsapp_config kcwace1_0 where kcwace1_0.id=?
2026-08-11T12:32:17.479+05:30 DEBUG 19004 --- [aplus-kids-api] [           main] org.hibernate.SQL                        : select count(*) from kids_champ_batches kcbe1_0
2026-08-11T12:32:17.622+05:30 DEBUG 19004 --- [aplus-kids-api] [           main] org.hibernate.SQL                        : select kcse1_0.id,kcse1_0.age_at_submission,kcse1_0.assigned_reviewer_user_id,kcse1_0.batch_id,kcse1_0.category,kcse1_0.child_name,kcse1_0.child_profile_id,kcse1_0.consent_accepted_at,kcse1_0.country_code,kcse1_0.date_of_birth,kcse1_0.deleted_at,kcse1_0.deleted_by_user_id,kcse1_0.email,kcse1_0.file_size,kcse1_0.file_status,kcse1_0.guest_contact_id,kcse1_0.hometown,kcse1_0.internal_note,kcse1_0.media_type,kcse1_0.original_filename,kcse1_0.parent_name,kcse1_0.phone_e164,kcse1_0.photo_deleted_at,kcse1_0.previewed_at,kcse1_0.province,kcse1_0.public_id,kcse1_0.rejection_reason,kcse1_0.review_status,kcse1_0.reviewed_at,kcse1_0.reviewed_by_user_id,kcse1_0.stored_filename,kcse1_0.submitted_at,kcse1_0.telecast_status,kcse1_0.tracking_code,kcse1_0.user_id,kcse1_0.version,kcse1_0.whatsapp_consent_at,kcse1_0.work_description,kcse1_0.work_title from kids_champ_submissions kcse1_0
2026-08-11T12:32:17.764+05:30 DEBUG 19004 --- [aplus-kids-api] [           main] org.hibernate.SQL                        : select kcse1_0.id,kcse1_0.age_at_submission,kcse1_0.assigned_reviewer_user_id,kcse1_0.batch_id,kcse1_0.category,kcse1_0.child_name,kcse1_0.child_profile_id,kcse1_0.consent_accepted_at,kcse1_0.country_code,kcse1_0.date_of_birth,kcse1_0.deleted_at,kcse1_0.deleted_by_user_id,kcse1_0.email,kcse1_0.file_size,kcse1_0.file_status,kcse1_0.guest_contact_id,kcse1_0.hometown,kcse1_0.internal_note,kcse1_0.media_type,kcse1_0.original_filename,kcse1_0.parent_name,kcse1_0.phone_e164,kcse1_0.photo_deleted_at,kcse1_0.previewed_at,kcse1_0.province,kcse1_0.public_id,kcse1_0.rejection_reason,kcse1_0.review_status,kcse1_0.reviewed_at,kcse1_0.reviewed_by_user_id,kcse1_0.stored_filename,kcse1_0.submitted_at,kcse1_0.telecast_status,kcse1_0.tracking_code,kcse1_0.user_id,kcse1_0.version,kcse1_0.whatsapp_consent_at,kcse1_0.work_description,kcse1_0.work_title from kids_champ_submissions kcse1_0
2026-08-11T12:32:17.964+05:30 DEBUG 19004 --- [aplus-kids-api] [           main] org.hibernate.SQL                        : select kcgce1_0.id,kcgce1_0.claimed_at,kcgce1_0.claimed_by_user_id,kcgce1_0.country_code,kcgce1_0.deleted_at,kcgce1_0.email,kcgce1_0.first_submitted_at,kcgce1_0.hometown,kcgce1_0.last_submitted_at,kcgce1_0.parent_name,kcgce1_0.phone_e164,kcgce1_0.province,kcgce1_0.public_id,kcgce1_0.submission_count from kids_champ_guest_contacts kcgce1_0 where kcgce1_0.phone_e164=?
2026-08-11T12:32:18.014+05:30 DEBUG 19004 --- [aplus-kids-api] [           main] org.hibernate.SQL                        : insert into kids_champ_guest_contacts (claimed_at,claimed_by_user_id,country_code,deleted_at,email,first_submitted_at,hometown,last_submitted_at,parent_name,phone_e164,province,public_id,submission_count) values (?,?,?,?,?,?,?,?,?,?,?,?,?)
2026-08-11T12:32:18.090+05:30 DEBUG 19004 --- [aplus-kids-api] [           main] org.hibernate.SQL                        : select kcse1_0.id from kids_champ_submissions kcse1_0 where upper(kcse1_0.tracking_code)=upper(?) fetch first ? rows only
2026-08-11T12:32:18.096+05:30 DEBUG 19004 --- [aplus-kids-api] [           main] org.hibernate.SQL                        : insert into kids_champ_submissions (age_at_submission,assigned_reviewer_user_id,batch_id,category,child_name,child_profile_id,consent_accepted_at,country_code,date_of_birth,deleted_at,deleted_by_user_id,email,file_size,file_status,guest_contact_id,hometown,internal_note,media_type,original_filename,parent_name,phone_e164,photo_deleted_at,previewed_at,province,public_id,rejection_reason,review_status,reviewed_at,reviewed_by_user_id,stored_filename,telecast_status,tracking_code,user_id,version,whatsapp_consent_at,work_description,work_title) values (?,?,?,?,?,?,?,?,?,?,?,?,?,?,?,?,?,?,?,?,?,?,?,?,?,?,?,?,?,?,?,?,?,?,?,?,?)
2026-08-11T12:32:18.180+05:30 DEBUG 19004 --- [aplus-kids-api] [           main] org.hibernate.SQL                        : select kcgce1_0.id,kcgce1_0.claimed_at,kcgce1_0.claimed_by_user_id,kcgce1_0.country_code,kcgce1_0.deleted_at,kcgce1_0.email,kcgce1_0.first_submitted_at,kcgce1_0.hometown,kcgce1_0.last_submitted_at,kcgce1_0.parent_name,kcgce1_0.phone_e164,kcgce1_0.province,kcgce1_0.public_id,kcgce1_0.submission_count from kids_champ_guest_contacts kcgce1_0 where kcgce1_0.phone_e164=?
2026-08-11T12:32:18.180+05:30 DEBUG 19004 --- [aplus-kids-api] [           main] org.hibernate.SQL                        : insert into kids_champ_guest_contacts (claimed_at,claimed_by_user_id,country_code,deleted_at,email,first_submitted_at,hometown,last_submitted_at,parent_name,phone_e164,province,public_id,submission_count) values (?,?,?,?,?,?,?,?,?,?,?,?,?)
2026-08-11T12:32:18.180+05:30 DEBUG 19004 --- [aplus-kids-api] [           main] org.hibernate.SQL                        : select kcse1_0.id from kids_champ_submissions kcse1_0 where upper(kcse1_0.tracking_code)=upper(?) fetch first ? rows only
2026-08-11T12:32:18.189+05:30 DEBUG 19004 --- [aplus-kids-api] [           main] org.hibernate.SQL                        : insert into kids_champ_submissions (age_at_submission,assigned_reviewer_user_id,batch_id,category,child_name,child_profile_id,consent_accepted_at,country_code,date_of_birth,deleted_at,deleted_by_user_id,email,file_size,file_status,guest_contact_id,hometown,internal_note,media_type,original_filename,parent_name,phone_e164,photo_deleted_at,previewed_at,province,public_id,rejection_reason,review_status,reviewed_at,reviewed_by_user_id,stored_filename,telecast_status,tracking_code,user_id,version,whatsapp_consent_at,work_description,work_title) values (?,?,?,?,?,?,?,?,?,?,?,?,?,?,?,?,?,?,?,?,?,?,?,?,?,?,?,?,?,?,?,?,?,?,?,?,?)
2026-08-11T12:32:18.200+05:30 DEBUG 19004 --- [aplus-kids-api] [           main] org.hibernate.SQL                        : select kcgce1_0.id,kcgce1_0.claimed_at,kcgce1_0.claimed_by_user_id,kcgce1_0.country_code,kcgce1_0.deleted_at,kcgce1_0.email,kcgce1_0.first_submitted_at,kcgce1_0.hometown,kcgce1_0.last_submitted_at,kcgce1_0.parent_name,kcgce1_0.phone_e164,kcgce1_0.province,kcgce1_0.public_id,kcgce1_0.submission_count from kids_champ_guest_contacts kcgce1_0 where kcgce1_0.phone_e164=?
2026-08-11T12:32:18.200+05:30 DEBUG 19004 --- [aplus-kids-api] [           main] org.hibernate.SQL                        : insert into kids_champ_guest_contacts (claimed_at,claimed_by_user_id,country_code,deleted_at,email,first_submitted_at,hometown,last_submitted_at,parent_name,phone_e164,province,public_id,submission_count) values (?,?,?,?,?,?,?,?,?,?,?,?,?)
2026-08-11T12:32:18.200+05:30 DEBUG 19004 --- [aplus-kids-api] [           main] org.hibernate.SQL                        : select kcse1_0.id from kids_champ_submissions kcse1_0 where upper(kcse1_0.tracking_code)=upper(?) fetch first ? rows only
2026-08-11T12:32:18.200+05:30 DEBUG 19004 --- [aplus-kids-api] [           main] org.hibernate.SQL                        : insert into kids_champ_submissions (age_at_submission,assigned_reviewer_user_id,batch_id,category,child_name,child_profile_id,consent_accepted_at,country_code,date_of_birth,deleted_at,deleted_by_user_id,email,file_size,file_status,guest_contact_id,hometown,internal_note,media_type,original_filename,parent_name,phone_e164,photo_deleted_at,previewed_at,province,public_id,rejection_reason,review_status,reviewed_at,reviewed_by_user_id,stored_filename,telecast_status,tracking_code,user_id,version,whatsapp_consent_at,work_description,work_title) values (?,?,?,?,?,?,?,?,?,?,?,?,?,?,?,?,?,?,?,?,?,?,?,?,?,?,?,?,?,?,?,?,?,?,?,?,?)
2026-08-11T12:32:18.213+05:30 DEBUG 19004 --- [aplus-kids-api] [           main] org.hibernate.SQL                        : select kcgce1_0.id,kcgce1_0.claimed_at,kcgce1_0.claimed_by_user_id,kcgce1_0.country_code,kcgce1_0.deleted_at,kcgce1_0.email,kcgce1_0.first_submitted_at,kcgce1_0.hometown,kcgce1_0.last_submitted_at,kcgce1_0.parent_name,kcgce1_0.phone_e164,kcgce1_0.province,kcgce1_0.public_id,kcgce1_0.submission_count from kids_champ_guest_contacts kcgce1_0 where kcgce1_0.phone_e164=?
[...]
2026-08-11T12:32:20.915+05:30 DEBUG 19004 --- [aplus-kids-api] [           main] org.hibernate.SQL                        : insert into kids_champ_submissions (age_at_submission,assigned_reviewer_user_id,batch_id,category,child_name,child_profile_id,consent_accepted_at,country_code,date_of_birth,deleted_at,deleted_by_user_id,email,file_size,file_status,guest_contact_id,hometown,internal_note,media_type,original_filename,parent_name,phone_e164,photo_deleted_at,previewed_at,province,public_id,rejection_reason,review_status,reviewed_at,reviewed_by_user_id,stored_filename,telecast_status,tracking_code,user_id,version,whatsapp_consent_at,work_description,work_title) values (?,?,?,?,?,?,?,?,?,?,?,?,?,?,?,?,?,?,?,?,?,?,?,?,?,?,?,?,?,?,?,?,?,?,?,?,?)
2026-08-11T12:32:20.936+05:30 DEBUG 19004 --- [aplus-kids-api] [           main] org.hibernate.SQL                        : select kcgce1_0.id,kcgce1_0.claimed_at,kcgce1_0.claimed_by_user_id,kcgce1_0.country_code,kcgce1_0.deleted_at,kcgce1_0.email,kcgce1_0.first_submitted_at,kcgce1_0.hometown,kcgce1_0.last_submitted_at,kcgce1_0.parent_name,kcgce1_0.phone_e164,kcgce1_0.province,kcgce1_0.public_id,kcgce1_0.submission_count from kids_champ_guest_contacts kcgce1_0 where kcgce1_0.phone_e164=?
2026-08-11T12:32:20.938+05:30 DEBUG 19004 --- [aplus-kids-api] [           main] org.hibernate.SQL                        : insert into kids_champ_guest_contacts (claimed_at,claimed_by_user_id,country_code,deleted_at,email,first_submitted_at,hometown,last_submitted_at,parent_name,phone_e164,province,public_id,submission_count) values (?,?,?,?,?,?,?,?,?,?,?,?,?)
2026-08-11T12:32:20.940+05:30 DEBUG 19004 --- [aplus-kids-api] [           main] org.hibernate.SQL                        : select kcse1_0.id from kids_champ_submissions kcse1_0 where upper(kcse1_0.tracking_code)=upper(?) fetch first ? rows only
2026-08-11T12:32:20.945+05:30 DEBUG 19004 --- [aplus-kids-api] [           main] org.hibernate.SQL                        : insert into kids_champ_submissions (age_at_submission,assigned_reviewer_user_id,batch_id,category,child_name,child_profile_id,consent_accepted_at,country_code,date_of_birth,deleted_at,deleted_by_user_id,email,file_size,file_status,guest_contact_id,hometown,internal_note,media_type,original_filename,parent_name,phone_e164,photo_deleted_at,previewed_at,province,public_id,rejection_reason,review_status,reviewed_at,reviewed_by_user_id,stored_filename,telecast_status,tracking_code,user_id,version,whatsapp_consent_at,work_description,work_title) values (?,?,?,?,?,?,?,?,?,?,?,?,?,?,?,?,?,?,?,?,?,?,?,?,?,?,?,?,?,?,?,?,?,?,?,?,?)
2026-08-11T12:32:20.954+05:30 DEBUG 19004 --- [aplus-kids-api] [           main] org.hibernate.SQL                        : select kcgce1_0.id,kcgce1_0.claimed_at,kcgce1_0.claimed_by_user_id,kcgce1_0.country_code,kcgce1_0.deleted_at,kcgce1_0.email,kcgce1_0.first_submitted_at,kcgce1_0.hometown,kcgce1_0.last_submitted_at,kcgce1_0.parent_name,kcgce1_0.phone_e164,kcgce1_0.province,kcgce1_0.public_id,kcgce1_0.submission_count from kids_champ_guest_contacts kcgce1_0 where kcgce1_0.phone_e164=?
2026-08-11T12:32:20.956+05:30 DEBUG 19004 --- [aplus-kids-api] [           main] org.hibernate.SQL                        : insert into kids_champ_guest_contacts (claimed_at,claimed_by_user_id,country_code,deleted_at,email,first_submitted_at,hometown,last_submitted_at,parent_name,phone_e164,province,public_id,submission_count) values (?,?,?,?,?,?,?,?,?,?,?,?,?)
2026-08-11T12:32:20.958+05:30 DEBUG 19004 --- [aplus-kids-api] [           main] org.hibernate.SQL                        : select kcse1_0.id from kids_champ_submissions kcse1_0 where upper(kcse1_0.tracking_code)=upper(?) fetch first ? rows only
2026-08-11T12:32:20.962+05:30 DEBUG 19004 --- [aplus-kids-api] [           main] org.hibernate.SQL                        : insert into kids_champ_submissions (age_at_submission,assigned_reviewer_user_id,batch_id,category,child_name,child_profile_id,consent_accepted_at,country_code,date_of_birth,deleted_at,deleted_by_user_id,email,file_size,file_status,guest_contact_id,hometown,internal_note,media_type,original_filename,parent_name,phone_e164,photo_deleted_at,previewed_at,province,public_id,rejection_reason,review_status,reviewed_at,reviewed_by_user_id,stored_filename,telecast_status,tracking_code,user_id,version,whatsapp_consent_at,work_description,work_title) values (?,?,?,?,?,?,?,?,?,?,?,?,?,?,?,?,?,?,?,?,?,?,?,?,?,?,?,?,?,?,?,?,?,?,?,?,?)
2026-08-11T12:32:20.971+05:30 DEBUG 19004 --- [aplus-kids-api] [           main] org.hibernate.SQL                        : select kcgce1_0.id,kcgce1_0.claimed_at,kcgce1_0.claimed_by_user_id,kcgce1_0.country_code,kcgce1_0.deleted_at,kcgce1_0.email,kcgce1_0.first_submitted_at,kcgce1_0.hometown,kcgce1_0.last_submitted_at,kcgce1_0.parent_name,kcgce1_0.phone_e164,kcgce1_0.province,kcgce1_0.public_id,kcgce1_0.submission_count from kids_champ_guest_contacts kcgce1_0 where kcgce1_0.phone_e164=?
2026-08-11T12:32:20.973+05:30 DEBUG 19004 --- [aplus-kids-api] [           main] org.hibernate.SQL                        : insert into kids_champ_guest_contacts (claimed_at,claimed_by_user_id,country_code,deleted_at,email,first_submitted_at,hometown,last_submitted_at,parent_name,phone_e164,province,public_id,submission_count) values (?,?,?,?,?,?,?,?,?,?,?,?,?)
2026-08-11T12:32:20.975+05:30 DEBUG 19004 --- [aplus-kids-api] [           main] org.hibernate.SQL                        : select kcse1_0.id from kids_champ_submissions kcse1_0 where upper(kcse1_0.tracking_code)=upper(?) fetch first ? rows only
2026-08-11T12:32:20.980+05:30 DEBUG 19004 --- [aplus-kids-api] [           main] org.hibernate.SQL                        : insert into kids_champ_submissions (age_at_submission,assigned_reviewer_user_id,batch_id,category,child_name,child_profile_id,consent_accepted_at,country_code,date_of_birth,deleted_at,deleted_by_user_id,email,file_size,file_status,guest_contact_id,hometown,internal_note,media_type,original_filename,parent_name,phone_e164,photo_deleted_at,previewed_at,province,public_id,rejection_reason,review_status,reviewed_at,reviewed_by_user_id,stored_filename,telecast_status,tracking_code,user_id,version,whatsapp_consent_at,work_description,work_title) values (?,?,?,?,?,?,?,?,?,?,?,?,?,?,?,?,?,?,?,?,?,?,?,?,?,?,?,?,?,?,?,?,?,?,?,?,?)
2026-08-11T12:32:20.985+05:30 DEBUG 19004 --- [aplus-kids-api] [           main] org.hibernate.SQL                        : select kcgce1_0.id,kcgce1_0.claimed_at,kcgce1_0.claimed_by_user_id,kcgce1_0.country_code,kcgce1_0.deleted_at,kcgce1_0.email,kcgce1_0.first_submitted_at,kcgce1_0.hometown,kcgce1_0.last_submitted_at,kcgce1_0.parent_name,kcgce1_0.phone_e164,kcgce1_0.province,kcgce1_0.public_id,kcgce1_0.submission_count from kids_champ_guest_contacts kcgce1_0 where kcgce1_0.phone_e164=?
2026-08-11T12:32:20.985+05:30 DEBUG 19004 --- [aplus-kids-api] [           main] org.hibernate.SQL                        : insert into kids_champ_guest_contacts (claimed_at,claimed_by_user_id,country_code,deleted_at,email,first_submitted_at,hometown,last_submitted_at,parent_name,phone_e164,province,public_id,submission_count) values (?,?,?,?,?,?,?,?,?,?,?,?,?)
2026-08-11T12:32:20.985+05:30 DEBUG 19004 --- [aplus-kids-api] [           main] org.hibernate.SQL                        : select kcse1_0.id from kids_champ_submissions kcse1_0 where upper(kcse1_0.tracking_code)=upper(?) fetch first ? rows only
2026-08-11T12:32:20.985+05:30 DEBUG 19004 --- [aplus-kids-api] [           main] org.hibernate.SQL                        : insert into kids_champ_submissions (age_at_submission,assigned_reviewer_user_id,batch_id,category,child_name,child_profile_id,consent_accepted_at,country_code,date_of_birth,deleted_at,deleted_by_user_id,email,file_size,file_status,guest_contact_id,hometown,internal_note,media_type,original_filename,parent_name,phone_e164,photo_deleted_at,previewed_at,province,public_id,rejection_reason,review_status,reviewed_at,reviewed_by_user_id,stored_filename,telecast_status,tracking_code,user_id,version,whatsapp_consent_at,work_description,work_title) values (?,?,?,?,?,?,?,?,?,?,?,?,?,?,?,?,?,?,?,?,?,?,?,?,?,?,?,?,?,?,?,?,?,?,?,?,?)
2026-08-11T12:32:21.004+05:30 DEBUG 19004 --- [aplus-kids-api] [           main] org.hibernate.SQL                        : select kcgce1_0.id,kcgce1_0.claimed_at,kcgce1_0.claimed_by_user_id,kcgce1_0.country_code,kcgce1_0.deleted_at,kcgce1_0.email,kcgce1_0.first_submitted_at,kcgce1_0.hometown,kcgce1_0.last_submitted_at,kcgce1_0.parent_name,kcgce1_0.phone_e164,kcgce1_0.province,kcgce1_0.public_id,kcgce1_0.submission_count from kids_champ_guest_contacts kcgce1_0 where kcgce1_0.phone_e164=?
2026-08-11T12:32:21.004+05:30 DEBUG 19004 --- [aplus-kids-api] [           main] org.hibernate.SQL                        : insert into kids_champ_guest_contacts (claimed_at,claimed_by_user_id,country_code,deleted_at,email,first_submitted_at,hometown,last_submitted_at,parent_name,phone_e164,province,public_id,submission_count) values (?,?,?,?,?,?,?,?,?,?,?,?,?)
2026-08-11T12:32:21.004+05:30 DEBUG 19004 --- [aplus-kids-api] [           main] org.hibernate.SQL                        : select kcse1_0.id from kids_champ_submissions kcse1_0 where upper(kcse1_0.tracking_code)=upper(?) fetch first ? rows only
2026-08-11T12:32:21.004+05:30 DEBUG 19004 --- [aplus-kids-api] [           main] org.hibernate.SQL                        : insert into kids_champ_submissions (age_at_submission,assigned_reviewer_user_id,batch_id,category,child_name,child_profile_id,consent_accepted_at,country_code,date_of_birth,deleted_at,deleted_by_user_id,email,file_size,file_status,guest_contact_id,hometown,internal_note,media_type,original_filename,parent_name,phone_e164,photo_deleted_at,previewed_at,province,public_id,rejection_reason,review_status,reviewed_at,reviewed_by_user_id,stored_filename,telecast_status,tracking_code,user_id,version,whatsapp_consent_at,work_description,work_title) values (?,?,?,?,?,?,?,?,?,?,?,?,?,?,?,?,?,?,?,?,?,?,?,?,?,?,?,?,?,?,?,?,?,?,?,?,?)
2026-08-11T12:32:21.014+05:30 DEBUG 19004 --- [aplus-kids-api] [           main] org.hibernate.SQL                        : select kcgce1_0.id,kcgce1_0.claimed_at,kcgce1_0.claimed_by_user_id,kcgce1_0.country_code,kcgce1_0.deleted_at,kcgce1_0.email,kcgce1_0.first_submitted_at,kcgce1_0.hometown,kcgce1_0.last_submitted_at,kcgce1_0.parent_name,kcgce1_0.phone_e164,kcgce1_0.province,kcgce1_0.public_id,kcgce1_0.submission_count from kids_champ_guest_contacts kcgce1_0 where kcgce1_0.phone_e164=?
2026-08-11T12:32:21.014+05:30 DEBUG 19004 --- [aplus-kids-api] [           main] org.hibernate.SQL                        : insert into kids_champ_guest_contacts (claimed_at,claimed_by_user_id,country_code,deleted_at,email,first_submitted_at,hometown,last_submitted_at,parent_name,phone_e164,province,public_id,submission_count) values (?,?,?,?,?,?,?,?,?,?,?,?,?)
2026-08-11T12:32:21.014+05:30 DEBUG 19004 --- [aplus-kids-api] [           main] org.hibernate.SQL                        : select kcse1_0.id from kids_champ_submissions kcse1_0 where upper(kcse1_0.tracking_code)=upper(?) fetch first ? rows only
2026-08-11T12:32:21.030+05:30 DEBUG 19004 --- [aplus-kids-api] [           main] org.hibernate.SQL                        : insert into kids_champ_submissions (age_at_submission,assigned_reviewer_user_id,batch_id,category,child_name,child_profile_id,consent_accepted_at,country_code,date_of_birth,deleted_at,deleted_by_user_id,email,file_size,file_status,guest_contact_id,hometown,internal_note,media_type,original_filename,parent_name,phone_e164,photo_deleted_at,previewed_at,province,public_id,rejection_reason,review_status,reviewed_at,reviewed_by_user_id,stored_filename,telecast_status,tracking_code,user_id,version,whatsapp_consent_at,work_description,work_title) values (?,?,?,?,?,?,?,?,?,?,?,?,?,?,?,?,?,?,?,?,?,?,?,?,?,?,?,?,?,?,?,?,?,?,?,?,?)
2026-08-11T12:32:21.041+05:30 DEBUG 19004 --- [aplus-kids-api] [           main] org.hibernate.SQL                        : select kcgce1_0.id,kcgce1_0.claimed_at,kcgce1_0.claimed_by_user_id,kcgce1_0.country_code,kcgce1_0.deleted_at,kcgce1_0.email,kcgce1_0.first_submitted_at,kcgce1_0.hometown,kcgce1_0.last_submitted_at,kcgce1_0.parent_name,kcgce1_0.phone_e164,kcgce1_0.province,kcgce1_0.public_id,kcgce1_0.submission_count from kids_champ_guest_contacts kcgce1_0 where kcgce1_0.phone_e164=?
2026-08-11T12:32:21.043+05:30 DEBUG 19004 --- [aplus-kids-api] [           main] org.hibernate.SQL                        : insert into kids_champ_guest_contacts (claimed_at,claimed_by_user_id,country_code,deleted_at,email,first_submitted_at,hometown,last_submitted_at,parent_name,phone_e164,province,public_id,submission_count) values (?,?,?,?,?,?,?,?,?,?,?,?,?)
2026-08-11T12:32:21.046+05:30 DEBUG 19004 --- [aplus-kids-api] [           main] org.hibernate.SQL                        : select kcse1_0.id from kids_champ_submissions kcse1_0 where upper(kcse1_0.tracking_code)=upper(?) fetch first ? rows only
2026-08-11T12:32:21.049+05:30 DEBUG 19004 --- [aplus-kids-api] [           main] org.hibernate.SQL                        : insert into kids_champ_submissions (age_at_submission,assigned_reviewer_user_id,batch_id,category,child_name,child_profile_id,consent_accepted_at,country_code,date_of_birth,deleted_at,deleted_by_user_id,email,file_size,file_status,guest_contact_id,hometown,internal_note,media_type,original_filename,parent_name,phone_e164,photo_deleted_at,previewed_at,province,public_id,rejection_reason,review_status,reviewed_at,reviewed_by_user_id,stored_filename,telecast_status,tracking_code,user_id,version,whatsapp_consent_at,work_description,work_title) values (?,?,?,?,?,?,?,?,?,?,?,?,?,?,?,?,?,?,?,?,?,?,?,?,?,?,?,?,?,?,?,?,?,?,?,?,?)
2026-08-11T12:32:21.056+05:30 DEBUG 19004 --- [aplus-kids-api] [           main] org.hibernate.SQL                        : select kcgce1_0.id,kcgce1_0.claimed_at,kcgce1_0.claimed_by_user_id,kcgce1_0.country_code,kcgce1_0.deleted_at,kcgce1_0.email,kcgce1_0.first_submitted_at,kcgce1_0.hometown,kcgce1_0.last_submitted_at,kcgce1_0.parent_name,kcgce1_0.phone_e164,kcgce1_0.province,kcgce1_0.public_id,kcgce1_0.submission_count from kids_champ_guest_contacts kcgce1_0 where kcgce1_0.phone_e164=?
2026-08-11T12:32:21.056+05:30 DEBUG 19004 --- [aplus-kids-api] [           main] org.hibernate.SQL                        : insert into kids_champ_guest_contacts (claimed_at,claimed_by_user_id,country_code,deleted_at,email,first_submitted_at,hometown,last_submitted_at,parent_name,phone_e164,province,public_id,submission_count) values (?,?,?,?,?,?,?,?,?,?,?,?,?)
2026-08-11T12:32:21.056+05:30 DEBUG 19004 --- [aplus-kids-api] [           main] org.hibernate.SQL                        : select kcse1_0.id from kids_champ_submissions kcse1_0 where upper(kcse1_0.tracking_code)=upper(?) fetch first ? rows only
2026-08-11T12:32:21.062+05:30 DEBUG 19004 --- [aplus-kids-api] [           main] org.hibernate.SQL                        : insert into kids_champ_submissions (age_at_submission,assigned_reviewer_user_id,batch_id,category,child_name,child_profile_id,consent_accepted_at,country_code,date_of_birth,deleted_at,deleted_by_user_id,email,file_size,file_status,guest_contact_id,hometown,internal_note,media_type,original_filename,parent_name,phone_e164,photo_deleted_at,previewed_at,province,public_id,rejection_reason,review_status,reviewed_at,reviewed_by_user_id,stored_filename,telecast_status,tracking_code,user_id,version,whatsapp_consent_at,work_description,work_title) values (?,?,?,?,?,?,?,?,?,?,?,?,?,?,?,?,?,?,?,?,?,?,?,?,?,?,?,?,?,?,?,?,?,?,?,?,?)
2026-08-11T12:32:21.062+05:30 DEBUG 19004 --- [aplus-kids-api] [           main] org.hibernate.SQL                        : select kcgce1_0.id,kcgce1_0.claimed_at,kcgce1_0.claimed_by_user_id,kcgce1_0.country_code,kcgce1_0.deleted_at,kcgce1_0.email,kcgce1_0.first_submitted_at,kcgce1_0.hometown,kcgce1_0.last_submitted_at,kcgce1_0.parent_name,kcgce1_0.phone_e164,kcgce1_0.province,kcgce1_0.public_id,kcgce1_0.submission_count from kids_champ_guest_contacts kcgce1_0 where kcgce1_0.phone_e164=?
2026-08-11T12:32:21.062+05:30 DEBUG 19004 --- [aplus-kids-api] [           main] org.hibernate.SQL                        : insert into kids_champ_guest_contacts (claimed_at,claimed_by_user_id,country_code,deleted_at,email,first_submitted_at,hometown,last_submitted_at,parent_name,phone_e164,province,public_id,submission_count) values (?,?,?,?,?,?,?,?,?,?,?,?,?)
2026-08-11T12:32:21.062+05:30 DEBUG 19004 --- [aplus-kids-api] [           main] org.hibernate.SQL                        : select kcse1_0.id from kids_champ_submissions kcse1_0 where upper(kcse1_0.tracking_code)=upper(?) fetch first ? rows only
2026-08-11T12:32:21.078+05:30 DEBUG 19004 --- [aplus-kids-api] [           main] org.hibernate.SQL                        : insert into kids_champ_submissions (age_at_submission,assigned_reviewer_user_id,batch_id,category,child_name,child_profile_id,consent_accepted_at,country_code,date_of_birth,deleted_at,deleted_by_user_id,email,file_size,file_status,guest_contact_id,hometown,internal_note,media_type,original_filename,parent_name,phone_e164,photo_deleted_at,previewed_at,province,public_id,rejection_reason,review_status,reviewed_at,reviewed_by_user_id,stored_filename,telecast_status,tracking_code,user_id,version,whatsapp_consent_at,work_description,work_title) values (?,?,?,?,?,?,?,?,?,?,?,?,?,?,?,?,?,?,?,?,?,?,?,?,?,?,?,?,?,?,?,?,?,?,?,?,?)
2026-08-11T12:32:21.079+05:30 DEBUG 19004 --- [aplus-kids-api] [           main] org.hibernate.SQL                        : select kcse1_0.id,kcse1_0.age_at_submission,kcse1_0.assigned_reviewer_user_id,kcse1_0.batch_id,kcse1_0.category,kcse1_0.child_name,kcse1_0.child_profile_id,kcse1_0.consent_accepted_at,kcse1_0.country_code,kcse1_0.date_of_birth,kcse1_0.deleted_at,kcse1_0.deleted_by_user_id,kcse1_0.email,kcse1_0.file_size,kcse1_0.file_status,kcse1_0.guest_contact_id,kcse1_0.hometown,kcse1_0.internal_note,kcse1_0.media_type,kcse1_0.original_filename,kcse1_0.parent_name,kcse1_0.phone_e164,kcse1_0.photo_deleted_at,kcse1_0.previewed_at,kcse1_0.province,kcse1_0.public_id,kcse1_0.rejection_reason,kcse1_0.review_status,kcse1_0.reviewed_at,kcse1_0.reviewed_by_user_id,kcse1_0.stored_filename,kcse1_0.submitted_at,kcse1_0.telecast_status,kcse1_0.tracking_code,kcse1_0.user_id,kcse1_0.version,kcse1_0.whatsapp_consent_at,kcse1_0.work_description,kcse1_0.work_title from kids_champ_submissions kcse1_0
2026-08-11T12:32:21.194+05:30 DEBUG 19004 --- [aplus-kids-api] [           main] org.hibernate.SQL                        : select count(*) from kids_champ_submissions kcse1_0
2026-08-11T12:32:21.197+05:30 DEBUG 19004 --- [aplus-kids-api] [           main] org.hibernate.SQL                        : select count(*) from kids_champ_batches kcbe1_0
DATA_OPERATION_RESULT beforeTotal=1112 existingActive=1112 approvedNow=0 repairedDemoPhotos=0 createdNow=200 newPendingWithPhotos=200 afterTotal=1312 batchesCreated=0
]]></system-out>
    <system-err><![CDATA[Mockito is currently self-attaching to enable the inline-mock-maker. This will no longer work in future releases of the JDK. Please add Mockito as an agent to your build as described in Mockito's documentation: https://javadoc.io/doc/org.mockito/mockito-core/latest/org.mockito/org/mockito/Mockito.html#0.3
WARNING: A Java agent has been loaded dynamically (C:\Users\slshe\.m2\repository\net\bytebuddy\byte-buddy-agent\1.18.10\byte-buddy-agent-1.18.10.jar)
WARNING: If a serviceability tool is in use, please run with -XX:+EnableDynamicAgentLoading to hide this warning
WARNING: If a serviceability tool is not in use, please run with -Djdk.instrument.traceUsage for more information
WARNING: Dynamic loading of agents will be disallowed by default in a future release
]]></system-err>
  </testcase>
</testsuite>